ARM GAS  C:\Users\urdjt\AppData\Local\Temp\ccGDVTtz.s 			page 1


   1              		.syntax unified
   2              		.cpu cortex-m3
   3              		.fpu softvfp
   4              		.eabi_attribute 20, 1
   5              		.eabi_attribute 21, 1
   6              		.eabi_attribute 23, 3
   7              		.eabi_attribute 24, 1
   8              		.eabi_attribute 25, 1
   9              		.eabi_attribute 26, 1
  10              		.eabi_attribute 30, 1
  11              		.eabi_attribute 34, 1
  12              		.eabi_attribute 18, 4
  13              		.thumb
  14              		.syntax unified
  15              		.file	"cymetadata.c"
  16              		.text
  17              	.Ltext0:
  18              		.cfi_sections	.debug_frame
  19              		.global	cy_metadata
  20              		.global	cy_meta_flashprotect
  21              		.global	cy_meta_wonvl
  22              		.global	cy_meta_custnvl
  23              		.global	cy_meta_configecc
  24              		.section	.cyconfigecc,"a",%progbits
  25              		.align	2
  26              		.type	cy_meta_configecc, %object
  27              		.size	cy_meta_configecc, 192
  28              	cy_meta_configecc:
  29 0000 03       		.byte	3
  30 0001 52       		.byte	82
  31 0002 00       		.byte	0
  32 0003 40       		.byte	64
  33 0004 02       		.byte	2
  34 0005 03       		.byte	3
  35 0006 01       		.byte	1
  36 0007 40       		.byte	64
  37 0008 01       		.byte	1
  38 0009 05       		.byte	5
  39 000a 01       		.byte	1
  40 000b 40       		.byte	64
  41 000c 07       		.byte	7
  42 000d 06       		.byte	6
  43 000e 01       		.byte	1
  44 000f 40       		.byte	64
  45 0010 0A       		.byte	10
  46 0011 07       		.byte	7
  47 0012 01       		.byte	1
  48 0013 40       		.byte	64
  49 0014 01       		.byte	1
  50 0015 09       		.byte	9
  51 0016 01       		.byte	1
  52 0017 40       		.byte	64
  53 0018 01       		.byte	1
  54 0019 0D       		.byte	13
  55 001a 01       		.byte	1
  56 001b 40       		.byte	64
  57 001c 02       		.byte	2
ARM GAS  C:\Users\urdjt\AppData\Local\Temp\ccGDVTtz.s 			page 2


  58 001d 17       		.byte	23
  59 001e 01       		.byte	1
  60 001f 40       		.byte	64
  61 0020 02       		.byte	2
  62 0021 41       		.byte	65
  63 0022 01       		.byte	1
  64 0023 40       		.byte	64
  65 0024 01       		.byte	1
  66 0025 42       		.byte	66
  67 0026 01       		.byte	1
  68 0027 40       		.byte	64
  69 0028 01       		.byte	1
  70 0029 43       		.byte	67
  71 002a 01       		.byte	1
  72 002b 40       		.byte	64
  73 002c 02       		.byte	2
  74 002d 44       		.byte	68
  75 002e 01       		.byte	1
  76 002f 40       		.byte	64
  77 0030 02       		.byte	2
  78 0031 45       		.byte	69
  79 0032 01       		.byte	1
  80 0033 40       		.byte	64
  81 0034 02       		.byte	2
  82 0035 46       		.byte	70
  83 0036 01       		.byte	1
  84 0037 40       		.byte	64
  85 0038 02       		.byte	2
  86 0039 47       		.byte	71
  87 003a 01       		.byte	1
  88 003b 40       		.byte	64
  89 003c 04       		.byte	4
  90 003d 48       		.byte	72
  91 003e 01       		.byte	1
  92 003f 40       		.byte	64
  93 0040 03       		.byte	3
  94 0041 49       		.byte	73
  95 0042 01       		.byte	1
  96 0043 40       		.byte	64
  97 0044 02       		.byte	2
  98 0045 50       		.byte	80
  99 0046 01       		.byte	1
 100 0047 40       		.byte	64
 101 0048 00       		.byte	0
 102 0049 02       		.byte	2
 103 004a 18       		.byte	24
 104 004b 10       		.byte	16
 105 004c 19       		.byte	25
 106 004d 10       		.byte	16
 107 004e A1       		.byte	-95
 108 004f 80       		.byte	-128
 109 0050 B1       		.byte	-79
 110 0051 80       		.byte	-128
 111 0052 A1       		.byte	-95
 112 0053 80       		.byte	-128
 113 0054 12       		.byte	18
 114 0055 02       		.byte	2
ARM GAS  C:\Users\urdjt\AppData\Local\Temp\ccGDVTtz.s 			page 3


 115 0056 1C       		.byte	28
 116 0057 03       		.byte	3
 117 0058 26       		.byte	38
 118 0059 01       		.byte	1
 119 005a 30       		.byte	48
 120 005b 03       		.byte	3
 121 005c 34       		.byte	52
 122 005d 03       		.byte	3
 123 005e 58       		.byte	88
 124 005f 04       		.byte	4
 125 0060 5F       		.byte	95
 126 0061 01       		.byte	1
 127 0062 0D       		.byte	13
 128 0063 80       		.byte	-128
 129 0064 0E       		.byte	14
 130 0065 80       		.byte	-128
 131 0066 15       		.byte	21
 132 0067 04       		.byte	4
 133 0068 1E       		.byte	30
 134 0069 80       		.byte	-128
 135 006a 1F       		.byte	31
 136 006b 20       		.byte	32
 137 006c 91       		.byte	-111
 138 006d 04       		.byte	4
 139 006e A1       		.byte	-95
 140 006f 80       		.byte	-128
 141 0070 B1       		.byte	-79
 142 0071 04       		.byte	4
 143 0072 C2       		.byte	-62
 144 0073 90       		.byte	-112
 145 0074 C4       		.byte	-60
 146 0075 20       		.byte	32
 147 0076 EA       		.byte	-22
 148 0077 20       		.byte	32
 149 0078 EA       		.byte	-22
 150 0079 20       		.byte	32
 151 007a AB       		.byte	-85
 152 007b 20       		.byte	32
 153 007c AF       		.byte	-81
 154 007d 20       		.byte	32
 155 007e 57       		.byte	87
 156 007f 80       		.byte	-128
 157 0080 D4       		.byte	-44
 158 0081 40       		.byte	64
 159 0082 A7       		.byte	-89
 160 0083 80       		.byte	-128
 161 0084 A7       		.byte	-89
 162 0085 80       		.byte	-128
 163 0086 28       		.byte	40
 164 0087 02       		.byte	2
 165 0088 CA       		.byte	-54
 166 0089 08       		.byte	8
 167 008a B0       		.byte	-80
 168 008b 02       		.byte	2
 169 008c EA       		.byte	-22
 170 008d 04       		.byte	4
 171 008e 03       		.byte	3
ARM GAS  C:\Users\urdjt\AppData\Local\Temp\ccGDVTtz.s 			page 4


 172 008f 08       		.byte	8
 173 0090 C0       		.byte	-64
 174 0091 02       		.byte	2
 175 0092 B3       		.byte	-77
 176 0093 08       		.byte	8
 177 0094 EA       		.byte	-22
 178 0095 04       		.byte	4
 179 0096 93       		.byte	-109
 180 0097 08       		.byte	8
 181 0098 AB       		.byte	-85
 182 0099 80       		.byte	-128
 183 009a AF       		.byte	-81
 184 009b 04       		.byte	4
 185 009c EE       		.byte	-18
 186 009d 30       		.byte	48
 187 009e 67       		.byte	103
 188 009f 08       		.byte	8
 189 00a0 93       		.byte	-109
 190 00a1 08       		.byte	8
 191 00a2 D8       		.byte	-40
 192 00a3 80       		.byte	-128
 193 00a4 00       		.byte	0
 194 00a5 01       		.byte	1
 195 00a6 0A       		.byte	10
 196 00a7 01       		.byte	1
 197 00a8 00       		.byte	0
 198 00a9 02       		.byte	2
 199 00aa 02       		.byte	2
 200 00ab 00       		.byte	0
 201 00ac 02       		.byte	2
 202 00ad 00       		.byte	0
 203 00ae 00       		.byte	0
 204 00af 00       		.byte	0
 205 00b0 00       		.byte	0
 206 00b1 0B       		.byte	11
 207 00b2 0B       		.byte	11
 208 00b3 00       		.byte	0
 209 00b4 00       		.byte	0
 210 00b5 00       		.byte	0
 211 00b6 00       		.byte	0
 212 00b7 00       		.byte	0
 213 00b8 00       		.byte	0
 214 00b9 00       		.byte	0
 215 00ba 10       		.byte	16
 216 00bb 00       		.byte	0
 217 00bc 10       		.byte	16
 218 00bd 00       		.byte	0
 219 00be 20       		.byte	32
 220 00bf 00       		.byte	0
 221              		.section	.cywolatch,"a",%progbits
 222              		.align	2
 223              		.type	cy_meta_wonvl, %object
 224              		.size	cy_meta_wonvl, 4
 225              	cy_meta_wonvl:
 226 0000 BC       		.byte	-68
 227 0001 90       		.byte	-112
 228 0002 AC       		.byte	-84
ARM GAS  C:\Users\urdjt\AppData\Local\Temp\ccGDVTtz.s 			page 5


 229 0003 AF       		.byte	-81
 230              		.section	.cycustnvl,"a",%progbits
 231              		.align	2
 232              		.type	cy_meta_custnvl, %object
 233              		.size	cy_meta_custnvl, 4
 234              	cy_meta_custnvl:
 235 0000 00       		.byte	0
 236 0001 00       		.byte	0
 237 0002 40       		.byte	64
 238 0003 05       		.byte	5
 239              		.section	.cymeta,"a",%progbits
 240              		.align	2
 241              		.type	cy_metadata, %object
 242              		.size	cy_metadata, 12
 243              	cy_metadata:
 244 0000 00       		.byte	0
 245 0001 01       		.byte	1
 246 0002 2E       		.byte	46
 247 0003 12       		.byte	18
 248 0004 30       		.byte	48
 249 0005 69       		.byte	105
 250 0006 00       		.byte	0
 251 0007 01       		.byte	1
 252 0008 00       		.byte	0
 253 0009 00       		.byte	0
 254 000a 00       		.byte	0
 255 000b 00       		.byte	0
 256              		.section	.cyflashprotect,"a",%progbits
 257              		.align	2
 258              		.type	cy_meta_flashprotect, %object
 259              		.size	cy_meta_flashprotect, 256
 260              	cy_meta_flashprotect:
 261 0000 00000000 		.space	256
 261      00000000 
 261      00000000 
 261      00000000 
 261      00000000 
 262              		.text
 263              	.Letext0:
 264              		.file 1 "c:\\program files (x86)\\cypress\\psoc creator\\4.2\\psoc creator\\import\\gnu\\arm\\5.4.
 265              		.file 2 "c:\\program files (x86)\\cypress\\psoc creator\\4.2\\psoc creator\\import\\gnu\\arm\\5.4.
 266              		.file 3 "Generated_Source\\PSoC5\\cymetadata.c"
 267              		.section	.debug_info,"",%progbits
 268              	.Ldebug_info0:
 269 0000 30010000 		.4byte	0x130
 270 0004 0400     		.2byte	0x4
 271 0006 00000000 		.4byte	.Ldebug_abbrev0
 272 000a 04       		.byte	0x4
 273 000b 01       		.uleb128 0x1
 274 000c 3B000000 		.4byte	.LASF17
 275 0010 0C       		.byte	0xc
 276 0011 E2010000 		.4byte	.LASF18
 277 0015 1D010000 		.4byte	.LASF19
 278 0019 00000000 		.4byte	.Ldebug_line0
 279 001d 02       		.uleb128 0x2
 280 001e 01       		.byte	0x1
 281 001f 06       		.byte	0x6
ARM GAS  C:\Users\urdjt\AppData\Local\Temp\ccGDVTtz.s 			page 6


 282 0020 D6010000 		.4byte	.LASF0
 283 0024 03       		.uleb128 0x3
 284 0025 00000000 		.4byte	.LASF9
 285 0029 01       		.byte	0x1
 286 002a 1D       		.byte	0x1d
 287 002b 2F000000 		.4byte	0x2f
 288 002f 02       		.uleb128 0x2
 289 0030 01       		.byte	0x1
 290 0031 08       		.byte	0x8
 291 0032 2D000000 		.4byte	.LASF1
 292 0036 02       		.uleb128 0x2
 293 0037 02       		.byte	0x2
 294 0038 05       		.byte	0x5
 295 0039 C3010000 		.4byte	.LASF2
 296 003d 02       		.uleb128 0x2
 297 003e 02       		.byte	0x2
 298 003f 07       		.byte	0x7
 299 0040 DB000000 		.4byte	.LASF3
 300 0044 02       		.uleb128 0x2
 301 0045 04       		.byte	0x4
 302 0046 05       		.byte	0x5
 303 0047 CD010000 		.4byte	.LASF4
 304 004b 02       		.uleb128 0x2
 305 004c 04       		.byte	0x4
 306 004d 07       		.byte	0x7
 307 004e C9000000 		.4byte	.LASF5
 308 0052 02       		.uleb128 0x2
 309 0053 08       		.byte	0x8
 310 0054 05       		.byte	0x5
 311 0055 B5010000 		.4byte	.LASF6
 312 0059 02       		.uleb128 0x2
 313 005a 08       		.byte	0x8
 314 005b 07       		.byte	0x7
 315 005c 16000000 		.4byte	.LASF7
 316 0060 04       		.uleb128 0x4
 317 0061 04       		.byte	0x4
 318 0062 05       		.byte	0x5
 319 0063 696E7400 		.ascii	"int\000"
 320 0067 02       		.uleb128 0x2
 321 0068 04       		.byte	0x4
 322 0069 07       		.byte	0x7
 323 006a 10010000 		.4byte	.LASF8
 324 006e 03       		.uleb128 0x3
 325 006f 81010000 		.4byte	.LASF10
 326 0073 02       		.byte	0x2
 327 0074 18       		.byte	0x18
 328 0075 24000000 		.4byte	0x24
 329 0079 05       		.uleb128 0x5
 330 007a 90000000 		.4byte	0x90
 331 007e 89000000 		.4byte	0x89
 332 0082 06       		.uleb128 0x6
 333 0083 89000000 		.4byte	0x89
 334 0087 BF       		.byte	0xbf
 335 0088 00       		.byte	0
 336 0089 02       		.uleb128 0x2
 337 008a 04       		.byte	0x4
 338 008b 07       		.byte	0x7
ARM GAS  C:\Users\urdjt\AppData\Local\Temp\ccGDVTtz.s 			page 7


 339 008c AC010000 		.4byte	.LASF11
 340 0090 07       		.uleb128 0x7
 341 0091 6E000000 		.4byte	0x6e
 342 0095 08       		.uleb128 0x8
 343 0096 FE000000 		.4byte	.LASF12
 344 009a 03       		.byte	0x3
 345 009b 1F       		.byte	0x1f
 346 009c A6000000 		.4byte	0xa6
 347 00a0 05       		.uleb128 0x5
 348 00a1 03       		.byte	0x3
 349 00a2 00000000 		.4byte	cy_meta_configecc
 350 00a6 07       		.uleb128 0x7
 351 00a7 79000000 		.4byte	0x79
 352 00ab 05       		.uleb128 0x5
 353 00ac 90000000 		.4byte	0x90
 354 00b0 BB000000 		.4byte	0xbb
 355 00b4 06       		.uleb128 0x6
 356 00b5 89000000 		.4byte	0x89
 357 00b9 03       		.byte	0x3
 358 00ba 00       		.byte	0
 359 00bb 08       		.uleb128 0x8
 360 00bc EE000000 		.4byte	.LASF13
 361 00c0 03       		.byte	0x3
 362 00c1 44       		.byte	0x44
 363 00c2 CC000000 		.4byte	0xcc
 364 00c6 05       		.uleb128 0x5
 365 00c7 03       		.byte	0x3
 366 00c8 00000000 		.4byte	cy_meta_custnvl
 367 00cc 07       		.uleb128 0x7
 368 00cd AB000000 		.4byte	0xab
 369 00d1 08       		.uleb128 0x8
 370 00d2 9E010000 		.4byte	.LASF14
 371 00d6 03       		.byte	0x3
 372 00d7 52       		.byte	0x52
 373 00d8 E2000000 		.4byte	0xe2
 374 00dc 05       		.uleb128 0x5
 375 00dd 03       		.byte	0x3
 376 00de 00000000 		.4byte	cy_meta_wonvl
 377 00e2 07       		.uleb128 0x7
 378 00e3 AB000000 		.4byte	0xab
 379 00e7 05       		.uleb128 0x5
 380 00e8 90000000 		.4byte	0x90
 381 00ec F7000000 		.4byte	0xf7
 382 00f0 06       		.uleb128 0x6
 383 00f1 89000000 		.4byte	0x89
 384 00f5 FF       		.byte	0xff
 385 00f6 00       		.byte	0
 386 00f7 08       		.uleb128 0x8
 387 00f8 89010000 		.4byte	.LASF15
 388 00fc 03       		.byte	0x3
 389 00fd 60       		.byte	0x60
 390 00fe 08010000 		.4byte	0x108
 391 0102 05       		.uleb128 0x5
 392 0103 03       		.byte	0x3
 393 0104 00000000 		.4byte	cy_meta_flashprotect
 394 0108 07       		.uleb128 0x7
 395 0109 E7000000 		.4byte	0xe7
ARM GAS  C:\Users\urdjt\AppData\Local\Temp\ccGDVTtz.s 			page 8


 396 010d 05       		.uleb128 0x5
 397 010e 90000000 		.4byte	0x90
 398 0112 1D010000 		.4byte	0x11d
 399 0116 06       		.uleb128 0x6
 400 0117 89000000 		.4byte	0x89
 401 011b 0B       		.byte	0xb
 402 011c 00       		.byte	0
 403 011d 08       		.uleb128 0x8
 404 011e 0A000000 		.4byte	.LASF16
 405 0122 03       		.byte	0x3
 406 0123 8D       		.byte	0x8d
 407 0124 2E010000 		.4byte	0x12e
 408 0128 05       		.uleb128 0x5
 409 0129 03       		.byte	0x3
 410 012a 00000000 		.4byte	cy_metadata
 411 012e 07       		.uleb128 0x7
 412 012f 0D010000 		.4byte	0x10d
 413 0133 00       		.byte	0
 414              		.section	.debug_abbrev,"",%progbits
 415              	.Ldebug_abbrev0:
 416 0000 01       		.uleb128 0x1
 417 0001 11       		.uleb128 0x11
 418 0002 01       		.byte	0x1
 419 0003 25       		.uleb128 0x25
 420 0004 0E       		.uleb128 0xe
 421 0005 13       		.uleb128 0x13
 422 0006 0B       		.uleb128 0xb
 423 0007 03       		.uleb128 0x3
 424 0008 0E       		.uleb128 0xe
 425 0009 1B       		.uleb128 0x1b
 426 000a 0E       		.uleb128 0xe
 427 000b 10       		.uleb128 0x10
 428 000c 17       		.uleb128 0x17
 429 000d 00       		.byte	0
 430 000e 00       		.byte	0
 431 000f 02       		.uleb128 0x2
 432 0010 24       		.uleb128 0x24
 433 0011 00       		.byte	0
 434 0012 0B       		.uleb128 0xb
 435 0013 0B       		.uleb128 0xb
 436 0014 3E       		.uleb128 0x3e
 437 0015 0B       		.uleb128 0xb
 438 0016 03       		.uleb128 0x3
 439 0017 0E       		.uleb128 0xe
 440 0018 00       		.byte	0
 441 0019 00       		.byte	0
 442 001a 03       		.uleb128 0x3
 443 001b 16       		.uleb128 0x16
 444 001c 00       		.byte	0
 445 001d 03       		.uleb128 0x3
 446 001e 0E       		.uleb128 0xe
 447 001f 3A       		.uleb128 0x3a
 448 0020 0B       		.uleb128 0xb
 449 0021 3B       		.uleb128 0x3b
 450 0022 0B       		.uleb128 0xb
 451 0023 49       		.uleb128 0x49
 452 0024 13       		.uleb128 0x13
ARM GAS  C:\Users\urdjt\AppData\Local\Temp\ccGDVTtz.s 			page 9


 453 0025 00       		.byte	0
 454 0026 00       		.byte	0
 455 0027 04       		.uleb128 0x4
 456 0028 24       		.uleb128 0x24
 457 0029 00       		.byte	0
 458 002a 0B       		.uleb128 0xb
 459 002b 0B       		.uleb128 0xb
 460 002c 3E       		.uleb128 0x3e
 461 002d 0B       		.uleb128 0xb
 462 002e 03       		.uleb128 0x3
 463 002f 08       		.uleb128 0x8
 464 0030 00       		.byte	0
 465 0031 00       		.byte	0
 466 0032 05       		.uleb128 0x5
 467 0033 01       		.uleb128 0x1
 468 0034 01       		.byte	0x1
 469 0035 49       		.uleb128 0x49
 470 0036 13       		.uleb128 0x13
 471 0037 01       		.uleb128 0x1
 472 0038 13       		.uleb128 0x13
 473 0039 00       		.byte	0
 474 003a 00       		.byte	0
 475 003b 06       		.uleb128 0x6
 476 003c 21       		.uleb128 0x21
 477 003d 00       		.byte	0
 478 003e 49       		.uleb128 0x49
 479 003f 13       		.uleb128 0x13
 480 0040 2F       		.uleb128 0x2f
 481 0041 0B       		.uleb128 0xb
 482 0042 00       		.byte	0
 483 0043 00       		.byte	0
 484 0044 07       		.uleb128 0x7
 485 0045 26       		.uleb128 0x26
 486 0046 00       		.byte	0
 487 0047 49       		.uleb128 0x49
 488 0048 13       		.uleb128 0x13
 489 0049 00       		.byte	0
 490 004a 00       		.byte	0
 491 004b 08       		.uleb128 0x8
 492 004c 34       		.uleb128 0x34
 493 004d 00       		.byte	0
 494 004e 03       		.uleb128 0x3
 495 004f 0E       		.uleb128 0xe
 496 0050 3A       		.uleb128 0x3a
 497 0051 0B       		.uleb128 0xb
 498 0052 3B       		.uleb128 0x3b
 499 0053 0B       		.uleb128 0xb
 500 0054 49       		.uleb128 0x49
 501 0055 13       		.uleb128 0x13
 502 0056 3F       		.uleb128 0x3f
 503 0057 19       		.uleb128 0x19
 504 0058 02       		.uleb128 0x2
 505 0059 18       		.uleb128 0x18
 506 005a 00       		.byte	0
 507 005b 00       		.byte	0
 508 005c 00       		.byte	0
 509              		.section	.debug_aranges,"",%progbits
ARM GAS  C:\Users\urdjt\AppData\Local\Temp\ccGDVTtz.s 			page 10


 510 0000 14000000 		.4byte	0x14
 511 0004 0200     		.2byte	0x2
 512 0006 00000000 		.4byte	.Ldebug_info0
 513 000a 04       		.byte	0x4
 514 000b 00       		.byte	0
 515 000c 0000     		.2byte	0
 516 000e 0000     		.2byte	0
 517 0010 00000000 		.4byte	0
 518 0014 00000000 		.4byte	0
 519              		.section	.debug_line,"",%progbits
 520              	.Ldebug_line0:
 521 0000 3D010000 		.section	.debug_str,"MS",%progbits,1
 521      02003701 
 521      00000201 
 521      FB0E0D00 
 521      01010101 
 522              	.LASF9:
 523 0000 5F5F7569 		.ascii	"__uint8_t\000"
 523      6E74385F 
 523      7400
 524              	.LASF16:
 525 000a 63795F6D 		.ascii	"cy_metadata\000"
 525      65746164 
 525      61746100 
 526              	.LASF7:
 527 0016 6C6F6E67 		.ascii	"long long unsigned int\000"
 527      206C6F6E 
 527      6720756E 
 527      7369676E 
 527      65642069 
 528              	.LASF1:
 529 002d 756E7369 		.ascii	"unsigned char\000"
 529      676E6564 
 529      20636861 
 529      7200
 530              	.LASF17:
 531 003b 474E5520 		.ascii	"GNU C11 5.4.1 20160609 (release) [ARM/embedded-5-br"
 531      43313120 
 531      352E342E 
 531      31203230 
 531      31363036 
 532 006e 616E6368 		.ascii	"anch revision 237715] -mcpu=cortex-m3 -mthumb -g -O"
 532      20726576 
 532      6973696F 
 532      6E203233 
 532      37373135 
 533 00a1 67202D66 		.ascii	"g -ffunction-sections -ffat-lto-objects\000"
 533      66756E63 
 533      74696F6E 
 533      2D736563 
 533      74696F6E 
 534              	.LASF5:
 535 00c9 6C6F6E67 		.ascii	"long unsigned int\000"
 535      20756E73 
 535      69676E65 
 535      6420696E 
 535      7400
ARM GAS  C:\Users\urdjt\AppData\Local\Temp\ccGDVTtz.s 			page 11


 536              	.LASF3:
 537 00db 73686F72 		.ascii	"short unsigned int\000"
 537      7420756E 
 537      7369676E 
 537      65642069 
 537      6E7400
 538              	.LASF13:
 539 00ee 63795F6D 		.ascii	"cy_meta_custnvl\000"
 539      6574615F 
 539      63757374 
 539      6E766C00 
 540              	.LASF12:
 541 00fe 63795F6D 		.ascii	"cy_meta_configecc\000"
 541      6574615F 
 541      636F6E66 
 541      69676563 
 541      6300
 542              	.LASF8:
 543 0110 756E7369 		.ascii	"unsigned int\000"
 543      676E6564 
 543      20696E74 
 543      00
 544              	.LASF19:
 545 011d 453A5C50 		.ascii	"E:\\Praktikum adaptive Sensorelektronik\\PSoC Creat"
 545      72616B74 
 545      696B756D 
 545      20616461 
 545      70746976 
 546 014e 6F725C56 		.ascii	"or\\Versuch 5\\555_Timer\\Workspace01\\555_Timer.cy"
 546      65727375 
 546      63682035 
 546      5C353535 
 546      5F54696D 
 547 017d 64736E00 		.ascii	"dsn\000"
 548              	.LASF10:
 549 0181 75696E74 		.ascii	"uint8_t\000"
 549      385F7400 
 550              	.LASF15:
 551 0189 63795F6D 		.ascii	"cy_meta_flashprotect\000"
 551      6574615F 
 551      666C6173 
 551      6870726F 
 551      74656374 
 552              	.LASF14:
 553 019e 63795F6D 		.ascii	"cy_meta_wonvl\000"
 553      6574615F 
 553      776F6E76 
 553      6C00
 554              	.LASF11:
 555 01ac 73697A65 		.ascii	"sizetype\000"
 555      74797065 
 555      00
 556              	.LASF6:
 557 01b5 6C6F6E67 		.ascii	"long long int\000"
 557      206C6F6E 
 557      6720696E 
 557      7400
ARM GAS  C:\Users\urdjt\AppData\Local\Temp\ccGDVTtz.s 			page 12


 558              	.LASF2:
 559 01c3 73686F72 		.ascii	"short int\000"
 559      7420696E 
 559      7400
 560              	.LASF4:
 561 01cd 6C6F6E67 		.ascii	"long int\000"
 561      20696E74 
 561      00
 562              	.LASF0:
 563 01d6 7369676E 		.ascii	"signed char\000"
 563      65642063 
 563      68617200 
 564              	.LASF18:
 565 01e2 47656E65 		.ascii	"Generated_Source\\PSoC5\\cymetadata.c\000"
 565      72617465 
 565      645F536F 
 565      75726365 
 565      5C50536F 
 566              		.ident	"GCC: (GNU Tools for ARM Embedded Processors) 5.4.1 20160609 (release) [ARM/embedded-5-bran
