ARM GAS  C:\Users\urdjt\AppData\Local\Temp\ccAz3wYm.s 			page 1


   1              		.syntax unified
   2              		.cpu cortex-m3
   3              		.fpu softvfp
   4              		.eabi_attribute 20, 1
   5              		.eabi_attribute 21, 1
   6              		.eabi_attribute 23, 3
   7              		.eabi_attribute 24, 1
   8              		.eabi_attribute 25, 1
   9              		.eabi_attribute 26, 1
  10              		.eabi_attribute 30, 1
  11              		.eabi_attribute 34, 1
  12              		.eabi_attribute 18, 4
  13              		.thumb
  14              		.syntax unified
  15              		.file	"main.c"
  16              		.text
  17              	.Ltext0:
  18              		.cfi_sections	.debug_frame
  19              		.section	.text.main,"ax",%progbits
  20              		.align	2
  21              		.global	main
  22              		.thumb
  23              		.thumb_func
  24              		.type	main, %function
  25              	main:
  26              	.LFB63:
  27              		.file 1 "main.c"
   1:main.c        **** /* ========================================
   2:main.c        ****  *
   3:main.c        ****  * Copyright YOUR COMPANY, THE YEAR
   4:main.c        ****  * All Rights Reserved
   5:main.c        ****  * UNPUBLISHED, LICENSED SOFTWARE.
   6:main.c        ****  *
   7:main.c        ****  * CONFIDENTIAL AND PROPRIETARY INFORMATION
   8:main.c        ****  * WHICH IS THE PROPERTY OF your company.
   9:main.c        ****  *
  10:main.c        ****  * ========================================
  11:main.c        **** */
  12:main.c        **** #include "project.h"
  13:main.c        **** 
  14:main.c        **** int main(void)
  15:main.c        **** {
  28              		.loc 1 15 0
  29              		.cfi_startproc
  30              		@ args = 0, pretend = 0, frame = 0
  31              		@ frame_needed = 0, uses_anonymous_args = 0
  32 0000 08B5     		push	{r3, lr}
  33              		.cfi_def_cfa_offset 8
  34              		.cfi_offset 3, -8
  35              		.cfi_offset 14, -4
  16:main.c        ****     CyGlobalIntEnable; /* Enable global interrupts. */
  36              		.loc 1 16 0
  37              		.syntax unified
  38              	@ 16 "main.c" 1
  39 0002 62B6     		CPSIE   i
  40              	@ 0 "" 2
  17:main.c        **** 
ARM GAS  C:\Users\urdjt\AppData\Local\Temp\ccAz3wYm.s 			page 2


  18:main.c        ****     /* Place your initialization/startup code here (e.g. MyInst_Start()) */
  19:main.c        ****     Clock_1_Start();
  41              		.loc 1 19 0
  42              		.thumb
  43              		.syntax unified
  44 0004 FFF7FEFF 		bl	Clock_1_Start
  45              	.LVL0:
  20:main.c        ****     VDAC8_1_Start();
  46              		.loc 1 20 0
  47 0008 FFF7FEFF 		bl	VDAC8_1_Start
  48              	.LVL1:
  21:main.c        ****     VDAC8_2_Start();
  49              		.loc 1 21 0
  50 000c FFF7FEFF 		bl	VDAC8_2_Start
  51              	.LVL2:
  22:main.c        ****     Comp_1_Start();
  52              		.loc 1 22 0
  53 0010 FFF7FEFF 		bl	Comp_1_Start
  54              	.LVL3:
  23:main.c        ****     Comp_2_Start();
  55              		.loc 1 23 0
  56 0014 FFF7FEFF 		bl	Comp_2_Start
  57              	.LVL4:
  24:main.c        ****     /*
  25:main.c        ****     for(;;)
  26:main.c        ****     {
  27:main.c        ****     
  28:main.c        ****     }*/
  29:main.c        **** }
  58              		.loc 1 29 0
  59 0018 0020     		movs	r0, #0
  60 001a 08BD     		pop	{r3, pc}
  61              		.cfi_endproc
  62              	.LFE63:
  63              		.size	main, .-main
  64              		.text
  65              	.Letext0:
  66              		.file 2 "c:\\program files (x86)\\cypress\\psoc creator\\4.2\\psoc creator\\import\\gnu\\arm\\5.4.
  67              		.file 3 "c:\\program files (x86)\\cypress\\psoc creator\\4.2\\psoc creator\\import\\gnu\\arm\\5.4.
  68              		.file 4 "Generated_Source\\PSoC5/Clock_1.h"
  69              		.file 5 "Generated_Source\\PSoC5/VDAC8_1.h"
  70              		.file 6 "Generated_Source\\PSoC5/VDAC8_2.h"
  71              		.file 7 "Generated_Source\\PSoC5/Comp_1.h"
  72              		.file 8 "Generated_Source\\PSoC5/Comp_2.h"
  73              		.file 9 "Generated_Source\\PSoC5/core_cm3.h"
  74              		.section	.debug_info,"",%progbits
  75              	.Ldebug_info0:
  76 0000 30010000 		.4byte	0x130
  77 0004 0400     		.2byte	0x4
  78 0006 00000000 		.4byte	.Ldebug_abbrev0
  79 000a 04       		.byte	0x4
  80 000b 01       		.uleb128 0x1
  81 000c 48000000 		.4byte	.LASF21
  82 0010 0C       		.byte	0xc
  83 0011 2E000000 		.4byte	.LASF22
  84 0015 D6000000 		.4byte	.LASF23
  85 0019 00000000 		.4byte	.Ldebug_ranges0+0
ARM GAS  C:\Users\urdjt\AppData\Local\Temp\ccAz3wYm.s 			page 3


  86 001d 00000000 		.4byte	0
  87 0021 00000000 		.4byte	.Ldebug_line0
  88 0025 02       		.uleb128 0x2
  89 0026 01       		.byte	0x1
  90 0027 06       		.byte	0x6
  91 0028 BC010000 		.4byte	.LASF0
  92 002c 02       		.uleb128 0x2
  93 002d 01       		.byte	0x1
  94 002e 08       		.byte	0x8
  95 002f 51010000 		.4byte	.LASF1
  96 0033 02       		.uleb128 0x2
  97 0034 02       		.byte	0x2
  98 0035 05       		.byte	0x5
  99 0036 F1010000 		.4byte	.LASF2
 100 003a 02       		.uleb128 0x2
 101 003b 02       		.byte	0x2
 102 003c 07       		.byte	0x7
 103 003d 0E000000 		.4byte	.LASF3
 104 0041 03       		.uleb128 0x3
 105 0042 D4010000 		.4byte	.LASF9
 106 0046 02       		.byte	0x2
 107 0047 3F       		.byte	0x3f
 108 0048 4C000000 		.4byte	0x4c
 109 004c 02       		.uleb128 0x2
 110 004d 04       		.byte	0x4
 111 004e 05       		.byte	0x5
 112 004f 64010000 		.4byte	.LASF4
 113 0053 02       		.uleb128 0x2
 114 0054 04       		.byte	0x4
 115 0055 07       		.byte	0x7
 116 0056 88010000 		.4byte	.LASF5
 117 005a 02       		.uleb128 0x2
 118 005b 08       		.byte	0x8
 119 005c 05       		.byte	0x5
 120 005d 00000000 		.4byte	.LASF6
 121 0061 02       		.uleb128 0x2
 122 0062 08       		.byte	0x8
 123 0063 07       		.byte	0x7
 124 0064 3A010000 		.4byte	.LASF7
 125 0068 04       		.uleb128 0x4
 126 0069 04       		.byte	0x4
 127 006a 05       		.byte	0x5
 128 006b 696E7400 		.ascii	"int\000"
 129 006f 02       		.uleb128 0x2
 130 0070 04       		.byte	0x4
 131 0071 07       		.byte	0x7
 132 0072 21000000 		.4byte	.LASF8
 133 0076 03       		.uleb128 0x3
 134 0077 FB010000 		.4byte	.LASF10
 135 007b 03       		.byte	0x3
 136 007c 2C       		.byte	0x2c
 137 007d 41000000 		.4byte	0x41
 138 0081 02       		.uleb128 0x2
 139 0082 04       		.byte	0x4
 140 0083 04       		.byte	0x4
 141 0084 EB010000 		.4byte	.LASF11
 142 0088 02       		.uleb128 0x2
ARM GAS  C:\Users\urdjt\AppData\Local\Temp\ccAz3wYm.s 			page 4


 143 0089 08       		.byte	0x8
 144 008a 04       		.byte	0x4
 145 008b 9A010000 		.4byte	.LASF12
 146 008f 02       		.uleb128 0x2
 147 0090 01       		.byte	0x1
 148 0091 08       		.byte	0x8
 149 0092 5F010000 		.4byte	.LASF13
 150 0096 02       		.uleb128 0x2
 151 0097 08       		.byte	0x8
 152 0098 04       		.byte	0x4
 153 0099 C8010000 		.4byte	.LASF14
 154 009d 02       		.uleb128 0x2
 155 009e 04       		.byte	0x4
 156 009f 07       		.byte	0x7
 157 00a0 03020000 		.4byte	.LASF15
 158 00a4 05       		.uleb128 0x5
 159 00a5 35000000 		.4byte	.LASF24
 160 00a9 01       		.byte	0x1
 161 00aa 0E       		.byte	0xe
 162 00ab 68000000 		.4byte	0x68
 163 00af 00000000 		.4byte	.LFB63
 164 00b3 1C000000 		.4byte	.LFE63-.LFB63
 165 00b7 01       		.uleb128 0x1
 166 00b8 9C       		.byte	0x9c
 167 00b9 EB000000 		.4byte	0xeb
 168 00bd 06       		.uleb128 0x6
 169 00be 08000000 		.4byte	.LVL0
 170 00c2 FC000000 		.4byte	0xfc
 171 00c6 06       		.uleb128 0x6
 172 00c7 0C000000 		.4byte	.LVL1
 173 00cb 07010000 		.4byte	0x107
 174 00cf 06       		.uleb128 0x6
 175 00d0 10000000 		.4byte	.LVL2
 176 00d4 12010000 		.4byte	0x112
 177 00d8 06       		.uleb128 0x6
 178 00d9 14000000 		.4byte	.LVL3
 179 00dd 1D010000 		.4byte	0x11d
 180 00e1 06       		.uleb128 0x6
 181 00e2 18000000 		.4byte	.LVL4
 182 00e6 28010000 		.4byte	0x128
 183 00ea 00       		.byte	0
 184 00eb 07       		.uleb128 0x7
 185 00ec AF010000 		.4byte	.LASF25
 186 00f0 09       		.byte	0x9
 187 00f1 1207     		.2byte	0x712
 188 00f3 F7000000 		.4byte	0xf7
 189 00f7 08       		.uleb128 0x8
 190 00f8 76000000 		.4byte	0x76
 191 00fc 09       		.uleb128 0x9
 192 00fd 6D010000 		.4byte	.LASF16
 193 0101 6D010000 		.4byte	.LASF16
 194 0105 04       		.byte	0x4
 195 0106 27       		.byte	0x27
 196 0107 09       		.uleb128 0x9
 197 0108 A1010000 		.4byte	.LASF17
 198 010c A1010000 		.4byte	.LASF17
 199 0110 05       		.byte	0x5
ARM GAS  C:\Users\urdjt\AppData\Local\Temp\ccAz3wYm.s 			page 5


 200 0111 33       		.byte	0x33
 201 0112 09       		.uleb128 0x9
 202 0113 3A000000 		.4byte	.LASF18
 203 0117 3A000000 		.4byte	.LASF18
 204 011b 06       		.byte	0x6
 205 011c 33       		.byte	0x33
 206 011d 09       		.uleb128 0x9
 207 011e 7B010000 		.4byte	.LASF19
 208 0122 7B010000 		.4byte	.LASF19
 209 0126 07       		.byte	0x7
 210 0127 3F       		.byte	0x3f
 211 0128 09       		.uleb128 0x9
 212 0129 DE010000 		.4byte	.LASF20
 213 012d DE010000 		.4byte	.LASF20
 214 0131 08       		.byte	0x8
 215 0132 3F       		.byte	0x3f
 216 0133 00       		.byte	0
 217              		.section	.debug_abbrev,"",%progbits
 218              	.Ldebug_abbrev0:
 219 0000 01       		.uleb128 0x1
 220 0001 11       		.uleb128 0x11
 221 0002 01       		.byte	0x1
 222 0003 25       		.uleb128 0x25
 223 0004 0E       		.uleb128 0xe
 224 0005 13       		.uleb128 0x13
 225 0006 0B       		.uleb128 0xb
 226 0007 03       		.uleb128 0x3
 227 0008 0E       		.uleb128 0xe
 228 0009 1B       		.uleb128 0x1b
 229 000a 0E       		.uleb128 0xe
 230 000b 55       		.uleb128 0x55
 231 000c 17       		.uleb128 0x17
 232 000d 11       		.uleb128 0x11
 233 000e 01       		.uleb128 0x1
 234 000f 10       		.uleb128 0x10
 235 0010 17       		.uleb128 0x17
 236 0011 00       		.byte	0
 237 0012 00       		.byte	0
 238 0013 02       		.uleb128 0x2
 239 0014 24       		.uleb128 0x24
 240 0015 00       		.byte	0
 241 0016 0B       		.uleb128 0xb
 242 0017 0B       		.uleb128 0xb
 243 0018 3E       		.uleb128 0x3e
 244 0019 0B       		.uleb128 0xb
 245 001a 03       		.uleb128 0x3
 246 001b 0E       		.uleb128 0xe
 247 001c 00       		.byte	0
 248 001d 00       		.byte	0
 249 001e 03       		.uleb128 0x3
 250 001f 16       		.uleb128 0x16
 251 0020 00       		.byte	0
 252 0021 03       		.uleb128 0x3
 253 0022 0E       		.uleb128 0xe
 254 0023 3A       		.uleb128 0x3a
 255 0024 0B       		.uleb128 0xb
 256 0025 3B       		.uleb128 0x3b
ARM GAS  C:\Users\urdjt\AppData\Local\Temp\ccAz3wYm.s 			page 6


 257 0026 0B       		.uleb128 0xb
 258 0027 49       		.uleb128 0x49
 259 0028 13       		.uleb128 0x13
 260 0029 00       		.byte	0
 261 002a 00       		.byte	0
 262 002b 04       		.uleb128 0x4
 263 002c 24       		.uleb128 0x24
 264 002d 00       		.byte	0
 265 002e 0B       		.uleb128 0xb
 266 002f 0B       		.uleb128 0xb
 267 0030 3E       		.uleb128 0x3e
 268 0031 0B       		.uleb128 0xb
 269 0032 03       		.uleb128 0x3
 270 0033 08       		.uleb128 0x8
 271 0034 00       		.byte	0
 272 0035 00       		.byte	0
 273 0036 05       		.uleb128 0x5
 274 0037 2E       		.uleb128 0x2e
 275 0038 01       		.byte	0x1
 276 0039 3F       		.uleb128 0x3f
 277 003a 19       		.uleb128 0x19
 278 003b 03       		.uleb128 0x3
 279 003c 0E       		.uleb128 0xe
 280 003d 3A       		.uleb128 0x3a
 281 003e 0B       		.uleb128 0xb
 282 003f 3B       		.uleb128 0x3b
 283 0040 0B       		.uleb128 0xb
 284 0041 27       		.uleb128 0x27
 285 0042 19       		.uleb128 0x19
 286 0043 49       		.uleb128 0x49
 287 0044 13       		.uleb128 0x13
 288 0045 11       		.uleb128 0x11
 289 0046 01       		.uleb128 0x1
 290 0047 12       		.uleb128 0x12
 291 0048 06       		.uleb128 0x6
 292 0049 40       		.uleb128 0x40
 293 004a 18       		.uleb128 0x18
 294 004b 9742     		.uleb128 0x2117
 295 004d 19       		.uleb128 0x19
 296 004e 01       		.uleb128 0x1
 297 004f 13       		.uleb128 0x13
 298 0050 00       		.byte	0
 299 0051 00       		.byte	0
 300 0052 06       		.uleb128 0x6
 301 0053 898201   		.uleb128 0x4109
 302 0056 00       		.byte	0
 303 0057 11       		.uleb128 0x11
 304 0058 01       		.uleb128 0x1
 305 0059 31       		.uleb128 0x31
 306 005a 13       		.uleb128 0x13
 307 005b 00       		.byte	0
 308 005c 00       		.byte	0
 309 005d 07       		.uleb128 0x7
 310 005e 34       		.uleb128 0x34
 311 005f 00       		.byte	0
 312 0060 03       		.uleb128 0x3
 313 0061 0E       		.uleb128 0xe
ARM GAS  C:\Users\urdjt\AppData\Local\Temp\ccAz3wYm.s 			page 7


 314 0062 3A       		.uleb128 0x3a
 315 0063 0B       		.uleb128 0xb
 316 0064 3B       		.uleb128 0x3b
 317 0065 05       		.uleb128 0x5
 318 0066 49       		.uleb128 0x49
 319 0067 13       		.uleb128 0x13
 320 0068 3F       		.uleb128 0x3f
 321 0069 19       		.uleb128 0x19
 322 006a 3C       		.uleb128 0x3c
 323 006b 19       		.uleb128 0x19
 324 006c 00       		.byte	0
 325 006d 00       		.byte	0
 326 006e 08       		.uleb128 0x8
 327 006f 35       		.uleb128 0x35
 328 0070 00       		.byte	0
 329 0071 49       		.uleb128 0x49
 330 0072 13       		.uleb128 0x13
 331 0073 00       		.byte	0
 332 0074 00       		.byte	0
 333 0075 09       		.uleb128 0x9
 334 0076 2E       		.uleb128 0x2e
 335 0077 00       		.byte	0
 336 0078 3F       		.uleb128 0x3f
 337 0079 19       		.uleb128 0x19
 338 007a 3C       		.uleb128 0x3c
 339 007b 19       		.uleb128 0x19
 340 007c 6E       		.uleb128 0x6e
 341 007d 0E       		.uleb128 0xe
 342 007e 03       		.uleb128 0x3
 343 007f 0E       		.uleb128 0xe
 344 0080 3A       		.uleb128 0x3a
 345 0081 0B       		.uleb128 0xb
 346 0082 3B       		.uleb128 0x3b
 347 0083 0B       		.uleb128 0xb
 348 0084 00       		.byte	0
 349 0085 00       		.byte	0
 350 0086 00       		.byte	0
 351              		.section	.debug_aranges,"",%progbits
 352 0000 1C000000 		.4byte	0x1c
 353 0004 0200     		.2byte	0x2
 354 0006 00000000 		.4byte	.Ldebug_info0
 355 000a 04       		.byte	0x4
 356 000b 00       		.byte	0
 357 000c 0000     		.2byte	0
 358 000e 0000     		.2byte	0
 359 0010 00000000 		.4byte	.LFB63
 360 0014 1C000000 		.4byte	.LFE63-.LFB63
 361 0018 00000000 		.4byte	0
 362 001c 00000000 		.4byte	0
 363              		.section	.debug_ranges,"",%progbits
 364              	.Ldebug_ranges0:
 365 0000 00000000 		.4byte	.LFB63
 366 0004 1C000000 		.4byte	.LFE63
 367 0008 00000000 		.4byte	0
 368 000c 00000000 		.4byte	0
 369              		.section	.debug_line,"",%progbits
 370              	.Ldebug_line0:
ARM GAS  C:\Users\urdjt\AppData\Local\Temp\ccAz3wYm.s 			page 8


 371 0000 9A010000 		.section	.debug_str,"MS",%progbits,1
 371      02007E01 
 371      00000201 
 371      FB0E0D00 
 371      01010101 
 372              	.LASF6:
 373 0000 6C6F6E67 		.ascii	"long long int\000"
 373      206C6F6E 
 373      6720696E 
 373      7400
 374              	.LASF3:
 375 000e 73686F72 		.ascii	"short unsigned int\000"
 375      7420756E 
 375      7369676E 
 375      65642069 
 375      6E7400
 376              	.LASF8:
 377 0021 756E7369 		.ascii	"unsigned int\000"
 377      676E6564 
 377      20696E74 
 377      00
 378              	.LASF22:
 379 002e 6D61696E 		.ascii	"main.c\000"
 379      2E6300
 380              	.LASF24:
 381 0035 6D61696E 		.ascii	"main\000"
 381      00
 382              	.LASF18:
 383 003a 56444143 		.ascii	"VDAC8_2_Start\000"
 383      385F325F 
 383      53746172 
 383      7400
 384              	.LASF21:
 385 0048 474E5520 		.ascii	"GNU C11 5.4.1 20160609 (release) [ARM/embedded-5-br"
 385      43313120 
 385      352E342E 
 385      31203230 
 385      31363036 
 386 007b 616E6368 		.ascii	"anch revision 237715] -mcpu=cortex-m3 -mthumb -g -O"
 386      20726576 
 386      6973696F 
 386      6E203233 
 386      37373135 
 387 00ae 67202D66 		.ascii	"g -ffunction-sections -ffat-lto-objects\000"
 387      66756E63 
 387      74696F6E 
 387      2D736563 
 387      74696F6E 
 388              	.LASF23:
 389 00d6 453A5C50 		.ascii	"E:\\Praktikum adaptive Sensorelektronik\\PSoC Creat"
 389      72616B74 
 389      696B756D 
 389      20616461 
 389      70746976 
 390 0107 6F725C56 		.ascii	"or\\Versuch 5\\555_Timer\\Workspace01\\555_Timer.cy"
 390      65727375 
 390      63682035 
ARM GAS  C:\Users\urdjt\AppData\Local\Temp\ccAz3wYm.s 			page 9


 390      5C353535 
 390      5F54696D 
 391 0136 64736E00 		.ascii	"dsn\000"
 392              	.LASF7:
 393 013a 6C6F6E67 		.ascii	"long long unsigned int\000"
 393      206C6F6E 
 393      6720756E 
 393      7369676E 
 393      65642069 
 394              	.LASF1:
 395 0151 756E7369 		.ascii	"unsigned char\000"
 395      676E6564 
 395      20636861 
 395      7200
 396              	.LASF13:
 397 015f 63686172 		.ascii	"char\000"
 397      00
 398              	.LASF4:
 399 0164 6C6F6E67 		.ascii	"long int\000"
 399      20696E74 
 399      00
 400              	.LASF16:
 401 016d 436C6F63 		.ascii	"Clock_1_Start\000"
 401      6B5F315F 
 401      53746172 
 401      7400
 402              	.LASF19:
 403 017b 436F6D70 		.ascii	"Comp_1_Start\000"
 403      5F315F53 
 403      74617274 
 403      00
 404              	.LASF5:
 405 0188 6C6F6E67 		.ascii	"long unsigned int\000"
 405      20756E73 
 405      69676E65 
 405      6420696E 
 405      7400
 406              	.LASF12:
 407 019a 646F7562 		.ascii	"double\000"
 407      6C6500
 408              	.LASF17:
 409 01a1 56444143 		.ascii	"VDAC8_1_Start\000"
 409      385F315F 
 409      53746172 
 409      7400
 410              	.LASF25:
 411 01af 49544D5F 		.ascii	"ITM_RxBuffer\000"
 411      52784275 
 411      66666572 
 411      00
 412              	.LASF0:
 413 01bc 7369676E 		.ascii	"signed char\000"
 413      65642063 
 413      68617200 
 414              	.LASF14:
 415 01c8 6C6F6E67 		.ascii	"long double\000"
 415      20646F75 
ARM GAS  C:\Users\urdjt\AppData\Local\Temp\ccAz3wYm.s 			page 10


 415      626C6500 
 416              	.LASF9:
 417 01d4 5F5F696E 		.ascii	"__int32_t\000"
 417      7433325F 
 417      7400
 418              	.LASF20:
 419 01de 436F6D70 		.ascii	"Comp_2_Start\000"
 419      5F325F53 
 419      74617274 
 419      00
 420              	.LASF11:
 421 01eb 666C6F61 		.ascii	"float\000"
 421      7400
 422              	.LASF2:
 423 01f1 73686F72 		.ascii	"short int\000"
 423      7420696E 
 423      7400
 424              	.LASF10:
 425 01fb 696E7433 		.ascii	"int32_t\000"
 425      325F7400 
 426              	.LASF15:
 427 0203 73697A65 		.ascii	"sizetype\000"
 427      74797065 
 427      00
 428              		.ident	"GCC: (GNU Tools for ARM Embedded Processors) 5.4.1 20160609 (release) [ARM/embedded-5-bran
