ARM GAS  C:\Users\urdjt\AppData\Local\Temp\cc8r3Crk.s 			page 1


   1              		.syntax unified
   2              		.cpu cortex-m3
   3              		.fpu softvfp
   4              		.eabi_attribute 20, 1
   5              		.eabi_attribute 21, 1
   6              		.eabi_attribute 23, 3
   7              		.eabi_attribute 24, 1
   8              		.eabi_attribute 25, 1
   9              		.eabi_attribute 26, 1
  10              		.eabi_attribute 30, 1
  11              		.eabi_attribute 34, 1
  12              		.eabi_attribute 18, 4
  13              		.thumb
  14              		.syntax unified
  15              		.file	"cymetadata.c"
  16              		.text
  17              	.Ltext0:
  18              		.cfi_sections	.debug_frame
  19              		.global	cy_metadata
  20              		.global	cy_meta_flashprotect
  21              		.global	cy_meta_wonvl
  22              		.global	cy_meta_custnvl
  23              		.global	cy_meta_configecc
  24              		.section	.cyconfigecc,"a",%progbits
  25              		.align	2
  26              		.type	cy_meta_configecc, %object
  27              		.size	cy_meta_configecc, 1004
  28              	cy_meta_configecc:
  29 0000 01       		.byte	1
  30 0001 52       		.byte	82
  31 0002 00       		.byte	0
  32 0003 40       		.byte	64
  33 0004 02       		.byte	2
  34 0005 64       		.byte	100
  35 0006 00       		.byte	0
  36 0007 40       		.byte	64
  37 0008 01       		.byte	1
  38 0009 65       		.byte	101
  39 000a 00       		.byte	0
  40 000b 40       		.byte	64
  41 000c 4B       		.byte	75
  42 000d 02       		.byte	2
  43 000e 01       		.byte	1
  44 000f 40       		.byte	64
  45 0010 2B       		.byte	43
  46 0011 03       		.byte	3
  47 0012 01       		.byte	1
  48 0013 40       		.byte	64
  49 0014 43       		.byte	67
  50 0015 04       		.byte	4
  51 0016 01       		.byte	1
  52 0017 40       		.byte	64
  53 0018 23       		.byte	35
  54 0019 05       		.byte	5
  55 001a 01       		.byte	1
  56 001b 40       		.byte	64
  57 001c 03       		.byte	3
ARM GAS  C:\Users\urdjt\AppData\Local\Temp\cc8r3Crk.s 			page 2


  58 001d 07       		.byte	7
  59 001e 01       		.byte	1
  60 001f 40       		.byte	64
  61 0020 01       		.byte	1
  62 0021 0D       		.byte	13
  63 0022 01       		.byte	1
  64 0023 40       		.byte	64
  65 0024 04       		.byte	4
  66 0025 14       		.byte	20
  67 0026 01       		.byte	1
  68 0027 40       		.byte	64
  69 0028 04       		.byte	4
  70 0029 15       		.byte	21
  71 002a 01       		.byte	1
  72 002b 40       		.byte	64
  73 002c 03       		.byte	3
  74 002d 17       		.byte	23
  75 002e 01       		.byte	1
  76 002f 40       		.byte	64
  77 0030 5F       		.byte	95
  78 0031 18       		.byte	24
  79 0032 01       		.byte	1
  80 0033 40       		.byte	64
  81 0034 38       		.byte	56
  82 0035 19       		.byte	25
  83 0036 01       		.byte	1
  84 0037 40       		.byte	64
  85 0038 05       		.byte	5
  86 0039 1B       		.byte	27
  87 003a 01       		.byte	1
  88 003b 40       		.byte	64
  89 003c 04       		.byte	4
  90 003d 40       		.byte	64
  91 003e 01       		.byte	1
  92 003f 40       		.byte	64
  93 0040 06       		.byte	6
  94 0041 41       		.byte	65
  95 0042 01       		.byte	1
  96 0043 40       		.byte	64
  97 0044 04       		.byte	4
  98 0045 42       		.byte	66
  99 0046 01       		.byte	1
 100 0047 40       		.byte	64
 101 0048 03       		.byte	3
 102 0049 45       		.byte	69
 103 004a 01       		.byte	1
 104 004b 40       		.byte	64
 105 004c 02       		.byte	2
 106 004d 47       		.byte	71
 107 004e 01       		.byte	1
 108 004f 40       		.byte	64
 109 0050 04       		.byte	4
 110 0051 49       		.byte	73
 111 0052 01       		.byte	1
 112 0053 40       		.byte	64
 113 0054 04       		.byte	4
 114 0055 4C       		.byte	76
ARM GAS  C:\Users\urdjt\AppData\Local\Temp\cc8r3Crk.s 			page 3


 115 0056 01       		.byte	1
 116 0057 40       		.byte	64
 117 0058 01       		.byte	1
 118 0059 4D       		.byte	77
 119 005a 01       		.byte	1
 120 005b 40       		.byte	64
 121 005c 05       		.byte	5
 122 005d 50       		.byte	80
 123 005e 01       		.byte	1
 124 005f 40       		.byte	64
 125 0060 01       		.byte	1
 126 0061 51       		.byte	81
 127 0062 01       		.byte	1
 128 0063 40       		.byte	64
 129 0064 09       		.byte	9
 130 0065 04       		.byte	4
 131 0066 83       		.byte	-125
 132 0067 67       		.byte	103
 133 0068 85       		.byte	-123
 134 0069 0D       		.byte	13
 135 006a 89       		.byte	-119
 136 006b 0F       		.byte	15
 137 006c 06       		.byte	6
 138 006d 02       		.byte	2
 139 006e 0C       		.byte	12
 140 006f 01       		.byte	1
 141 0070 16       		.byte	22
 142 0071 05       		.byte	5
 143 0072 1B       		.byte	27
 144 0073 01       		.byte	1
 145 0074 1C       		.byte	28
 146 0075 06       		.byte	6
 147 0076 28       		.byte	40
 148 0077 01       		.byte	1
 149 0078 32       		.byte	50
 150 0079 06       		.byte	6
 151 007a 33       		.byte	51
 152 007b 01       		.byte	1
 153 007c 36       		.byte	54
 154 007d 01       		.byte	1
 155 007e 3E       		.byte	62
 156 007f 40       		.byte	64
 157 0080 40       		.byte	64
 158 0081 14       		.byte	20
 159 0082 41       		.byte	65
 160 0083 06       		.byte	6
 161 0084 49       		.byte	73
 162 0085 FF       		.byte	-1
 163 0086 4A       		.byte	74
 164 0087 FF       		.byte	-1
 165 0088 4B       		.byte	75
 166 0089 FF       		.byte	-1
 167 008a 4D       		.byte	77
 168 008b A0       		.byte	-96
 169 008c 4F       		.byte	79
 170 008d 01       		.byte	1
 171 008e 50       		.byte	80
ARM GAS  C:\Users\urdjt\AppData\Local\Temp\cc8r3Crk.s 			page 4


 172 008f 18       		.byte	24
 173 0090 58       		.byte	88
 174 0091 04       		.byte	4
 175 0092 59       		.byte	89
 176 0093 04       		.byte	4
 177 0094 5A       		.byte	90
 178 0095 04       		.byte	4
 179 0096 5F       		.byte	95
 180 0097 01       		.byte	1
 181 0098 60       		.byte	96
 182 0099 40       		.byte	64
 183 009a 62       		.byte	98
 184 009b 80       		.byte	-128
 185 009c 64       		.byte	100
 186 009d 40       		.byte	64
 187 009e 65       		.byte	101
 188 009f 40       		.byte	64
 189 00a0 66       		.byte	102
 190 00a1 80       		.byte	-128
 191 00a2 68       		.byte	104
 192 00a3 40       		.byte	64
 193 00a4 6A       		.byte	106
 194 00a5 50       		.byte	80
 195 00a6 6B       		.byte	107
 196 00a7 A8       		.byte	-88
 197 00a8 6C       		.byte	108
 198 00a9 40       		.byte	64
 199 00aa 6D       		.byte	109
 200 00ab 20       		.byte	32
 201 00ac 6E       		.byte	110
 202 00ad 50       		.byte	80
 203 00ae 6F       		.byte	111
 204 00af A8       		.byte	-88
 205 00b0 82       		.byte	-126
 206 00b1 02       		.byte	2
 207 00b2 84       		.byte	-124
 208 00b3 02       		.byte	2
 209 00b4 8C       		.byte	-116
 210 00b5 01       		.byte	1
 211 00b6 8F       		.byte	-113
 212 00b7 01       		.byte	1
 213 00b8 A6       		.byte	-90
 214 00b9 05       		.byte	5
 215 00ba B0       		.byte	-80
 216 00bb 04       		.byte	4
 217 00bc B4       		.byte	-76
 218 00bd 02       		.byte	2
 219 00be B5       		.byte	-75
 220 00bf 01       		.byte	1
 221 00c0 B6       		.byte	-74
 222 00c1 01       		.byte	1
 223 00c2 BE       		.byte	-66
 224 00c3 50       		.byte	80
 225 00c4 C0       		.byte	-64
 226 00c5 14       		.byte	20
 227 00c6 C1       		.byte	-63
 228 00c7 06       		.byte	6
ARM GAS  C:\Users\urdjt\AppData\Local\Temp\cc8r3Crk.s 			page 5


 229 00c8 C5       		.byte	-59
 230 00c9 25       		.byte	37
 231 00ca C6       		.byte	-58
 232 00cb C0       		.byte	-64
 233 00cc C7       		.byte	-57
 234 00cd 0E       		.byte	14
 235 00ce C8       		.byte	-56
 236 00cf 1F       		.byte	31
 237 00d0 C9       		.byte	-55
 238 00d1 FF       		.byte	-1
 239 00d2 CA       		.byte	-54
 240 00d3 FF       		.byte	-1
 241 00d4 CB       		.byte	-53
 242 00d5 FF       		.byte	-1
 243 00d6 CD       		.byte	-51
 244 00d7 AF       		.byte	-81
 245 00d8 CE       		.byte	-50
 246 00d9 07       		.byte	7
 247 00da CF       		.byte	-49
 248 00db 01       		.byte	1
 249 00dc D0       		.byte	-48
 250 00dd 18       		.byte	24
 251 00de D4       		.byte	-44
 252 00df 07       		.byte	7
 253 00e0 D8       		.byte	-40
 254 00e1 04       		.byte	4
 255 00e2 D9       		.byte	-39
 256 00e3 04       		.byte	4
 257 00e4 DA       		.byte	-38
 258 00e5 04       		.byte	4
 259 00e6 DB       		.byte	-37
 260 00e7 04       		.byte	4
 261 00e8 DF       		.byte	-33
 262 00e9 01       		.byte	1
 263 00ea E0       		.byte	-32
 264 00eb 40       		.byte	64
 265 00ec E2       		.byte	-30
 266 00ed 80       		.byte	-128
 267 00ee E4       		.byte	-28
 268 00ef 40       		.byte	64
 269 00f0 E5       		.byte	-27
 270 00f1 40       		.byte	64
 271 00f2 E6       		.byte	-26
 272 00f3 80       		.byte	-128
 273 00f4 E8       		.byte	-24
 274 00f5 40       		.byte	64
 275 00f6 EA       		.byte	-22
 276 00f7 50       		.byte	80
 277 00f8 EB       		.byte	-21
 278 00f9 A8       		.byte	-88
 279 00fa EC       		.byte	-20
 280 00fb 40       		.byte	64
 281 00fc ED       		.byte	-19
 282 00fd 20       		.byte	32
 283 00fe EE       		.byte	-18
 284 00ff 50       		.byte	80
 285 0100 EF       		.byte	-17
ARM GAS  C:\Users\urdjt\AppData\Local\Temp\cc8r3Crk.s 			page 6


 286 0101 A8       		.byte	-88
 287 0102 00       		.byte	0
 288 0103 44       		.byte	68
 289 0104 02       		.byte	2
 290 0105 40       		.byte	64
 291 0106 05       		.byte	5
 292 0107 48       		.byte	72
 293 0108 0E       		.byte	14
 294 0109 20       		.byte	32
 295 010a 0F       		.byte	15
 296 010b 01       		.byte	1
 297 010c 10       		.byte	16
 298 010d 20       		.byte	32
 299 010e 17       		.byte	23
 300 010f 20       		.byte	32
 301 0110 18       		.byte	24
 302 0111 40       		.byte	64
 303 0112 19       		.byte	25
 304 0113 80       		.byte	-128
 305 0114 1A       		.byte	26
 306 0115 04       		.byte	4
 307 0116 1D       		.byte	29
 308 0117 80       		.byte	-128
 309 0118 1E       		.byte	30
 310 0119 20       		.byte	32
 311 011a 20       		.byte	32
 312 011b 04       		.byte	4
 313 011c 27       		.byte	39
 314 011d 20       		.byte	32
 315 011e 36       		.byte	54
 316 011f 10       		.byte	16
 317 0120 3A       		.byte	58
 318 0121 40       		.byte	64
 319 0122 40       		.byte	64
 320 0123 80       		.byte	-128
 321 0124 41       		.byte	65
 322 0125 80       		.byte	-128
 323 0126 44       		.byte	68
 324 0127 80       		.byte	-128
 325 0128 45       		.byte	69
 326 0129 80       		.byte	-128
 327 012a 46       		.byte	70
 328 012b 40       		.byte	64
 329 012c 48       		.byte	72
 330 012d 20       		.byte	32
 331 012e 4A       		.byte	74
 332 012f 48       		.byte	72
 333 0130 4E       		.byte	78
 334 0131 08       		.byte	8
 335 0132 51       		.byte	81
 336 0133 08       		.byte	8
 337 0134 52       		.byte	82
 338 0135 50       		.byte	80
 339 0136 59       		.byte	89
 340 0137 A0       		.byte	-96
 341 0138 5A       		.byte	90
 342 0139 04       		.byte	4
ARM GAS  C:\Users\urdjt\AppData\Local\Temp\cc8r3Crk.s 			page 7


 343 013a 61       		.byte	97
 344 013b 08       		.byte	8
 345 013c 62       		.byte	98
 346 013d 10       		.byte	16
 347 013e 83       		.byte	-125
 348 013f 01       		.byte	1
 349 0140 85       		.byte	-123
 350 0141 60       		.byte	96
 351 0142 86       		.byte	-122
 352 0143 40       		.byte	64
 353 0144 C0       		.byte	-64
 354 0145 AD       		.byte	-83
 355 0146 C2       		.byte	-62
 356 0147 A0       		.byte	-96
 357 0148 C4       		.byte	-60
 358 0149 44       		.byte	68
 359 014a CC       		.byte	-52
 360 014b 20       		.byte	32
 361 014c CE       		.byte	-50
 362 014d 08       		.byte	8
 363 014e D0       		.byte	-48
 364 014f 99       		.byte	-103
 365 0150 D2       		.byte	-46
 366 0151 24       		.byte	36
 367 0152 D6       		.byte	-42
 368 0153 0E       		.byte	14
 369 0154 D8       		.byte	-40
 370 0155 06       		.byte	6
 371 0156 E2       		.byte	-30
 372 0157 01       		.byte	1
 373 0158 40       		.byte	64
 374 0159 30       		.byte	48
 375 015a 41       		.byte	65
 376 015b 02       		.byte	2
 377 015c 49       		.byte	73
 378 015d FF       		.byte	-1
 379 015e 4A       		.byte	74
 380 015f FF       		.byte	-1
 381 0160 4B       		.byte	75
 382 0161 FF       		.byte	-1
 383 0162 4D       		.byte	77
 384 0163 A0       		.byte	-96
 385 0164 4F       		.byte	79
 386 0165 04       		.byte	4
 387 0166 50       		.byte	80
 388 0167 18       		.byte	24
 389 0168 5A       		.byte	90
 390 0169 04       		.byte	4
 391 016a 5D       		.byte	93
 392 016b 01       		.byte	1
 393 016c 5F       		.byte	95
 394 016d 01       		.byte	1
 395 016e 60       		.byte	96
 396 016f 40       		.byte	64
 397 0170 62       		.byte	98
 398 0171 C0       		.byte	-64
 399 0172 64       		.byte	100
ARM GAS  C:\Users\urdjt\AppData\Local\Temp\cc8r3Crk.s 			page 8


 400 0173 40       		.byte	64
 401 0174 65       		.byte	101
 402 0175 40       		.byte	64
 403 0176 66       		.byte	102
 404 0177 C0       		.byte	-64
 405 0178 68       		.byte	104
 406 0179 C0       		.byte	-64
 407 017a 6A       		.byte	106
 408 017b C0       		.byte	-64
 409 017c 6C       		.byte	108
 410 017d C0       		.byte	-64
 411 017e 6E       		.byte	110
 412 017f C0       		.byte	-64
 413 0180 83       		.byte	-125
 414 0181 01       		.byte	1
 415 0182 84       		.byte	-124
 416 0183 03       		.byte	3
 417 0184 85       		.byte	-123
 418 0185 02       		.byte	2
 419 0186 8A       		.byte	-118
 420 0187 1C       		.byte	28
 421 0188 96       		.byte	-106
 422 0189 04       		.byte	4
 423 018a 9E       		.byte	-98
 424 018b 09       		.byte	9
 425 018c AA       		.byte	-86
 426 018d 12       		.byte	18
 427 018e AD       		.byte	-83
 428 018f 02       		.byte	2
 429 0190 B0       		.byte	-80
 430 0191 03       		.byte	3
 431 0192 B3       		.byte	-77
 432 0193 02       		.byte	2
 433 0194 B4       		.byte	-76
 434 0195 04       		.byte	4
 435 0196 B5       		.byte	-75
 436 0197 01       		.byte	1
 437 0198 B6       		.byte	-74
 438 0199 18       		.byte	24
 439 019a B9       		.byte	-71
 440 019b 08       		.byte	8
 441 019c BE       		.byte	-66
 442 019d 10       		.byte	16
 443 019e C0       		.byte	-64
 444 019f 30       		.byte	48
 445 01a0 C1       		.byte	-63
 446 01a1 02       		.byte	2
 447 01a2 C5       		.byte	-59
 448 01a3 D0       		.byte	-48
 449 01a4 C6       		.byte	-58
 450 01a5 20       		.byte	32
 451 01a6 C7       		.byte	-57
 452 01a7 01       		.byte	1
 453 01a8 C8       		.byte	-56
 454 01a9 3A       		.byte	58
 455 01aa C9       		.byte	-55
 456 01ab FF       		.byte	-1
ARM GAS  C:\Users\urdjt\AppData\Local\Temp\cc8r3Crk.s 			page 9


 457 01ac CA       		.byte	-54
 458 01ad FF       		.byte	-1
 459 01ae CB       		.byte	-53
 460 01af FF       		.byte	-1
 461 01b0 CD       		.byte	-51
 462 01b1 AF       		.byte	-81
 463 01b2 CE       		.byte	-50
 464 01b3 0F       		.byte	15
 465 01b4 CF       		.byte	-49
 466 01b5 04       		.byte	4
 467 01b6 D0       		.byte	-48
 468 01b7 18       		.byte	24
 469 01b8 D2       		.byte	-46
 470 01b9 80       		.byte	-128
 471 01ba D4       		.byte	-44
 472 01bb 05       		.byte	5
 473 01bc D6       		.byte	-42
 474 01bd 04       		.byte	4
 475 01be D8       		.byte	-40
 476 01bf 04       		.byte	4
 477 01c0 D9       		.byte	-39
 478 01c1 04       		.byte	4
 479 01c2 DA       		.byte	-38
 480 01c3 04       		.byte	4
 481 01c4 DB       		.byte	-37
 482 01c5 04       		.byte	4
 483 01c6 DC       		.byte	-36
 484 01c7 11       		.byte	17
 485 01c8 DD       		.byte	-35
 486 01c9 11       		.byte	17
 487 01ca DF       		.byte	-33
 488 01cb 01       		.byte	1
 489 01cc E0       		.byte	-32
 490 01cd 40       		.byte	64
 491 01ce E2       		.byte	-30
 492 01cf C0       		.byte	-64
 493 01d0 E4       		.byte	-28
 494 01d1 40       		.byte	64
 495 01d2 E5       		.byte	-27
 496 01d3 40       		.byte	64
 497 01d4 E6       		.byte	-26
 498 01d5 C0       		.byte	-64
 499 01d6 E8       		.byte	-24
 500 01d7 C0       		.byte	-64
 501 01d8 EA       		.byte	-22
 502 01d9 C0       		.byte	-64
 503 01da EC       		.byte	-20
 504 01db C0       		.byte	-64
 505 01dc EE       		.byte	-18
 506 01dd C0       		.byte	-64
 507 01de 07       		.byte	7
 508 01df 14       		.byte	20
 509 01e0 0F       		.byte	15
 510 01e1 22       		.byte	34
 511 01e2 16       		.byte	22
 512 01e3 04       		.byte	4
 513 01e4 1D       		.byte	29
ARM GAS  C:\Users\urdjt\AppData\Local\Temp\cc8r3Crk.s 			page 10


 514 01e5 40       		.byte	64
 515 01e6 1E       		.byte	30
 516 01e7 88       		.byte	-120
 517 01e8 27       		.byte	39
 518 01e9 14       		.byte	20
 519 01ea 2F       		.byte	47
 520 01eb 02       		.byte	2
 521 01ec 3C       		.byte	60
 522 01ed 02       		.byte	2
 523 01ee 3D       		.byte	61
 524 01ef 08       		.byte	8
 525 01f0 41       		.byte	65
 526 01f1 20       		.byte	32
 527 01f2 43       		.byte	67
 528 01f3 04       		.byte	4
 529 01f4 45       		.byte	69
 530 01f5 20       		.byte	32
 531 01f6 47       		.byte	71
 532 01f7 04       		.byte	4
 533 01f8 4F       		.byte	79
 534 01f9 01       		.byte	1
 535 01fa 55       		.byte	85
 536 01fb 24       		.byte	36
 537 01fc 56       		.byte	86
 538 01fd 04       		.byte	4
 539 01fe 57       		.byte	87
 540 01ff 13       		.byte	19
 541 0200 5E       		.byte	94
 542 0201 88       		.byte	-120
 543 0202 5F       		.byte	95
 544 0203 01       		.byte	1
 545 0204 65       		.byte	101
 546 0205 02       		.byte	2
 547 0206 67       		.byte	103
 548 0207 40       		.byte	64
 549 0208 74       		.byte	116
 550 0209 01       		.byte	1
 551 020a 85       		.byte	-123
 552 020b 02       		.byte	2
 553 020c 87       		.byte	-121
 554 020d 40       		.byte	64
 555 020e 9D       		.byte	-99
 556 020f 48       		.byte	72
 557 0210 A2       		.byte	-94
 558 0211 10       		.byte	16
 559 0212 A6       		.byte	-90
 560 0213 08       		.byte	8
 561 0214 C0       		.byte	-64
 562 0215 60       		.byte	96
 563 0216 C2       		.byte	-62
 564 0217 A0       		.byte	-96
 565 0218 C4       		.byte	-60
 566 0219 40       		.byte	64
 567 021a CA       		.byte	-54
 568 021b 10       		.byte	16
 569 021c CE       		.byte	-50
 570 021d C0       		.byte	-64
ARM GAS  C:\Users\urdjt\AppData\Local\Temp\cc8r3Crk.s 			page 11


 571 021e D0       		.byte	-48
 572 021f 66       		.byte	102
 573 0220 D6       		.byte	-42
 574 0221 D0       		.byte	-48
 575 0222 D8       		.byte	-40
 576 0223 80       		.byte	-128
 577 0224 9D       		.byte	-99
 578 0225 08       		.byte	8
 579 0226 A2       		.byte	-94
 580 0227 10       		.byte	16
 581 0228 A6       		.byte	-90
 582 0229 08       		.byte	8
 583 022a E2       		.byte	-30
 584 022b 01       		.byte	1
 585 022c 39       		.byte	57
 586 022d 08       		.byte	8
 587 022e 3F       		.byte	63
 588 022f 04       		.byte	4
 589 0230 59       		.byte	89
 590 0231 04       		.byte	4
 591 0232 5F       		.byte	95
 592 0233 01       		.byte	1
 593 0234 22       		.byte	34
 594 0235 08       		.byte	8
 595 0236 86       		.byte	-122
 596 0237 10       		.byte	16
 597 0238 A2       		.byte	-94
 598 0239 10       		.byte	16
 599 023a A6       		.byte	-90
 600 023b 08       		.byte	8
 601 023c A2       		.byte	-94
 602 023d 10       		.byte	16
 603 023e A6       		.byte	-90
 604 023f 08       		.byte	8
 605 0240 B1       		.byte	-79
 606 0241 08       		.byte	8
 607 0242 02       		.byte	2
 608 0243 08       		.byte	8
 609 0244 04       		.byte	4
 610 0245 21       		.byte	33
 611 0246 06       		.byte	6
 612 0247 0E       		.byte	14
 613 0248 0B       		.byte	11
 614 0249 01       		.byte	1
 615 024a 0E       		.byte	14
 616 024b 1C       		.byte	28
 617 024c 11       		.byte	17
 618 024d 03       		.byte	3
 619 024e 14       		.byte	20
 620 024f 1C       		.byte	28
 621 0250 16       		.byte	22
 622 0251 23       		.byte	35
 623 0252 20       		.byte	32
 624 0253 21       		.byte	33
 625 0254 22       		.byte	34
 626 0255 16       		.byte	22
 627 0256 24       		.byte	36
ARM GAS  C:\Users\urdjt\AppData\Local\Temp\cc8r3Crk.s 			page 12


 628 0257 40       		.byte	64
 629 0258 25       		.byte	37
 630 0259 03       		.byte	3
 631 025a 26       		.byte	38
 632 025b 03       		.byte	3
 633 025c 29       		.byte	41
 634 025d 02       		.byte	2
 635 025e 30       		.byte	48
 636 025f 60       		.byte	96
 637 0260 31       		.byte	49
 638 0261 03       		.byte	3
 639 0262 32       		.byte	50
 640 0263 0F       		.byte	15
 641 0264 34       		.byte	52
 642 0265 1A       		.byte	26
 643 0266 38       		.byte	56
 644 0267 02       		.byte	2
 645 0268 39       		.byte	57
 646 0269 02       		.byte	2
 647 026a 3A       		.byte	58
 648 026b 28       		.byte	40
 649 026c 3F       		.byte	63
 650 026d 01       		.byte	1
 651 026e 40       		.byte	64
 652 026f 01       		.byte	1
 653 0270 45       		.byte	69
 654 0271 40       		.byte	64
 655 0272 49       		.byte	73
 656 0273 FF       		.byte	-1
 657 0274 4A       		.byte	74
 658 0275 07       		.byte	7
 659 0276 4B       		.byte	75
 660 0277 FF       		.byte	-1
 661 0278 4C       		.byte	76
 662 0279 40       		.byte	64
 663 027a 4D       		.byte	77
 664 027b 20       		.byte	32
 665 027c 4E       		.byte	78
 666 027d F0       		.byte	-16
 667 027e 4F       		.byte	79
 668 027f 05       		.byte	5
 669 0280 50       		.byte	80
 670 0281 08       		.byte	8
 671 0282 58       		.byte	88
 672 0283 04       		.byte	4
 673 0284 59       		.byte	89
 674 0285 04       		.byte	4
 675 0286 5A       		.byte	90
 676 0287 04       		.byte	4
 677 0288 5C       		.byte	92
 678 0289 02       		.byte	2
 679 028a 5D       		.byte	93
 680 028b 02       		.byte	2
 681 028c 5F       		.byte	95
 682 028d 01       		.byte	1
 683 028e 60       		.byte	96
 684 028f 40       		.byte	64
ARM GAS  C:\Users\urdjt\AppData\Local\Temp\cc8r3Crk.s 			page 13


 685 0290 61       		.byte	97
 686 0291 A8       		.byte	-88
 687 0292 62       		.byte	98
 688 0293 40       		.byte	64
 689 0294 63       		.byte	99
 690 0295 20       		.byte	32
 691 0296 82       		.byte	-126
 692 0297 03       		.byte	3
 693 0298 83       		.byte	-125
 694 0299 08       		.byte	8
 695 029a 84       		.byte	-124
 696 029b 0C       		.byte	12
 697 029c 86       		.byte	-122
 698 029d 11       		.byte	17
 699 029e 8B       		.byte	-117
 700 029f 15       		.byte	21
 701 02a0 8C       		.byte	-116
 702 02a1 10       		.byte	16
 703 02a2 8D       		.byte	-115
 704 02a3 03       		.byte	3
 705 02a4 8E       		.byte	-114
 706 02a5 0C       		.byte	12
 707 02a6 8F       		.byte	-113
 708 02a7 14       		.byte	20
 709 02a8 90       		.byte	-112
 710 02a9 10       		.byte	16
 711 02aa 91       		.byte	-111
 712 02ab 13       		.byte	19
 713 02ac 93       		.byte	-109
 714 02ad 0C       		.byte	12
 715 02ae 94       		.byte	-108
 716 02af 1C       		.byte	28
 717 02b0 96       		.byte	-106
 718 02b1 02       		.byte	2
 719 02b2 99       		.byte	-103
 720 02b3 13       		.byte	19
 721 02b4 9B       		.byte	-101
 722 02b5 04       		.byte	4
 723 02b6 9C       		.byte	-100
 724 02b7 09       		.byte	9
 725 02b8 9E       		.byte	-98
 726 02b9 10       		.byte	16
 727 02ba A0       		.byte	-96
 728 02bb 20       		.byte	32
 729 02bc A1       		.byte	-95
 730 02bd 20       		.byte	32
 731 02be A4       		.byte	-92
 732 02bf 14       		.byte	20
 733 02c0 A9       		.byte	-87
 734 02c1 0A       		.byte	10
 735 02c2 AB       		.byte	-85
 736 02c3 14       		.byte	20
 737 02c4 B1       		.byte	-79
 738 02c5 0F       		.byte	15
 739 02c6 B3       		.byte	-77
 740 02c7 20       		.byte	32
 741 02c8 B4       		.byte	-76
ARM GAS  C:\Users\urdjt\AppData\Local\Temp\cc8r3Crk.s 			page 14


 742 02c9 20       		.byte	32
 743 02ca B5       		.byte	-75
 744 02cb 10       		.byte	16
 745 02cc B6       		.byte	-74
 746 02cd 1F       		.byte	31
 747 02ce BB       		.byte	-69
 748 02cf 02       		.byte	2
 749 02d0 BE       		.byte	-66
 750 02d1 10       		.byte	16
 751 02d2 BF       		.byte	-65
 752 02d3 14       		.byte	20
 753 02d4 C0       		.byte	-64
 754 02d5 53       		.byte	83
 755 02d6 C1       		.byte	-63
 756 02d7 02       		.byte	2
 757 02d8 C5       		.byte	-59
 758 02d9 EB       		.byte	-21
 759 02da C6       		.byte	-58
 760 02db 0C       		.byte	12
 761 02dc C8       		.byte	-56
 762 02dd 07       		.byte	7
 763 02de C9       		.byte	-55
 764 02df FF       		.byte	-1
 765 02e0 CA       		.byte	-54
 766 02e1 FF       		.byte	-1
 767 02e2 CB       		.byte	-53
 768 02e3 FF       		.byte	-1
 769 02e4 CE       		.byte	-50
 770 02e5 F0       		.byte	-16
 771 02e6 CF       		.byte	-49
 772 02e7 44       		.byte	68
 773 02e8 D0       		.byte	-48
 774 02e9 0C       		.byte	12
 775 02ea D4       		.byte	-44
 776 02eb 01       		.byte	1
 777 02ec D8       		.byte	-40
 778 02ed 04       		.byte	4
 779 02ee D9       		.byte	-39
 780 02ef 04       		.byte	4
 781 02f0 DA       		.byte	-38
 782 02f1 04       		.byte	4
 783 02f2 DB       		.byte	-37
 784 02f3 04       		.byte	4
 785 02f4 DC       		.byte	-36
 786 02f5 22       		.byte	34
 787 02f6 DD       		.byte	-35
 788 02f7 22       		.byte	34
 789 02f8 DF       		.byte	-33
 790 02f9 01       		.byte	1
 791 02fa E6       		.byte	-26
 792 02fb C0       		.byte	-64
 793 02fc EA       		.byte	-22
 794 02fd 40       		.byte	64
 795 02fe EB       		.byte	-21
 796 02ff 02       		.byte	2
 797 0300 00       		.byte	0
 798 0301 01       		.byte	1
ARM GAS  C:\Users\urdjt\AppData\Local\Temp\cc8r3Crk.s 			page 15


 799 0302 02       		.byte	2
 800 0303 02       		.byte	2
 801 0304 03       		.byte	3
 802 0305 20       		.byte	32
 803 0306 04       		.byte	4
 804 0307 44       		.byte	68
 805 0308 05       		.byte	5
 806 0309 02       		.byte	2
 807 030a 09       		.byte	9
 808 030b 08       		.byte	8
 809 030c 0A       		.byte	10
 810 030d 80       		.byte	-128
 811 030e 0B       		.byte	11
 812 030f 02       		.byte	2
 813 0310 0D       		.byte	13
 814 0311 08       		.byte	8
 815 0312 10       		.byte	16
 816 0313 A0       		.byte	-96
 817 0314 15       		.byte	21
 818 0315 02       		.byte	2
 819 0316 16       		.byte	22
 820 0317 20       		.byte	32
 821 0318 18       		.byte	24
 822 0319 01       		.byte	1
 823 031a 1A       		.byte	26
 824 031b 04       		.byte	4
 825 031c 1B       		.byte	27
 826 031d 40       		.byte	64
 827 031e 1C       		.byte	28
 828 031f 44       		.byte	68
 829 0320 1D       		.byte	29
 830 0321 08       		.byte	8
 831 0322 1F       		.byte	31
 832 0323 29       		.byte	41
 833 0324 20       		.byte	32
 834 0325 08       		.byte	8
 835 0326 21       		.byte	33
 836 0327 01       		.byte	1
 837 0328 22       		.byte	34
 838 0329 06       		.byte	6
 839 032a 27       		.byte	39
 840 032b 80       		.byte	-128
 841 032c 2B       		.byte	43
 842 032d 48       		.byte	72
 843 032e 2F       		.byte	47
 844 032f 28       		.byte	40
 845 0330 32       		.byte	50
 846 0331 02       		.byte	2
 847 0332 33       		.byte	51
 848 0333 20       		.byte	32
 849 0334 36       		.byte	54
 850 0335 02       		.byte	2
 851 0336 38       		.byte	56
 852 0337 80       		.byte	-128
 853 0338 3A       		.byte	58
 854 0339 20       		.byte	32
 855 033a 3B       		.byte	59
ARM GAS  C:\Users\urdjt\AppData\Local\Temp\cc8r3Crk.s 			page 16


 856 033b 02       		.byte	2
 857 033c 3F       		.byte	63
 858 033d 20       		.byte	32
 859 033e 42       		.byte	66
 860 033f 20       		.byte	32
 861 0340 43       		.byte	67
 862 0341 20       		.byte	32
 863 0342 47       		.byte	71
 864 0343 80       		.byte	-128
 865 0344 48       		.byte	72
 866 0345 A0       		.byte	-96
 867 0346 49       		.byte	73
 868 0347 01       		.byte	1
 869 0348 4A       		.byte	74
 870 0349 02       		.byte	2
 871 034a 4D       		.byte	77
 872 034b 02       		.byte	2
 873 034c 4E       		.byte	78
 874 034d 40       		.byte	64
 875 034e 50       		.byte	80
 876 034f 40       		.byte	64
 877 0350 56       		.byte	86
 878 0351 20       		.byte	32
 879 0352 57       		.byte	87
 880 0353 10       		.byte	16
 881 0354 58       		.byte	88
 882 0355 80       		.byte	-128
 883 0356 59       		.byte	89
 884 0357 01       		.byte	1
 885 0358 5A       		.byte	90
 886 0359 04       		.byte	4
 887 035a 5B       		.byte	91
 888 035b 20       		.byte	32
 889 035c C0       		.byte	-64
 890 035d BD       		.byte	-67
 891 035e C2       		.byte	-62
 892 035f 2D       		.byte	45
 893 0360 C4       		.byte	-60
 894 0361 3C       		.byte	60
 895 0362 CA       		.byte	-54
 896 0363 65       		.byte	101
 897 0364 CC       		.byte	-52
 898 0365 85       		.byte	-123
 899 0366 CE       		.byte	-50
 900 0367 2D       		.byte	45
 901 0368 D0       		.byte	-48
 902 0369 16       		.byte	22
 903 036a D2       		.byte	-46
 904 036b 08       		.byte	8
 905 036c D6       		.byte	-42
 906 036d 0F       		.byte	15
 907 036e EA       		.byte	-22
 908 036f 80       		.byte	-128
 909 0370 AE       		.byte	-82
 910 0371 04       		.byte	4
 911 0372 B0       		.byte	-80
 912 0373 84       		.byte	-124
ARM GAS  C:\Users\urdjt\AppData\Local\Temp\cc8r3Crk.s 			page 17


 913 0374 B4       		.byte	-76
 914 0375 40       		.byte	64
 915 0376 B7       		.byte	-73
 916 0377 20       		.byte	32
 917 0378 EC       		.byte	-20
 918 0379 08       		.byte	8
 919 037a 33       		.byte	51
 920 037b 80       		.byte	-128
 921 037c 52       		.byte	82
 922 037d 80       		.byte	-128
 923 037e CC       		.byte	-52
 924 037f 10       		.byte	16
 925 0380 D4       		.byte	-44
 926 0381 20       		.byte	32
 927 0382 53       		.byte	83
 928 0383 10       		.byte	16
 929 0384 86       		.byte	-122
 930 0385 80       		.byte	-128
 931 0386 A6       		.byte	-90
 932 0387 80       		.byte	-128
 933 0388 A7       		.byte	-89
 934 0389 80       		.byte	-128
 935 038a D4       		.byte	-44
 936 038b 20       		.byte	32
 937 038c E6       		.byte	-26
 938 038d 10       		.byte	16
 939 038e 87       		.byte	-121
 940 038f 90       		.byte	-112
 941 0390 97       		.byte	-105
 942 0391 20       		.byte	32
 943 0392 A7       		.byte	-89
 944 0393 80       		.byte	-128
 945 0394 E6       		.byte	-26
 946 0395 50       		.byte	80
 947 0396 13       		.byte	19
 948 0397 01       		.byte	1
 949 0398 83       		.byte	-125
 950 0399 01       		.byte	1
 951 039a C4       		.byte	-60
 952 039b 08       		.byte	8
 953 039c 00       		.byte	0
 954 039d 02       		.byte	2
 955 039e C0       		.byte	-64
 956 039f 08       		.byte	8
 957 03a0 63       		.byte	99
 958 03a1 02       		.byte	2
 959 03a2 87       		.byte	-121
 960 03a3 01       		.byte	1
 961 03a4 D6       		.byte	-42
 962 03a5 40       		.byte	64
 963 03a6 E6       		.byte	-26
 964 03a7 10       		.byte	16
 965 03a8 59       		.byte	89
 966 03a9 40       		.byte	64
 967 03aa B0       		.byte	-80
 968 03ab 01       		.byte	1
 969 03ac D4       		.byte	-44
ARM GAS  C:\Users\urdjt\AppData\Local\Temp\cc8r3Crk.s 			page 18


 970 03ad 01       		.byte	1
 971 03ae EA       		.byte	-22
 972 03af 01       		.byte	1
 973 03b0 AD       		.byte	-83
 974 03b1 40       		.byte	64
 975 03b2 00       		.byte	0
 976 03b3 03       		.byte	3
 977 03b4 08       		.byte	8
 978 03b5 01       		.byte	1
 979 03b6 0A       		.byte	10
 980 03b7 02       		.byte	2
 981 03b8 10       		.byte	16
 982 03b9 04       		.byte	4
 983 03ba 1C       		.byte	28
 984 03bb 04       		.byte	4
 985 03bc 00       		.byte	0
 986 03bd 03       		.byte	3
 987 03be 00       		.byte	0
 988 03bf 00       		.byte	0
 989 03c0 00       		.byte	0
 990 03c1 02       		.byte	2
 991 03c2 02       		.byte	2
 992 03c3 00       		.byte	0
 993 03c4 02       		.byte	2
 994 03c5 00       		.byte	0
 995 03c6 00       		.byte	0
 996 03c7 00       		.byte	0
 997 03c8 04       		.byte	4
 998 03c9 00       		.byte	0
 999 03ca 00       		.byte	0
 1000 03cb 0F       		.byte	15
 1001 03cc 0F       		.byte	15
 1002 03cd 00       		.byte	0
 1003 03ce 04       		.byte	4
 1004 03cf 00       		.byte	0
 1005 03d0 00       		.byte	0
 1006 03d1 00       		.byte	0
 1007 03d2 00       		.byte	0
 1008 03d3 00       		.byte	0
 1009 03d4 00       		.byte	0
 1010 03d5 7F       		.byte	127
 1011 03d6 7F       		.byte	127
 1012 03d7 00       		.byte	0
 1013 03d8 00       		.byte	0
 1014 03d9 00       		.byte	0
 1015 03da 00       		.byte	0
 1016 03db 00       		.byte	0
 1017 03dc 00       		.byte	0
 1018 03dd 00       		.byte	0
 1019 03de 10       		.byte	16
 1020 03df 00       		.byte	0
 1021 03e0 10       		.byte	16
 1022 03e1 00       		.byte	0
 1023 03e2 20       		.byte	32
 1024 03e3 00       		.byte	0
 1025 03e4 00       		.byte	0
 1026 03e5 04       		.byte	4
ARM GAS  C:\Users\urdjt\AppData\Local\Temp\cc8r3Crk.s 			page 19


 1027 03e6 04       		.byte	4
 1028 03e7 00       		.byte	0
 1029 03e8 04       		.byte	4
 1030 03e9 00       		.byte	0
 1031 03ea 00       		.byte	0
 1032 03eb 00       		.byte	0
 1033              		.section	.cywolatch,"a",%progbits
 1034              		.align	2
 1035              		.type	cy_meta_wonvl, %object
 1036              		.size	cy_meta_wonvl, 4
 1037              	cy_meta_wonvl:
 1038 0000 BC       		.byte	-68
 1039 0001 90       		.byte	-112
 1040 0002 AC       		.byte	-84
 1041 0003 AF       		.byte	-81
 1042              		.section	.cycustnvl,"a",%progbits
 1043              		.align	2
 1044              		.type	cy_meta_custnvl, %object
 1045              		.size	cy_meta_custnvl, 4
 1046              	cy_meta_custnvl:
 1047 0000 00       		.byte	0
 1048 0001 00       		.byte	0
 1049 0002 40       		.byte	64
 1050 0003 05       		.byte	5
 1051              		.section	.cymeta,"a",%progbits
 1052              		.align	2
 1053              		.type	cy_metadata, %object
 1054              		.size	cy_metadata, 12
 1055              	cy_metadata:
 1056 0000 00       		.byte	0
 1057 0001 01       		.byte	1
 1058 0002 2E       		.byte	46
 1059 0003 12       		.byte	18
 1060 0004 30       		.byte	48
 1061 0005 69       		.byte	105
 1062 0006 00       		.byte	0
 1063 0007 01       		.byte	1
 1064 0008 00       		.byte	0
 1065 0009 00       		.byte	0
 1066 000a 00       		.byte	0
 1067 000b 00       		.byte	0
 1068              		.section	.cyflashprotect,"a",%progbits
 1069              		.align	2
 1070              		.type	cy_meta_flashprotect, %object
 1071              		.size	cy_meta_flashprotect, 256
 1072              	cy_meta_flashprotect:
 1073 0000 00000000 		.space	256
 1073      00000000 
 1073      00000000 
 1073      00000000 
 1073      00000000 
 1074              		.text
 1075              	.Letext0:
 1076              		.file 1 "c:\\program files (x86)\\cypress\\psoc creator\\4.2\\psoc creator\\import\\gnu\\arm\\5.4.
 1077              		.file 2 "c:\\program files (x86)\\cypress\\psoc creator\\4.2\\psoc creator\\import\\gnu\\arm\\5.4.
 1078              		.file 3 "Generated_Source\\PSoC5\\cymetadata.c"
 1079              		.section	.debug_info,"",%progbits
ARM GAS  C:\Users\urdjt\AppData\Local\Temp\cc8r3Crk.s 			page 20


 1080              	.Ldebug_info0:
 1081 0000 31010000 		.4byte	0x131
 1082 0004 0400     		.2byte	0x4
 1083 0006 00000000 		.4byte	.Ldebug_abbrev0
 1084 000a 04       		.byte	0x4
 1085 000b 01       		.uleb128 0x1
 1086 000c 8D000000 		.4byte	.LASF17
 1087 0010 0C       		.byte	0xc
 1088 0011 E7010000 		.4byte	.LASF18
 1089 0015 0A000000 		.4byte	.LASF19
 1090 0019 00000000 		.4byte	.Ldebug_line0
 1091 001d 02       		.uleb128 0x2
 1092 001e 01       		.byte	0x1
 1093 001f 06       		.byte	0x6
 1094 0020 DB010000 		.4byte	.LASF0
 1095 0024 03       		.uleb128 0x3
 1096 0025 00000000 		.4byte	.LASF9
 1097 0029 01       		.byte	0x1
 1098 002a 1D       		.byte	0x1d
 1099 002b 2F000000 		.4byte	0x2f
 1100 002f 02       		.uleb128 0x2
 1101 0030 01       		.byte	0x1
 1102 0031 08       		.byte	0x8
 1103 0032 7F000000 		.4byte	.LASF1
 1104 0036 02       		.uleb128 0x2
 1105 0037 02       		.byte	0x2
 1106 0038 05       		.byte	0x5
 1107 0039 C8010000 		.4byte	.LASF2
 1108 003d 02       		.uleb128 0x2
 1109 003e 02       		.byte	0x2
 1110 003f 07       		.byte	0x7
 1111 0040 2D010000 		.4byte	.LASF3
 1112 0044 02       		.uleb128 0x2
 1113 0045 04       		.byte	0x4
 1114 0046 05       		.byte	0x5
 1115 0047 D2010000 		.4byte	.LASF4
 1116 004b 02       		.uleb128 0x2
 1117 004c 04       		.byte	0x4
 1118 004d 07       		.byte	0x7
 1119 004e 1B010000 		.4byte	.LASF5
 1120 0052 02       		.uleb128 0x2
 1121 0053 08       		.byte	0x8
 1122 0054 05       		.byte	0x5
 1123 0055 BA010000 		.4byte	.LASF6
 1124 0059 02       		.uleb128 0x2
 1125 005a 08       		.byte	0x8
 1126 005b 07       		.byte	0x7
 1127 005c 6F010000 		.4byte	.LASF7
 1128 0060 04       		.uleb128 0x4
 1129 0061 04       		.byte	0x4
 1130 0062 05       		.byte	0x5
 1131 0063 696E7400 		.ascii	"int\000"
 1132 0067 02       		.uleb128 0x2
 1133 0068 04       		.byte	0x4
 1134 0069 07       		.byte	0x7
 1135 006a 62010000 		.4byte	.LASF8
 1136 006e 03       		.uleb128 0x3
ARM GAS  C:\Users\urdjt\AppData\Local\Temp\cc8r3Crk.s 			page 21


 1137 006f 86010000 		.4byte	.LASF10
 1138 0073 02       		.byte	0x2
 1139 0074 18       		.byte	0x18
 1140 0075 24000000 		.4byte	0x24
 1141 0079 05       		.uleb128 0x5
 1142 007a 91000000 		.4byte	0x91
 1143 007e 8A000000 		.4byte	0x8a
 1144 0082 06       		.uleb128 0x6
 1145 0083 8A000000 		.4byte	0x8a
 1146 0087 EB03     		.2byte	0x3eb
 1147 0089 00       		.byte	0
 1148 008a 02       		.uleb128 0x2
 1149 008b 04       		.byte	0x4
 1150 008c 07       		.byte	0x7
 1151 008d B1010000 		.4byte	.LASF11
 1152 0091 07       		.uleb128 0x7
 1153 0092 6E000000 		.4byte	0x6e
 1154 0096 08       		.uleb128 0x8
 1155 0097 50010000 		.4byte	.LASF12
 1156 009b 03       		.byte	0x3
 1157 009c 1F       		.byte	0x1f
 1158 009d A7000000 		.4byte	0xa7
 1159 00a1 05       		.uleb128 0x5
 1160 00a2 03       		.byte	0x3
 1161 00a3 00000000 		.4byte	cy_meta_configecc
 1162 00a7 07       		.uleb128 0x7
 1163 00a8 79000000 		.4byte	0x79
 1164 00ac 05       		.uleb128 0x5
 1165 00ad 91000000 		.4byte	0x91
 1166 00b1 BC000000 		.4byte	0xbc
 1167 00b5 09       		.uleb128 0x9
 1168 00b6 8A000000 		.4byte	0x8a
 1169 00ba 03       		.byte	0x3
 1170 00bb 00       		.byte	0
 1171 00bc 08       		.uleb128 0x8
 1172 00bd 40010000 		.4byte	.LASF13
 1173 00c1 03       		.byte	0x3
 1174 00c2 AA       		.byte	0xaa
 1175 00c3 CD000000 		.4byte	0xcd
 1176 00c7 05       		.uleb128 0x5
 1177 00c8 03       		.byte	0x3
 1178 00c9 00000000 		.4byte	cy_meta_custnvl
 1179 00cd 07       		.uleb128 0x7
 1180 00ce AC000000 		.4byte	0xac
 1181 00d2 08       		.uleb128 0x8
 1182 00d3 A3010000 		.4byte	.LASF14
 1183 00d7 03       		.byte	0x3
 1184 00d8 B8       		.byte	0xb8
 1185 00d9 E3000000 		.4byte	0xe3
 1186 00dd 05       		.uleb128 0x5
 1187 00de 03       		.byte	0x3
 1188 00df 00000000 		.4byte	cy_meta_wonvl
 1189 00e3 07       		.uleb128 0x7
 1190 00e4 AC000000 		.4byte	0xac
 1191 00e8 05       		.uleb128 0x5
 1192 00e9 91000000 		.4byte	0x91
 1193 00ed F8000000 		.4byte	0xf8
ARM GAS  C:\Users\urdjt\AppData\Local\Temp\cc8r3Crk.s 			page 22


 1194 00f1 09       		.uleb128 0x9
 1195 00f2 8A000000 		.4byte	0x8a
 1196 00f6 FF       		.byte	0xff
 1197 00f7 00       		.byte	0
 1198 00f8 08       		.uleb128 0x8
 1199 00f9 8E010000 		.4byte	.LASF15
 1200 00fd 03       		.byte	0x3
 1201 00fe C6       		.byte	0xc6
 1202 00ff 09010000 		.4byte	0x109
 1203 0103 05       		.uleb128 0x5
 1204 0104 03       		.byte	0x3
 1205 0105 00000000 		.4byte	cy_meta_flashprotect
 1206 0109 07       		.uleb128 0x7
 1207 010a E8000000 		.4byte	0xe8
 1208 010e 05       		.uleb128 0x5
 1209 010f 91000000 		.4byte	0x91
 1210 0113 1E010000 		.4byte	0x11e
 1211 0117 09       		.uleb128 0x9
 1212 0118 8A000000 		.4byte	0x8a
 1213 011c 0B       		.byte	0xb
 1214 011d 00       		.byte	0
 1215 011e 08       		.uleb128 0x8
 1216 011f 73000000 		.4byte	.LASF16
 1217 0123 03       		.byte	0x3
 1218 0124 F3       		.byte	0xf3
 1219 0125 2F010000 		.4byte	0x12f
 1220 0129 05       		.uleb128 0x5
 1221 012a 03       		.byte	0x3
 1222 012b 00000000 		.4byte	cy_metadata
 1223 012f 07       		.uleb128 0x7
 1224 0130 0E010000 		.4byte	0x10e
 1225 0134 00       		.byte	0
 1226              		.section	.debug_abbrev,"",%progbits
 1227              	.Ldebug_abbrev0:
 1228 0000 01       		.uleb128 0x1
 1229 0001 11       		.uleb128 0x11
 1230 0002 01       		.byte	0x1
 1231 0003 25       		.uleb128 0x25
 1232 0004 0E       		.uleb128 0xe
 1233 0005 13       		.uleb128 0x13
 1234 0006 0B       		.uleb128 0xb
 1235 0007 03       		.uleb128 0x3
 1236 0008 0E       		.uleb128 0xe
 1237 0009 1B       		.uleb128 0x1b
 1238 000a 0E       		.uleb128 0xe
 1239 000b 10       		.uleb128 0x10
 1240 000c 17       		.uleb128 0x17
 1241 000d 00       		.byte	0
 1242 000e 00       		.byte	0
 1243 000f 02       		.uleb128 0x2
 1244 0010 24       		.uleb128 0x24
 1245 0011 00       		.byte	0
 1246 0012 0B       		.uleb128 0xb
 1247 0013 0B       		.uleb128 0xb
 1248 0014 3E       		.uleb128 0x3e
 1249 0015 0B       		.uleb128 0xb
 1250 0016 03       		.uleb128 0x3
ARM GAS  C:\Users\urdjt\AppData\Local\Temp\cc8r3Crk.s 			page 23


 1251 0017 0E       		.uleb128 0xe
 1252 0018 00       		.byte	0
 1253 0019 00       		.byte	0
 1254 001a 03       		.uleb128 0x3
 1255 001b 16       		.uleb128 0x16
 1256 001c 00       		.byte	0
 1257 001d 03       		.uleb128 0x3
 1258 001e 0E       		.uleb128 0xe
 1259 001f 3A       		.uleb128 0x3a
 1260 0020 0B       		.uleb128 0xb
 1261 0021 3B       		.uleb128 0x3b
 1262 0022 0B       		.uleb128 0xb
 1263 0023 49       		.uleb128 0x49
 1264 0024 13       		.uleb128 0x13
 1265 0025 00       		.byte	0
 1266 0026 00       		.byte	0
 1267 0027 04       		.uleb128 0x4
 1268 0028 24       		.uleb128 0x24
 1269 0029 00       		.byte	0
 1270 002a 0B       		.uleb128 0xb
 1271 002b 0B       		.uleb128 0xb
 1272 002c 3E       		.uleb128 0x3e
 1273 002d 0B       		.uleb128 0xb
 1274 002e 03       		.uleb128 0x3
 1275 002f 08       		.uleb128 0x8
 1276 0030 00       		.byte	0
 1277 0031 00       		.byte	0
 1278 0032 05       		.uleb128 0x5
 1279 0033 01       		.uleb128 0x1
 1280 0034 01       		.byte	0x1
 1281 0035 49       		.uleb128 0x49
 1282 0036 13       		.uleb128 0x13
 1283 0037 01       		.uleb128 0x1
 1284 0038 13       		.uleb128 0x13
 1285 0039 00       		.byte	0
 1286 003a 00       		.byte	0
 1287 003b 06       		.uleb128 0x6
 1288 003c 21       		.uleb128 0x21
 1289 003d 00       		.byte	0
 1290 003e 49       		.uleb128 0x49
 1291 003f 13       		.uleb128 0x13
 1292 0040 2F       		.uleb128 0x2f
 1293 0041 05       		.uleb128 0x5
 1294 0042 00       		.byte	0
 1295 0043 00       		.byte	0
 1296 0044 07       		.uleb128 0x7
 1297 0045 26       		.uleb128 0x26
 1298 0046 00       		.byte	0
 1299 0047 49       		.uleb128 0x49
 1300 0048 13       		.uleb128 0x13
 1301 0049 00       		.byte	0
 1302 004a 00       		.byte	0
 1303 004b 08       		.uleb128 0x8
 1304 004c 34       		.uleb128 0x34
 1305 004d 00       		.byte	0
 1306 004e 03       		.uleb128 0x3
 1307 004f 0E       		.uleb128 0xe
ARM GAS  C:\Users\urdjt\AppData\Local\Temp\cc8r3Crk.s 			page 24


 1308 0050 3A       		.uleb128 0x3a
 1309 0051 0B       		.uleb128 0xb
 1310 0052 3B       		.uleb128 0x3b
 1311 0053 0B       		.uleb128 0xb
 1312 0054 49       		.uleb128 0x49
 1313 0055 13       		.uleb128 0x13
 1314 0056 3F       		.uleb128 0x3f
 1315 0057 19       		.uleb128 0x19
 1316 0058 02       		.uleb128 0x2
 1317 0059 18       		.uleb128 0x18
 1318 005a 00       		.byte	0
 1319 005b 00       		.byte	0
 1320 005c 09       		.uleb128 0x9
 1321 005d 21       		.uleb128 0x21
 1322 005e 00       		.byte	0
 1323 005f 49       		.uleb128 0x49
 1324 0060 13       		.uleb128 0x13
 1325 0061 2F       		.uleb128 0x2f
 1326 0062 0B       		.uleb128 0xb
 1327 0063 00       		.byte	0
 1328 0064 00       		.byte	0
 1329 0065 00       		.byte	0
 1330              		.section	.debug_aranges,"",%progbits
 1331 0000 14000000 		.4byte	0x14
 1332 0004 0200     		.2byte	0x2
 1333 0006 00000000 		.4byte	.Ldebug_info0
 1334 000a 04       		.byte	0x4
 1335 000b 00       		.byte	0
 1336 000c 0000     		.2byte	0
 1337 000e 0000     		.2byte	0
 1338 0010 00000000 		.4byte	0
 1339 0014 00000000 		.4byte	0
 1340              		.section	.debug_line,"",%progbits
 1341              	.Ldebug_line0:
 1342 0000 3D010000 		.section	.debug_str,"MS",%progbits,1
 1342      02003701 
 1342      00000201 
 1342      FB0E0D00 
 1342      01010101 
 1343              	.LASF9:
 1344 0000 5F5F7569 		.ascii	"__uint8_t\000"
 1344      6E74385F 
 1344      7400
 1345              	.LASF19:
 1346 000a 453A5C50 		.ascii	"E:\\Praktikum adaptive Sensorelektronik\\PSoC Creat"
 1346      72616B74 
 1346      696B756D 
 1346      20616461 
 1346      70746976 
 1347 003b 6F725C56 		.ascii	"or\\Versuch 5\\555_Timer\\Workspace01\\Frequenzaehl"
 1347      65727375 
 1347      63682035 
 1347      5C353535 
 1347      5F54696D 
 1348 006a 65722E63 		.ascii	"er.cydsn\000"
 1348      7964736E 
 1348      00
ARM GAS  C:\Users\urdjt\AppData\Local\Temp\cc8r3Crk.s 			page 25


 1349              	.LASF16:
 1350 0073 63795F6D 		.ascii	"cy_metadata\000"
 1350      65746164 
 1350      61746100 
 1351              	.LASF1:
 1352 007f 756E7369 		.ascii	"unsigned char\000"
 1352      676E6564 
 1352      20636861 
 1352      7200
 1353              	.LASF17:
 1354 008d 474E5520 		.ascii	"GNU C11 5.4.1 20160609 (release) [ARM/embedded-5-br"
 1354      43313120 
 1354      352E342E 
 1354      31203230 
 1354      31363036 
 1355 00c0 616E6368 		.ascii	"anch revision 237715] -mcpu=cortex-m3 -mthumb -g -O"
 1355      20726576 
 1355      6973696F 
 1355      6E203233 
 1355      37373135 
 1356 00f3 67202D66 		.ascii	"g -ffunction-sections -ffat-lto-objects\000"
 1356      66756E63 
 1356      74696F6E 
 1356      2D736563 
 1356      74696F6E 
 1357              	.LASF5:
 1358 011b 6C6F6E67 		.ascii	"long unsigned int\000"
 1358      20756E73 
 1358      69676E65 
 1358      6420696E 
 1358      7400
 1359              	.LASF3:
 1360 012d 73686F72 		.ascii	"short unsigned int\000"
 1360      7420756E 
 1360      7369676E 
 1360      65642069 
 1360      6E7400
 1361              	.LASF13:
 1362 0140 63795F6D 		.ascii	"cy_meta_custnvl\000"
 1362      6574615F 
 1362      63757374 
 1362      6E766C00 
 1363              	.LASF12:
 1364 0150 63795F6D 		.ascii	"cy_meta_configecc\000"
 1364      6574615F 
 1364      636F6E66 
 1364      69676563 
 1364      6300
 1365              	.LASF8:
 1366 0162 756E7369 		.ascii	"unsigned int\000"
 1366      676E6564 
 1366      20696E74 
 1366      00
 1367              	.LASF7:
 1368 016f 6C6F6E67 		.ascii	"long long unsigned int\000"
 1368      206C6F6E 
 1368      6720756E 
ARM GAS  C:\Users\urdjt\AppData\Local\Temp\cc8r3Crk.s 			page 26


 1368      7369676E 
 1368      65642069 
 1369              	.LASF10:
 1370 0186 75696E74 		.ascii	"uint8_t\000"
 1370      385F7400 
 1371              	.LASF15:
 1372 018e 63795F6D 		.ascii	"cy_meta_flashprotect\000"
 1372      6574615F 
 1372      666C6173 
 1372      6870726F 
 1372      74656374 
 1373              	.LASF14:
 1374 01a3 63795F6D 		.ascii	"cy_meta_wonvl\000"
 1374      6574615F 
 1374      776F6E76 
 1374      6C00
 1375              	.LASF11:
 1376 01b1 73697A65 		.ascii	"sizetype\000"
 1376      74797065 
 1376      00
 1377              	.LASF6:
 1378 01ba 6C6F6E67 		.ascii	"long long int\000"
 1378      206C6F6E 
 1378      6720696E 
 1378      7400
 1379              	.LASF2:
 1380 01c8 73686F72 		.ascii	"short int\000"
 1380      7420696E 
 1380      7400
 1381              	.LASF4:
 1382 01d2 6C6F6E67 		.ascii	"long int\000"
 1382      20696E74 
 1382      00
 1383              	.LASF0:
 1384 01db 7369676E 		.ascii	"signed char\000"
 1384      65642063 
 1384      68617200 
 1385              	.LASF18:
 1386 01e7 47656E65 		.ascii	"Generated_Source\\PSoC5\\cymetadata.c\000"
 1386      72617465 
 1386      645F536F 
 1386      75726365 
 1386      5C50536F 
 1387              		.ident	"GCC: (GNU Tools for ARM Embedded Processors) 5.4.1 20160609 (release) [ARM/embedded-5-bran
