ARM GAS  C:\Users\urdjt\AppData\Local\Temp\ccvGC0Nc.s 			page 1


   1              		.syntax unified
   2              		.cpu cortex-m3
   3              		.fpu softvfp
   4              		.eabi_attribute 20, 1
   5              		.eabi_attribute 21, 1
   6              		.eabi_attribute 23, 3
   7              		.eabi_attribute 24, 1
   8              		.eabi_attribute 25, 1
   9              		.eabi_attribute 26, 1
  10              		.eabi_attribute 30, 1
  11              		.eabi_attribute 34, 1
  12              		.eabi_attribute 18, 4
  13              		.thumb
  14              		.syntax unified
  15              		.file	"cymetadata.c"
  16              		.text
  17              	.Ltext0:
  18              		.cfi_sections	.debug_frame
  19              		.global	cy_metadata
  20              		.global	cy_meta_flashprotect
  21              		.global	cy_meta_wonvl
  22              		.global	cy_meta_custnvl
  23              		.global	cy_meta_configecc
  24              		.section	.cyconfigecc,"a",%progbits
  25              		.align	2
  26              		.type	cy_meta_configecc, %object
  27              		.size	cy_meta_configecc, 1024
  28              	cy_meta_configecc:
  29 0000 03       		.byte	3
  30 0001 52       		.byte	82
  31 0002 00       		.byte	0
  32 0003 40       		.byte	64
  33 0004 01       		.byte	1
  34 0005 64       		.byte	100
  35 0006 00       		.byte	0
  36 0007 40       		.byte	64
  37 0008 02       		.byte	2
  38 0009 65       		.byte	101
  39 000a 00       		.byte	0
  40 000b 40       		.byte	64
  41 000c 58       		.byte	88
  42 000d 08       		.byte	8
  43 000e 01       		.byte	1
  44 000f 40       		.byte	64
  45 0010 2F       		.byte	47
  46 0011 09       		.byte	9
  47 0012 01       		.byte	1
  48 0013 40       		.byte	64
  49 0014 02       		.byte	2
  50 0015 15       		.byte	21
  51 0016 01       		.byte	1
  52 0017 40       		.byte	64
  53 0018 4A       		.byte	74
  54 0019 16       		.byte	22
  55 001a 01       		.byte	1
  56 001b 40       		.byte	64
  57 001c 22       		.byte	34
ARM GAS  C:\Users\urdjt\AppData\Local\Temp\ccvGC0Nc.s 			page 2


  58 001d 17       		.byte	23
  59 001e 01       		.byte	1
  60 001f 40       		.byte	64
  61 0020 2F       		.byte	47
  62 0021 18       		.byte	24
  63 0022 01       		.byte	1
  64 0023 40       		.byte	64
  65 0024 09       		.byte	9
  66 0025 19       		.byte	25
  67 0026 01       		.byte	1
  68 0027 40       		.byte	64
  69 0028 45       		.byte	69
  70 0029 1A       		.byte	26
  71 002a 01       		.byte	1
  72 002b 40       		.byte	64
  73 002c 29       		.byte	41
  74 002d 1B       		.byte	27
  75 002e 01       		.byte	1
  76 002f 40       		.byte	64
  77 0030 04       		.byte	4
  78 0031 40       		.byte	64
  79 0032 01       		.byte	1
  80 0033 40       		.byte	64
  81 0034 02       		.byte	2
  82 0035 41       		.byte	65
  83 0036 01       		.byte	1
  84 0037 40       		.byte	64
  85 0038 02       		.byte	2
  86 0039 42       		.byte	66
  87 003a 01       		.byte	1
  88 003b 40       		.byte	64
  89 003c 02       		.byte	2
  90 003d 43       		.byte	67
  91 003e 01       		.byte	1
  92 003f 40       		.byte	64
  93 0040 04       		.byte	4
  94 0041 48       		.byte	72
  95 0042 01       		.byte	1
  96 0043 40       		.byte	64
  97 0044 02       		.byte	2
  98 0045 49       		.byte	73
  99 0046 01       		.byte	1
 100 0047 40       		.byte	64
 101 0048 07       		.byte	7
 102 0049 4C       		.byte	76
 103 004a 01       		.byte	1
 104 004b 40       		.byte	64
 105 004c 01       		.byte	1
 106 004d 4D       		.byte	77
 107 004e 01       		.byte	1
 108 004f 40       		.byte	64
 109 0050 05       		.byte	5
 110 0051 50       		.byte	80
 111 0052 01       		.byte	1
 112 0053 40       		.byte	64
 113 0054 01       		.byte	1
 114 0055 51       		.byte	81
ARM GAS  C:\Users\urdjt\AppData\Local\Temp\ccvGC0Nc.s 			page 3


 115 0056 01       		.byte	1
 116 0057 40       		.byte	64
 117 0058 08       		.byte	8
 118 0059 04       		.byte	4
 119 005a 09       		.byte	9
 120 005b 04       		.byte	4
 121 005c 21       		.byte	33
 122 005d 04       		.byte	4
 123 005e 88       		.byte	-120
 124 005f 0F       		.byte	15
 125 0060 87       		.byte	-121
 126 0061 0D       		.byte	13
 127 0062 8B       		.byte	-117
 128 0063 67       		.byte	103
 129 0064 02       		.byte	2
 130 0065 0C       		.byte	12
 131 0066 05       		.byte	5
 132 0067 80       		.byte	-128
 133 0068 06       		.byte	6
 134 0069 33       		.byte	51
 135 006a 07       		.byte	7
 136 006b 15       		.byte	21
 137 006c 0A       		.byte	10
 138 006d 08       		.byte	8
 139 006e 14       		.byte	20
 140 006f 4C       		.byte	76
 141 0070 15       		.byte	21
 142 0071 43       		.byte	67
 143 0072 16       		.byte	22
 144 0073 13       		.byte	19
 145 0074 17       		.byte	23
 146 0075 34       		.byte	52
 147 0076 19       		.byte	25
 148 0077 43       		.byte	67
 149 0078 1B       		.byte	27
 150 0079 1C       		.byte	28
 151 007a 1E       		.byte	30
 152 007b 10       		.byte	16
 153 007c 1F       		.byte	31
 154 007d 28       		.byte	40
 155 007e 20       		.byte	32
 156 007f 80       		.byte	-128
 157 0080 21       		.byte	33
 158 0081 03       		.byte	3
 159 0082 23       		.byte	35
 160 0083 04       		.byte	4
 161 0084 24       		.byte	36
 162 0085 71       		.byte	113
 163 0086 26       		.byte	38
 164 0087 0E       		.byte	14
 165 0088 27       		.byte	39
 166 0089 20       		.byte	32
 167 008a 28       		.byte	40
 168 008b 71       		.byte	113
 169 008c 29       		.byte	41
 170 008d 2A       		.byte	42
 171 008e 2A       		.byte	42
ARM GAS  C:\Users\urdjt\AppData\Local\Temp\ccvGC0Nc.s 			page 4


 172 008f 06       		.byte	6
 173 0090 2B       		.byte	43
 174 0091 54       		.byte	84
 175 0092 30       		.byte	48
 176 0093 60       		.byte	96
 177 0094 31       		.byte	49
 178 0095 C0       		.byte	-64
 179 0096 32       		.byte	50
 180 0097 0F       		.byte	15
 181 0098 33       		.byte	51
 182 0099 0F       		.byte	15
 183 009a 34       		.byte	52
 184 009b 80       		.byte	-128
 185 009c 35       		.byte	53
 186 009d 38       		.byte	56
 187 009e 36       		.byte	54
 188 009f 10       		.byte	16
 189 00a0 38       		.byte	56
 190 00a1 02       		.byte	2
 191 00a2 39       		.byte	57
 192 00a3 02       		.byte	2
 193 00a4 3A       		.byte	58
 194 00a5 08       		.byte	8
 195 00a6 3B       		.byte	59
 196 00a7 28       		.byte	40
 197 00a8 3E       		.byte	62
 198 00a9 51       		.byte	81
 199 00aa 40       		.byte	64
 200 00ab 26       		.byte	38
 201 00ac 41       		.byte	65
 202 00ad 03       		.byte	3
 203 00ae 46       		.byte	70
 204 00af BE       		.byte	-66
 205 00b0 47       		.byte	71
 206 00b1 C0       		.byte	-64
 207 00b2 48       		.byte	72
 208 00b3 2C       		.byte	44
 209 00b4 49       		.byte	73
 210 00b5 FF       		.byte	-1
 211 00b6 4A       		.byte	74
 212 00b7 FF       		.byte	-1
 213 00b8 4B       		.byte	75
 214 00b9 FF       		.byte	-1
 215 00ba 4E       		.byte	78
 216 00bb F0       		.byte	-16
 217 00bc 4F       		.byte	79
 218 00bd 44       		.byte	68
 219 00be 50       		.byte	80
 220 00bf 0C       		.byte	12
 221 00c0 54       		.byte	84
 222 00c1 01       		.byte	1
 223 00c2 58       		.byte	88
 224 00c3 04       		.byte	4
 225 00c4 59       		.byte	89
 226 00c5 04       		.byte	4
 227 00c6 5A       		.byte	90
 228 00c7 04       		.byte	4
ARM GAS  C:\Users\urdjt\AppData\Local\Temp\ccvGC0Nc.s 			page 5


 229 00c8 5B       		.byte	91
 230 00c9 04       		.byte	4
 231 00ca 5F       		.byte	95
 232 00cb 01       		.byte	1
 233 00cc 66       		.byte	102
 234 00cd C0       		.byte	-64
 235 00ce 6A       		.byte	106
 236 00cf 40       		.byte	64
 237 00d0 6B       		.byte	107
 238 00d1 02       		.byte	2
 239 00d2 80       		.byte	-128
 240 00d3 09       		.byte	9
 241 00d4 82       		.byte	-126
 242 00d5 10       		.byte	16
 243 00d6 84       		.byte	-124
 244 00d7 10       		.byte	16
 245 00d8 8A       		.byte	-118
 246 00d9 03       		.byte	3
 247 00da 94       		.byte	-108
 248 00db 1C       		.byte	28
 249 00dc 96       		.byte	-106
 250 00dd 02       		.byte	2
 251 00de 98       		.byte	-104
 252 00df 14       		.byte	20
 253 00e0 A4       		.byte	-92
 254 00e1 0C       		.byte	12
 255 00e2 A5       		.byte	-91
 256 00e3 01       		.byte	1
 257 00e4 A6       		.byte	-90
 258 00e5 11       		.byte	17
 259 00e6 A8       		.byte	-88
 260 00e7 10       		.byte	16
 261 00e8 AA       		.byte	-86
 262 00e9 0C       		.byte	12
 263 00ea B2       		.byte	-78
 264 00eb 1F       		.byte	31
 265 00ec B7       		.byte	-73
 266 00ed 01       		.byte	1
 267 00ee BF       		.byte	-65
 268 00ef 40       		.byte	64
 269 00f0 C0       		.byte	-64
 270 00f1 04       		.byte	4
 271 00f2 C6       		.byte	-58
 272 00f3 40       		.byte	64
 273 00f4 C9       		.byte	-55
 274 00f5 FF       		.byte	-1
 275 00f6 CA       		.byte	-54
 276 00f7 07       		.byte	7
 277 00f8 CB       		.byte	-53
 278 00f9 FF       		.byte	-1
 279 00fa CC       		.byte	-52
 280 00fb 40       		.byte	64
 281 00fc CD       		.byte	-51
 282 00fd 20       		.byte	32
 283 00fe CE       		.byte	-50
 284 00ff F0       		.byte	-16
 285 0100 CF       		.byte	-49
ARM GAS  C:\Users\urdjt\AppData\Local\Temp\ccvGC0Nc.s 			page 6


 286 0101 05       		.byte	5
 287 0102 D0       		.byte	-48
 288 0103 08       		.byte	8
 289 0104 D8       		.byte	-40
 290 0105 04       		.byte	4
 291 0106 D9       		.byte	-39
 292 0107 04       		.byte	4
 293 0108 DA       		.byte	-38
 294 0109 04       		.byte	4
 295 010a DF       		.byte	-33
 296 010b 01       		.byte	1
 297 010c E0       		.byte	-32
 298 010d 40       		.byte	64
 299 010e E1       		.byte	-31
 300 010f A8       		.byte	-88
 301 0110 E2       		.byte	-30
 302 0111 40       		.byte	64
 303 0112 E3       		.byte	-29
 304 0113 20       		.byte	32
 305 0114 00       		.byte	0
 306 0115 10       		.byte	16
 307 0116 03       		.byte	3
 308 0117 60       		.byte	96
 309 0118 04       		.byte	4
 310 0119 20       		.byte	32
 311 011a 05       		.byte	5
 312 011b 04       		.byte	4
 313 011c 07       		.byte	7
 314 011d 40       		.byte	64
 315 011e 09       		.byte	9
 316 011f 18       		.byte	24
 317 0120 0E       		.byte	14
 318 0121 20       		.byte	32
 319 0122 0F       		.byte	15
 320 0123 02       		.byte	2
 321 0124 13       		.byte	19
 322 0125 28       		.byte	40
 323 0126 16       		.byte	22
 324 0127 80       		.byte	-128
 325 0128 17       		.byte	23
 326 0129 2A       		.byte	42
 327 012a 18       		.byte	24
 328 012b 10       		.byte	16
 329 012c 19       		.byte	25
 330 012d 08       		.byte	8
 331 012e 1C       		.byte	28
 332 012f 40       		.byte	64
 333 0130 1D       		.byte	29
 334 0131 08       		.byte	8
 335 0132 1E       		.byte	30
 336 0133 28       		.byte	40
 337 0134 1F       		.byte	31
 338 0135 48       		.byte	72
 339 0136 20       		.byte	32
 340 0137 01       		.byte	1
 341 0138 27       		.byte	39
 342 0139 68       		.byte	104
ARM GAS  C:\Users\urdjt\AppData\Local\Temp\ccvGC0Nc.s 			page 7


 343 013a 29       		.byte	41
 344 013b 08       		.byte	8
 345 013c 2E       		.byte	46
 346 013d 02       		.byte	2
 347 013e 2F       		.byte	47
 348 013f 28       		.byte	40
 349 0140 37       		.byte	55
 350 0141 68       		.byte	104
 351 0142 3F       		.byte	63
 352 0143 04       		.byte	4
 353 0144 40       		.byte	64
 354 0145 40       		.byte	64
 355 0146 47       		.byte	71
 356 0147 28       		.byte	40
 357 0148 49       		.byte	73
 358 0149 04       		.byte	4
 359 014a 4B       		.byte	75
 360 014b C4       		.byte	-60
 361 014c 4E       		.byte	78
 362 014d 08       		.byte	8
 363 014e 50       		.byte	80
 364 014f 10       		.byte	16
 365 0150 52       		.byte	82
 366 0151 08       		.byte	8
 367 0152 53       		.byte	83
 368 0153 20       		.byte	32
 369 0154 55       		.byte	85
 370 0155 10       		.byte	16
 371 0156 56       		.byte	86
 372 0157 82       		.byte	-126
 373 0158 57       		.byte	87
 374 0159 01       		.byte	1
 375 015a 5C       		.byte	92
 376 015b 20       		.byte	32
 377 015c 5E       		.byte	94
 378 015d 08       		.byte	8
 379 015e 5F       		.byte	95
 380 015f 42       		.byte	66
 381 0160 C0       		.byte	-64
 382 0161 7E       		.byte	126
 383 0162 C2       		.byte	-62
 384 0163 A6       		.byte	-90
 385 0164 C4       		.byte	-60
 386 0165 76       		.byte	118
 387 0166 CA       		.byte	-54
 388 0167 E2       		.byte	-30
 389 0168 CC       		.byte	-52
 390 0169 70       		.byte	112
 391 016a CE       		.byte	-50
 392 016b 40       		.byte	64
 393 016c D0       		.byte	-48
 394 016d 61       		.byte	97
 395 016e D2       		.byte	-46
 396 016f 20       		.byte	32
 397 0170 D6       		.byte	-42
 398 0171 F0       		.byte	-16
 399 0172 B4       		.byte	-76
ARM GAS  C:\Users\urdjt\AppData\Local\Temp\ccvGC0Nc.s 			page 8


 400 0173 01       		.byte	1
 401 0174 EE       		.byte	-18
 402 0175 08       		.byte	8
 403 0176 2E       		.byte	46
 404 0177 01       		.byte	1
 405 0178 30       		.byte	48
 406 0179 01       		.byte	1
 407 017a 36       		.byte	54
 408 017b 01       		.byte	1
 409 017c 40       		.byte	64
 410 017d 10       		.byte	16
 411 017e 41       		.byte	65
 412 017f 06       		.byte	6
 413 0180 49       		.byte	73
 414 0181 FF       		.byte	-1
 415 0182 4A       		.byte	74
 416 0183 FF       		.byte	-1
 417 0184 4B       		.byte	75
 418 0185 FF       		.byte	-1
 419 0186 4D       		.byte	77
 420 0187 A0       		.byte	-96
 421 0188 4F       		.byte	79
 422 0189 04       		.byte	4
 423 018a 50       		.byte	80
 424 018b 18       		.byte	24
 425 018c 52       		.byte	82
 426 018d 80       		.byte	-128
 427 018e 58       		.byte	88
 428 018f 04       		.byte	4
 429 0190 5A       		.byte	90
 430 0191 04       		.byte	4
 431 0192 5B       		.byte	91
 432 0193 04       		.byte	4
 433 0194 5C       		.byte	92
 434 0195 01       		.byte	1
 435 0196 5D       		.byte	93
 436 0197 11       		.byte	17
 437 0198 5F       		.byte	95
 438 0199 01       		.byte	1
 439 019a 60       		.byte	96
 440 019b 40       		.byte	64
 441 019c 62       		.byte	98
 442 019d C0       		.byte	-64
 443 019e 64       		.byte	100
 444 019f 40       		.byte	64
 445 01a0 65       		.byte	101
 446 01a1 40       		.byte	64
 447 01a2 66       		.byte	102
 448 01a3 C0       		.byte	-64
 449 01a4 68       		.byte	104
 450 01a5 C0       		.byte	-64
 451 01a6 6A       		.byte	106
 452 01a7 C0       		.byte	-64
 453 01a8 6C       		.byte	108
 454 01a9 C0       		.byte	-64
 455 01aa 6E       		.byte	110
 456 01ab C0       		.byte	-64
ARM GAS  C:\Users\urdjt\AppData\Local\Temp\ccvGC0Nc.s 			page 9


 457 01ac 82       		.byte	-126
 458 01ad 03       		.byte	3
 459 01ae 92       		.byte	-110
 460 01af 01       		.byte	1
 461 01b0 97       		.byte	-105
 462 01b1 02       		.byte	2
 463 01b2 98       		.byte	-104
 464 01b3 01       		.byte	1
 465 01b4 9B       		.byte	-101
 466 01b5 01       		.byte	1
 467 01b6 9E       		.byte	-98
 468 01b7 04       		.byte	4
 469 01b8 A5       		.byte	-91
 470 01b9 01       		.byte	1
 471 01ba A6       		.byte	-90
 472 01bb 0C       		.byte	12
 473 01bc AF       		.byte	-81
 474 01bd 02       		.byte	2
 475 01be B0       		.byte	-80
 476 01bf 04       		.byte	4
 477 01c0 B2       		.byte	-78
 478 01c1 08       		.byte	8
 479 01c2 B3       		.byte	-77
 480 01c3 02       		.byte	2
 481 01c4 B4       		.byte	-76
 482 01c5 02       		.byte	2
 483 01c6 B6       		.byte	-74
 484 01c7 01       		.byte	1
 485 01c8 B7       		.byte	-73
 486 01c9 01       		.byte	1
 487 01ca BE       		.byte	-66
 488 01cb 40       		.byte	64
 489 01cc BF       		.byte	-65
 490 01cd 04       		.byte	4
 491 01ce C0       		.byte	-64
 492 01cf 40       		.byte	64
 493 01d0 C1       		.byte	-63
 494 01d1 06       		.byte	6
 495 01d2 C5       		.byte	-59
 496 01d3 D1       		.byte	-47
 497 01d4 C7       		.byte	-57
 498 01d5 02       		.byte	2
 499 01d6 C8       		.byte	-56
 500 01d7 13       		.byte	19
 501 01d8 C9       		.byte	-55
 502 01d9 FF       		.byte	-1
 503 01da CA       		.byte	-54
 504 01db FF       		.byte	-1
 505 01dc CB       		.byte	-53
 506 01dd FF       		.byte	-1
 507 01de CD       		.byte	-51
 508 01df AF       		.byte	-81
 509 01e0 CE       		.byte	-50
 510 01e1 0F       		.byte	15
 511 01e2 CF       		.byte	-49
 512 01e3 04       		.byte	4
 513 01e4 D0       		.byte	-48
ARM GAS  C:\Users\urdjt\AppData\Local\Temp\ccvGC0Nc.s 			page 10


 514 01e5 18       		.byte	24
 515 01e6 D2       		.byte	-46
 516 01e7 80       		.byte	-128
 517 01e8 D4       		.byte	-44
 518 01e9 05       		.byte	5
 519 01ea D8       		.byte	-40
 520 01eb 04       		.byte	4
 521 01ec D9       		.byte	-39
 522 01ed 04       		.byte	4
 523 01ee DA       		.byte	-38
 524 01ef 04       		.byte	4
 525 01f0 DB       		.byte	-37
 526 01f1 04       		.byte	4
 527 01f2 DC       		.byte	-36
 528 01f3 11       		.byte	17
 529 01f4 DD       		.byte	-35
 530 01f5 11       		.byte	17
 531 01f6 DF       		.byte	-33
 532 01f7 01       		.byte	1
 533 01f8 E0       		.byte	-32
 534 01f9 40       		.byte	64
 535 01fa E2       		.byte	-30
 536 01fb C0       		.byte	-64
 537 01fc E4       		.byte	-28
 538 01fd 40       		.byte	64
 539 01fe E5       		.byte	-27
 540 01ff 40       		.byte	64
 541 0200 E6       		.byte	-26
 542 0201 C0       		.byte	-64
 543 0202 E8       		.byte	-24
 544 0203 C0       		.byte	-64
 545 0204 EA       		.byte	-22
 546 0205 C0       		.byte	-64
 547 0206 EC       		.byte	-20
 548 0207 C0       		.byte	-64
 549 0208 EE       		.byte	-18
 550 0209 C0       		.byte	-64
 551 020a 01       		.byte	1
 552 020b 02       		.byte	2
 553 020c 09       		.byte	9
 554 020d 82       		.byte	-126
 555 020e 0A       		.byte	10
 556 020f 04       		.byte	4
 557 0210 10       		.byte	16
 558 0211 20       		.byte	32
 559 0212 17       		.byte	23
 560 0213 80       		.byte	-128
 561 0214 18       		.byte	24
 562 0215 01       		.byte	1
 563 0216 19       		.byte	25
 564 0217 06       		.byte	6
 565 0218 1A       		.byte	26
 566 0219 04       		.byte	4
 567 021a 1C       		.byte	28
 568 021b 40       		.byte	64
 569 021c 1D       		.byte	29
 570 021d C0       		.byte	-64
ARM GAS  C:\Users\urdjt\AppData\Local\Temp\ccvGC0Nc.s 			page 11


 571 021e 22       		.byte	34
 572 021f 44       		.byte	68
 573 0220 29       		.byte	41
 574 0221 44       		.byte	68
 575 0222 30       		.byte	48
 576 0223 20       		.byte	32
 577 0224 32       		.byte	50
 578 0225 08       		.byte	8
 579 0226 40       		.byte	64
 580 0227 40       		.byte	64
 581 0228 45       		.byte	69
 582 0229 80       		.byte	-128
 583 022a 48       		.byte	72
 584 022b 20       		.byte	32
 585 022c 49       		.byte	73
 586 022d 01       		.byte	1
 587 022e 4A       		.byte	74
 588 022f 08       		.byte	8
 589 0230 4E       		.byte	78
 590 0231 08       		.byte	8
 591 0232 52       		.byte	82
 592 0233 08       		.byte	8
 593 0234 59       		.byte	89
 594 0235 01       		.byte	1
 595 0236 5A       		.byte	90
 596 0237 88       		.byte	-120
 597 0238 71       		.byte	113
 598 0239 02       		.byte	2
 599 023a 77       		.byte	119
 600 023b 80       		.byte	-128
 601 023c 85       		.byte	-123
 602 023d 02       		.byte	2
 603 023e C0       		.byte	-64
 604 023f 08       		.byte	8
 605 0240 C2       		.byte	-62
 606 0241 0B       		.byte	11
 607 0242 C4       		.byte	-60
 608 0243 84       		.byte	-124
 609 0244 CA       		.byte	-54
 610 0245 0A       		.byte	10
 611 0246 CC       		.byte	-52
 612 0247 06       		.byte	6
 613 0248 D0       		.byte	-48
 614 0249 11       		.byte	17
 615 024a D2       		.byte	-46
 616 024b 24       		.byte	36
 617 024c D6       		.byte	-42
 618 024d 0B       		.byte	11
 619 024e 40       		.byte	64
 620 024f 24       		.byte	36
 621 0250 41       		.byte	65
 622 0251 01       		.byte	1
 623 0252 49       		.byte	73
 624 0253 FF       		.byte	-1
 625 0254 4A       		.byte	74
 626 0255 FF       		.byte	-1
 627 0256 4B       		.byte	75
ARM GAS  C:\Users\urdjt\AppData\Local\Temp\ccvGC0Nc.s 			page 12


 628 0257 FF       		.byte	-1
 629 0258 4D       		.byte	77
 630 0259 A0       		.byte	-96
 631 025a 4F       		.byte	79
 632 025b 01       		.byte	1
 633 025c 50       		.byte	80
 634 025d 18       		.byte	24
 635 025e 5A       		.byte	90
 636 025f 04       		.byte	4
 637 0260 5D       		.byte	93
 638 0261 01       		.byte	1
 639 0262 5F       		.byte	95
 640 0263 01       		.byte	1
 641 0264 60       		.byte	96
 642 0265 40       		.byte	64
 643 0266 62       		.byte	98
 644 0267 80       		.byte	-128
 645 0268 64       		.byte	100
 646 0269 40       		.byte	64
 647 026a 65       		.byte	101
 648 026b 40       		.byte	64
 649 026c 66       		.byte	102
 650 026d 80       		.byte	-128
 651 026e 68       		.byte	104
 652 026f 40       		.byte	64
 653 0270 6A       		.byte	106
 654 0271 50       		.byte	80
 655 0272 6B       		.byte	107
 656 0273 A8       		.byte	-88
 657 0274 6C       		.byte	108
 658 0275 40       		.byte	64
 659 0276 6D       		.byte	109
 660 0277 20       		.byte	32
 661 0278 6E       		.byte	110
 662 0279 50       		.byte	80
 663 027a 6F       		.byte	111
 664 027b A8       		.byte	-88
 665 027c C0       		.byte	-64
 666 027d 45       		.byte	69
 667 027e C1       		.byte	-63
 668 027f 01       		.byte	1
 669 0280 C9       		.byte	-55
 670 0281 FF       		.byte	-1
 671 0282 CA       		.byte	-54
 672 0283 FF       		.byte	-1
 673 0284 CB       		.byte	-53
 674 0285 FF       		.byte	-1
 675 0286 CD       		.byte	-51
 676 0287 AF       		.byte	-81
 677 0288 CE       		.byte	-50
 678 0289 07       		.byte	7
 679 028a CF       		.byte	-49
 680 028b 01       		.byte	1
 681 028c D0       		.byte	-48
 682 028d 18       		.byte	24
 683 028e DA       		.byte	-38
 684 028f 04       		.byte	4
ARM GAS  C:\Users\urdjt\AppData\Local\Temp\ccvGC0Nc.s 			page 13


 685 0290 DD       		.byte	-35
 686 0291 01       		.byte	1
 687 0292 DF       		.byte	-33
 688 0293 01       		.byte	1
 689 0294 E0       		.byte	-32
 690 0295 40       		.byte	64
 691 0296 E2       		.byte	-30
 692 0297 80       		.byte	-128
 693 0298 E4       		.byte	-28
 694 0299 40       		.byte	64
 695 029a E5       		.byte	-27
 696 029b 40       		.byte	64
 697 029c E6       		.byte	-26
 698 029d 80       		.byte	-128
 699 029e E8       		.byte	-24
 700 029f 40       		.byte	64
 701 02a0 EA       		.byte	-22
 702 02a1 50       		.byte	80
 703 02a2 EB       		.byte	-21
 704 02a3 A8       		.byte	-88
 705 02a4 EC       		.byte	-20
 706 02a5 40       		.byte	64
 707 02a6 ED       		.byte	-19
 708 02a7 20       		.byte	32
 709 02a8 EE       		.byte	-18
 710 02a9 50       		.byte	80
 711 02aa EF       		.byte	-17
 712 02ab A8       		.byte	-88
 713 02ac 41       		.byte	65
 714 02ad 82       		.byte	-126
 715 02ae 45       		.byte	69
 716 02af 81       		.byte	-127
 717 02b0 47       		.byte	71
 718 02b1 20       		.byte	32
 719 02b2 48       		.byte	72
 720 02b3 02       		.byte	2
 721 02b4 A8       		.byte	-88
 722 02b5 20       		.byte	32
 723 02b6 AA       		.byte	-86
 724 02b7 02       		.byte	2
 725 02b8 B4       		.byte	-76
 726 02b9 01       		.byte	1
 727 02ba D0       		.byte	-48
 728 02bb B9       		.byte	-71
 729 02bc D2       		.byte	-46
 730 02bd 08       		.byte	8
 731 02be 40       		.byte	64
 732 02bf 65       		.byte	101
 733 02c0 41       		.byte	65
 734 02c1 01       		.byte	1
 735 02c2 49       		.byte	73
 736 02c3 FF       		.byte	-1
 737 02c4 4A       		.byte	74
 738 02c5 FF       		.byte	-1
 739 02c6 4B       		.byte	75
 740 02c7 FF       		.byte	-1
 741 02c8 4D       		.byte	77
ARM GAS  C:\Users\urdjt\AppData\Local\Temp\ccvGC0Nc.s 			page 14


 742 02c9 AF       		.byte	-81
 743 02ca 4E       		.byte	78
 744 02cb 07       		.byte	7
 745 02cc 4F       		.byte	79
 746 02cd 01       		.byte	1
 747 02ce 50       		.byte	80
 748 02cf 18       		.byte	24
 749 02d0 5A       		.byte	90
 750 02d1 04       		.byte	4
 751 02d2 5D       		.byte	93
 752 02d3 01       		.byte	1
 753 02d4 5F       		.byte	95
 754 02d5 01       		.byte	1
 755 02d6 60       		.byte	96
 756 02d7 40       		.byte	64
 757 02d8 62       		.byte	98
 758 02d9 80       		.byte	-128
 759 02da 64       		.byte	100
 760 02db 40       		.byte	64
 761 02dc 65       		.byte	101
 762 02dd 40       		.byte	64
 763 02de 66       		.byte	102
 764 02df 80       		.byte	-128
 765 02e0 68       		.byte	104
 766 02e1 40       		.byte	64
 767 02e2 6A       		.byte	106
 768 02e3 50       		.byte	80
 769 02e4 6B       		.byte	107
 770 02e5 A8       		.byte	-88
 771 02e6 6C       		.byte	108
 772 02e7 40       		.byte	64
 773 02e8 6D       		.byte	109
 774 02e9 20       		.byte	32
 775 02ea 6E       		.byte	110
 776 02eb 50       		.byte	80
 777 02ec 6F       		.byte	111
 778 02ed A8       		.byte	-88
 779 02ee 83       		.byte	-125
 780 02ef 01       		.byte	1
 781 02f0 94       		.byte	-108
 782 02f1 01       		.byte	1
 783 02f2 9E       		.byte	-98
 784 02f3 02       		.byte	2
 785 02f4 A5       		.byte	-91
 786 02f5 01       		.byte	1
 787 02f6 AE       		.byte	-82
 788 02f7 05       		.byte	5
 789 02f8 B0       		.byte	-80
 790 02f9 01       		.byte	1
 791 02fa B1       		.byte	-79
 792 02fb 01       		.byte	1
 793 02fc B2       		.byte	-78
 794 02fd 04       		.byte	4
 795 02fe B4       		.byte	-76
 796 02ff 02       		.byte	2
 797 0300 B8       		.byte	-72
 798 0301 80       		.byte	-128
ARM GAS  C:\Users\urdjt\AppData\Local\Temp\ccvGC0Nc.s 			page 15


 799 0302 BE       		.byte	-66
 800 0303 41       		.byte	65
 801 0304 BF       		.byte	-65
 802 0305 01       		.byte	1
 803 0306 C0       		.byte	-64
 804 0307 64       		.byte	100
 805 0308 C1       		.byte	-63
 806 0309 01       		.byte	1
 807 030a C5       		.byte	-59
 808 030b 5C       		.byte	92
 809 030c C6       		.byte	-58
 810 030d 20       		.byte	32
 811 030e C7       		.byte	-57
 812 030f 0E       		.byte	14
 813 0310 C8       		.byte	-56
 814 0311 3B       		.byte	59
 815 0312 C9       		.byte	-55
 816 0313 FF       		.byte	-1
 817 0314 CA       		.byte	-54
 818 0315 FF       		.byte	-1
 819 0316 CB       		.byte	-53
 820 0317 FF       		.byte	-1
 821 0318 CD       		.byte	-51
 822 0319 AF       		.byte	-81
 823 031a CE       		.byte	-50
 824 031b 07       		.byte	7
 825 031c CF       		.byte	-49
 826 031d 01       		.byte	1
 827 031e D0       		.byte	-48
 828 031f 18       		.byte	24
 829 0320 D4       		.byte	-44
 830 0321 07       		.byte	7
 831 0322 D8       		.byte	-40
 832 0323 04       		.byte	4
 833 0324 D9       		.byte	-39
 834 0325 04       		.byte	4
 835 0326 DA       		.byte	-38
 836 0327 04       		.byte	4
 837 0328 DB       		.byte	-37
 838 0329 04       		.byte	4
 839 032a DC       		.byte	-36
 840 032b 01       		.byte	1
 841 032c DD       		.byte	-35
 842 032d 11       		.byte	17
 843 032e DF       		.byte	-33
 844 032f 01       		.byte	1
 845 0330 E0       		.byte	-32
 846 0331 40       		.byte	64
 847 0332 E2       		.byte	-30
 848 0333 80       		.byte	-128
 849 0334 E4       		.byte	-28
 850 0335 40       		.byte	64
 851 0336 E5       		.byte	-27
 852 0337 40       		.byte	64
 853 0338 E6       		.byte	-26
 854 0339 80       		.byte	-128
 855 033a E8       		.byte	-24
ARM GAS  C:\Users\urdjt\AppData\Local\Temp\ccvGC0Nc.s 			page 16


 856 033b 40       		.byte	64
 857 033c EA       		.byte	-22
 858 033d 50       		.byte	80
 859 033e EB       		.byte	-21
 860 033f A8       		.byte	-88
 861 0340 EC       		.byte	-20
 862 0341 40       		.byte	64
 863 0342 ED       		.byte	-19
 864 0343 20       		.byte	32
 865 0344 EE       		.byte	-18
 866 0345 50       		.byte	80
 867 0346 EF       		.byte	-17
 868 0347 A8       		.byte	-88
 869 0348 0E       		.byte	14
 870 0349 10       		.byte	16
 871 034a 0F       		.byte	15
 872 034b 02       		.byte	2
 873 034c 16       		.byte	22
 874 034d 01       		.byte	1
 875 034e 1D       		.byte	29
 876 034f 82       		.byte	-126
 877 0350 1E       		.byte	30
 878 0351 10       		.byte	16
 879 0352 1F       		.byte	31
 880 0353 10       		.byte	16
 881 0354 27       		.byte	39
 882 0355 80       		.byte	-128
 883 0356 2F       		.byte	47
 884 0357 10       		.byte	16
 885 0358 3F       		.byte	63
 886 0359 02       		.byte	2
 887 035a 41       		.byte	65
 888 035b 80       		.byte	-128
 889 035c 45       		.byte	69
 890 035d 81       		.byte	-127
 891 035e 48       		.byte	72
 892 035f 0A       		.byte	10
 893 0360 4C       		.byte	76
 894 0361 08       		.byte	8
 895 0362 4F       		.byte	79
 896 0363 06       		.byte	6
 897 0364 54       		.byte	84
 898 0365 02       		.byte	2
 899 0366 55       		.byte	85
 900 0367 01       		.byte	1
 901 0368 56       		.byte	86
 902 0369 09       		.byte	9
 903 036a 57       		.byte	87
 904 036b 10       		.byte	16
 905 036c 5E       		.byte	94
 906 036d 04       		.byte	4
 907 036e 5F       		.byte	95
 908 036f 90       		.byte	-112
 909 0370 63       		.byte	99
 910 0371 30       		.byte	48
 911 0372 66       		.byte	102
 912 0373 08       		.byte	8
ARM GAS  C:\Users\urdjt\AppData\Local\Temp\ccvGC0Nc.s 			page 17


 913 0374 67       		.byte	103
 914 0375 04       		.byte	4
 915 0376 89       		.byte	-119
 916 0377 02       		.byte	2
 917 0378 8A       		.byte	-118
 918 0379 04       		.byte	4
 919 037a A0       		.byte	-96
 920 037b 08       		.byte	8
 921 037c A4       		.byte	-92
 922 037d 02       		.byte	2
 923 037e A5       		.byte	-91
 924 037f 81       		.byte	-127
 925 0380 B4       		.byte	-76
 926 0381 08       		.byte	8
 927 0382 B5       		.byte	-75
 928 0383 02       		.byte	2
 929 0384 B7       		.byte	-73
 930 0385 20       		.byte	32
 931 0386 C2       		.byte	-62
 932 0387 A0       		.byte	-96
 933 0388 C4       		.byte	-60
 934 0389 80       		.byte	-128
 935 038a CA       		.byte	-54
 936 038b 40       		.byte	64
 937 038c CE       		.byte	-50
 938 038d 80       		.byte	-128
 939 038e D0       		.byte	-48
 940 038f 98       		.byte	-104
 941 0390 D2       		.byte	-46
 942 0391 2C       		.byte	44
 943 0392 D6       		.byte	-42
 944 0393 70       		.byte	112
 945 0394 D8       		.byte	-40
 946 0395 60       		.byte	96
 947 0396 EC       		.byte	-20
 948 0397 10       		.byte	16
 949 0398 EE       		.byte	-18
 950 0399 08       		.byte	8
 951 039a 33       		.byte	51
 952 039b 20       		.byte	32
 953 039c 59       		.byte	89
 954 039d 40       		.byte	64
 955 039e CC       		.byte	-52
 956 039f 10       		.byte	16
 957 03a0 D4       		.byte	-44
 958 03a1 80       		.byte	-128
 959 03a2 9D       		.byte	-99
 960 03a3 40       		.byte	64
 961 03a4 A7       		.byte	-89
 962 03a5 20       		.byte	32
 963 03a6 9D       		.byte	-99
 964 03a7 40       		.byte	64
 965 03a8 A7       		.byte	-89
 966 03a9 20       		.byte	32
 967 03aa 9D       		.byte	-99
 968 03ab 40       		.byte	64
 969 03ac A7       		.byte	-89
ARM GAS  C:\Users\urdjt\AppData\Local\Temp\ccvGC0Nc.s 			page 18


 970 03ad 20       		.byte	32
 971 03ae 85       		.byte	-123
 972 03af 40       		.byte	64
 973 03b0 9D       		.byte	-99
 974 03b1 40       		.byte	64
 975 03b2 A7       		.byte	-89
 976 03b3 20       		.byte	32
 977 03b4 E6       		.byte	-26
 978 03b5 10       		.byte	16
 979 03b6 AF       		.byte	-81
 980 03b7 20       		.byte	32
 981 03b8 EE       		.byte	-18
 982 03b9 10       		.byte	16
 983 03ba 1F       		.byte	31
 984 03bb 80       		.byte	-128
 985 03bc 55       		.byte	85
 986 03bd 02       		.byte	2
 987 03be A1       		.byte	-95
 988 03bf 02       		.byte	2
 989 03c0 B5       		.byte	-75
 990 03c1 02       		.byte	2
 991 03c2 C6       		.byte	-58
 992 03c3 01       		.byte	1
 993 03c4 D6       		.byte	-42
 994 03c5 04       		.byte	4
 995 03c6 EC       		.byte	-20
 996 03c7 08       		.byte	8
 997 03c8 AF       		.byte	-81
 998 03c9 80       		.byte	-128
 999 03ca 00       		.byte	0
 1000 03cb 01       		.byte	1
 1001 03cc 0C       		.byte	12
 1002 03cd 01       		.byte	1
 1003 03ce 10       		.byte	16
 1004 03cf 02       		.byte	2
 1005 03d0 1A       		.byte	26
 1006 03d1 02       		.byte	2
 1007 03d2 1C       		.byte	28
 1008 03d3 02       		.byte	2
 1009 03d4 00       		.byte	0
 1010 03d5 03       		.byte	3
 1011 03d6 00       		.byte	0
 1012 03d7 00       		.byte	0
 1013 03d8 04       		.byte	4
 1014 03d9 00       		.byte	0
 1015 03da 00       		.byte	0
 1016 03db 0F       		.byte	15
 1017 03dc 0F       		.byte	15
 1018 03dd 00       		.byte	0
 1019 03de 04       		.byte	4
 1020 03df 00       		.byte	0
 1021 03e0 00       		.byte	0
 1022 03e1 00       		.byte	0
 1023 03e2 00       		.byte	0
 1024 03e3 00       		.byte	0
 1025 03e4 00       		.byte	0
 1026 03e5 7F       		.byte	127
ARM GAS  C:\Users\urdjt\AppData\Local\Temp\ccvGC0Nc.s 			page 19


 1027 03e6 7F       		.byte	127
 1028 03e7 00       		.byte	0
 1029 03e8 00       		.byte	0
 1030 03e9 00       		.byte	0
 1031 03ea 00       		.byte	0
 1032 03eb 00       		.byte	0
 1033 03ec 00       		.byte	0
 1034 03ed 00       		.byte	0
 1035 03ee 00       		.byte	0
 1036 03ef 00       		.byte	0
 1037 03f0 00       		.byte	0
 1038 03f1 00       		.byte	0
 1039 03f2 01       		.byte	1
 1040 03f3 00       		.byte	0
 1041 03f4 00       		.byte	0
 1042 03f5 04       		.byte	4
 1043 03f6 04       		.byte	4
 1044 03f7 00       		.byte	0
 1045 03f8 04       		.byte	4
 1046 03f9 00       		.byte	0
 1047 03fa 00       		.byte	0
 1048 03fb 00       		.byte	0
 1049 03fc 0E       		.byte	14
 1050 03fd 00       		.byte	0
 1051 03fe 18       		.byte	24
 1052 03ff 01       		.byte	1
 1053              		.section	.cywolatch,"a",%progbits
 1054              		.align	2
 1055              		.type	cy_meta_wonvl, %object
 1056              		.size	cy_meta_wonvl, 4
 1057              	cy_meta_wonvl:
 1058 0000 BC       		.byte	-68
 1059 0001 90       		.byte	-112
 1060 0002 AC       		.byte	-84
 1061 0003 AF       		.byte	-81
 1062              		.section	.cycustnvl,"a",%progbits
 1063              		.align	2
 1064              		.type	cy_meta_custnvl, %object
 1065              		.size	cy_meta_custnvl, 4
 1066              	cy_meta_custnvl:
 1067 0000 00       		.byte	0
 1068 0001 00       		.byte	0
 1069 0002 40       		.byte	64
 1070 0003 05       		.byte	5
 1071              		.section	.cymeta,"a",%progbits
 1072              		.align	2
 1073              		.type	cy_metadata, %object
 1074              		.size	cy_metadata, 12
 1075              	cy_metadata:
 1076 0000 00       		.byte	0
 1077 0001 01       		.byte	1
 1078 0002 2E       		.byte	46
 1079 0003 12       		.byte	18
 1080 0004 30       		.byte	48
 1081 0005 69       		.byte	105
 1082 0006 00       		.byte	0
 1083 0007 01       		.byte	1
ARM GAS  C:\Users\urdjt\AppData\Local\Temp\ccvGC0Nc.s 			page 20


 1084 0008 00       		.byte	0
 1085 0009 00       		.byte	0
 1086 000a 00       		.byte	0
 1087 000b 00       		.byte	0
 1088              		.section	.cyflashprotect,"a",%progbits
 1089              		.align	2
 1090              		.type	cy_meta_flashprotect, %object
 1091              		.size	cy_meta_flashprotect, 256
 1092              	cy_meta_flashprotect:
 1093 0000 00000000 		.space	256
 1093      00000000 
 1093      00000000 
 1093      00000000 
 1093      00000000 
 1094              		.text
 1095              	.Letext0:
 1096              		.file 1 "c:\\program files (x86)\\cypress\\psoc creator\\4.2\\psoc creator\\import\\gnu\\arm\\5.4.
 1097              		.file 2 "c:\\program files (x86)\\cypress\\psoc creator\\4.2\\psoc creator\\import\\gnu\\arm\\5.4.
 1098              		.file 3 "Generated_Source\\PSoC5\\cymetadata.c"
 1099              		.section	.debug_info,"",%progbits
 1100              	.Ldebug_info0:
 1101 0000 31010000 		.4byte	0x131
 1102 0004 0400     		.2byte	0x4
 1103 0006 00000000 		.4byte	.Ldebug_abbrev0
 1104 000a 04       		.byte	0x4
 1105 000b 01       		.uleb128 0x1
 1106 000c 72000000 		.4byte	.LASF17
 1107 0010 0C       		.byte	0xc
 1108 0011 CC010000 		.4byte	.LASF18
 1109 0015 00000000 		.4byte	.LASF19
 1110 0019 00000000 		.4byte	.Ldebug_line0
 1111 001d 02       		.uleb128 0x2
 1112 001e 01       		.byte	0x1
 1113 001f 06       		.byte	0x6
 1114 0020 C0010000 		.4byte	.LASF0
 1115 0024 03       		.uleb128 0x3
 1116 0025 4E000000 		.4byte	.LASF9
 1117 0029 01       		.byte	0x1
 1118 002a 1D       		.byte	0x1d
 1119 002b 2F000000 		.4byte	0x2f
 1120 002f 02       		.uleb128 0x2
 1121 0030 01       		.byte	0x1
 1122 0031 08       		.byte	0x8
 1123 0032 64000000 		.4byte	.LASF1
 1124 0036 02       		.uleb128 0x2
 1125 0037 02       		.byte	0x2
 1126 0038 05       		.byte	0x5
 1127 0039 AD010000 		.4byte	.LASF2
 1128 003d 02       		.uleb128 0x2
 1129 003e 02       		.byte	0x2
 1130 003f 07       		.byte	0x7
 1131 0040 12010000 		.4byte	.LASF3
 1132 0044 02       		.uleb128 0x2
 1133 0045 04       		.byte	0x4
 1134 0046 05       		.byte	0x5
 1135 0047 B7010000 		.4byte	.LASF4
 1136 004b 02       		.uleb128 0x2
ARM GAS  C:\Users\urdjt\AppData\Local\Temp\ccvGC0Nc.s 			page 21


 1137 004c 04       		.byte	0x4
 1138 004d 07       		.byte	0x7
 1139 004e 00010000 		.4byte	.LASF5
 1140 0052 02       		.uleb128 0x2
 1141 0053 08       		.byte	0x8
 1142 0054 05       		.byte	0x5
 1143 0055 9F010000 		.4byte	.LASF6
 1144 0059 02       		.uleb128 0x2
 1145 005a 08       		.byte	0x8
 1146 005b 07       		.byte	0x7
 1147 005c 54010000 		.4byte	.LASF7
 1148 0060 04       		.uleb128 0x4
 1149 0061 04       		.byte	0x4
 1150 0062 05       		.byte	0x5
 1151 0063 696E7400 		.ascii	"int\000"
 1152 0067 02       		.uleb128 0x2
 1153 0068 04       		.byte	0x4
 1154 0069 07       		.byte	0x7
 1155 006a 47010000 		.4byte	.LASF8
 1156 006e 03       		.uleb128 0x3
 1157 006f 6B010000 		.4byte	.LASF10
 1158 0073 02       		.byte	0x2
 1159 0074 18       		.byte	0x18
 1160 0075 24000000 		.4byte	0x24
 1161 0079 05       		.uleb128 0x5
 1162 007a 91000000 		.4byte	0x91
 1163 007e 8A000000 		.4byte	0x8a
 1164 0082 06       		.uleb128 0x6
 1165 0083 8A000000 		.4byte	0x8a
 1166 0087 FF03     		.2byte	0x3ff
 1167 0089 00       		.byte	0
 1168 008a 02       		.uleb128 0x2
 1169 008b 04       		.byte	0x4
 1170 008c 07       		.byte	0x7
 1171 008d 96010000 		.4byte	.LASF11
 1172 0091 07       		.uleb128 0x7
 1173 0092 6E000000 		.4byte	0x6e
 1174 0096 08       		.uleb128 0x8
 1175 0097 35010000 		.4byte	.LASF12
 1176 009b 03       		.byte	0x3
 1177 009c 1F       		.byte	0x1f
 1178 009d A7000000 		.4byte	0xa7
 1179 00a1 05       		.uleb128 0x5
 1180 00a2 03       		.byte	0x3
 1181 00a3 00000000 		.4byte	cy_meta_configecc
 1182 00a7 07       		.uleb128 0x7
 1183 00a8 79000000 		.4byte	0x79
 1184 00ac 05       		.uleb128 0x5
 1185 00ad 91000000 		.4byte	0x91
 1186 00b1 BC000000 		.4byte	0xbc
 1187 00b5 09       		.uleb128 0x9
 1188 00b6 8A000000 		.4byte	0x8a
 1189 00ba 03       		.byte	0x3
 1190 00bb 00       		.byte	0
 1191 00bc 08       		.uleb128 0x8
 1192 00bd 25010000 		.4byte	.LASF13
 1193 00c1 03       		.byte	0x3
ARM GAS  C:\Users\urdjt\AppData\Local\Temp\ccvGC0Nc.s 			page 22


 1194 00c2 AC       		.byte	0xac
 1195 00c3 CD000000 		.4byte	0xcd
 1196 00c7 05       		.uleb128 0x5
 1197 00c8 03       		.byte	0x3
 1198 00c9 00000000 		.4byte	cy_meta_custnvl
 1199 00cd 07       		.uleb128 0x7
 1200 00ce AC000000 		.4byte	0xac
 1201 00d2 08       		.uleb128 0x8
 1202 00d3 88010000 		.4byte	.LASF14
 1203 00d7 03       		.byte	0x3
 1204 00d8 BA       		.byte	0xba
 1205 00d9 E3000000 		.4byte	0xe3
 1206 00dd 05       		.uleb128 0x5
 1207 00de 03       		.byte	0x3
 1208 00df 00000000 		.4byte	cy_meta_wonvl
 1209 00e3 07       		.uleb128 0x7
 1210 00e4 AC000000 		.4byte	0xac
 1211 00e8 05       		.uleb128 0x5
 1212 00e9 91000000 		.4byte	0x91
 1213 00ed F8000000 		.4byte	0xf8
 1214 00f1 09       		.uleb128 0x9
 1215 00f2 8A000000 		.4byte	0x8a
 1216 00f6 FF       		.byte	0xff
 1217 00f7 00       		.byte	0
 1218 00f8 08       		.uleb128 0x8
 1219 00f9 73010000 		.4byte	.LASF15
 1220 00fd 03       		.byte	0x3
 1221 00fe C8       		.byte	0xc8
 1222 00ff 09010000 		.4byte	0x109
 1223 0103 05       		.uleb128 0x5
 1224 0104 03       		.byte	0x3
 1225 0105 00000000 		.4byte	cy_meta_flashprotect
 1226 0109 07       		.uleb128 0x7
 1227 010a E8000000 		.4byte	0xe8
 1228 010e 05       		.uleb128 0x5
 1229 010f 91000000 		.4byte	0x91
 1230 0113 1E010000 		.4byte	0x11e
 1231 0117 09       		.uleb128 0x9
 1232 0118 8A000000 		.4byte	0x8a
 1233 011c 0B       		.byte	0xb
 1234 011d 00       		.byte	0
 1235 011e 08       		.uleb128 0x8
 1236 011f 58000000 		.4byte	.LASF16
 1237 0123 03       		.byte	0x3
 1238 0124 F5       		.byte	0xf5
 1239 0125 2F010000 		.4byte	0x12f
 1240 0129 05       		.uleb128 0x5
 1241 012a 03       		.byte	0x3
 1242 012b 00000000 		.4byte	cy_metadata
 1243 012f 07       		.uleb128 0x7
 1244 0130 0E010000 		.4byte	0x10e
 1245 0134 00       		.byte	0
 1246              		.section	.debug_abbrev,"",%progbits
 1247              	.Ldebug_abbrev0:
 1248 0000 01       		.uleb128 0x1
 1249 0001 11       		.uleb128 0x11
 1250 0002 01       		.byte	0x1
ARM GAS  C:\Users\urdjt\AppData\Local\Temp\ccvGC0Nc.s 			page 23


 1251 0003 25       		.uleb128 0x25
 1252 0004 0E       		.uleb128 0xe
 1253 0005 13       		.uleb128 0x13
 1254 0006 0B       		.uleb128 0xb
 1255 0007 03       		.uleb128 0x3
 1256 0008 0E       		.uleb128 0xe
 1257 0009 1B       		.uleb128 0x1b
 1258 000a 0E       		.uleb128 0xe
 1259 000b 10       		.uleb128 0x10
 1260 000c 17       		.uleb128 0x17
 1261 000d 00       		.byte	0
 1262 000e 00       		.byte	0
 1263 000f 02       		.uleb128 0x2
 1264 0010 24       		.uleb128 0x24
 1265 0011 00       		.byte	0
 1266 0012 0B       		.uleb128 0xb
 1267 0013 0B       		.uleb128 0xb
 1268 0014 3E       		.uleb128 0x3e
 1269 0015 0B       		.uleb128 0xb
 1270 0016 03       		.uleb128 0x3
 1271 0017 0E       		.uleb128 0xe
 1272 0018 00       		.byte	0
 1273 0019 00       		.byte	0
 1274 001a 03       		.uleb128 0x3
 1275 001b 16       		.uleb128 0x16
 1276 001c 00       		.byte	0
 1277 001d 03       		.uleb128 0x3
 1278 001e 0E       		.uleb128 0xe
 1279 001f 3A       		.uleb128 0x3a
 1280 0020 0B       		.uleb128 0xb
 1281 0021 3B       		.uleb128 0x3b
 1282 0022 0B       		.uleb128 0xb
 1283 0023 49       		.uleb128 0x49
 1284 0024 13       		.uleb128 0x13
 1285 0025 00       		.byte	0
 1286 0026 00       		.byte	0
 1287 0027 04       		.uleb128 0x4
 1288 0028 24       		.uleb128 0x24
 1289 0029 00       		.byte	0
 1290 002a 0B       		.uleb128 0xb
 1291 002b 0B       		.uleb128 0xb
 1292 002c 3E       		.uleb128 0x3e
 1293 002d 0B       		.uleb128 0xb
 1294 002e 03       		.uleb128 0x3
 1295 002f 08       		.uleb128 0x8
 1296 0030 00       		.byte	0
 1297 0031 00       		.byte	0
 1298 0032 05       		.uleb128 0x5
 1299 0033 01       		.uleb128 0x1
 1300 0034 01       		.byte	0x1
 1301 0035 49       		.uleb128 0x49
 1302 0036 13       		.uleb128 0x13
 1303 0037 01       		.uleb128 0x1
 1304 0038 13       		.uleb128 0x13
 1305 0039 00       		.byte	0
 1306 003a 00       		.byte	0
 1307 003b 06       		.uleb128 0x6
ARM GAS  C:\Users\urdjt\AppData\Local\Temp\ccvGC0Nc.s 			page 24


 1308 003c 21       		.uleb128 0x21
 1309 003d 00       		.byte	0
 1310 003e 49       		.uleb128 0x49
 1311 003f 13       		.uleb128 0x13
 1312 0040 2F       		.uleb128 0x2f
 1313 0041 05       		.uleb128 0x5
 1314 0042 00       		.byte	0
 1315 0043 00       		.byte	0
 1316 0044 07       		.uleb128 0x7
 1317 0045 26       		.uleb128 0x26
 1318 0046 00       		.byte	0
 1319 0047 49       		.uleb128 0x49
 1320 0048 13       		.uleb128 0x13
 1321 0049 00       		.byte	0
 1322 004a 00       		.byte	0
 1323 004b 08       		.uleb128 0x8
 1324 004c 34       		.uleb128 0x34
 1325 004d 00       		.byte	0
 1326 004e 03       		.uleb128 0x3
 1327 004f 0E       		.uleb128 0xe
 1328 0050 3A       		.uleb128 0x3a
 1329 0051 0B       		.uleb128 0xb
 1330 0052 3B       		.uleb128 0x3b
 1331 0053 0B       		.uleb128 0xb
 1332 0054 49       		.uleb128 0x49
 1333 0055 13       		.uleb128 0x13
 1334 0056 3F       		.uleb128 0x3f
 1335 0057 19       		.uleb128 0x19
 1336 0058 02       		.uleb128 0x2
 1337 0059 18       		.uleb128 0x18
 1338 005a 00       		.byte	0
 1339 005b 00       		.byte	0
 1340 005c 09       		.uleb128 0x9
 1341 005d 21       		.uleb128 0x21
 1342 005e 00       		.byte	0
 1343 005f 49       		.uleb128 0x49
 1344 0060 13       		.uleb128 0x13
 1345 0061 2F       		.uleb128 0x2f
 1346 0062 0B       		.uleb128 0xb
 1347 0063 00       		.byte	0
 1348 0064 00       		.byte	0
 1349 0065 00       		.byte	0
 1350              		.section	.debug_aranges,"",%progbits
 1351 0000 14000000 		.4byte	0x14
 1352 0004 0200     		.2byte	0x2
 1353 0006 00000000 		.4byte	.Ldebug_info0
 1354 000a 04       		.byte	0x4
 1355 000b 00       		.byte	0
 1356 000c 0000     		.2byte	0
 1357 000e 0000     		.2byte	0
 1358 0010 00000000 		.4byte	0
 1359 0014 00000000 		.4byte	0
 1360              		.section	.debug_line,"",%progbits
 1361              	.Ldebug_line0:
 1362 0000 3D010000 		.section	.debug_str,"MS",%progbits,1
 1362      02003701 
 1362      00000201 
ARM GAS  C:\Users\urdjt\AppData\Local\Temp\ccvGC0Nc.s 			page 25


 1362      FB0E0D00 
 1362      01010101 
 1363              	.LASF19:
 1364 0000 453A5C50 		.ascii	"E:\\Praktikum adaptive Sensorelektronik\\PSoC Creat"
 1364      72616B74 
 1364      696B756D 
 1364      20616461 
 1364      70746976 
 1365 0031 6F725C36 		.ascii	"or\\6\\Workspace01\\Teil2.cydsn\000"
 1365      5C576F72 
 1365      6B737061 
 1365      63653031 
 1365      5C546569 
 1366              	.LASF9:
 1367 004e 5F5F7569 		.ascii	"__uint8_t\000"
 1367      6E74385F 
 1367      7400
 1368              	.LASF16:
 1369 0058 63795F6D 		.ascii	"cy_metadata\000"
 1369      65746164 
 1369      61746100 
 1370              	.LASF1:
 1371 0064 756E7369 		.ascii	"unsigned char\000"
 1371      676E6564 
 1371      20636861 
 1371      7200
 1372              	.LASF17:
 1373 0072 474E5520 		.ascii	"GNU C11 5.4.1 20160609 (release) [ARM/embedded-5-br"
 1373      43313120 
 1373      352E342E 
 1373      31203230 
 1373      31363036 
 1374 00a5 616E6368 		.ascii	"anch revision 237715] -mcpu=cortex-m3 -mthumb -g -O"
 1374      20726576 
 1374      6973696F 
 1374      6E203233 
 1374      37373135 
 1375 00d8 67202D66 		.ascii	"g -ffunction-sections -ffat-lto-objects\000"
 1375      66756E63 
 1375      74696F6E 
 1375      2D736563 
 1375      74696F6E 
 1376              	.LASF5:
 1377 0100 6C6F6E67 		.ascii	"long unsigned int\000"
 1377      20756E73 
 1377      69676E65 
 1377      6420696E 
 1377      7400
 1378              	.LASF3:
 1379 0112 73686F72 		.ascii	"short unsigned int\000"
 1379      7420756E 
 1379      7369676E 
 1379      65642069 
 1379      6E7400
 1380              	.LASF13:
 1381 0125 63795F6D 		.ascii	"cy_meta_custnvl\000"
 1381      6574615F 
ARM GAS  C:\Users\urdjt\AppData\Local\Temp\ccvGC0Nc.s 			page 26


 1381      63757374 
 1381      6E766C00 
 1382              	.LASF12:
 1383 0135 63795F6D 		.ascii	"cy_meta_configecc\000"
 1383      6574615F 
 1383      636F6E66 
 1383      69676563 
 1383      6300
 1384              	.LASF8:
 1385 0147 756E7369 		.ascii	"unsigned int\000"
 1385      676E6564 
 1385      20696E74 
 1385      00
 1386              	.LASF7:
 1387 0154 6C6F6E67 		.ascii	"long long unsigned int\000"
 1387      206C6F6E 
 1387      6720756E 
 1387      7369676E 
 1387      65642069 
 1388              	.LASF10:
 1389 016b 75696E74 		.ascii	"uint8_t\000"
 1389      385F7400 
 1390              	.LASF15:
 1391 0173 63795F6D 		.ascii	"cy_meta_flashprotect\000"
 1391      6574615F 
 1391      666C6173 
 1391      6870726F 
 1391      74656374 
 1392              	.LASF14:
 1393 0188 63795F6D 		.ascii	"cy_meta_wonvl\000"
 1393      6574615F 
 1393      776F6E76 
 1393      6C00
 1394              	.LASF11:
 1395 0196 73697A65 		.ascii	"sizetype\000"
 1395      74797065 
 1395      00
 1396              	.LASF6:
 1397 019f 6C6F6E67 		.ascii	"long long int\000"
 1397      206C6F6E 
 1397      6720696E 
 1397      7400
 1398              	.LASF2:
 1399 01ad 73686F72 		.ascii	"short int\000"
 1399      7420696E 
 1399      7400
 1400              	.LASF4:
 1401 01b7 6C6F6E67 		.ascii	"long int\000"
 1401      20696E74 
 1401      00
 1402              	.LASF0:
 1403 01c0 7369676E 		.ascii	"signed char\000"
 1403      65642063 
 1403      68617200 
 1404              	.LASF18:
 1405 01cc 47656E65 		.ascii	"Generated_Source\\PSoC5\\cymetadata.c\000"
 1405      72617465 
ARM GAS  C:\Users\urdjt\AppData\Local\Temp\ccvGC0Nc.s 			page 27


 1405      645F536F 
 1405      75726365 
 1405      5C50536F 
 1406              		.ident	"GCC: (GNU Tools for ARM Embedded Processors) 5.4.1 20160609 (release) [ARM/embedded-5-bran
