ARM GAS  C:\Users\urdjt\AppData\Local\Temp\ccFPTKZa.s 			page 1


   1              		.syntax unified
   2              		.cpu cortex-m3
   3              		.fpu softvfp
   4              		.eabi_attribute 20, 1
   5              		.eabi_attribute 21, 1
   6              		.eabi_attribute 23, 3
   7              		.eabi_attribute 24, 1
   8              		.eabi_attribute 25, 1
   9              		.eabi_attribute 26, 1
  10              		.eabi_attribute 30, 1
  11              		.eabi_attribute 34, 1
  12              		.eabi_attribute 18, 4
  13              		.thumb
  14              		.syntax unified
  15              		.file	"main.c"
  16              		.text
  17              	.Ltext0:
  18              		.cfi_sections	.debug_frame
  19              		.section	.text.main,"ax",%progbits
  20              		.align	2
  21              		.global	main
  22              		.thumb
  23              		.thumb_func
  24              		.type	main, %function
  25              	main:
  26              	.LFB63:
  27              		.file 1 "main.c"
   1:main.c        **** /* ========================================
   2:main.c        ****  *
   3:main.c        ****  * Copyright YOUR COMPANY, THE YEAR
   4:main.c        ****  * All Rights Reserved
   5:main.c        ****  * UNPUBLISHED, LICENSED SOFTWARE.
   6:main.c        ****  *
   7:main.c        ****  * CONFIDENTIAL AND PROPRIETARY INFORMATION
   8:main.c        ****  * WHICH IS THE PROPERTY OF your company.
   9:main.c        ****  *
  10:main.c        ****  * ========================================
  11:main.c        **** */
  12:main.c        **** #include "project.h"
  13:main.c        **** 
  14:main.c        **** int main(void)
  15:main.c        **** {
  28              		.loc 1 15 0
  29              		.cfi_startproc
  30              		@ Volatile: function does not return.
  31              		@ args = 0, pretend = 0, frame = 0
  32              		@ frame_needed = 0, uses_anonymous_args = 0
  33 0000 08B5     		push	{r3, lr}
  34              		.cfi_def_cfa_offset 8
  35              		.cfi_offset 3, -8
  36              		.cfi_offset 14, -4
  16:main.c        ****     CyGlobalIntEnable; /* Enable global interrupts. */
  37              		.loc 1 16 0
  38              		.syntax unified
  39              	@ 16 "main.c" 1
  40 0002 62B6     		CPSIE   i
  41              	@ 0 "" 2
ARM GAS  C:\Users\urdjt\AppData\Local\Temp\ccFPTKZa.s 			page 2


  17:main.c        **** 
  18:main.c        ****     /* Place your initialization/startup code here (e.g. MyInst_Start()) */
  19:main.c        ****     LCD_1_Start();
  42              		.loc 1 19 0
  43              		.thumb
  44              		.syntax unified
  45 0004 FFF7FEFF 		bl	LCD_1_Start
  46              	.LVL0:
  20:main.c        ****     
  21:main.c        ****     LCD_1_Position(0,0); //Cursor auf 0,0 setzen
  47              		.loc 1 21 0
  48 0008 0021     		movs	r1, #0
  49 000a 0846     		mov	r0, r1
  50 000c FFF7FEFF 		bl	LCD_1_Position
  51              	.LVL1:
  22:main.c        ****     LCD_1_PrintString("Welcome");
  52              		.loc 1 22 0
  53 0010 0148     		ldr	r0, .L4
  54 0012 FFF7FEFF 		bl	LCD_1_PrintString
  55              	.LVL2:
  56              	.L2:
  57 0016 FEE7     		b	.L2
  58              	.L5:
  59              		.align	2
  60              	.L4:
  61 0018 00000000 		.word	.LC0
  62              		.cfi_endproc
  63              	.LFE63:
  64              		.size	main, .-main
  65              		.section	.rodata.str1.4,"aMS",%progbits,1
  66              		.align	2
  67              	.LC0:
  68 0000 57656C63 		.ascii	"Welcome\000"
  68      6F6D6500 
  69              		.text
  70              	.Letext0:
  71              		.file 2 "c:\\program files (x86)\\cypress\\psoc creator\\4.2\\psoc creator\\import\\gnu\\arm\\5.4.
  72              		.file 3 "c:\\program files (x86)\\cypress\\psoc creator\\4.2\\psoc creator\\import\\gnu\\arm\\5.4.
  73              		.file 4 "Generated_Source\\PSoC5/LCD_1.h"
  74              		.file 5 "Generated_Source\\PSoC5/core_cm3.h"
  75              		.section	.debug_info,"",%progbits
  76              	.Ldebug_info0:
  77 0000 21010000 		.4byte	0x121
  78 0004 0400     		.2byte	0x4
  79 0006 00000000 		.4byte	.Ldebug_abbrev0
  80 000a 04       		.byte	0x4
  81 000b 01       		.uleb128 0x1
  82 000c 46000000 		.4byte	.LASF19
  83 0010 0C       		.byte	0xc
  84 0011 2E000000 		.4byte	.LASF20
  85 0015 09010000 		.4byte	.LASF21
  86 0019 00000000 		.4byte	.Ldebug_ranges0+0
  87 001d 00000000 		.4byte	0
  88 0021 00000000 		.4byte	.Ldebug_line0
  89 0025 02       		.uleb128 0x2
  90 0026 01       		.byte	0x1
  91 0027 06       		.byte	0x6
ARM GAS  C:\Users\urdjt\AppData\Local\Temp\ccFPTKZa.s 			page 3


  92 0028 3A000000 		.4byte	.LASF0
  93 002c 02       		.uleb128 0x2
  94 002d 01       		.byte	0x1
  95 002e 08       		.byte	0x8
  96 002f 3E010000 		.4byte	.LASF1
  97 0033 02       		.uleb128 0x2
  98 0034 02       		.byte	0x2
  99 0035 05       		.byte	0x5
 100 0036 AB010000 		.4byte	.LASF2
 101 003a 02       		.uleb128 0x2
 102 003b 02       		.byte	0x2
 103 003c 07       		.byte	0x7
 104 003d 0E000000 		.4byte	.LASF3
 105 0041 03       		.uleb128 0x3
 106 0042 9B010000 		.4byte	.LASF9
 107 0046 02       		.byte	0x2
 108 0047 3F       		.byte	0x3f
 109 0048 4C000000 		.4byte	0x4c
 110 004c 02       		.uleb128 0x2
 111 004d 04       		.byte	0x4
 112 004e 05       		.byte	0x5
 113 004f 60010000 		.4byte	.LASF4
 114 0053 02       		.uleb128 0x2
 115 0054 04       		.byte	0x4
 116 0055 07       		.byte	0x7
 117 0056 D4000000 		.4byte	.LASF5
 118 005a 02       		.uleb128 0x2
 119 005b 08       		.byte	0x8
 120 005c 05       		.byte	0x5
 121 005d 00000000 		.4byte	.LASF6
 122 0061 02       		.uleb128 0x2
 123 0062 08       		.byte	0x8
 124 0063 07       		.byte	0x7
 125 0064 F2000000 		.4byte	.LASF7
 126 0068 04       		.uleb128 0x4
 127 0069 04       		.byte	0x4
 128 006a 05       		.byte	0x5
 129 006b 696E7400 		.ascii	"int\000"
 130 006f 02       		.uleb128 0x2
 131 0070 04       		.byte	0x4
 132 0071 07       		.byte	0x7
 133 0072 21000000 		.4byte	.LASF8
 134 0076 03       		.uleb128 0x3
 135 0077 B5010000 		.4byte	.LASF10
 136 007b 03       		.byte	0x3
 137 007c 2C       		.byte	0x2c
 138 007d 41000000 		.4byte	0x41
 139 0081 02       		.uleb128 0x2
 140 0082 04       		.byte	0x4
 141 0083 04       		.byte	0x4
 142 0084 A5010000 		.4byte	.LASF11
 143 0088 02       		.uleb128 0x2
 144 0089 08       		.byte	0x8
 145 008a 04       		.byte	0x4
 146 008b 69010000 		.4byte	.LASF12
 147 008f 02       		.uleb128 0x2
 148 0090 01       		.byte	0x1
ARM GAS  C:\Users\urdjt\AppData\Local\Temp\ccFPTKZa.s 			page 4


 149 0091 08       		.byte	0x8
 150 0092 4C010000 		.4byte	.LASF13
 151 0096 02       		.uleb128 0x2
 152 0097 04       		.byte	0x4
 153 0098 07       		.byte	0x7
 154 0099 BD010000 		.4byte	.LASF14
 155 009d 02       		.uleb128 0x2
 156 009e 08       		.byte	0x8
 157 009f 04       		.byte	0x4
 158 00a0 8F010000 		.4byte	.LASF15
 159 00a4 05       		.uleb128 0x5
 160 00a5 35000000 		.4byte	.LASF22
 161 00a9 01       		.byte	0x1
 162 00aa 0E       		.byte	0xe
 163 00ab 68000000 		.4byte	0x68
 164 00af 00000000 		.4byte	.LFB63
 165 00b3 1C000000 		.4byte	.LFE63-.LFB63
 166 00b7 01       		.uleb128 0x1
 167 00b8 9C       		.byte	0x9c
 168 00b9 F2000000 		.4byte	0xf2
 169 00bd 06       		.uleb128 0x6
 170 00be 08000000 		.4byte	.LVL0
 171 00c2 03010000 		.4byte	0x103
 172 00c6 07       		.uleb128 0x7
 173 00c7 10000000 		.4byte	.LVL1
 174 00cb 0E010000 		.4byte	0x10e
 175 00cf DE000000 		.4byte	0xde
 176 00d3 08       		.uleb128 0x8
 177 00d4 01       		.uleb128 0x1
 178 00d5 50       		.byte	0x50
 179 00d6 01       		.uleb128 0x1
 180 00d7 30       		.byte	0x30
 181 00d8 08       		.uleb128 0x8
 182 00d9 01       		.uleb128 0x1
 183 00da 51       		.byte	0x51
 184 00db 01       		.uleb128 0x1
 185 00dc 30       		.byte	0x30
 186 00dd 00       		.byte	0
 187 00de 09       		.uleb128 0x9
 188 00df 16000000 		.4byte	.LVL2
 189 00e3 19010000 		.4byte	0x119
 190 00e7 08       		.uleb128 0x8
 191 00e8 01       		.uleb128 0x1
 192 00e9 50       		.byte	0x50
 193 00ea 05       		.uleb128 0x5
 194 00eb 03       		.byte	0x3
 195 00ec 00000000 		.4byte	.LC0
 196 00f0 00       		.byte	0
 197 00f1 00       		.byte	0
 198 00f2 0A       		.uleb128 0xa
 199 00f3 70010000 		.4byte	.LASF23
 200 00f7 05       		.byte	0x5
 201 00f8 1207     		.2byte	0x712
 202 00fa FE000000 		.4byte	0xfe
 203 00fe 0B       		.uleb128 0xb
 204 00ff 76000000 		.4byte	0x76
 205 0103 0C       		.uleb128 0xc
ARM GAS  C:\Users\urdjt\AppData\Local\Temp\ccFPTKZa.s 			page 5


 206 0104 E6000000 		.4byte	.LASF16
 207 0108 E6000000 		.4byte	.LASF16
 208 010c 04       		.byte	0x4
 209 010d 38       		.byte	0x38
 210 010e 0C       		.uleb128 0xc
 211 010f 51010000 		.4byte	.LASF17
 212 0113 51010000 		.4byte	.LASF17
 213 0117 04       		.byte	0x4
 214 0118 3D       		.byte	0x3d
 215 0119 0C       		.uleb128 0xc
 216 011a 7D010000 		.4byte	.LASF18
 217 011e 7D010000 		.4byte	.LASF18
 218 0122 04       		.byte	0x4
 219 0123 3C       		.byte	0x3c
 220 0124 00       		.byte	0
 221              		.section	.debug_abbrev,"",%progbits
 222              	.Ldebug_abbrev0:
 223 0000 01       		.uleb128 0x1
 224 0001 11       		.uleb128 0x11
 225 0002 01       		.byte	0x1
 226 0003 25       		.uleb128 0x25
 227 0004 0E       		.uleb128 0xe
 228 0005 13       		.uleb128 0x13
 229 0006 0B       		.uleb128 0xb
 230 0007 03       		.uleb128 0x3
 231 0008 0E       		.uleb128 0xe
 232 0009 1B       		.uleb128 0x1b
 233 000a 0E       		.uleb128 0xe
 234 000b 55       		.uleb128 0x55
 235 000c 17       		.uleb128 0x17
 236 000d 11       		.uleb128 0x11
 237 000e 01       		.uleb128 0x1
 238 000f 10       		.uleb128 0x10
 239 0010 17       		.uleb128 0x17
 240 0011 00       		.byte	0
 241 0012 00       		.byte	0
 242 0013 02       		.uleb128 0x2
 243 0014 24       		.uleb128 0x24
 244 0015 00       		.byte	0
 245 0016 0B       		.uleb128 0xb
 246 0017 0B       		.uleb128 0xb
 247 0018 3E       		.uleb128 0x3e
 248 0019 0B       		.uleb128 0xb
 249 001a 03       		.uleb128 0x3
 250 001b 0E       		.uleb128 0xe
 251 001c 00       		.byte	0
 252 001d 00       		.byte	0
 253 001e 03       		.uleb128 0x3
 254 001f 16       		.uleb128 0x16
 255 0020 00       		.byte	0
 256 0021 03       		.uleb128 0x3
 257 0022 0E       		.uleb128 0xe
 258 0023 3A       		.uleb128 0x3a
 259 0024 0B       		.uleb128 0xb
 260 0025 3B       		.uleb128 0x3b
 261 0026 0B       		.uleb128 0xb
 262 0027 49       		.uleb128 0x49
ARM GAS  C:\Users\urdjt\AppData\Local\Temp\ccFPTKZa.s 			page 6


 263 0028 13       		.uleb128 0x13
 264 0029 00       		.byte	0
 265 002a 00       		.byte	0
 266 002b 04       		.uleb128 0x4
 267 002c 24       		.uleb128 0x24
 268 002d 00       		.byte	0
 269 002e 0B       		.uleb128 0xb
 270 002f 0B       		.uleb128 0xb
 271 0030 3E       		.uleb128 0x3e
 272 0031 0B       		.uleb128 0xb
 273 0032 03       		.uleb128 0x3
 274 0033 08       		.uleb128 0x8
 275 0034 00       		.byte	0
 276 0035 00       		.byte	0
 277 0036 05       		.uleb128 0x5
 278 0037 2E       		.uleb128 0x2e
 279 0038 01       		.byte	0x1
 280 0039 3F       		.uleb128 0x3f
 281 003a 19       		.uleb128 0x19
 282 003b 03       		.uleb128 0x3
 283 003c 0E       		.uleb128 0xe
 284 003d 3A       		.uleb128 0x3a
 285 003e 0B       		.uleb128 0xb
 286 003f 3B       		.uleb128 0x3b
 287 0040 0B       		.uleb128 0xb
 288 0041 27       		.uleb128 0x27
 289 0042 19       		.uleb128 0x19
 290 0043 49       		.uleb128 0x49
 291 0044 13       		.uleb128 0x13
 292 0045 8701     		.uleb128 0x87
 293 0047 19       		.uleb128 0x19
 294 0048 11       		.uleb128 0x11
 295 0049 01       		.uleb128 0x1
 296 004a 12       		.uleb128 0x12
 297 004b 06       		.uleb128 0x6
 298 004c 40       		.uleb128 0x40
 299 004d 18       		.uleb128 0x18
 300 004e 9742     		.uleb128 0x2117
 301 0050 19       		.uleb128 0x19
 302 0051 01       		.uleb128 0x1
 303 0052 13       		.uleb128 0x13
 304 0053 00       		.byte	0
 305 0054 00       		.byte	0
 306 0055 06       		.uleb128 0x6
 307 0056 898201   		.uleb128 0x4109
 308 0059 00       		.byte	0
 309 005a 11       		.uleb128 0x11
 310 005b 01       		.uleb128 0x1
 311 005c 31       		.uleb128 0x31
 312 005d 13       		.uleb128 0x13
 313 005e 00       		.byte	0
 314 005f 00       		.byte	0
 315 0060 07       		.uleb128 0x7
 316 0061 898201   		.uleb128 0x4109
 317 0064 01       		.byte	0x1
 318 0065 11       		.uleb128 0x11
 319 0066 01       		.uleb128 0x1
ARM GAS  C:\Users\urdjt\AppData\Local\Temp\ccFPTKZa.s 			page 7


 320 0067 31       		.uleb128 0x31
 321 0068 13       		.uleb128 0x13
 322 0069 01       		.uleb128 0x1
 323 006a 13       		.uleb128 0x13
 324 006b 00       		.byte	0
 325 006c 00       		.byte	0
 326 006d 08       		.uleb128 0x8
 327 006e 8A8201   		.uleb128 0x410a
 328 0071 00       		.byte	0
 329 0072 02       		.uleb128 0x2
 330 0073 18       		.uleb128 0x18
 331 0074 9142     		.uleb128 0x2111
 332 0076 18       		.uleb128 0x18
 333 0077 00       		.byte	0
 334 0078 00       		.byte	0
 335 0079 09       		.uleb128 0x9
 336 007a 898201   		.uleb128 0x4109
 337 007d 01       		.byte	0x1
 338 007e 11       		.uleb128 0x11
 339 007f 01       		.uleb128 0x1
 340 0080 31       		.uleb128 0x31
 341 0081 13       		.uleb128 0x13
 342 0082 00       		.byte	0
 343 0083 00       		.byte	0
 344 0084 0A       		.uleb128 0xa
 345 0085 34       		.uleb128 0x34
 346 0086 00       		.byte	0
 347 0087 03       		.uleb128 0x3
 348 0088 0E       		.uleb128 0xe
 349 0089 3A       		.uleb128 0x3a
 350 008a 0B       		.uleb128 0xb
 351 008b 3B       		.uleb128 0x3b
 352 008c 05       		.uleb128 0x5
 353 008d 49       		.uleb128 0x49
 354 008e 13       		.uleb128 0x13
 355 008f 3F       		.uleb128 0x3f
 356 0090 19       		.uleb128 0x19
 357 0091 3C       		.uleb128 0x3c
 358 0092 19       		.uleb128 0x19
 359 0093 00       		.byte	0
 360 0094 00       		.byte	0
 361 0095 0B       		.uleb128 0xb
 362 0096 35       		.uleb128 0x35
 363 0097 00       		.byte	0
 364 0098 49       		.uleb128 0x49
 365 0099 13       		.uleb128 0x13
 366 009a 00       		.byte	0
 367 009b 00       		.byte	0
 368 009c 0C       		.uleb128 0xc
 369 009d 2E       		.uleb128 0x2e
 370 009e 00       		.byte	0
 371 009f 3F       		.uleb128 0x3f
 372 00a0 19       		.uleb128 0x19
 373 00a1 3C       		.uleb128 0x3c
 374 00a2 19       		.uleb128 0x19
 375 00a3 6E       		.uleb128 0x6e
 376 00a4 0E       		.uleb128 0xe
ARM GAS  C:\Users\urdjt\AppData\Local\Temp\ccFPTKZa.s 			page 8


 377 00a5 03       		.uleb128 0x3
 378 00a6 0E       		.uleb128 0xe
 379 00a7 3A       		.uleb128 0x3a
 380 00a8 0B       		.uleb128 0xb
 381 00a9 3B       		.uleb128 0x3b
 382 00aa 0B       		.uleb128 0xb
 383 00ab 00       		.byte	0
 384 00ac 00       		.byte	0
 385 00ad 00       		.byte	0
 386              		.section	.debug_aranges,"",%progbits
 387 0000 1C000000 		.4byte	0x1c
 388 0004 0200     		.2byte	0x2
 389 0006 00000000 		.4byte	.Ldebug_info0
 390 000a 04       		.byte	0x4
 391 000b 00       		.byte	0
 392 000c 0000     		.2byte	0
 393 000e 0000     		.2byte	0
 394 0010 00000000 		.4byte	.LFB63
 395 0014 1C000000 		.4byte	.LFE63-.LFB63
 396 0018 00000000 		.4byte	0
 397 001c 00000000 		.4byte	0
 398              		.section	.debug_ranges,"",%progbits
 399              	.Ldebug_ranges0:
 400 0000 00000000 		.4byte	.LFB63
 401 0004 1C000000 		.4byte	.LFE63
 402 0008 00000000 		.4byte	0
 403 000c 00000000 		.4byte	0
 404              		.section	.debug_line,"",%progbits
 405              	.Ldebug_line0:
 406 0000 63010000 		.section	.debug_str,"MS",%progbits,1
 406      02004A01 
 406      00000201 
 406      FB0E0D00 
 406      01010101 
 407              	.LASF6:
 408 0000 6C6F6E67 		.ascii	"long long int\000"
 408      206C6F6E 
 408      6720696E 
 408      7400
 409              	.LASF3:
 410 000e 73686F72 		.ascii	"short unsigned int\000"
 410      7420756E 
 410      7369676E 
 410      65642069 
 410      6E7400
 411              	.LASF8:
 412 0021 756E7369 		.ascii	"unsigned int\000"
 412      676E6564 
 412      20696E74 
 412      00
 413              	.LASF20:
 414 002e 6D61696E 		.ascii	"main.c\000"
 414      2E6300
 415              	.LASF22:
 416 0035 6D61696E 		.ascii	"main\000"
 416      00
 417              	.LASF0:
ARM GAS  C:\Users\urdjt\AppData\Local\Temp\ccFPTKZa.s 			page 9


 418 003a 7369676E 		.ascii	"signed char\000"
 418      65642063 
 418      68617200 
 419              	.LASF19:
 420 0046 474E5520 		.ascii	"GNU C11 5.4.1 20160609 (release) [ARM/embedded-5-br"
 420      43313120 
 420      352E342E 
 420      31203230 
 420      31363036 
 421 0079 616E6368 		.ascii	"anch revision 237715] -mcpu=cortex-m3 -mthumb -g -O"
 421      20726576 
 421      6973696F 
 421      6E203233 
 421      37373135 
 422 00ac 67202D66 		.ascii	"g -ffunction-sections -ffat-lto-objects\000"
 422      66756E63 
 422      74696F6E 
 422      2D736563 
 422      74696F6E 
 423              	.LASF5:
 424 00d4 6C6F6E67 		.ascii	"long unsigned int\000"
 424      20756E73 
 424      69676E65 
 424      6420696E 
 424      7400
 425              	.LASF16:
 426 00e6 4C43445F 		.ascii	"LCD_1_Start\000"
 426      315F5374 
 426      61727400 
 427              	.LASF7:
 428 00f2 6C6F6E67 		.ascii	"long long unsigned int\000"
 428      206C6F6E 
 428      6720756E 
 428      7369676E 
 428      65642069 
 429              	.LASF21:
 430 0109 553A5C44 		.ascii	"U:\\Documents\\PSoC Creator\\Ausgabe LCD\\Aufgabe1."
 430      6F63756D 
 430      656E7473 
 430      5C50536F 
 430      43204372 
 431 0138 63796473 		.ascii	"cydsn\000"
 431      6E00
 432              	.LASF1:
 433 013e 756E7369 		.ascii	"unsigned char\000"
 433      676E6564 
 433      20636861 
 433      7200
 434              	.LASF13:
 435 014c 63686172 		.ascii	"char\000"
 435      00
 436              	.LASF17:
 437 0151 4C43445F 		.ascii	"LCD_1_Position\000"
 437      315F506F 
 437      73697469 
 437      6F6E00
 438              	.LASF4:
ARM GAS  C:\Users\urdjt\AppData\Local\Temp\ccFPTKZa.s 			page 10


 439 0160 6C6F6E67 		.ascii	"long int\000"
 439      20696E74 
 439      00
 440              	.LASF12:
 441 0169 646F7562 		.ascii	"double\000"
 441      6C6500
 442              	.LASF23:
 443 0170 49544D5F 		.ascii	"ITM_RxBuffer\000"
 443      52784275 
 443      66666572 
 443      00
 444              	.LASF18:
 445 017d 4C43445F 		.ascii	"LCD_1_PrintString\000"
 445      315F5072 
 445      696E7453 
 445      7472696E 
 445      6700
 446              	.LASF15:
 447 018f 6C6F6E67 		.ascii	"long double\000"
 447      20646F75 
 447      626C6500 
 448              	.LASF9:
 449 019b 5F5F696E 		.ascii	"__int32_t\000"
 449      7433325F 
 449      7400
 450              	.LASF11:
 451 01a5 666C6F61 		.ascii	"float\000"
 451      7400
 452              	.LASF2:
 453 01ab 73686F72 		.ascii	"short int\000"
 453      7420696E 
 453      7400
 454              	.LASF10:
 455 01b5 696E7433 		.ascii	"int32_t\000"
 455      325F7400 
 456              	.LASF14:
 457 01bd 73697A65 		.ascii	"sizetype\000"
 457      74797065 
 457      00
 458              		.ident	"GCC: (GNU Tools for ARM Embedded Processors) 5.4.1 20160609 (release) [ARM/embedded-5-bran
