ARM GAS  C:\Users\urdjt\AppData\Local\Temp\cc5oRJt3.s 			page 1


   1              		.syntax unified
   2              		.cpu cortex-m3
   3              		.fpu softvfp
   4              		.eabi_attribute 20, 1
   5              		.eabi_attribute 21, 1
   6              		.eabi_attribute 23, 3
   7              		.eabi_attribute 24, 1
   8              		.eabi_attribute 25, 1
   9              		.eabi_attribute 26, 1
  10              		.eabi_attribute 30, 1
  11              		.eabi_attribute 34, 1
  12              		.eabi_attribute 18, 4
  13              		.thumb
  14              		.syntax unified
  15              		.file	"cymetadata.c"
  16              		.text
  17              	.Ltext0:
  18              		.cfi_sections	.debug_frame
  19              		.global	cy_metadata
  20              		.global	cy_meta_flashprotect
  21              		.global	cy_meta_wonvl
  22              		.global	cy_meta_custnvl
  23              		.global	cy_meta_configecc
  24              		.section	.cyconfigecc,"a",%progbits
  25              		.align	2
  26              		.type	cy_meta_configecc, %object
  27              		.size	cy_meta_configecc, 400
  28              	cy_meta_configecc:
  29 0000 01       		.byte	1
  30 0001 52       		.byte	82
  31 0002 00       		.byte	0
  32 0003 40       		.byte	64
  33 0004 01       		.byte	1
  34 0005 65       		.byte	101
  35 0006 00       		.byte	0
  36 0007 40       		.byte	64
  37 0008 01       		.byte	1
  38 0009 15       		.byte	21
  39 000a 01       		.byte	1
  40 000b 40       		.byte	64
  41 000c 57       		.byte	87
  42 000d 18       		.byte	24
  43 000e 01       		.byte	1
  44 000f 40       		.byte	64
  45 0010 2D       		.byte	45
  46 0011 19       		.byte	25
  47 0012 01       		.byte	1
  48 0013 40       		.byte	64
  49 0014 02       		.byte	2
  50 0015 1B       		.byte	27
  51 0016 01       		.byte	1
  52 0017 40       		.byte	64
  53 0018 02       		.byte	2
  54 0019 40       		.byte	64
  55 001a 01       		.byte	1
  56 001b 40       		.byte	64
  57 001c 01       		.byte	1
ARM GAS  C:\Users\urdjt\AppData\Local\Temp\cc5oRJt3.s 			page 2


  58 001d 41       		.byte	65
  59 001e 01       		.byte	1
  60 001f 40       		.byte	64
  61 0020 01       		.byte	1
  62 0021 42       		.byte	66
  63 0022 01       		.byte	1
  64 0023 40       		.byte	64
  65 0024 01       		.byte	1
  66 0025 43       		.byte	67
  67 0026 01       		.byte	1
  68 0027 40       		.byte	64
  69 0028 01       		.byte	1
  70 0029 48       		.byte	72
  71 002a 01       		.byte	1
  72 002b 40       		.byte	64
  73 002c 02       		.byte	2
  74 002d 49       		.byte	73
  75 002e 01       		.byte	1
  76 002f 40       		.byte	64
  77 0030 04       		.byte	4
  78 0031 4C       		.byte	76
  79 0032 01       		.byte	1
  80 0033 40       		.byte	64
  81 0034 03       		.byte	3
  82 0035 4D       		.byte	77
  83 0036 01       		.byte	1
  84 0037 40       		.byte	64
  85 0038 02       		.byte	2
  86 0039 50       		.byte	80
  87 003a 01       		.byte	1
  88 003b 40       		.byte	64
  89 003c 01       		.byte	1
  90 003d 51       		.byte	81
  91 003e 01       		.byte	1
  92 003f 40       		.byte	64
  93 0040 09       		.byte	9
  94 0041 04       		.byte	4
  95 0042 89       		.byte	-119
  96 0043 0F       		.byte	15
  97 0044 EE       		.byte	-18
  98 0045 08       		.byte	8
  99 0046 03       		.byte	3
 100 0047 08       		.byte	8
 101 0048 04       		.byte	4
 102 0049 0C       		.byte	12
 103 004a 06       		.byte	6
 104 004b 71       		.byte	113
 105 004c 08       		.byte	8
 106 004d 14       		.byte	20
 107 004e 09       		.byte	9
 108 004f 80       		.byte	-128
 109 0050 0B       		.byte	11
 110 0051 13       		.byte	19
 111 0052 0C       		.byte	12
 112 0053 10       		.byte	16
 113 0054 0E       		.byte	14
 114 0055 AC       		.byte	-84
ARM GAS  C:\Users\urdjt\AppData\Local\Temp\cc5oRJt3.s 			page 3


 115 0056 14       		.byte	20
 116 0057 09       		.byte	9
 117 0058 16       		.byte	22
 118 0059 D0       		.byte	-48
 119 005a 17       		.byte	23
 120 005b 0C       		.byte	12
 121 005c 19       		.byte	25
 122 005d 2C       		.byte	44
 123 005e 1B       		.byte	27
 124 005f 43       		.byte	67
 125 0060 1E       		.byte	30
 126 0061 03       		.byte	3
 127 0062 20       		.byte	32
 128 0063 10       		.byte	16
 129 0064 22       		.byte	34
 130 0065 40       		.byte	64
 131 0066 25       		.byte	37
 132 0067 71       		.byte	113
 133 0068 26       		.byte	38
 134 0069 20       		.byte	32
 135 006a 27       		.byte	39
 136 006b 0E       		.byte	14
 137 006c 28       		.byte	40
 138 006d DC       		.byte	-36
 139 006e 2A       		.byte	42
 140 006f 22       		.byte	34
 141 0070 2D       		.byte	45
 142 0071 71       		.byte	113
 143 0072 2F       		.byte	47
 144 0073 06       		.byte	6
 145 0074 31       		.byte	49
 146 0075 30       		.byte	48
 147 0076 33       		.byte	51
 148 0077 0F       		.byte	15
 149 0078 34       		.byte	52
 150 0079 E0       		.byte	-32
 151 007a 35       		.byte	53
 152 007b C0       		.byte	-64
 153 007c 36       		.byte	54
 154 007d 1F       		.byte	31
 155 007e 39       		.byte	57
 156 007f 22       		.byte	34
 157 0080 3A       		.byte	58
 158 0081 20       		.byte	32
 159 0082 3B       		.byte	59
 160 0083 08       		.byte	8
 161 0084 3F       		.byte	63
 162 0085 01       		.byte	1
 163 0086 40       		.byte	64
 164 0087 01       		.byte	1
 165 0088 45       		.byte	69
 166 0089 40       		.byte	64
 167 008a 49       		.byte	73
 168 008b FF       		.byte	-1
 169 008c 4A       		.byte	74
 170 008d 07       		.byte	7
 171 008e 4B       		.byte	75
ARM GAS  C:\Users\urdjt\AppData\Local\Temp\cc5oRJt3.s 			page 4


 172 008f FF       		.byte	-1
 173 0090 4C       		.byte	76
 174 0091 40       		.byte	64
 175 0092 4D       		.byte	77
 176 0093 20       		.byte	32
 177 0094 4E       		.byte	78
 178 0095 F0       		.byte	-16
 179 0096 4F       		.byte	79
 180 0097 05       		.byte	5
 181 0098 50       		.byte	80
 182 0099 08       		.byte	8
 183 009a 58       		.byte	88
 184 009b 04       		.byte	4
 185 009c 59       		.byte	89
 186 009d 04       		.byte	4
 187 009e 5A       		.byte	90
 188 009f 04       		.byte	4
 189 00a0 5F       		.byte	95
 190 00a1 01       		.byte	1
 191 00a2 60       		.byte	96
 192 00a3 40       		.byte	64
 193 00a4 61       		.byte	97
 194 00a5 A8       		.byte	-88
 195 00a6 62       		.byte	98
 196 00a7 40       		.byte	64
 197 00a8 63       		.byte	99
 198 00a9 20       		.byte	32
 199 00aa 80       		.byte	-128
 200 00ab 40       		.byte	64
 201 00ac 84       		.byte	-124
 202 00ad 13       		.byte	19
 203 00ae 86       		.byte	-122
 204 00af 04       		.byte	4
 205 00b0 88       		.byte	-120
 206 00b1 03       		.byte	3
 207 00b2 8A       		.byte	-118
 208 00b3 14       		.byte	20
 209 00b4 8C       		.byte	-116
 210 00b5 13       		.byte	19
 211 00b6 8E       		.byte	-114
 212 00b7 0C       		.byte	12
 213 00b8 9A       		.byte	-102
 214 00b9 08       		.byte	8
 215 00ba A0       		.byte	-96
 216 00bb 20       		.byte	32
 217 00bc A6       		.byte	-90
 218 00bd 15       		.byte	21
 219 00be A8       		.byte	-88
 220 00bf 0A       		.byte	10
 221 00c0 AA       		.byte	-86
 222 00c1 14       		.byte	20
 223 00c2 B0       		.byte	-80
 224 00c3 0F       		.byte	15
 225 00c4 B2       		.byte	-78
 226 00c5 40       		.byte	64
 227 00c6 B4       		.byte	-76
 228 00c7 20       		.byte	32
ARM GAS  C:\Users\urdjt\AppData\Local\Temp\cc5oRJt3.s 			page 5


 229 00c8 B6       		.byte	-74
 230 00c9 10       		.byte	16
 231 00ca BA       		.byte	-70
 232 00cb 02       		.byte	2
 233 00cc BE       		.byte	-66
 234 00cd 54       		.byte	84
 235 00ce C0       		.byte	-64
 236 00cf 43       		.byte	67
 237 00d0 C1       		.byte	-63
 238 00d1 02       		.byte	2
 239 00d2 C5       		.byte	-59
 240 00d3 EC       		.byte	-20
 241 00d4 C6       		.byte	-58
 242 00d5 B0       		.byte	-80
 243 00d6 C8       		.byte	-56
 244 00d7 0B       		.byte	11
 245 00d8 C9       		.byte	-55
 246 00d9 FF       		.byte	-1
 247 00da CA       		.byte	-54
 248 00db FF       		.byte	-1
 249 00dc CB       		.byte	-53
 250 00dd FF       		.byte	-1
 251 00de CE       		.byte	-50
 252 00df F0       		.byte	-16
 253 00e0 CF       		.byte	-49
 254 00e1 44       		.byte	68
 255 00e2 D0       		.byte	-48
 256 00e3 0C       		.byte	12
 257 00e4 D4       		.byte	-44
 258 00e5 01       		.byte	1
 259 00e6 D8       		.byte	-40
 260 00e7 04       		.byte	4
 261 00e8 DA       		.byte	-38
 262 00e9 04       		.byte	4
 263 00ea DB       		.byte	-37
 264 00eb 04       		.byte	4
 265 00ec DF       		.byte	-33
 266 00ed 01       		.byte	1
 267 00ee E6       		.byte	-26
 268 00ef C0       		.byte	-64
 269 00f0 EA       		.byte	-22
 270 00f1 40       		.byte	64
 271 00f2 EB       		.byte	-21
 272 00f3 02       		.byte	2
 273 00f4 00       		.byte	0
 274 00f5 21       		.byte	33
 275 00f6 01       		.byte	1
 276 00f7 20       		.byte	32
 277 00f8 03       		.byte	3
 278 00f9 22       		.byte	34
 279 00fa 04       		.byte	4
 280 00fb A4       		.byte	-92
 281 00fc 09       		.byte	9
 282 00fd 10       		.byte	16
 283 00fe 0E       		.byte	14
 284 00ff 22       		.byte	34
 285 0100 10       		.byte	16
ARM GAS  C:\Users\urdjt\AppData\Local\Temp\cc5oRJt3.s 			page 6


 286 0101 A0       		.byte	-96
 287 0102 13       		.byte	19
 288 0103 20       		.byte	32
 289 0104 15       		.byte	21
 290 0105 01       		.byte	1
 291 0106 16       		.byte	22
 292 0107 20       		.byte	32
 293 0108 17       		.byte	23
 294 0109 20       		.byte	32
 295 010a 18       		.byte	24
 296 010b 80       		.byte	-128
 297 010c 19       		.byte	25
 298 010d 48       		.byte	72
 299 010e 1A       		.byte	26
 300 010f 04       		.byte	4
 301 0110 1B       		.byte	27
 302 0111 02       		.byte	2
 303 0112 1C       		.byte	28
 304 0113 05       		.byte	5
 305 0114 1E       		.byte	30
 306 0115 02       		.byte	2
 307 0116 1F       		.byte	31
 308 0117 20       		.byte	32
 309 0118 25       		.byte	37
 310 0119 10       		.byte	16
 311 011a 26       		.byte	38
 312 011b 10       		.byte	16
 313 011c 27       		.byte	39
 314 011d 68       		.byte	104
 315 011e 2F       		.byte	47
 316 011f 22       		.byte	34
 317 0120 37       		.byte	55
 318 0121 28       		.byte	40
 319 0122 3D       		.byte	61
 320 0123 01       		.byte	1
 321 0124 3F       		.byte	63
 322 0125 20       		.byte	32
 323 0126 42       		.byte	66
 324 0127 20       		.byte	32
 325 0128 43       		.byte	67
 326 0129 22       		.byte	34
 327 012a 47       		.byte	71
 328 012b 40       		.byte	64
 329 012c 48       		.byte	72
 330 012d 90       		.byte	-112
 331 012e 49       		.byte	73
 332 012f 01       		.byte	1
 333 0130 4D       		.byte	77
 334 0131 01       		.byte	1
 335 0132 50       		.byte	80
 336 0133 10       		.byte	16
 337 0134 54       		.byte	84
 338 0135 20       		.byte	32
 339 0136 56       		.byte	86
 340 0137 20       		.byte	32
 341 0138 57       		.byte	87
 342 0139 10       		.byte	16
ARM GAS  C:\Users\urdjt\AppData\Local\Temp\cc5oRJt3.s 			page 7


 343 013a 59       		.byte	89
 344 013b 61       		.byte	97
 345 013c 5A       		.byte	90
 346 013d 04       		.byte	4
 347 013e C0       		.byte	-64
 348 013f EF       		.byte	-17
 349 0140 C2       		.byte	-62
 350 0141 A2       		.byte	-94
 351 0142 C4       		.byte	-60
 352 0143 7E       		.byte	126
 353 0144 CA       		.byte	-54
 354 0145 50       		.byte	80
 355 0146 CC       		.byte	-52
 356 0147 60       		.byte	96
 357 0148 CE       		.byte	-50
 358 0149 A0       		.byte	-96
 359 014a D0       		.byte	-48
 360 014b 17       		.byte	23
 361 014c D6       		.byte	-42
 362 014d 0F       		.byte	15
 363 014e B5       		.byte	-75
 364 014f 08       		.byte	8
 365 0150 EE       		.byte	-18
 366 0151 08       		.byte	8
 367 0152 33       		.byte	51
 368 0153 20       		.byte	32
 369 0154 CC       		.byte	-52
 370 0155 10       		.byte	16
 371 0156 A7       		.byte	-89
 372 0157 20       		.byte	32
 373 0158 A7       		.byte	-89
 374 0159 20       		.byte	32
 375 015a A7       		.byte	-89
 376 015b 20       		.byte	32
 377 015c A7       		.byte	-89
 378 015d 20       		.byte	32
 379 015e AF       		.byte	-81
 380 015f 20       		.byte	32
 381 0160 EE       		.byte	-18
 382 0161 10       		.byte	16
 383 0162 1F       		.byte	31
 384 0163 80       		.byte	-128
 385 0164 53       		.byte	83
 386 0165 01       		.byte	1
 387 0166 C6       		.byte	-58
 388 0167 01       		.byte	1
 389 0168 D4       		.byte	-44
 390 0169 01       		.byte	1
 391 016a AF       		.byte	-81
 392 016b 80       		.byte	-128
 393 016c B7       		.byte	-73
 394 016d 01       		.byte	1
 395 016e E8       		.byte	-24
 396 016f 02       		.byte	2
 397 0170 10       		.byte	16
 398 0171 01       		.byte	1
 399 0172 1C       		.byte	28
ARM GAS  C:\Users\urdjt\AppData\Local\Temp\cc5oRJt3.s 			page 8


 400 0173 01       		.byte	1
 401 0174 00       		.byte	0
 402 0175 03       		.byte	3
 403 0176 00       		.byte	0
 404 0177 00       		.byte	0
 405 0178 04       		.byte	4
 406 0179 00       		.byte	0
 407 017a 00       		.byte	0
 408 017b 0F       		.byte	15
 409 017c 0F       		.byte	15
 410 017d 00       		.byte	0
 411 017e 04       		.byte	4
 412 017f 00       		.byte	0
 413 0180 00       		.byte	0
 414 0181 00       		.byte	0
 415 0182 00       		.byte	0
 416 0183 00       		.byte	0
 417 0184 00       		.byte	0
 418 0185 00       		.byte	0
 419 0186 00       		.byte	0
 420 0187 00       		.byte	0
 421 0188 00       		.byte	0
 422 0189 00       		.byte	0
 423 018a 01       		.byte	1
 424 018b 00       		.byte	0
 425 018c 14       		.byte	20
 426 018d 00       		.byte	0
 427 018e 18       		.byte	24
 428 018f 01       		.byte	1
 429              		.section	.cywolatch,"a",%progbits
 430              		.align	2
 431              		.type	cy_meta_wonvl, %object
 432              		.size	cy_meta_wonvl, 4
 433              	cy_meta_wonvl:
 434 0000 BC       		.byte	-68
 435 0001 90       		.byte	-112
 436 0002 AC       		.byte	-84
 437 0003 AF       		.byte	-81
 438              		.section	.cycustnvl,"a",%progbits
 439              		.align	2
 440              		.type	cy_meta_custnvl, %object
 441              		.size	cy_meta_custnvl, 4
 442              	cy_meta_custnvl:
 443 0000 00       		.byte	0
 444 0001 00       		.byte	0
 445 0002 40       		.byte	64
 446 0003 05       		.byte	5
 447              		.section	.cymeta,"a",%progbits
 448              		.align	2
 449              		.type	cy_metadata, %object
 450              		.size	cy_metadata, 12
 451              	cy_metadata:
 452 0000 00       		.byte	0
 453 0001 01       		.byte	1
 454 0002 2E       		.byte	46
 455 0003 12       		.byte	18
 456 0004 30       		.byte	48
ARM GAS  C:\Users\urdjt\AppData\Local\Temp\cc5oRJt3.s 			page 9


 457 0005 69       		.byte	105
 458 0006 00       		.byte	0
 459 0007 01       		.byte	1
 460 0008 00       		.byte	0
 461 0009 00       		.byte	0
 462 000a 00       		.byte	0
 463 000b 00       		.byte	0
 464              		.section	.cyflashprotect,"a",%progbits
 465              		.align	2
 466              		.type	cy_meta_flashprotect, %object
 467              		.size	cy_meta_flashprotect, 256
 468              	cy_meta_flashprotect:
 469 0000 00000000 		.space	256
 469      00000000 
 469      00000000 
 469      00000000 
 469      00000000 
 470              		.text
 471              	.Letext0:
 472              		.file 1 "c:\\program files (x86)\\cypress\\psoc creator\\4.2\\psoc creator\\import\\gnu\\arm\\5.4.
 473              		.file 2 "c:\\program files (x86)\\cypress\\psoc creator\\4.2\\psoc creator\\import\\gnu\\arm\\5.4.
 474              		.file 3 "Generated_Source\\PSoC5\\cymetadata.c"
 475              		.section	.debug_info,"",%progbits
 476              	.Ldebug_info0:
 477 0000 31010000 		.4byte	0x131
 478 0004 0400     		.2byte	0x4
 479 0006 00000000 		.4byte	.Ldebug_abbrev0
 480 000a 04       		.byte	0x4
 481 000b 01       		.uleb128 0x1
 482 000c 24000000 		.4byte	.LASF17
 483 0010 0C       		.byte	0xc
 484 0011 CC010000 		.4byte	.LASF18
 485 0015 7E010000 		.4byte	.LASF19
 486 0019 00000000 		.4byte	.Ldebug_line0
 487 001d 02       		.uleb128 0x2
 488 001e 01       		.byte	0x1
 489 001f 06       		.byte	0x6
 490 0020 72010000 		.4byte	.LASF0
 491 0024 03       		.uleb128 0x3
 492 0025 00000000 		.4byte	.LASF9
 493 0029 01       		.byte	0x1
 494 002a 1D       		.byte	0x1d
 495 002b 2F000000 		.4byte	0x2f
 496 002f 02       		.uleb128 0x2
 497 0030 01       		.byte	0x1
 498 0031 08       		.byte	0x8
 499 0032 16000000 		.4byte	.LASF1
 500 0036 02       		.uleb128 0x2
 501 0037 02       		.byte	0x2
 502 0038 05       		.byte	0x5
 503 0039 5F010000 		.4byte	.LASF2
 504 003d 02       		.uleb128 0x2
 505 003e 02       		.byte	0x2
 506 003f 07       		.byte	0x7
 507 0040 C4000000 		.4byte	.LASF3
 508 0044 02       		.uleb128 0x2
 509 0045 04       		.byte	0x4
ARM GAS  C:\Users\urdjt\AppData\Local\Temp\cc5oRJt3.s 			page 10


 510 0046 05       		.byte	0x5
 511 0047 69010000 		.4byte	.LASF4
 512 004b 02       		.uleb128 0x2
 513 004c 04       		.byte	0x4
 514 004d 07       		.byte	0x7
 515 004e B2000000 		.4byte	.LASF5
 516 0052 02       		.uleb128 0x2
 517 0053 08       		.byte	0x8
 518 0054 05       		.byte	0x5
 519 0055 51010000 		.4byte	.LASF6
 520 0059 02       		.uleb128 0x2
 521 005a 08       		.byte	0x8
 522 005b 07       		.byte	0x7
 523 005c 06010000 		.4byte	.LASF7
 524 0060 04       		.uleb128 0x4
 525 0061 04       		.byte	0x4
 526 0062 05       		.byte	0x5
 527 0063 696E7400 		.ascii	"int\000"
 528 0067 02       		.uleb128 0x2
 529 0068 04       		.byte	0x4
 530 0069 07       		.byte	0x7
 531 006a F9000000 		.4byte	.LASF8
 532 006e 03       		.uleb128 0x3
 533 006f 1D010000 		.4byte	.LASF10
 534 0073 02       		.byte	0x2
 535 0074 18       		.byte	0x18
 536 0075 24000000 		.4byte	0x24
 537 0079 05       		.uleb128 0x5
 538 007a 91000000 		.4byte	0x91
 539 007e 8A000000 		.4byte	0x8a
 540 0082 06       		.uleb128 0x6
 541 0083 8A000000 		.4byte	0x8a
 542 0087 8F01     		.2byte	0x18f
 543 0089 00       		.byte	0
 544 008a 02       		.uleb128 0x2
 545 008b 04       		.byte	0x4
 546 008c 07       		.byte	0x7
 547 008d 48010000 		.4byte	.LASF11
 548 0091 07       		.uleb128 0x7
 549 0092 6E000000 		.4byte	0x6e
 550 0096 08       		.uleb128 0x8
 551 0097 E7000000 		.4byte	.LASF12
 552 009b 03       		.byte	0x3
 553 009c 1F       		.byte	0x1f
 554 009d A7000000 		.4byte	0xa7
 555 00a1 05       		.uleb128 0x5
 556 00a2 03       		.byte	0x3
 557 00a3 00000000 		.4byte	cy_meta_configecc
 558 00a7 07       		.uleb128 0x7
 559 00a8 79000000 		.4byte	0x79
 560 00ac 05       		.uleb128 0x5
 561 00ad 91000000 		.4byte	0x91
 562 00b1 BC000000 		.4byte	0xbc
 563 00b5 09       		.uleb128 0x9
 564 00b6 8A000000 		.4byte	0x8a
 565 00ba 03       		.byte	0x3
 566 00bb 00       		.byte	0
ARM GAS  C:\Users\urdjt\AppData\Local\Temp\cc5oRJt3.s 			page 11


 567 00bc 08       		.uleb128 0x8
 568 00bd D7000000 		.4byte	.LASF13
 569 00c1 03       		.byte	0x3
 570 00c2 5E       		.byte	0x5e
 571 00c3 CD000000 		.4byte	0xcd
 572 00c7 05       		.uleb128 0x5
 573 00c8 03       		.byte	0x3
 574 00c9 00000000 		.4byte	cy_meta_custnvl
 575 00cd 07       		.uleb128 0x7
 576 00ce AC000000 		.4byte	0xac
 577 00d2 08       		.uleb128 0x8
 578 00d3 3A010000 		.4byte	.LASF14
 579 00d7 03       		.byte	0x3
 580 00d8 6C       		.byte	0x6c
 581 00d9 E3000000 		.4byte	0xe3
 582 00dd 05       		.uleb128 0x5
 583 00de 03       		.byte	0x3
 584 00df 00000000 		.4byte	cy_meta_wonvl
 585 00e3 07       		.uleb128 0x7
 586 00e4 AC000000 		.4byte	0xac
 587 00e8 05       		.uleb128 0x5
 588 00e9 91000000 		.4byte	0x91
 589 00ed F8000000 		.4byte	0xf8
 590 00f1 09       		.uleb128 0x9
 591 00f2 8A000000 		.4byte	0x8a
 592 00f6 FF       		.byte	0xff
 593 00f7 00       		.byte	0
 594 00f8 08       		.uleb128 0x8
 595 00f9 25010000 		.4byte	.LASF15
 596 00fd 03       		.byte	0x3
 597 00fe 7A       		.byte	0x7a
 598 00ff 09010000 		.4byte	0x109
 599 0103 05       		.uleb128 0x5
 600 0104 03       		.byte	0x3
 601 0105 00000000 		.4byte	cy_meta_flashprotect
 602 0109 07       		.uleb128 0x7
 603 010a E8000000 		.4byte	0xe8
 604 010e 05       		.uleb128 0x5
 605 010f 91000000 		.4byte	0x91
 606 0113 1E010000 		.4byte	0x11e
 607 0117 09       		.uleb128 0x9
 608 0118 8A000000 		.4byte	0x8a
 609 011c 0B       		.byte	0xb
 610 011d 00       		.byte	0
 611 011e 08       		.uleb128 0x8
 612 011f 0A000000 		.4byte	.LASF16
 613 0123 03       		.byte	0x3
 614 0124 A7       		.byte	0xa7
 615 0125 2F010000 		.4byte	0x12f
 616 0129 05       		.uleb128 0x5
 617 012a 03       		.byte	0x3
 618 012b 00000000 		.4byte	cy_metadata
 619 012f 07       		.uleb128 0x7
 620 0130 0E010000 		.4byte	0x10e
 621 0134 00       		.byte	0
 622              		.section	.debug_abbrev,"",%progbits
 623              	.Ldebug_abbrev0:
ARM GAS  C:\Users\urdjt\AppData\Local\Temp\cc5oRJt3.s 			page 12


 624 0000 01       		.uleb128 0x1
 625 0001 11       		.uleb128 0x11
 626 0002 01       		.byte	0x1
 627 0003 25       		.uleb128 0x25
 628 0004 0E       		.uleb128 0xe
 629 0005 13       		.uleb128 0x13
 630 0006 0B       		.uleb128 0xb
 631 0007 03       		.uleb128 0x3
 632 0008 0E       		.uleb128 0xe
 633 0009 1B       		.uleb128 0x1b
 634 000a 0E       		.uleb128 0xe
 635 000b 10       		.uleb128 0x10
 636 000c 17       		.uleb128 0x17
 637 000d 00       		.byte	0
 638 000e 00       		.byte	0
 639 000f 02       		.uleb128 0x2
 640 0010 24       		.uleb128 0x24
 641 0011 00       		.byte	0
 642 0012 0B       		.uleb128 0xb
 643 0013 0B       		.uleb128 0xb
 644 0014 3E       		.uleb128 0x3e
 645 0015 0B       		.uleb128 0xb
 646 0016 03       		.uleb128 0x3
 647 0017 0E       		.uleb128 0xe
 648 0018 00       		.byte	0
 649 0019 00       		.byte	0
 650 001a 03       		.uleb128 0x3
 651 001b 16       		.uleb128 0x16
 652 001c 00       		.byte	0
 653 001d 03       		.uleb128 0x3
 654 001e 0E       		.uleb128 0xe
 655 001f 3A       		.uleb128 0x3a
 656 0020 0B       		.uleb128 0xb
 657 0021 3B       		.uleb128 0x3b
 658 0022 0B       		.uleb128 0xb
 659 0023 49       		.uleb128 0x49
 660 0024 13       		.uleb128 0x13
 661 0025 00       		.byte	0
 662 0026 00       		.byte	0
 663 0027 04       		.uleb128 0x4
 664 0028 24       		.uleb128 0x24
 665 0029 00       		.byte	0
 666 002a 0B       		.uleb128 0xb
 667 002b 0B       		.uleb128 0xb
 668 002c 3E       		.uleb128 0x3e
 669 002d 0B       		.uleb128 0xb
 670 002e 03       		.uleb128 0x3
 671 002f 08       		.uleb128 0x8
 672 0030 00       		.byte	0
 673 0031 00       		.byte	0
 674 0032 05       		.uleb128 0x5
 675 0033 01       		.uleb128 0x1
 676 0034 01       		.byte	0x1
 677 0035 49       		.uleb128 0x49
 678 0036 13       		.uleb128 0x13
 679 0037 01       		.uleb128 0x1
 680 0038 13       		.uleb128 0x13
ARM GAS  C:\Users\urdjt\AppData\Local\Temp\cc5oRJt3.s 			page 13


 681 0039 00       		.byte	0
 682 003a 00       		.byte	0
 683 003b 06       		.uleb128 0x6
 684 003c 21       		.uleb128 0x21
 685 003d 00       		.byte	0
 686 003e 49       		.uleb128 0x49
 687 003f 13       		.uleb128 0x13
 688 0040 2F       		.uleb128 0x2f
 689 0041 05       		.uleb128 0x5
 690 0042 00       		.byte	0
 691 0043 00       		.byte	0
 692 0044 07       		.uleb128 0x7
 693 0045 26       		.uleb128 0x26
 694 0046 00       		.byte	0
 695 0047 49       		.uleb128 0x49
 696 0048 13       		.uleb128 0x13
 697 0049 00       		.byte	0
 698 004a 00       		.byte	0
 699 004b 08       		.uleb128 0x8
 700 004c 34       		.uleb128 0x34
 701 004d 00       		.byte	0
 702 004e 03       		.uleb128 0x3
 703 004f 0E       		.uleb128 0xe
 704 0050 3A       		.uleb128 0x3a
 705 0051 0B       		.uleb128 0xb
 706 0052 3B       		.uleb128 0x3b
 707 0053 0B       		.uleb128 0xb
 708 0054 49       		.uleb128 0x49
 709 0055 13       		.uleb128 0x13
 710 0056 3F       		.uleb128 0x3f
 711 0057 19       		.uleb128 0x19
 712 0058 02       		.uleb128 0x2
 713 0059 18       		.uleb128 0x18
 714 005a 00       		.byte	0
 715 005b 00       		.byte	0
 716 005c 09       		.uleb128 0x9
 717 005d 21       		.uleb128 0x21
 718 005e 00       		.byte	0
 719 005f 49       		.uleb128 0x49
 720 0060 13       		.uleb128 0x13
 721 0061 2F       		.uleb128 0x2f
 722 0062 0B       		.uleb128 0xb
 723 0063 00       		.byte	0
 724 0064 00       		.byte	0
 725 0065 00       		.byte	0
 726              		.section	.debug_aranges,"",%progbits
 727 0000 14000000 		.4byte	0x14
 728 0004 0200     		.2byte	0x2
 729 0006 00000000 		.4byte	.Ldebug_info0
 730 000a 04       		.byte	0x4
 731 000b 00       		.byte	0
 732 000c 0000     		.2byte	0
 733 000e 0000     		.2byte	0
 734 0010 00000000 		.4byte	0
 735 0014 00000000 		.4byte	0
 736              		.section	.debug_line,"",%progbits
 737              	.Ldebug_line0:
ARM GAS  C:\Users\urdjt\AppData\Local\Temp\cc5oRJt3.s 			page 14


 738 0000 3D010000 		.section	.debug_str,"MS",%progbits,1
 738      02003701 
 738      00000201 
 738      FB0E0D00 
 738      01010101 
 739              	.LASF9:
 740 0000 5F5F7569 		.ascii	"__uint8_t\000"
 740      6E74385F 
 740      7400
 741              	.LASF16:
 742 000a 63795F6D 		.ascii	"cy_metadata\000"
 742      65746164 
 742      61746100 
 743              	.LASF1:
 744 0016 756E7369 		.ascii	"unsigned char\000"
 744      676E6564 
 744      20636861 
 744      7200
 745              	.LASF17:
 746 0024 474E5520 		.ascii	"GNU C11 5.4.1 20160609 (release) [ARM/embedded-5-br"
 746      43313120 
 746      352E342E 
 746      31203230 
 746      31363036 
 747 0057 616E6368 		.ascii	"anch revision 237715] -mcpu=cortex-m3 -mthumb -g -O"
 747      20726576 
 747      6973696F 
 747      6E203233 
 747      37373135 
 748 008a 67202D66 		.ascii	"g -ffunction-sections -ffat-lto-objects\000"
 748      66756E63 
 748      74696F6E 
 748      2D736563 
 748      74696F6E 
 749              	.LASF5:
 750 00b2 6C6F6E67 		.ascii	"long unsigned int\000"
 750      20756E73 
 750      69676E65 
 750      6420696E 
 750      7400
 751              	.LASF3:
 752 00c4 73686F72 		.ascii	"short unsigned int\000"
 752      7420756E 
 752      7369676E 
 752      65642069 
 752      6E7400
 753              	.LASF13:
 754 00d7 63795F6D 		.ascii	"cy_meta_custnvl\000"
 754      6574615F 
 754      63757374 
 754      6E766C00 
 755              	.LASF12:
 756 00e7 63795F6D 		.ascii	"cy_meta_configecc\000"
 756      6574615F 
 756      636F6E66 
 756      69676563 
 756      6300
ARM GAS  C:\Users\urdjt\AppData\Local\Temp\cc5oRJt3.s 			page 15


 757              	.LASF8:
 758 00f9 756E7369 		.ascii	"unsigned int\000"
 758      676E6564 
 758      20696E74 
 758      00
 759              	.LASF7:
 760 0106 6C6F6E67 		.ascii	"long long unsigned int\000"
 760      206C6F6E 
 760      6720756E 
 760      7369676E 
 760      65642069 
 761              	.LASF10:
 762 011d 75696E74 		.ascii	"uint8_t\000"
 762      385F7400 
 763              	.LASF15:
 764 0125 63795F6D 		.ascii	"cy_meta_flashprotect\000"
 764      6574615F 
 764      666C6173 
 764      6870726F 
 764      74656374 
 765              	.LASF14:
 766 013a 63795F6D 		.ascii	"cy_meta_wonvl\000"
 766      6574615F 
 766      776F6E76 
 766      6C00
 767              	.LASF11:
 768 0148 73697A65 		.ascii	"sizetype\000"
 768      74797065 
 768      00
 769              	.LASF6:
 770 0151 6C6F6E67 		.ascii	"long long int\000"
 770      206C6F6E 
 770      6720696E 
 770      7400
 771              	.LASF2:
 772 015f 73686F72 		.ascii	"short int\000"
 772      7420696E 
 772      7400
 773              	.LASF4:
 774 0169 6C6F6E67 		.ascii	"long int\000"
 774      20696E74 
 774      00
 775              	.LASF0:
 776 0172 7369676E 		.ascii	"signed char\000"
 776      65642063 
 776      68617200 
 777              	.LASF19:
 778 017e 453A5C50 		.ascii	"E:\\Praktikum adaptive Sensorelektronik\\PSoC Creat"
 778      72616B74 
 778      696B756D 
 778      20616461 
 778      70746976 
 779 01af 6F725C36 		.ascii	"or\\6\\Workspace01\\Teil1.cydsn\000"
 779      5C576F72 
 779      6B737061 
 779      63653031 
 779      5C546569 
ARM GAS  C:\Users\urdjt\AppData\Local\Temp\cc5oRJt3.s 			page 16


 780              	.LASF18:
 781 01cc 47656E65 		.ascii	"Generated_Source\\PSoC5\\cymetadata.c\000"
 781      72617465 
 781      645F536F 
 781      75726365 
 781      5C50536F 
 782              		.ident	"GCC: (GNU Tools for ARM Embedded Processors) 5.4.1 20160609 (release) [ARM/embedded-5-bran
