ARM GAS  C:\Users\urdjt\AppData\Local\Temp\cce8cxB6.s 			page 1


   1              		.syntax unified
   2              		.cpu cortex-m3
   3              		.fpu softvfp
   4              		.eabi_attribute 20, 1
   5              		.eabi_attribute 21, 1
   6              		.eabi_attribute 23, 3
   7              		.eabi_attribute 24, 1
   8              		.eabi_attribute 25, 1
   9              		.eabi_attribute 26, 1
  10              		.eabi_attribute 30, 1
  11              		.eabi_attribute 34, 1
  12              		.eabi_attribute 18, 4
  13              		.thumb
  14              		.syntax unified
  15              		.file	"main.c"
  16              		.text
  17              	.Ltext0:
  18              		.cfi_sections	.debug_frame
  19              		.section	.text.main,"ax",%progbits
  20              		.align	2
  21              		.global	main
  22              		.thumb
  23              		.thumb_func
  24              		.type	main, %function
  25              	main:
  26              	.LFB64:
  27              		.file 1 "main.c"
   1:main.c        **** /* ========================================
   2:main.c        ****  *
   3:main.c        ****  * Copyright YOUR COMPANY, THE YEAR
   4:main.c        ****  * All Rights Reserved
   5:main.c        ****  * UNPUBLISHED, LICENSED SOFTWARE.
   6:main.c        ****  *
   7:main.c        ****  * CONFIDENTIAL AND PROPRIETARY INFORMATION
   8:main.c        ****  * WHICH IS THE PROPERTY OF your company.
   9:main.c        ****  *
  10:main.c        ****  * ========================================
  11:main.c        **** */
  12:main.c        **** #include "project.h"
  13:main.c        **** #include "stdio.h"
  14:main.c        **** 
  15:main.c        **** int adcResult = 0;
  16:main.c        **** char toSend[30];
  17:main.c        **** 
  18:main.c        **** int main(void)
  19:main.c        **** {
  28              		.loc 1 19 0
  29              		.cfi_startproc
  30              		@ Volatile: function does not return.
  31              		@ args = 0, pretend = 0, frame = 0
  32              		@ frame_needed = 0, uses_anonymous_args = 0
  33 0000 08B5     		push	{r3, lr}
  34              		.cfi_def_cfa_offset 8
  35              		.cfi_offset 3, -8
  36              		.cfi_offset 14, -4
  20:main.c        ****     CyGlobalIntEnable; /* Enable global interrupts. */
  37              		.loc 1 20 0
ARM GAS  C:\Users\urdjt\AppData\Local\Temp\cce8cxB6.s 			page 2


  38              		.syntax unified
  39              	@ 20 "main.c" 1
  40 0002 62B6     		CPSIE   i
  41              	@ 0 "" 2
  21:main.c        **** 
  22:main.c        ****     /* Place your initialization/startup code here (e.g. MyInst_Start()) */
  23:main.c        ****     VDAC8_1_Start();
  42              		.loc 1 23 0
  43              		.thumb
  44              		.syntax unified
  45 0004 FFF7FEFF 		bl	VDAC8_1_Start
  46              	.LVL0:
  24:main.c        ****     PGA_1_Start();
  47              		.loc 1 24 0
  48 0008 FFF7FEFF 		bl	PGA_1_Start
  49              	.LVL1:
  25:main.c        ****     ADC_SAR_1_Start();
  50              		.loc 1 25 0
  51 000c FFF7FEFF 		bl	ADC_SAR_1_Start
  52              	.LVL2:
  26:main.c        ****     ADC_SAR_1_StartConvert();
  53              		.loc 1 26 0
  54 0010 FFF7FEFF 		bl	ADC_SAR_1_StartConvert
  55              	.LVL3:
  27:main.c        ****     UART_1_Start();
  56              		.loc 1 27 0
  57 0014 FFF7FEFF 		bl	UART_1_Start
  58              	.LVL4:
  59              	.L2:
  28:main.c        ****     while(1)
  29:main.c        ****     {
  30:main.c        ****         /*
  31:main.c        ****           ADW Wert wird nach einer Umwandlung gespeichert
  32:main.c        ****           und den Steuercode wird hinzugefügt.
  33:main.c        ****           Danach werden die Daten in einem String umgewandelt
  34:main.c        ****           und gesendet.
  35:main.c        ****         */
  36:main.c        ****         if (ADC_SAR_1_IsEndConversion(ADC_SAR_1_WAIT_FOR_RESULT))
  60              		.loc 1 36 0
  61 0018 0020     		movs	r0, #0
  62 001a FFF7FEFF 		bl	ADC_SAR_1_IsEndConversion
  63              	.LVL5:
  64 001e 0028     		cmp	r0, #0
  65 0020 FAD0     		beq	.L2
  37:main.c        ****         {
  38:main.c        ****             adcResult = ADC_SAR_1_GetResult16();
  66              		.loc 1 38 0
  67 0022 FFF7FEFF 		bl	ADC_SAR_1_GetResult16
  68              	.LVL6:
  39:main.c        ****             adcResult &= ~(0xF000);
  69              		.loc 1 39 0
  70 0026 20F47040 		bic	r0, r0, #61440
  40:main.c        ****             adcResult |= 0x3000;
  71              		.loc 1 40 0
  72 002a 40F44052 		orr	r2, r0, #12288
  73 002e 074B     		ldr	r3, .L5
  74 0030 1A60     		str	r2, [r3]
ARM GAS  C:\Users\urdjt\AppData\Local\Temp\cce8cxB6.s 			page 3


  41:main.c        ****             sprintf(toSend, "%x", adcResult);
  75              		.loc 1 41 0
  76 0032 074C     		ldr	r4, .L5+4
  77 0034 0749     		ldr	r1, .L5+8
  78 0036 2046     		mov	r0, r4
  79 0038 FFF7FEFF 		bl	sprintf
  80              	.LVL7:
  42:main.c        ****             UART_1_PutString(toSend);
  81              		.loc 1 42 0
  82 003c 2046     		mov	r0, r4
  83 003e FFF7FEFF 		bl	UART_1_PutString
  84              	.LVL8:
  43:main.c        ****             CyDelay(500);
  85              		.loc 1 43 0
  86 0042 4FF4FA70 		mov	r0, #500
  87 0046 FFF7FEFF 		bl	CyDelay
  88              	.LVL9:
  89 004a E5E7     		b	.L2
  90              	.L6:
  91              		.align	2
  92              	.L5:
  93 004c 00000000 		.word	.LANCHOR0
  94 0050 00000000 		.word	toSend
  95 0054 00000000 		.word	.LC0
  96              		.cfi_endproc
  97              	.LFE64:
  98              		.size	main, .-main
  99              		.comm	toSend,30,4
 100              		.global	adcResult
 101              		.section	.rodata.str1.4,"aMS",%progbits,1
 102              		.align	2
 103              	.LC0:
 104 0000 257800   		.ascii	"%x\000"
 105              		.bss
 106              		.align	2
 107              		.set	.LANCHOR0,. + 0
 108              		.type	adcResult, %object
 109              		.size	adcResult, 4
 110              	adcResult:
 111 0000 00000000 		.space	4
 112              		.text
 113              	.Letext0:
 114              		.file 2 "c:\\program files (x86)\\cypress\\psoc creator\\4.2\\psoc creator\\import\\gnu\\arm\\5.4.
 115              		.file 3 "c:\\program files (x86)\\cypress\\psoc creator\\4.2\\psoc creator\\import\\gnu\\arm\\5.4.
 116              		.file 4 "Generated_Source\\PSoC5/core_cm3.h"
 117              		.file 5 "Generated_Source\\PSoC5/VDAC8_1.h"
 118              		.file 6 "Generated_Source\\PSoC5/PGA_1.h"
 119              		.file 7 "Generated_Source\\PSoC5/ADC_SAR_1.h"
 120              		.file 8 "Generated_Source\\PSoC5/UART_1.h"
 121              		.file 9 "c:\\program files (x86)\\cypress\\psoc creator\\4.2\\psoc creator\\import\\gnu\\arm\\5.4.
 122              		.file 10 "Generated_Source\\PSoC5/CyLib.h"
 123              		.section	.debug_info,"",%progbits
 124              	.Ldebug_info0:
 125 0000 F7010000 		.4byte	0x1f7
 126 0004 0400     		.2byte	0x4
 127 0006 00000000 		.4byte	.Ldebug_abbrev0
 128 000a 04       		.byte	0x4
ARM GAS  C:\Users\urdjt\AppData\Local\Temp\cce8cxB6.s 			page 4


 129 000b 01       		.uleb128 0x1
 130 000c 6B000000 		.4byte	.LASF29
 131 0010 0C       		.byte	0xc
 132 0011 AC010000 		.4byte	.LASF30
 133 0015 F3010000 		.4byte	.LASF31
 134 0019 00000000 		.4byte	.Ldebug_ranges0+0
 135 001d 00000000 		.4byte	0
 136 0021 00000000 		.4byte	.Ldebug_line0
 137 0025 02       		.uleb128 0x2
 138 0026 01       		.byte	0x1
 139 0027 06       		.byte	0x6
 140 0028 D7010000 		.4byte	.LASF0
 141 002c 02       		.uleb128 0x2
 142 002d 01       		.byte	0x1
 143 002e 08       		.byte	0x8
 144 002f 5D000000 		.4byte	.LASF1
 145 0033 02       		.uleb128 0x2
 146 0034 02       		.byte	0x2
 147 0035 05       		.byte	0x5
 148 0036 B8010000 		.4byte	.LASF2
 149 003a 02       		.uleb128 0x2
 150 003b 02       		.byte	0x2
 151 003c 07       		.byte	0x7
 152 003d 23000000 		.4byte	.LASF3
 153 0041 03       		.uleb128 0x3
 154 0042 19000000 		.4byte	.LASF9
 155 0046 02       		.byte	0x2
 156 0047 3F       		.byte	0x3f
 157 0048 4C000000 		.4byte	0x4c
 158 004c 02       		.uleb128 0x2
 159 004d 04       		.byte	0x4
 160 004e 05       		.byte	0x5
 161 004f C2010000 		.4byte	.LASF4
 162 0053 02       		.uleb128 0x2
 163 0054 04       		.byte	0x4
 164 0055 07       		.byte	0x7
 165 0056 32010000 		.4byte	.LASF5
 166 005a 02       		.uleb128 0x2
 167 005b 08       		.byte	0x8
 168 005c 05       		.byte	0x5
 169 005d 9E010000 		.4byte	.LASF6
 170 0061 02       		.uleb128 0x2
 171 0062 08       		.byte	0x8
 172 0063 07       		.byte	0x7
 173 0064 56010000 		.4byte	.LASF7
 174 0068 04       		.uleb128 0x4
 175 0069 04       		.byte	0x4
 176 006a 05       		.byte	0x5
 177 006b 696E7400 		.ascii	"int\000"
 178 006f 02       		.uleb128 0x2
 179 0070 04       		.byte	0x4
 180 0071 07       		.byte	0x7
 181 0072 49010000 		.4byte	.LASF8
 182 0076 03       		.uleb128 0x3
 183 0077 77010000 		.4byte	.LASF10
 184 007b 03       		.byte	0x3
 185 007c 2C       		.byte	0x2c
ARM GAS  C:\Users\urdjt\AppData\Local\Temp\cce8cxB6.s 			page 5


 186 007d 41000000 		.4byte	0x41
 187 0081 02       		.uleb128 0x2
 188 0082 04       		.byte	0x4
 189 0083 04       		.byte	0x4
 190 0084 3D000000 		.4byte	.LASF11
 191 0088 02       		.uleb128 0x2
 192 0089 08       		.byte	0x8
 193 008a 04       		.byte	0x4
 194 008b 36000000 		.4byte	.LASF12
 195 008f 02       		.uleb128 0x2
 196 0090 01       		.byte	0x1
 197 0091 08       		.byte	0x8
 198 0092 B3010000 		.4byte	.LASF13
 199 0096 02       		.uleb128 0x2
 200 0097 08       		.byte	0x8
 201 0098 04       		.byte	0x4
 202 0099 CB010000 		.4byte	.LASF14
 203 009d 02       		.uleb128 0x2
 204 009e 04       		.byte	0x4
 205 009f 07       		.byte	0x7
 206 00a0 7F010000 		.4byte	.LASF15
 207 00a4 05       		.uleb128 0x5
 208 00a5 44010000 		.4byte	.LASF32
 209 00a9 01       		.byte	0x1
 210 00aa 12       		.byte	0x12
 211 00ab 68000000 		.4byte	0x68
 212 00af 00000000 		.4byte	.LFB64
 213 00b3 58000000 		.4byte	.LFE64-.LFB64
 214 00b7 01       		.uleb128 0x1
 215 00b8 9C       		.byte	0x9c
 216 00b9 49010000 		.4byte	0x149
 217 00bd 06       		.uleb128 0x6
 218 00be 08000000 		.4byte	.LVL0
 219 00c2 8C010000 		.4byte	0x18c
 220 00c6 06       		.uleb128 0x6
 221 00c7 0C000000 		.4byte	.LVL1
 222 00cb 97010000 		.4byte	0x197
 223 00cf 06       		.uleb128 0x6
 224 00d0 10000000 		.4byte	.LVL2
 225 00d4 A2010000 		.4byte	0x1a2
 226 00d8 06       		.uleb128 0x6
 227 00d9 14000000 		.4byte	.LVL3
 228 00dd AD010000 		.4byte	0x1ad
 229 00e1 06       		.uleb128 0x6
 230 00e2 18000000 		.4byte	.LVL4
 231 00e6 B8010000 		.4byte	0x1b8
 232 00ea 07       		.uleb128 0x7
 233 00eb 1E000000 		.4byte	.LVL5
 234 00ef C3010000 		.4byte	0x1c3
 235 00f3 FD000000 		.4byte	0xfd
 236 00f7 08       		.uleb128 0x8
 237 00f8 01       		.uleb128 0x1
 238 00f9 50       		.byte	0x50
 239 00fa 01       		.uleb128 0x1
 240 00fb 30       		.byte	0x30
 241 00fc 00       		.byte	0
 242 00fd 06       		.uleb128 0x6
ARM GAS  C:\Users\urdjt\AppData\Local\Temp\cce8cxB6.s 			page 6


 243 00fe 26000000 		.4byte	.LVL6
 244 0102 CE010000 		.4byte	0x1ce
 245 0106 07       		.uleb128 0x7
 246 0107 3C000000 		.4byte	.LVL7
 247 010b D9010000 		.4byte	0x1d9
 248 010f 23010000 		.4byte	0x123
 249 0113 08       		.uleb128 0x8
 250 0114 01       		.uleb128 0x1
 251 0115 50       		.byte	0x50
 252 0116 02       		.uleb128 0x2
 253 0117 74       		.byte	0x74
 254 0118 00       		.sleb128 0
 255 0119 08       		.uleb128 0x8
 256 011a 01       		.uleb128 0x1
 257 011b 51       		.byte	0x51
 258 011c 05       		.uleb128 0x5
 259 011d 03       		.byte	0x3
 260 011e 00000000 		.4byte	.LC0
 261 0122 00       		.byte	0
 262 0123 07       		.uleb128 0x7
 263 0124 42000000 		.4byte	.LVL8
 264 0128 E4010000 		.4byte	0x1e4
 265 012c 37010000 		.4byte	0x137
 266 0130 08       		.uleb128 0x8
 267 0131 01       		.uleb128 0x1
 268 0132 50       		.byte	0x50
 269 0133 02       		.uleb128 0x2
 270 0134 74       		.byte	0x74
 271 0135 00       		.sleb128 0
 272 0136 00       		.byte	0
 273 0137 09       		.uleb128 0x9
 274 0138 4A000000 		.4byte	.LVL9
 275 013c EF010000 		.4byte	0x1ef
 276 0140 08       		.uleb128 0x8
 277 0141 01       		.uleb128 0x1
 278 0142 50       		.byte	0x50
 279 0143 03       		.uleb128 0x3
 280 0144 0A       		.byte	0xa
 281 0145 F401     		.2byte	0x1f4
 282 0147 00       		.byte	0
 283 0148 00       		.byte	0
 284 0149 0A       		.uleb128 0xa
 285 014a 17010000 		.4byte	.LASF16
 286 014e 04       		.byte	0x4
 287 014f 1207     		.2byte	0x712
 288 0151 55010000 		.4byte	0x155
 289 0155 0B       		.uleb128 0xb
 290 0156 76000000 		.4byte	0x76
 291 015a 0C       		.uleb128 0xc
 292 015b 6D010000 		.4byte	.LASF17
 293 015f 01       		.byte	0x1
 294 0160 0F       		.byte	0xf
 295 0161 68000000 		.4byte	0x68
 296 0165 05       		.uleb128 0x5
 297 0166 03       		.byte	0x3
 298 0167 00000000 		.4byte	adcResult
 299 016b 0D       		.uleb128 0xd
ARM GAS  C:\Users\urdjt\AppData\Local\Temp\cce8cxB6.s 			page 7


 300 016c 8F000000 		.4byte	0x8f
 301 0170 7B010000 		.4byte	0x17b
 302 0174 0E       		.uleb128 0xe
 303 0175 9D000000 		.4byte	0x9d
 304 0179 1D       		.byte	0x1d
 305 017a 00       		.byte	0
 306 017b 0C       		.uleb128 0xc
 307 017c F9000000 		.4byte	.LASF18
 308 0180 01       		.byte	0x1
 309 0181 10       		.byte	0x10
 310 0182 6B010000 		.4byte	0x16b
 311 0186 05       		.uleb128 0x5
 312 0187 03       		.byte	0x3
 313 0188 00000000 		.4byte	toSend
 314 018c 0F       		.uleb128 0xf
 315 018d 24010000 		.4byte	.LASF19
 316 0191 24010000 		.4byte	.LASF19
 317 0195 05       		.byte	0x5
 318 0196 33       		.byte	0x33
 319 0197 0F       		.uleb128 0xf
 320 0198 00000000 		.4byte	.LASF20
 321 019c 00000000 		.4byte	.LASF20
 322 01a0 06       		.byte	0x6
 323 01a1 3E       		.byte	0x3e
 324 01a2 0F       		.uleb128 0xf
 325 01a3 E3010000 		.4byte	.LASF21
 326 01a7 E3010000 		.4byte	.LASF21
 327 01ab 07       		.byte	0x7
 328 01ac 34       		.byte	0x34
 329 01ad 0F       		.uleb128 0xf
 330 01ae 00010000 		.4byte	.LASF22
 331 01b2 00010000 		.4byte	.LASF22
 332 01b6 07       		.byte	0x7
 333 01b7 D1       		.byte	0xd1
 334 01b8 0F       		.uleb128 0xf
 335 01b9 0C000000 		.4byte	.LASF23
 336 01bd 0C000000 		.4byte	.LASF23
 337 01c1 08       		.byte	0x8
 338 01c2 54       		.byte	0x54
 339 01c3 0F       		.uleb128 0xf
 340 01c4 43000000 		.4byte	.LASF24
 341 01c8 43000000 		.4byte	.LASF24
 342 01cc 07       		.byte	0x7
 343 01cd 39       		.byte	0x39
 344 01ce 0F       		.uleb128 0xf
 345 01cf 88010000 		.4byte	.LASF25
 346 01d3 88010000 		.4byte	.LASF25
 347 01d7 07       		.byte	0x7
 348 01d8 3B       		.byte	0x3b
 349 01d9 0F       		.uleb128 0xf
 350 01da 52020000 		.4byte	.LASF26
 351 01de 52020000 		.4byte	.LASF26
 352 01e2 09       		.byte	0x9
 353 01e3 E7       		.byte	0xe7
 354 01e4 0F       		.uleb128 0xf
 355 01e5 41020000 		.4byte	.LASF27
 356 01e9 41020000 		.4byte	.LASF27
ARM GAS  C:\Users\urdjt\AppData\Local\Temp\cce8cxB6.s 			page 8


 357 01ed 08       		.byte	0x8
 358 01ee 8B       		.byte	0x8b
 359 01ef 0F       		.uleb128 0xf
 360 01f0 5A020000 		.4byte	.LASF28
 361 01f4 5A020000 		.4byte	.LASF28
 362 01f8 0A       		.byte	0xa
 363 01f9 76       		.byte	0x76
 364 01fa 00       		.byte	0
 365              		.section	.debug_abbrev,"",%progbits
 366              	.Ldebug_abbrev0:
 367 0000 01       		.uleb128 0x1
 368 0001 11       		.uleb128 0x11
 369 0002 01       		.byte	0x1
 370 0003 25       		.uleb128 0x25
 371 0004 0E       		.uleb128 0xe
 372 0005 13       		.uleb128 0x13
 373 0006 0B       		.uleb128 0xb
 374 0007 03       		.uleb128 0x3
 375 0008 0E       		.uleb128 0xe
 376 0009 1B       		.uleb128 0x1b
 377 000a 0E       		.uleb128 0xe
 378 000b 55       		.uleb128 0x55
 379 000c 17       		.uleb128 0x17
 380 000d 11       		.uleb128 0x11
 381 000e 01       		.uleb128 0x1
 382 000f 10       		.uleb128 0x10
 383 0010 17       		.uleb128 0x17
 384 0011 00       		.byte	0
 385 0012 00       		.byte	0
 386 0013 02       		.uleb128 0x2
 387 0014 24       		.uleb128 0x24
 388 0015 00       		.byte	0
 389 0016 0B       		.uleb128 0xb
 390 0017 0B       		.uleb128 0xb
 391 0018 3E       		.uleb128 0x3e
 392 0019 0B       		.uleb128 0xb
 393 001a 03       		.uleb128 0x3
 394 001b 0E       		.uleb128 0xe
 395 001c 00       		.byte	0
 396 001d 00       		.byte	0
 397 001e 03       		.uleb128 0x3
 398 001f 16       		.uleb128 0x16
 399 0020 00       		.byte	0
 400 0021 03       		.uleb128 0x3
 401 0022 0E       		.uleb128 0xe
 402 0023 3A       		.uleb128 0x3a
 403 0024 0B       		.uleb128 0xb
 404 0025 3B       		.uleb128 0x3b
 405 0026 0B       		.uleb128 0xb
 406 0027 49       		.uleb128 0x49
 407 0028 13       		.uleb128 0x13
 408 0029 00       		.byte	0
 409 002a 00       		.byte	0
 410 002b 04       		.uleb128 0x4
 411 002c 24       		.uleb128 0x24
 412 002d 00       		.byte	0
 413 002e 0B       		.uleb128 0xb
ARM GAS  C:\Users\urdjt\AppData\Local\Temp\cce8cxB6.s 			page 9


 414 002f 0B       		.uleb128 0xb
 415 0030 3E       		.uleb128 0x3e
 416 0031 0B       		.uleb128 0xb
 417 0032 03       		.uleb128 0x3
 418 0033 08       		.uleb128 0x8
 419 0034 00       		.byte	0
 420 0035 00       		.byte	0
 421 0036 05       		.uleb128 0x5
 422 0037 2E       		.uleb128 0x2e
 423 0038 01       		.byte	0x1
 424 0039 3F       		.uleb128 0x3f
 425 003a 19       		.uleb128 0x19
 426 003b 03       		.uleb128 0x3
 427 003c 0E       		.uleb128 0xe
 428 003d 3A       		.uleb128 0x3a
 429 003e 0B       		.uleb128 0xb
 430 003f 3B       		.uleb128 0x3b
 431 0040 0B       		.uleb128 0xb
 432 0041 27       		.uleb128 0x27
 433 0042 19       		.uleb128 0x19
 434 0043 49       		.uleb128 0x49
 435 0044 13       		.uleb128 0x13
 436 0045 8701     		.uleb128 0x87
 437 0047 19       		.uleb128 0x19
 438 0048 11       		.uleb128 0x11
 439 0049 01       		.uleb128 0x1
 440 004a 12       		.uleb128 0x12
 441 004b 06       		.uleb128 0x6
 442 004c 40       		.uleb128 0x40
 443 004d 18       		.uleb128 0x18
 444 004e 9742     		.uleb128 0x2117
 445 0050 19       		.uleb128 0x19
 446 0051 01       		.uleb128 0x1
 447 0052 13       		.uleb128 0x13
 448 0053 00       		.byte	0
 449 0054 00       		.byte	0
 450 0055 06       		.uleb128 0x6
 451 0056 898201   		.uleb128 0x4109
 452 0059 00       		.byte	0
 453 005a 11       		.uleb128 0x11
 454 005b 01       		.uleb128 0x1
 455 005c 31       		.uleb128 0x31
 456 005d 13       		.uleb128 0x13
 457 005e 00       		.byte	0
 458 005f 00       		.byte	0
 459 0060 07       		.uleb128 0x7
 460 0061 898201   		.uleb128 0x4109
 461 0064 01       		.byte	0x1
 462 0065 11       		.uleb128 0x11
 463 0066 01       		.uleb128 0x1
 464 0067 31       		.uleb128 0x31
 465 0068 13       		.uleb128 0x13
 466 0069 01       		.uleb128 0x1
 467 006a 13       		.uleb128 0x13
 468 006b 00       		.byte	0
 469 006c 00       		.byte	0
 470 006d 08       		.uleb128 0x8
ARM GAS  C:\Users\urdjt\AppData\Local\Temp\cce8cxB6.s 			page 10


 471 006e 8A8201   		.uleb128 0x410a
 472 0071 00       		.byte	0
 473 0072 02       		.uleb128 0x2
 474 0073 18       		.uleb128 0x18
 475 0074 9142     		.uleb128 0x2111
 476 0076 18       		.uleb128 0x18
 477 0077 00       		.byte	0
 478 0078 00       		.byte	0
 479 0079 09       		.uleb128 0x9
 480 007a 898201   		.uleb128 0x4109
 481 007d 01       		.byte	0x1
 482 007e 11       		.uleb128 0x11
 483 007f 01       		.uleb128 0x1
 484 0080 31       		.uleb128 0x31
 485 0081 13       		.uleb128 0x13
 486 0082 00       		.byte	0
 487 0083 00       		.byte	0
 488 0084 0A       		.uleb128 0xa
 489 0085 34       		.uleb128 0x34
 490 0086 00       		.byte	0
 491 0087 03       		.uleb128 0x3
 492 0088 0E       		.uleb128 0xe
 493 0089 3A       		.uleb128 0x3a
 494 008a 0B       		.uleb128 0xb
 495 008b 3B       		.uleb128 0x3b
 496 008c 05       		.uleb128 0x5
 497 008d 49       		.uleb128 0x49
 498 008e 13       		.uleb128 0x13
 499 008f 3F       		.uleb128 0x3f
 500 0090 19       		.uleb128 0x19
 501 0091 3C       		.uleb128 0x3c
 502 0092 19       		.uleb128 0x19
 503 0093 00       		.byte	0
 504 0094 00       		.byte	0
 505 0095 0B       		.uleb128 0xb
 506 0096 35       		.uleb128 0x35
 507 0097 00       		.byte	0
 508 0098 49       		.uleb128 0x49
 509 0099 13       		.uleb128 0x13
 510 009a 00       		.byte	0
 511 009b 00       		.byte	0
 512 009c 0C       		.uleb128 0xc
 513 009d 34       		.uleb128 0x34
 514 009e 00       		.byte	0
 515 009f 03       		.uleb128 0x3
 516 00a0 0E       		.uleb128 0xe
 517 00a1 3A       		.uleb128 0x3a
 518 00a2 0B       		.uleb128 0xb
 519 00a3 3B       		.uleb128 0x3b
 520 00a4 0B       		.uleb128 0xb
 521 00a5 49       		.uleb128 0x49
 522 00a6 13       		.uleb128 0x13
 523 00a7 3F       		.uleb128 0x3f
 524 00a8 19       		.uleb128 0x19
 525 00a9 02       		.uleb128 0x2
 526 00aa 18       		.uleb128 0x18
 527 00ab 00       		.byte	0
ARM GAS  C:\Users\urdjt\AppData\Local\Temp\cce8cxB6.s 			page 11


 528 00ac 00       		.byte	0
 529 00ad 0D       		.uleb128 0xd
 530 00ae 01       		.uleb128 0x1
 531 00af 01       		.byte	0x1
 532 00b0 49       		.uleb128 0x49
 533 00b1 13       		.uleb128 0x13
 534 00b2 01       		.uleb128 0x1
 535 00b3 13       		.uleb128 0x13
 536 00b4 00       		.byte	0
 537 00b5 00       		.byte	0
 538 00b6 0E       		.uleb128 0xe
 539 00b7 21       		.uleb128 0x21
 540 00b8 00       		.byte	0
 541 00b9 49       		.uleb128 0x49
 542 00ba 13       		.uleb128 0x13
 543 00bb 2F       		.uleb128 0x2f
 544 00bc 0B       		.uleb128 0xb
 545 00bd 00       		.byte	0
 546 00be 00       		.byte	0
 547 00bf 0F       		.uleb128 0xf
 548 00c0 2E       		.uleb128 0x2e
 549 00c1 00       		.byte	0
 550 00c2 3F       		.uleb128 0x3f
 551 00c3 19       		.uleb128 0x19
 552 00c4 3C       		.uleb128 0x3c
 553 00c5 19       		.uleb128 0x19
 554 00c6 6E       		.uleb128 0x6e
 555 00c7 0E       		.uleb128 0xe
 556 00c8 03       		.uleb128 0x3
 557 00c9 0E       		.uleb128 0xe
 558 00ca 3A       		.uleb128 0x3a
 559 00cb 0B       		.uleb128 0xb
 560 00cc 3B       		.uleb128 0x3b
 561 00cd 0B       		.uleb128 0xb
 562 00ce 00       		.byte	0
 563 00cf 00       		.byte	0
 564 00d0 00       		.byte	0
 565              		.section	.debug_aranges,"",%progbits
 566 0000 1C000000 		.4byte	0x1c
 567 0004 0200     		.2byte	0x2
 568 0006 00000000 		.4byte	.Ldebug_info0
 569 000a 04       		.byte	0x4
 570 000b 00       		.byte	0
 571 000c 0000     		.2byte	0
 572 000e 0000     		.2byte	0
 573 0010 00000000 		.4byte	.LFB64
 574 0014 58000000 		.4byte	.LFE64-.LFB64
 575 0018 00000000 		.4byte	0
 576 001c 00000000 		.4byte	0
 577              		.section	.debug_ranges,"",%progbits
 578              	.Ldebug_ranges0:
 579 0000 00000000 		.4byte	.LFB64
 580 0004 58000000 		.4byte	.LFE64
 581 0008 00000000 		.4byte	0
 582 000c 00000000 		.4byte	0
 583              		.section	.debug_line,"",%progbits
 584              	.Ldebug_line0:
ARM GAS  C:\Users\urdjt\AppData\Local\Temp\cce8cxB6.s 			page 12


 585 0000 14020000 		.section	.debug_str,"MS",%progbits,1
 585      0200F001 
 585      00000201 
 585      FB0E0D00 
 585      01010101 
 586              	.LASF20:
 587 0000 5047415F 		.ascii	"PGA_1_Start\000"
 587      315F5374 
 587      61727400 
 588              	.LASF23:
 589 000c 55415254 		.ascii	"UART_1_Start\000"
 589      5F315F53 
 589      74617274 
 589      00
 590              	.LASF9:
 591 0019 5F5F696E 		.ascii	"__int32_t\000"
 591      7433325F 
 591      7400
 592              	.LASF3:
 593 0023 73686F72 		.ascii	"short unsigned int\000"
 593      7420756E 
 593      7369676E 
 593      65642069 
 593      6E7400
 594              	.LASF12:
 595 0036 646F7562 		.ascii	"double\000"
 595      6C6500
 596              	.LASF11:
 597 003d 666C6F61 		.ascii	"float\000"
 597      7400
 598              	.LASF24:
 599 0043 4144435F 		.ascii	"ADC_SAR_1_IsEndConversion\000"
 599      5341525F 
 599      315F4973 
 599      456E6443 
 599      6F6E7665 
 600              	.LASF1:
 601 005d 756E7369 		.ascii	"unsigned char\000"
 601      676E6564 
 601      20636861 
 601      7200
 602              	.LASF29:
 603 006b 474E5520 		.ascii	"GNU C11 5.4.1 20160609 (release) [ARM/embedded-5-br"
 603      43313120 
 603      352E342E 
 603      31203230 
 603      31363036 
 604 009e 616E6368 		.ascii	"anch revision 237715] -mcpu=cortex-m3 -mthumb -g -O"
 604      20726576 
 604      6973696F 
 604      6E203233 
 604      37373135 
 605 00d1 67202D66 		.ascii	"g -ffunction-sections -ffat-lto-objects\000"
 605      66756E63 
 605      74696F6E 
 605      2D736563 
 605      74696F6E 
ARM GAS  C:\Users\urdjt\AppData\Local\Temp\cce8cxB6.s 			page 13


 606              	.LASF18:
 607 00f9 746F5365 		.ascii	"toSend\000"
 607      6E6400
 608              	.LASF22:
 609 0100 4144435F 		.ascii	"ADC_SAR_1_StartConvert\000"
 609      5341525F 
 609      315F5374 
 609      61727443 
 609      6F6E7665 
 610              	.LASF16:
 611 0117 49544D5F 		.ascii	"ITM_RxBuffer\000"
 611      52784275 
 611      66666572 
 611      00
 612              	.LASF19:
 613 0124 56444143 		.ascii	"VDAC8_1_Start\000"
 613      385F315F 
 613      53746172 
 613      7400
 614              	.LASF5:
 615 0132 6C6F6E67 		.ascii	"long unsigned int\000"
 615      20756E73 
 615      69676E65 
 615      6420696E 
 615      7400
 616              	.LASF32:
 617 0144 6D61696E 		.ascii	"main\000"
 617      00
 618              	.LASF8:
 619 0149 756E7369 		.ascii	"unsigned int\000"
 619      676E6564 
 619      20696E74 
 619      00
 620              	.LASF7:
 621 0156 6C6F6E67 		.ascii	"long long unsigned int\000"
 621      206C6F6E 
 621      6720756E 
 621      7369676E 
 621      65642069 
 622              	.LASF17:
 623 016d 61646352 		.ascii	"adcResult\000"
 623      6573756C 
 623      7400
 624              	.LASF10:
 625 0177 696E7433 		.ascii	"int32_t\000"
 625      325F7400 
 626              	.LASF15:
 627 017f 73697A65 		.ascii	"sizetype\000"
 627      74797065 
 627      00
 628              	.LASF25:
 629 0188 4144435F 		.ascii	"ADC_SAR_1_GetResult16\000"
 629      5341525F 
 629      315F4765 
 629      74526573 
 629      756C7431 
 630              	.LASF6:
ARM GAS  C:\Users\urdjt\AppData\Local\Temp\cce8cxB6.s 			page 14


 631 019e 6C6F6E67 		.ascii	"long long int\000"
 631      206C6F6E 
 631      6720696E 
 631      7400
 632              	.LASF30:
 633 01ac 6D61696E 		.ascii	"main.c\000"
 633      2E6300
 634              	.LASF13:
 635 01b3 63686172 		.ascii	"char\000"
 635      00
 636              	.LASF2:
 637 01b8 73686F72 		.ascii	"short int\000"
 637      7420696E 
 637      7400
 638              	.LASF4:
 639 01c2 6C6F6E67 		.ascii	"long int\000"
 639      20696E74 
 639      00
 640              	.LASF14:
 641 01cb 6C6F6E67 		.ascii	"long double\000"
 641      20646F75 
 641      626C6500 
 642              	.LASF0:
 643 01d7 7369676E 		.ascii	"signed char\000"
 643      65642063 
 643      68617200 
 644              	.LASF21:
 645 01e3 4144435F 		.ascii	"ADC_SAR_1_Start\000"
 645      5341525F 
 645      315F5374 
 645      61727400 
 646              	.LASF31:
 647 01f3 453A5C50 		.ascii	"E:\\Praktikum adaptive Sensorelektronik\\PSoC Creat"
 647      72616B74 
 647      696B756D 
 647      20616461 
 647      70746976 
 648 0224 6F725C36 		.ascii	"or\\6\\Workspace01\\Teil1.cydsn\000"
 648      5C576F72 
 648      6B737061 
 648      63653031 
 648      5C546569 
 649              	.LASF27:
 650 0241 55415254 		.ascii	"UART_1_PutString\000"
 650      5F315F50 
 650      75745374 
 650      72696E67 
 650      00
 651              	.LASF26:
 652 0252 73707269 		.ascii	"sprintf\000"
 652      6E746600 
 653              	.LASF28:
 654 025a 43794465 		.ascii	"CyDelay\000"
 654      6C617900 
 655              		.ident	"GCC: (GNU Tools for ARM Embedded Processors) 5.4.1 20160609 (release) [ARM/embedded-5-bran
