ARM GAS  C:\Users\urdjt\AppData\Local\Temp\ccoElzIa.s 			page 1


   1              		.syntax unified
   2              		.cpu cortex-m3
   3              		.fpu softvfp
   4              		.eabi_attribute 20, 1
   5              		.eabi_attribute 21, 1
   6              		.eabi_attribute 23, 3
   7              		.eabi_attribute 24, 1
   8              		.eabi_attribute 25, 1
   9              		.eabi_attribute 26, 1
  10              		.eabi_attribute 30, 1
  11              		.eabi_attribute 34, 1
  12              		.eabi_attribute 18, 4
  13              		.thumb
  14              		.syntax unified
  15              		.file	"cymetadata.c"
  16              		.text
  17              	.Ltext0:
  18              		.cfi_sections	.debug_frame
  19              		.global	cy_metadata
  20              		.global	cy_meta_flashprotect
  21              		.global	cy_meta_wonvl
  22              		.global	cy_meta_custnvl
  23              		.global	cy_meta_configecc
  24              		.section	.cyconfigecc,"a",%progbits
  25              		.align	2
  26              		.type	cy_meta_configecc, %object
  27              		.size	cy_meta_configecc, 616
  28              	cy_meta_configecc:
  29 0000 03       		.byte	3
  30 0001 52       		.byte	82
  31 0002 00       		.byte	0
  32 0003 40       		.byte	64
  33 0004 02       		.byte	2
  34 0005 64       		.byte	100
  35 0006 00       		.byte	0
  36 0007 40       		.byte	64
  37 0008 01       		.byte	1
  38 0009 01       		.byte	1
  39 000a 01       		.byte	1
  40 000b 40       		.byte	64
  41 000c 4E       		.byte	78
  42 000d 04       		.byte	4
  43 000e 01       		.byte	1
  44 000f 40       		.byte	64
  45 0010 2C       		.byte	44
  46 0011 05       		.byte	5
  47 0012 01       		.byte	1
  48 0013 40       		.byte	64
  49 0014 3A       		.byte	58
  50 0015 06       		.byte	6
  51 0016 01       		.byte	1
  52 0017 40       		.byte	64
  53 0018 2B       		.byte	43
  54 0019 07       		.byte	7
  55 001a 01       		.byte	1
  56 001b 40       		.byte	64
  57 001c 01       		.byte	1
ARM GAS  C:\Users\urdjt\AppData\Local\Temp\ccoElzIa.s 			page 2


  58 001d 0F       		.byte	15
  59 001e 01       		.byte	1
  60 001f 40       		.byte	64
  61 0020 01       		.byte	1
  62 0021 17       		.byte	23
  63 0022 01       		.byte	1
  64 0023 40       		.byte	64
  65 0024 01       		.byte	1
  66 0025 19       		.byte	25
  67 0026 01       		.byte	1
  68 0027 40       		.byte	64
  69 0028 06       		.byte	6
  70 0029 40       		.byte	64
  71 002a 01       		.byte	1
  72 002b 40       		.byte	64
  73 002c 01       		.byte	1
  74 002d 41       		.byte	65
  75 002e 01       		.byte	1
  76 002f 40       		.byte	64
  77 0030 02       		.byte	2
  78 0031 42       		.byte	66
  79 0032 01       		.byte	1
  80 0033 40       		.byte	64
  81 0034 01       		.byte	1
  82 0035 44       		.byte	68
  83 0036 01       		.byte	1
  84 0037 40       		.byte	64
  85 0038 01       		.byte	1
  86 0039 45       		.byte	69
  87 003a 01       		.byte	1
  88 003b 40       		.byte	64
  89 003c 03       		.byte	3
  90 003d 46       		.byte	70
  91 003e 01       		.byte	1
  92 003f 40       		.byte	64
  93 0040 05       		.byte	5
  94 0041 4C       		.byte	76
  95 0042 01       		.byte	1
  96 0043 40       		.byte	64
  97 0044 02       		.byte	2
  98 0045 50       		.byte	80
  99 0046 01       		.byte	1
 100 0047 40       		.byte	64
 101 0048 01       		.byte	1
 102 0049 51       		.byte	81
 103 004a 01       		.byte	1
 104 004b 40       		.byte	64
 105 004c 08       		.byte	8
 106 004d 04       		.byte	4
 107 004e 09       		.byte	9
 108 004f 04       		.byte	4
 109 0050 21       		.byte	33
 110 0051 04       		.byte	4
 111 0052 84       		.byte	-124
 112 0053 0D       		.byte	13
 113 0054 87       		.byte	-121
 114 0055 0F       		.byte	15
ARM GAS  C:\Users\urdjt\AppData\Local\Temp\ccoElzIa.s 			page 3


 115 0056 E6       		.byte	-26
 116 0057 08       		.byte	8
 117 0058 04       		.byte	4
 118 0059 11       		.byte	17
 119 005a 05       		.byte	5
 120 005b 08       		.byte	8
 121 005c 06       		.byte	6
 122 005d 0E       		.byte	14
 123 005e 07       		.byte	7
 124 005f 12       		.byte	18
 125 0060 0C       		.byte	12
 126 0061 0C       		.byte	12
 127 0062 0D       		.byte	13
 128 0063 30       		.byte	48
 129 0064 0E       		.byte	14
 130 0065 13       		.byte	19
 131 0066 12       		.byte	18
 132 0067 08       		.byte	8
 133 0068 14       		.byte	20
 134 0069 11       		.byte	17
 135 006a 16       		.byte	22
 136 006b 06       		.byte	6
 137 006c 17       		.byte	23
 138 006d 06       		.byte	6
 139 006e 1A       		.byte	26
 140 006f 13       		.byte	19
 141 0070 1C       		.byte	28
 142 0071 40       		.byte	64
 143 0072 21       		.byte	33
 144 0073 08       		.byte	8
 145 0074 22       		.byte	34
 146 0075 20       		.byte	32
 147 0076 23       		.byte	35
 148 0077 24       		.byte	36
 149 0078 26       		.byte	38
 150 0079 10       		.byte	16
 151 007a 2A       		.byte	42
 152 007b 20       		.byte	32
 153 007c 2E       		.byte	46
 154 007d 0C       		.byte	12
 155 007e 2F       		.byte	47
 156 007f 01       		.byte	1
 157 0080 30       		.byte	48
 158 0081 10       		.byte	16
 159 0082 31       		.byte	49
 160 0083 08       		.byte	8
 161 0084 32       		.byte	50
 162 0085 40       		.byte	64
 163 0086 33       		.byte	51
 164 0087 01       		.byte	1
 165 0088 34       		.byte	52
 166 0089 20       		.byte	32
 167 008a 35       		.byte	53
 168 008b 06       		.byte	6
 169 008c 36       		.byte	54
 170 008d 0F       		.byte	15
 171 008e 37       		.byte	55
ARM GAS  C:\Users\urdjt\AppData\Local\Temp\ccoElzIa.s 			page 4


 172 008f 30       		.byte	48
 173 0090 39       		.byte	57
 174 0091 02       		.byte	2
 175 0092 3A       		.byte	58
 176 0093 80       		.byte	-128
 177 0094 3E       		.byte	62
 178 0095 15       		.byte	21
 179 0096 40       		.byte	64
 180 0097 36       		.byte	54
 181 0098 41       		.byte	65
 182 0099 02       		.byte	2
 183 009a 45       		.byte	69
 184 009b EC       		.byte	-20
 185 009c 46       		.byte	70
 186 009d B0       		.byte	-80
 187 009e 48       		.byte	72
 188 009f 0B       		.byte	11
 189 00a0 49       		.byte	73
 190 00a1 FF       		.byte	-1
 191 00a2 4A       		.byte	74
 192 00a3 FF       		.byte	-1
 193 00a4 4B       		.byte	75
 194 00a5 FF       		.byte	-1
 195 00a6 4E       		.byte	78
 196 00a7 F0       		.byte	-16
 197 00a8 4F       		.byte	79
 198 00a9 44       		.byte	68
 199 00aa 50       		.byte	80
 200 00ab 0C       		.byte	12
 201 00ac 52       		.byte	82
 202 00ad 80       		.byte	-128
 203 00ae 54       		.byte	84
 204 00af 05       		.byte	5
 205 00b0 58       		.byte	88
 206 00b1 04       		.byte	4
 207 00b2 59       		.byte	89
 208 00b3 04       		.byte	4
 209 00b4 5A       		.byte	90
 210 00b5 04       		.byte	4
 211 00b6 5B       		.byte	91
 212 00b7 04       		.byte	4
 213 00b8 5C       		.byte	92
 214 00b9 10       		.byte	16
 215 00ba 5D       		.byte	93
 216 00bb 10       		.byte	16
 217 00bc 5F       		.byte	95
 218 00bd 01       		.byte	1
 219 00be 66       		.byte	102
 220 00bf C0       		.byte	-64
 221 00c0 6A       		.byte	106
 222 00c1 40       		.byte	64
 223 00c2 6B       		.byte	107
 224 00c3 02       		.byte	2
 225 00c4 C0       		.byte	-64
 226 00c5 60       		.byte	96
 227 00c6 C1       		.byte	-63
 228 00c7 04       		.byte	4
ARM GAS  C:\Users\urdjt\AppData\Local\Temp\ccoElzIa.s 			page 5


 229 00c8 C5       		.byte	-59
 230 00c9 D0       		.byte	-48
 231 00ca C6       		.byte	-58
 232 00cb 01       		.byte	1
 233 00cc C7       		.byte	-57
 234 00cd 20       		.byte	32
 235 00ce C8       		.byte	-56
 236 00cf 27       		.byte	39
 237 00d0 C9       		.byte	-55
 238 00d1 FF       		.byte	-1
 239 00d2 CA       		.byte	-54
 240 00d3 FF       		.byte	-1
 241 00d4 CB       		.byte	-53
 242 00d5 FF       		.byte	-1
 243 00d6 CD       		.byte	-51
 244 00d7 A0       		.byte	-96
 245 00d8 CF       		.byte	-49
 246 00d9 04       		.byte	4
 247 00da D0       		.byte	-48
 248 00db 18       		.byte	24
 249 00dc DA       		.byte	-38
 250 00dd 04       		.byte	4
 251 00de DD       		.byte	-35
 252 00df 01       		.byte	1
 253 00e0 DF       		.byte	-33
 254 00e1 01       		.byte	1
 255 00e2 E0       		.byte	-32
 256 00e3 40       		.byte	64
 257 00e4 E2       		.byte	-30
 258 00e5 C0       		.byte	-64
 259 00e6 E4       		.byte	-28
 260 00e7 40       		.byte	64
 261 00e8 E5       		.byte	-27
 262 00e9 40       		.byte	64
 263 00ea E6       		.byte	-26
 264 00eb C0       		.byte	-64
 265 00ec E8       		.byte	-24
 266 00ed C0       		.byte	-64
 267 00ee EA       		.byte	-22
 268 00ef C0       		.byte	-64
 269 00f0 EC       		.byte	-20
 270 00f1 C0       		.byte	-64
 271 00f2 EE       		.byte	-18
 272 00f3 C0       		.byte	-64
 273 00f4 00       		.byte	0
 274 00f5 04       		.byte	4
 275 00f6 01       		.byte	1
 276 00f7 80       		.byte	-128
 277 00f8 09       		.byte	9
 278 00f9 08       		.byte	8
 279 00fa 0B       		.byte	11
 280 00fb 8A       		.byte	-118
 281 00fc 10       		.byte	16
 282 00fd 20       		.byte	32
 283 00fe 11       		.byte	17
 284 00ff 02       		.byte	2
 285 0100 12       		.byte	18
ARM GAS  C:\Users\urdjt\AppData\Local\Temp\ccoElzIa.s 			page 6


 286 0101 02       		.byte	2
 287 0102 13       		.byte	19
 288 0103 20       		.byte	32
 289 0104 18       		.byte	24
 290 0105 02       		.byte	2
 291 0106 19       		.byte	25
 292 0107 84       		.byte	-124
 293 0108 1A       		.byte	26
 294 0109 44       		.byte	68
 295 010a 20       		.byte	32
 296 010b 48       		.byte	72
 297 010c 22       		.byte	34
 298 010d 44       		.byte	68
 299 010e 23       		.byte	35
 300 010f 20       		.byte	32
 301 0110 2A       		.byte	42
 302 0111 80       		.byte	-128
 303 0112 2B       		.byte	43
 304 0113 80       		.byte	-128
 305 0114 32       		.byte	50
 306 0115 04       		.byte	4
 307 0116 38       		.byte	56
 308 0117 40       		.byte	64
 309 0118 39       		.byte	57
 310 0119 04       		.byte	4
 311 011a 40       		.byte	64
 312 011b 04       		.byte	4
 313 011c 41       		.byte	65
 314 011d 08       		.byte	8
 315 011e 45       		.byte	69
 316 011f 01       		.byte	1
 317 0120 48       		.byte	72
 318 0121 28       		.byte	40
 319 0122 49       		.byte	73
 320 0123 09       		.byte	9
 321 0124 4B       		.byte	75
 322 0125 02       		.byte	2
 323 0126 4D       		.byte	77
 324 0127 06       		.byte	6
 325 0128 4E       		.byte	78
 326 0129 04       		.byte	4
 327 012a 52       		.byte	82
 328 012b 20       		.byte	32
 329 012c 55       		.byte	85
 330 012d 01       		.byte	1
 331 012e 57       		.byte	87
 332 012f 80       		.byte	-128
 333 0130 59       		.byte	89
 334 0131 02       		.byte	2
 335 0132 5A       		.byte	90
 336 0133 84       		.byte	-124
 337 0134 72       		.byte	114
 338 0135 80       		.byte	-128
 339 0136 88       		.byte	-120
 340 0137 04       		.byte	4
 341 0138 C0       		.byte	-64
 342 0139 05       		.byte	5
ARM GAS  C:\Users\urdjt\AppData\Local\Temp\ccoElzIa.s 			page 7


 343 013a C2       		.byte	-62
 344 013b 0F       		.byte	15
 345 013c C4       		.byte	-60
 346 013d 0F       		.byte	15
 347 013e CA       		.byte	-54
 348 013f 09       		.byte	9
 349 0140 CC       		.byte	-52
 350 0141 02       		.byte	2
 351 0142 CE       		.byte	-50
 352 0143 0A       		.byte	10
 353 0144 D0       		.byte	-48
 354 0145 86       		.byte	-122
 355 0146 D2       		.byte	-46
 356 0147 24       		.byte	36
 357 0148 D6       		.byte	-42
 358 0149 0B       		.byte	11
 359 014a E2       		.byte	-30
 360 014b 20       		.byte	32
 361 014c 1C       		.byte	28
 362 014d 01       		.byte	1
 363 014e 32       		.byte	50
 364 014f 01       		.byte	1
 365 0150 3E       		.byte	62
 366 0151 04       		.byte	4
 367 0152 58       		.byte	88
 368 0153 04       		.byte	4
 369 0154 5F       		.byte	95
 370 0155 01       		.byte	1
 371 0156 81       		.byte	-127
 372 0157 2A       		.byte	42
 373 0158 83       		.byte	-125
 374 0159 44       		.byte	68
 375 015a 84       		.byte	-124
 376 015b 0C       		.byte	12
 377 015c 85       		.byte	-123
 378 015d 80       		.byte	-128
 379 015e 86       		.byte	-122
 380 015f 71       		.byte	113
 381 0160 87       		.byte	-121
 382 0161 15       		.byte	21
 383 0162 8C       		.byte	-116
 384 0163 DC       		.byte	-36
 385 0164 8E       		.byte	-114
 386 0165 22       		.byte	34
 387 0166 92       		.byte	-110
 388 0167 03       		.byte	3
 389 0168 93       		.byte	-109
 390 0169 08       		.byte	8
 391 016a 94       		.byte	-108
 392 016b 10       		.byte	16
 393 016c 95       		.byte	-107
 394 016d 73       		.byte	115
 395 016e 96       		.byte	-106
 396 016f AC       		.byte	-84
 397 0170 97       		.byte	-105
 398 0171 0C       		.byte	12
 399 0172 99       		.byte	-103
ARM GAS  C:\Users\urdjt\AppData\Local\Temp\ccoElzIa.s 			page 8


 400 0173 73       		.byte	115
 401 0174 9B       		.byte	-101
 402 0175 04       		.byte	4
 403 0176 A0       		.byte	-96
 404 0177 10       		.byte	16
 405 0178 A2       		.byte	-94
 406 0179 40       		.byte	64
 407 017a A4       		.byte	-92
 408 017b 14       		.byte	20
 409 017c A5       		.byte	-91
 410 017d 03       		.byte	3
 411 017e A7       		.byte	-89
 412 017f 04       		.byte	4
 413 0180 AA       		.byte	-86
 414 0181 20       		.byte	32
 415 0182 AC       		.byte	-84
 416 0183 09       		.byte	9
 417 0184 AE       		.byte	-82
 418 0185 D0       		.byte	-48
 419 0186 B0       		.byte	-80
 420 0187 1F       		.byte	31
 421 0188 B1       		.byte	-79
 422 0189 C0       		.byte	-64
 423 018a B3       		.byte	-77
 424 018b 0F       		.byte	15
 425 018c B4       		.byte	-76
 426 018d E0       		.byte	-32
 427 018e B7       		.byte	-73
 428 018f 30       		.byte	48
 429 0190 B9       		.byte	-71
 430 0191 82       		.byte	-126
 431 0192 BA       		.byte	-70
 432 0193 20       		.byte	32
 433 0194 BB       		.byte	-69
 434 0195 08       		.byte	8
 435 0196 BF       		.byte	-65
 436 0197 40       		.byte	64
 437 0198 C0       		.byte	-64
 438 0199 01       		.byte	1
 439 019a C6       		.byte	-58
 440 019b 04       		.byte	4
 441 019c C9       		.byte	-55
 442 019d FF       		.byte	-1
 443 019e CA       		.byte	-54
 444 019f 07       		.byte	7
 445 01a0 CB       		.byte	-53
 446 01a1 FF       		.byte	-1
 447 01a2 CC       		.byte	-52
 448 01a3 40       		.byte	64
 449 01a4 CD       		.byte	-51
 450 01a5 20       		.byte	32
 451 01a6 CE       		.byte	-50
 452 01a7 F0       		.byte	-16
 453 01a8 CF       		.byte	-49
 454 01a9 05       		.byte	5
 455 01aa D0       		.byte	-48
 456 01ab 08       		.byte	8
ARM GAS  C:\Users\urdjt\AppData\Local\Temp\ccoElzIa.s 			page 9


 457 01ac D4       		.byte	-44
 458 01ad 01       		.byte	1
 459 01ae D8       		.byte	-40
 460 01af 04       		.byte	4
 461 01b0 D9       		.byte	-39
 462 01b1 04       		.byte	4
 463 01b2 DA       		.byte	-38
 464 01b3 04       		.byte	4
 465 01b4 DB       		.byte	-37
 466 01b5 04       		.byte	4
 467 01b6 DF       		.byte	-33
 468 01b7 01       		.byte	1
 469 01b8 E0       		.byte	-32
 470 01b9 40       		.byte	64
 471 01ba E1       		.byte	-31
 472 01bb A8       		.byte	-88
 473 01bc E2       		.byte	-30
 474 01bd 40       		.byte	64
 475 01be E3       		.byte	-29
 476 01bf 20       		.byte	32
 477 01c0 00       		.byte	0
 478 01c1 04       		.byte	4
 479 01c2 01       		.byte	1
 480 01c3 80       		.byte	-128
 481 01c4 09       		.byte	9
 482 01c5 08       		.byte	8
 483 01c6 0A       		.byte	10
 484 01c7 80       		.byte	-128
 485 01c8 0F       		.byte	15
 486 01c9 02       		.byte	2
 487 01ca 10       		.byte	16
 488 01cb 88       		.byte	-120
 489 01cc 12       		.byte	18
 490 01cd 22       		.byte	34
 491 01ce 18       		.byte	24
 492 01cf 04       		.byte	4
 493 01d0 19       		.byte	25
 494 01d1 10       		.byte	16
 495 01d2 1A       		.byte	26
 496 01d3 80       		.byte	-128
 497 01d4 1B       		.byte	27
 498 01d5 01       		.byte	1
 499 01d6 1C       		.byte	28
 500 01d7 20       		.byte	32
 501 01d8 20       		.byte	32
 502 01d9 01       		.byte	1
 503 01da 21       		.byte	33
 504 01db 08       		.byte	8
 505 01dc 22       		.byte	34
 506 01dd 02       		.byte	2
 507 01de 28       		.byte	40
 508 01df 10       		.byte	16
 509 01e0 29       		.byte	41
 510 01e1 08       		.byte	8
 511 01e2 31       		.byte	49
 512 01e3 18       		.byte	24
 513 01e4 32       		.byte	50
ARM GAS  C:\Users\urdjt\AppData\Local\Temp\ccoElzIa.s 			page 10


 514 01e5 02       		.byte	2
 515 01e6 38       		.byte	56
 516 01e7 0A       		.byte	10
 517 01e8 40       		.byte	64
 518 01e9 01       		.byte	1
 519 01ea 50       		.byte	80
 520 01eb 8C       		.byte	-116
 521 01ec 53       		.byte	83
 522 01ed 44       		.byte	68
 523 01ee 58       		.byte	88
 524 01ef 10       		.byte	16
 525 01f0 59       		.byte	89
 526 01f1 05       		.byte	5
 527 01f2 5A       		.byte	90
 528 01f3 40       		.byte	64
 529 01f4 90       		.byte	-112
 530 01f5 02       		.byte	2
 531 01f6 92       		.byte	-110
 532 01f7 40       		.byte	64
 533 01f8 94       		.byte	-108
 534 01f9 04       		.byte	4
 535 01fa 97       		.byte	-105
 536 01fb 88       		.byte	-120
 537 01fc 99       		.byte	-103
 538 01fd 8D       		.byte	-115
 539 01fe A2       		.byte	-94
 540 01ff 20       		.byte	32
 541 0200 A4       		.byte	-92
 542 0201 08       		.byte	8
 543 0202 A5       		.byte	-91
 544 0203 08       		.byte	8
 545 0204 A6       		.byte	-90
 546 0205 02       		.byte	2
 547 0206 C0       		.byte	-64
 548 0207 05       		.byte	5
 549 0208 C2       		.byte	-62
 550 0209 8C       		.byte	-116
 551 020a C4       		.byte	-60
 552 020b 0F       		.byte	15
 553 020c CA       		.byte	-54
 554 020d 02       		.byte	2
 555 020e CC       		.byte	-52
 556 020f 07       		.byte	7
 557 0210 CE       		.byte	-50
 558 0211 03       		.byte	3
 559 0212 D0       		.byte	-48
 560 0213 08       		.byte	8
 561 0214 D6       		.byte	-42
 562 0215 0F       		.byte	15
 563 0216 E6       		.byte	-26
 564 0217 08       		.byte	8
 565 0218 B0       		.byte	-80
 566 0219 10       		.byte	16
 567 021a EC       		.byte	-20
 568 021b 80       		.byte	-128
 569 021c 31       		.byte	49
 570 021d 40       		.byte	64
ARM GAS  C:\Users\urdjt\AppData\Local\Temp\ccoElzIa.s 			page 11


 571 021e 58       		.byte	88
 572 021f 10       		.byte	16
 573 0220 85       		.byte	-123
 574 0221 40       		.byte	64
 575 0222 CC       		.byte	-52
 576 0223 10       		.byte	16
 577 0224 D4       		.byte	-44
 578 0225 80       		.byte	-128
 579 0226 E6       		.byte	-26
 580 0227 10       		.byte	16
 581 0228 9C       		.byte	-100
 582 0229 10       		.byte	16
 583 022a 88       		.byte	-120
 584 022b 10       		.byte	16
 585 022c 9C       		.byte	-100
 586 022d 10       		.byte	16
 587 022e 87       		.byte	-121
 588 022f 01       		.byte	1
 589 0230 A7       		.byte	-89
 590 0231 01       		.byte	1
 591 0232 1B       		.byte	27
 592 0233 01       		.byte	1
 593 0234 A7       		.byte	-89
 594 0235 01       		.byte	1
 595 0236 C6       		.byte	-58
 596 0237 08       		.byte	8
 597 0238 54       		.byte	84
 598 0239 02       		.byte	2
 599 023a A0       		.byte	-96
 600 023b 02       		.byte	2
 601 023c B0       		.byte	-80
 602 023d 02       		.byte	2
 603 023e D6       		.byte	-42
 604 023f 04       		.byte	4
 605 0240 EC       		.byte	-20
 606 0241 01       		.byte	1
 607 0242 00       		.byte	0
 608 0243 03       		.byte	3
 609 0244 0A       		.byte	10
 610 0245 03       		.byte	3
 611 0246 00       		.byte	0
 612 0247 03       		.byte	3
 613 0248 04       		.byte	4
 614 0249 00       		.byte	0
 615 024a 04       		.byte	4
 616 024b 0B       		.byte	11
 617 024c 0B       		.byte	11
 618 024d 00       		.byte	0
 619 024e 04       		.byte	4
 620 024f 00       		.byte	0
 621 0250 00       		.byte	0
 622 0251 00       		.byte	0
 623 0252 00       		.byte	0
 624 0253 00       		.byte	0
 625 0254 00       		.byte	0
 626 0255 7F       		.byte	127
 627 0256 7F       		.byte	127
ARM GAS  C:\Users\urdjt\AppData\Local\Temp\ccoElzIa.s 			page 12


 628 0257 00       		.byte	0
 629 0258 00       		.byte	0
 630 0259 00       		.byte	0
 631 025a 00       		.byte	0
 632 025b 00       		.byte	0
 633 025c 00       		.byte	0
 634 025d 04       		.byte	4
 635 025e 04       		.byte	4
 636 025f 00       		.byte	0
 637 0260 04       		.byte	4
 638 0261 00       		.byte	0
 639 0262 02       		.byte	2
 640 0263 00       		.byte	0
 641 0264 1F       		.byte	31
 642 0265 00       		.byte	0
 643 0266 18       		.byte	24
 644 0267 01       		.byte	1
 645              		.section	.cywolatch,"a",%progbits
 646              		.align	2
 647              		.type	cy_meta_wonvl, %object
 648              		.size	cy_meta_wonvl, 4
 649              	cy_meta_wonvl:
 650 0000 BC       		.byte	-68
 651 0001 90       		.byte	-112
 652 0002 AC       		.byte	-84
 653 0003 AF       		.byte	-81
 654              		.section	.cycustnvl,"a",%progbits
 655              		.align	2
 656              		.type	cy_meta_custnvl, %object
 657              		.size	cy_meta_custnvl, 4
 658              	cy_meta_custnvl:
 659 0000 00       		.byte	0
 660 0001 00       		.byte	0
 661 0002 40       		.byte	64
 662 0003 05       		.byte	5
 663              		.section	.cymeta,"a",%progbits
 664              		.align	2
 665              		.type	cy_metadata, %object
 666              		.size	cy_metadata, 12
 667              	cy_metadata:
 668 0000 00       		.byte	0
 669 0001 01       		.byte	1
 670 0002 2E       		.byte	46
 671 0003 12       		.byte	18
 672 0004 30       		.byte	48
 673 0005 69       		.byte	105
 674 0006 00       		.byte	0
 675 0007 01       		.byte	1
 676 0008 00       		.byte	0
 677 0009 00       		.byte	0
 678 000a 00       		.byte	0
 679 000b 00       		.byte	0
 680              		.section	.cyflashprotect,"a",%progbits
 681              		.align	2
 682              		.type	cy_meta_flashprotect, %object
 683              		.size	cy_meta_flashprotect, 256
 684              	cy_meta_flashprotect:
ARM GAS  C:\Users\urdjt\AppData\Local\Temp\ccoElzIa.s 			page 13


 685 0000 00000000 		.space	256
 685      00000000 
 685      00000000 
 685      00000000 
 685      00000000 
 686              		.text
 687              	.Letext0:
 688              		.file 1 "c:\\program files (x86)\\cypress\\psoc creator\\4.2\\psoc creator\\import\\gnu\\arm\\5.4.
 689              		.file 2 "c:\\program files (x86)\\cypress\\psoc creator\\4.2\\psoc creator\\import\\gnu\\arm\\5.4.
 690              		.file 3 "Generated_Source\\PSoC5\\cymetadata.c"
 691              		.section	.debug_info,"",%progbits
 692              	.Ldebug_info0:
 693 0000 31010000 		.4byte	0x131
 694 0004 0400     		.2byte	0x4
 695 0006 00000000 		.4byte	.Ldebug_abbrev0
 696 000a 04       		.byte	0x4
 697 000b 01       		.uleb128 0x1
 698 000c 24000000 		.4byte	.LASF17
 699 0010 0C       		.byte	0xc
 700 0011 D9010000 		.4byte	.LASF18
 701 0015 72010000 		.4byte	.LASF19
 702 0019 00000000 		.4byte	.Ldebug_line0
 703 001d 02       		.uleb128 0x2
 704 001e 01       		.byte	0x1
 705 001f 06       		.byte	0x6
 706 0020 CD010000 		.4byte	.LASF0
 707 0024 03       		.uleb128 0x3
 708 0025 00000000 		.4byte	.LASF9
 709 0029 01       		.byte	0x1
 710 002a 1D       		.byte	0x1d
 711 002b 2F000000 		.4byte	0x2f
 712 002f 02       		.uleb128 0x2
 713 0030 01       		.byte	0x1
 714 0031 08       		.byte	0x8
 715 0032 16000000 		.4byte	.LASF1
 716 0036 02       		.uleb128 0x2
 717 0037 02       		.byte	0x2
 718 0038 05       		.byte	0x5
 719 0039 5F010000 		.4byte	.LASF2
 720 003d 02       		.uleb128 0x2
 721 003e 02       		.byte	0x2
 722 003f 07       		.byte	0x7
 723 0040 C4000000 		.4byte	.LASF3
 724 0044 02       		.uleb128 0x2
 725 0045 04       		.byte	0x4
 726 0046 05       		.byte	0x5
 727 0047 69010000 		.4byte	.LASF4
 728 004b 02       		.uleb128 0x2
 729 004c 04       		.byte	0x4
 730 004d 07       		.byte	0x7
 731 004e B2000000 		.4byte	.LASF5
 732 0052 02       		.uleb128 0x2
 733 0053 08       		.byte	0x8
 734 0054 05       		.byte	0x5
 735 0055 51010000 		.4byte	.LASF6
 736 0059 02       		.uleb128 0x2
 737 005a 08       		.byte	0x8
ARM GAS  C:\Users\urdjt\AppData\Local\Temp\ccoElzIa.s 			page 14


 738 005b 07       		.byte	0x7
 739 005c 06010000 		.4byte	.LASF7
 740 0060 04       		.uleb128 0x4
 741 0061 04       		.byte	0x4
 742 0062 05       		.byte	0x5
 743 0063 696E7400 		.ascii	"int\000"
 744 0067 02       		.uleb128 0x2
 745 0068 04       		.byte	0x4
 746 0069 07       		.byte	0x7
 747 006a F9000000 		.4byte	.LASF8
 748 006e 03       		.uleb128 0x3
 749 006f 1D010000 		.4byte	.LASF10
 750 0073 02       		.byte	0x2
 751 0074 18       		.byte	0x18
 752 0075 24000000 		.4byte	0x24
 753 0079 05       		.uleb128 0x5
 754 007a 91000000 		.4byte	0x91
 755 007e 8A000000 		.4byte	0x8a
 756 0082 06       		.uleb128 0x6
 757 0083 8A000000 		.4byte	0x8a
 758 0087 6702     		.2byte	0x267
 759 0089 00       		.byte	0
 760 008a 02       		.uleb128 0x2
 761 008b 04       		.byte	0x4
 762 008c 07       		.byte	0x7
 763 008d 48010000 		.4byte	.LASF11
 764 0091 07       		.uleb128 0x7
 765 0092 6E000000 		.4byte	0x6e
 766 0096 08       		.uleb128 0x8
 767 0097 E7000000 		.4byte	.LASF12
 768 009b 03       		.byte	0x3
 769 009c 1F       		.byte	0x1f
 770 009d A7000000 		.4byte	0xa7
 771 00a1 05       		.uleb128 0x5
 772 00a2 03       		.byte	0x3
 773 00a3 00000000 		.4byte	cy_meta_configecc
 774 00a7 07       		.uleb128 0x7
 775 00a8 79000000 		.4byte	0x79
 776 00ac 05       		.uleb128 0x5
 777 00ad 91000000 		.4byte	0x91
 778 00b1 BC000000 		.4byte	0xbc
 779 00b5 09       		.uleb128 0x9
 780 00b6 8A000000 		.4byte	0x8a
 781 00ba 03       		.byte	0x3
 782 00bb 00       		.byte	0
 783 00bc 08       		.uleb128 0x8
 784 00bd D7000000 		.4byte	.LASF13
 785 00c1 03       		.byte	0x3
 786 00c2 79       		.byte	0x79
 787 00c3 CD000000 		.4byte	0xcd
 788 00c7 05       		.uleb128 0x5
 789 00c8 03       		.byte	0x3
 790 00c9 00000000 		.4byte	cy_meta_custnvl
 791 00cd 07       		.uleb128 0x7
 792 00ce AC000000 		.4byte	0xac
 793 00d2 08       		.uleb128 0x8
 794 00d3 3A010000 		.4byte	.LASF14
ARM GAS  C:\Users\urdjt\AppData\Local\Temp\ccoElzIa.s 			page 15


 795 00d7 03       		.byte	0x3
 796 00d8 87       		.byte	0x87
 797 00d9 E3000000 		.4byte	0xe3
 798 00dd 05       		.uleb128 0x5
 799 00de 03       		.byte	0x3
 800 00df 00000000 		.4byte	cy_meta_wonvl
 801 00e3 07       		.uleb128 0x7
 802 00e4 AC000000 		.4byte	0xac
 803 00e8 05       		.uleb128 0x5
 804 00e9 91000000 		.4byte	0x91
 805 00ed F8000000 		.4byte	0xf8
 806 00f1 09       		.uleb128 0x9
 807 00f2 8A000000 		.4byte	0x8a
 808 00f6 FF       		.byte	0xff
 809 00f7 00       		.byte	0
 810 00f8 08       		.uleb128 0x8
 811 00f9 25010000 		.4byte	.LASF15
 812 00fd 03       		.byte	0x3
 813 00fe 95       		.byte	0x95
 814 00ff 09010000 		.4byte	0x109
 815 0103 05       		.uleb128 0x5
 816 0104 03       		.byte	0x3
 817 0105 00000000 		.4byte	cy_meta_flashprotect
 818 0109 07       		.uleb128 0x7
 819 010a E8000000 		.4byte	0xe8
 820 010e 05       		.uleb128 0x5
 821 010f 91000000 		.4byte	0x91
 822 0113 1E010000 		.4byte	0x11e
 823 0117 09       		.uleb128 0x9
 824 0118 8A000000 		.4byte	0x8a
 825 011c 0B       		.byte	0xb
 826 011d 00       		.byte	0
 827 011e 08       		.uleb128 0x8
 828 011f 0A000000 		.4byte	.LASF16
 829 0123 03       		.byte	0x3
 830 0124 C2       		.byte	0xc2
 831 0125 2F010000 		.4byte	0x12f
 832 0129 05       		.uleb128 0x5
 833 012a 03       		.byte	0x3
 834 012b 00000000 		.4byte	cy_metadata
 835 012f 07       		.uleb128 0x7
 836 0130 0E010000 		.4byte	0x10e
 837 0134 00       		.byte	0
 838              		.section	.debug_abbrev,"",%progbits
 839              	.Ldebug_abbrev0:
 840 0000 01       		.uleb128 0x1
 841 0001 11       		.uleb128 0x11
 842 0002 01       		.byte	0x1
 843 0003 25       		.uleb128 0x25
 844 0004 0E       		.uleb128 0xe
 845 0005 13       		.uleb128 0x13
 846 0006 0B       		.uleb128 0xb
 847 0007 03       		.uleb128 0x3
 848 0008 0E       		.uleb128 0xe
 849 0009 1B       		.uleb128 0x1b
 850 000a 0E       		.uleb128 0xe
 851 000b 10       		.uleb128 0x10
ARM GAS  C:\Users\urdjt\AppData\Local\Temp\ccoElzIa.s 			page 16


 852 000c 17       		.uleb128 0x17
 853 000d 00       		.byte	0
 854 000e 00       		.byte	0
 855 000f 02       		.uleb128 0x2
 856 0010 24       		.uleb128 0x24
 857 0011 00       		.byte	0
 858 0012 0B       		.uleb128 0xb
 859 0013 0B       		.uleb128 0xb
 860 0014 3E       		.uleb128 0x3e
 861 0015 0B       		.uleb128 0xb
 862 0016 03       		.uleb128 0x3
 863 0017 0E       		.uleb128 0xe
 864 0018 00       		.byte	0
 865 0019 00       		.byte	0
 866 001a 03       		.uleb128 0x3
 867 001b 16       		.uleb128 0x16
 868 001c 00       		.byte	0
 869 001d 03       		.uleb128 0x3
 870 001e 0E       		.uleb128 0xe
 871 001f 3A       		.uleb128 0x3a
 872 0020 0B       		.uleb128 0xb
 873 0021 3B       		.uleb128 0x3b
 874 0022 0B       		.uleb128 0xb
 875 0023 49       		.uleb128 0x49
 876 0024 13       		.uleb128 0x13
 877 0025 00       		.byte	0
 878 0026 00       		.byte	0
 879 0027 04       		.uleb128 0x4
 880 0028 24       		.uleb128 0x24
 881 0029 00       		.byte	0
 882 002a 0B       		.uleb128 0xb
 883 002b 0B       		.uleb128 0xb
 884 002c 3E       		.uleb128 0x3e
 885 002d 0B       		.uleb128 0xb
 886 002e 03       		.uleb128 0x3
 887 002f 08       		.uleb128 0x8
 888 0030 00       		.byte	0
 889 0031 00       		.byte	0
 890 0032 05       		.uleb128 0x5
 891 0033 01       		.uleb128 0x1
 892 0034 01       		.byte	0x1
 893 0035 49       		.uleb128 0x49
 894 0036 13       		.uleb128 0x13
 895 0037 01       		.uleb128 0x1
 896 0038 13       		.uleb128 0x13
 897 0039 00       		.byte	0
 898 003a 00       		.byte	0
 899 003b 06       		.uleb128 0x6
 900 003c 21       		.uleb128 0x21
 901 003d 00       		.byte	0
 902 003e 49       		.uleb128 0x49
 903 003f 13       		.uleb128 0x13
 904 0040 2F       		.uleb128 0x2f
 905 0041 05       		.uleb128 0x5
 906 0042 00       		.byte	0
 907 0043 00       		.byte	0
 908 0044 07       		.uleb128 0x7
ARM GAS  C:\Users\urdjt\AppData\Local\Temp\ccoElzIa.s 			page 17


 909 0045 26       		.uleb128 0x26
 910 0046 00       		.byte	0
 911 0047 49       		.uleb128 0x49
 912 0048 13       		.uleb128 0x13
 913 0049 00       		.byte	0
 914 004a 00       		.byte	0
 915 004b 08       		.uleb128 0x8
 916 004c 34       		.uleb128 0x34
 917 004d 00       		.byte	0
 918 004e 03       		.uleb128 0x3
 919 004f 0E       		.uleb128 0xe
 920 0050 3A       		.uleb128 0x3a
 921 0051 0B       		.uleb128 0xb
 922 0052 3B       		.uleb128 0x3b
 923 0053 0B       		.uleb128 0xb
 924 0054 49       		.uleb128 0x49
 925 0055 13       		.uleb128 0x13
 926 0056 3F       		.uleb128 0x3f
 927 0057 19       		.uleb128 0x19
 928 0058 02       		.uleb128 0x2
 929 0059 18       		.uleb128 0x18
 930 005a 00       		.byte	0
 931 005b 00       		.byte	0
 932 005c 09       		.uleb128 0x9
 933 005d 21       		.uleb128 0x21
 934 005e 00       		.byte	0
 935 005f 49       		.uleb128 0x49
 936 0060 13       		.uleb128 0x13
 937 0061 2F       		.uleb128 0x2f
 938 0062 0B       		.uleb128 0xb
 939 0063 00       		.byte	0
 940 0064 00       		.byte	0
 941 0065 00       		.byte	0
 942              		.section	.debug_aranges,"",%progbits
 943 0000 14000000 		.4byte	0x14
 944 0004 0200     		.2byte	0x2
 945 0006 00000000 		.4byte	.Ldebug_info0
 946 000a 04       		.byte	0x4
 947 000b 00       		.byte	0
 948 000c 0000     		.2byte	0
 949 000e 0000     		.2byte	0
 950 0010 00000000 		.4byte	0
 951 0014 00000000 		.4byte	0
 952              		.section	.debug_line,"",%progbits
 953              	.Ldebug_line0:
 954 0000 3D010000 		.section	.debug_str,"MS",%progbits,1
 954      02003701 
 954      00000201 
 954      FB0E0D00 
 954      01010101 
 955              	.LASF9:
 956 0000 5F5F7569 		.ascii	"__uint8_t\000"
 956      6E74385F 
 956      7400
 957              	.LASF16:
 958 000a 63795F6D 		.ascii	"cy_metadata\000"
 958      65746164 
ARM GAS  C:\Users\urdjt\AppData\Local\Temp\ccoElzIa.s 			page 18


 958      61746100 
 959              	.LASF1:
 960 0016 756E7369 		.ascii	"unsigned char\000"
 960      676E6564 
 960      20636861 
 960      7200
 961              	.LASF17:
 962 0024 474E5520 		.ascii	"GNU C11 5.4.1 20160609 (release) [ARM/embedded-5-br"
 962      43313120 
 962      352E342E 
 962      31203230 
 962      31363036 
 963 0057 616E6368 		.ascii	"anch revision 237715] -mcpu=cortex-m3 -mthumb -g -O"
 963      20726576 
 963      6973696F 
 963      6E203233 
 963      37373135 
 964 008a 67202D66 		.ascii	"g -ffunction-sections -ffat-lto-objects\000"
 964      66756E63 
 964      74696F6E 
 964      2D736563 
 964      74696F6E 
 965              	.LASF5:
 966 00b2 6C6F6E67 		.ascii	"long unsigned int\000"
 966      20756E73 
 966      69676E65 
 966      6420696E 
 966      7400
 967              	.LASF3:
 968 00c4 73686F72 		.ascii	"short unsigned int\000"
 968      7420756E 
 968      7369676E 
 968      65642069 
 968      6E7400
 969              	.LASF13:
 970 00d7 63795F6D 		.ascii	"cy_meta_custnvl\000"
 970      6574615F 
 970      63757374 
 970      6E766C00 
 971              	.LASF12:
 972 00e7 63795F6D 		.ascii	"cy_meta_configecc\000"
 972      6574615F 
 972      636F6E66 
 972      69676563 
 972      6300
 973              	.LASF8:
 974 00f9 756E7369 		.ascii	"unsigned int\000"
 974      676E6564 
 974      20696E74 
 974      00
 975              	.LASF7:
 976 0106 6C6F6E67 		.ascii	"long long unsigned int\000"
 976      206C6F6E 
 976      6720756E 
 976      7369676E 
 976      65642069 
 977              	.LASF10:
ARM GAS  C:\Users\urdjt\AppData\Local\Temp\ccoElzIa.s 			page 19


 978 011d 75696E74 		.ascii	"uint8_t\000"
 978      385F7400 
 979              	.LASF15:
 980 0125 63795F6D 		.ascii	"cy_meta_flashprotect\000"
 980      6574615F 
 980      666C6173 
 980      6870726F 
 980      74656374 
 981              	.LASF14:
 982 013a 63795F6D 		.ascii	"cy_meta_wonvl\000"
 982      6574615F 
 982      776F6E76 
 982      6C00
 983              	.LASF11:
 984 0148 73697A65 		.ascii	"sizetype\000"
 984      74797065 
 984      00
 985              	.LASF6:
 986 0151 6C6F6E67 		.ascii	"long long int\000"
 986      206C6F6E 
 986      6720696E 
 986      7400
 987              	.LASF2:
 988 015f 73686F72 		.ascii	"short int\000"
 988      7420696E 
 988      7400
 989              	.LASF4:
 990 0169 6C6F6E67 		.ascii	"long int\000"
 990      20696E74 
 990      00
 991              	.LASF19:
 992 0172 453A5C50 		.ascii	"E:\\Praktikum adaptive Sensorelektronik\\PSoC Creat"
 992      72616B74 
 992      696B756D 
 992      20616461 
 992      70746976 
 993 01a3 6F725C56 		.ascii	"or\\Versuch 4\\Temperatursensor\\Temp1.cydsn\000"
 993      65727375 
 993      63682034 
 993      5C54656D 
 993      70657261 
 994              	.LASF0:
 995 01cd 7369676E 		.ascii	"signed char\000"
 995      65642063 
 995      68617200 
 996              	.LASF18:
 997 01d9 47656E65 		.ascii	"Generated_Source\\PSoC5\\cymetadata.c\000"
 997      72617465 
 997      645F536F 
 997      75726365 
 997      5C50536F 
 998              		.ident	"GCC: (GNU Tools for ARM Embedded Processors) 5.4.1 20160609 (release) [ARM/embedded-5-bran
