ARM GAS  C:\Users\urdjt\AppData\Local\Temp\cc9qcU8N.s 			page 1


   1              		.syntax unified
   2              		.cpu cortex-m3
   3              		.fpu softvfp
   4              		.eabi_attribute 20, 1
   5              		.eabi_attribute 21, 1
   6              		.eabi_attribute 23, 3
   7              		.eabi_attribute 24, 1
   8              		.eabi_attribute 25, 1
   9              		.eabi_attribute 26, 1
  10              		.eabi_attribute 30, 1
  11              		.eabi_attribute 34, 1
  12              		.eabi_attribute 18, 4
  13              		.thumb
  14              		.syntax unified
  15              		.file	"main.c"
  16              		.text
  17              	.Ltext0:
  18              		.cfi_sections	.debug_frame
  19              		.section	.text.main,"ax",%progbits
  20              		.align	2
  21              		.global	main
  22              		.thumb
  23              		.thumb_func
  24              		.type	main, %function
  25              	main:
  26              	.LFB63:
  27              		.file 1 "main.c"
   1:main.c        **** /* ========================================
   2:main.c        ****  *
   3:main.c        ****  * Copyright YOUR COMPANY, THE YEAR
   4:main.c        ****  * All Rights Reserved
   5:main.c        ****  * UNPUBLISHED, LICENSED SOFTWARE.
   6:main.c        ****  *
   7:main.c        ****  * CONFIDENTIAL AND PROPRIETARY INFORMATION
   8:main.c        ****  * WHICH IS THE PROPERTY OF your company.
   9:main.c        ****  *
  10:main.c        ****  * ========================================
  11:main.c        **** */
  12:main.c        **** #include "project.h"
  13:main.c        **** 
  14:main.c        **** int main(void)
  15:main.c        **** {
  28              		.loc 1 15 0
  29              		.cfi_startproc
  30              		@ args = 0, pretend = 0, frame = 0
  31              		@ frame_needed = 0, uses_anonymous_args = 0
  32 0000 38B5     		push	{r3, r4, r5, lr}
  33              		.cfi_def_cfa_offset 16
  34              		.cfi_offset 3, -16
  35              		.cfi_offset 4, -12
  36              		.cfi_offset 5, -8
  37              		.cfi_offset 14, -4
  16:main.c        ****     CyGlobalIntEnable; /* Enable global interrupts. */
  38              		.loc 1 16 0
  39              		.syntax unified
  40              	@ 16 "main.c" 1
  41 0002 62B6     		CPSIE   i
ARM GAS  C:\Users\urdjt\AppData\Local\Temp\cc9qcU8N.s 			page 2


  42              	@ 0 "" 2
  17:main.c        **** 
  18:main.c        ****     /* Place your initialization/startup code here (e.g. MyInst_Start()) */
  19:main.c        ****     LCD_1_Start();
  43              		.loc 1 19 0
  44              		.thumb
  45              		.syntax unified
  46 0004 FFF7FEFF 		bl	LCD_1_Start
  47              	.LVL0:
  20:main.c        ****   
  21:main.c        ****     int i=0, whiteSpace = 0;
  48              		.loc 1 21 0
  49 0008 0024     		movs	r4, #0
  50 000a 2546     		mov	r5, r4
  51 000c 14E0     		b	.L2
  52              	.LVL1:
  53              	.L3:
  22:main.c        ****     while(1)
  23:main.c        ****     {
  24:main.c        ****         for(i; i<17 ; i++)
  25:main.c        ****         {
  26:main.c        ****             for(whiteSpace; whiteSpace < i; whiteSpace++)
  27:main.c        ****             {
  28:main.c        ****                 LCD_1_Position(0,whiteSpace);
  54              		.loc 1 28 0 discriminator 2
  55 000e E1B2     		uxtb	r1, r4
  56 0010 0020     		movs	r0, #0
  57 0012 FFF7FEFF 		bl	LCD_1_Position
  58              	.LVL2:
  29:main.c        ****                 LCD_1_PutChar(' ');
  59              		.loc 1 29 0 discriminator 2
  60 0016 2020     		movs	r0, #32
  61 0018 FFF7FEFF 		bl	LCD_1_PutChar
  62              	.LVL3:
  26:main.c        ****             {
  63              		.loc 1 26 0 discriminator 2
  64 001c 0134     		adds	r4, r4, #1
  65              	.LVL4:
  66              	.L4:
  26:main.c        ****             {
  67              		.loc 1 26 0 is_stmt 0 discriminator 1
  68 001e A542     		cmp	r5, r4
  69 0020 F5DC     		bgt	.L3
  30:main.c        ****             }
  31:main.c        ****             LCD_1_Position(0,i);
  70              		.loc 1 31 0 is_stmt 1
  71 0022 E9B2     		uxtb	r1, r5
  72 0024 0020     		movs	r0, #0
  73 0026 FFF7FEFF 		bl	LCD_1_Position
  74              	.LVL5:
  32:main.c        ****             LCD_1_PrintString("Hello World!");
  75              		.loc 1 32 0
  76 002a 0B48     		ldr	r0, .L9
  77 002c FFF7FEFF 		bl	LCD_1_PrintString
  78              	.LVL6:
  33:main.c        ****             
  34:main.c        ****             CyDelay(250);
ARM GAS  C:\Users\urdjt\AppData\Local\Temp\cc9qcU8N.s 			page 3


  79              		.loc 1 34 0
  80 0030 FA20     		movs	r0, #250
  81 0032 FFF7FEFF 		bl	CyDelay
  82              	.LVL7:
  24:main.c        ****         {
  83              		.loc 1 24 0
  84 0036 0135     		adds	r5, r5, #1
  85              	.LVL8:
  86              	.L2:
  24:main.c        ****         {
  87              		.loc 1 24 0 is_stmt 0 discriminator 1
  88 0038 102D     		cmp	r5, #16
  89 003a F0DD     		ble	.L4
  90 003c 07E0     		b	.L5
  91              	.L6:
  35:main.c        ****         }
  36:main.c        ****         for(whiteSpace; whiteSpace < 17 ; whiteSpace++)
  37:main.c        ****         {
  38:main.c        ****             LCD_1_Position(0,whiteSpace);
  92              		.loc 1 38 0 is_stmt 1 discriminator 2
  93 003e E1B2     		uxtb	r1, r4
  94 0040 0020     		movs	r0, #0
  95 0042 FFF7FEFF 		bl	LCD_1_Position
  96              	.LVL9:
  39:main.c        ****             LCD_1_PutChar(' ');
  97              		.loc 1 39 0 discriminator 2
  98 0046 2020     		movs	r0, #32
  99 0048 FFF7FEFF 		bl	LCD_1_PutChar
 100              	.LVL10:
  36:main.c        ****         {
 101              		.loc 1 36 0 discriminator 2
 102 004c 0134     		adds	r4, r4, #1
 103              	.LVL11:
 104              	.L5:
  36:main.c        ****         {
 105              		.loc 1 36 0 is_stmt 0 discriminator 1
 106 004e 102C     		cmp	r4, #16
 107 0050 F5DD     		ble	.L6
  40:main.c        ****         }
  41:main.c        ****         i = 0;
  42:main.c        ****         whiteSpace = 0;
 108              		.loc 1 42 0 is_stmt 1
 109 0052 0024     		movs	r4, #0
 110              	.LVL12:
  41:main.c        ****         whiteSpace = 0;
 111              		.loc 1 41 0
 112 0054 2546     		mov	r5, r4
 113              	.LVL13:
 114 0056 EFE7     		b	.L2
 115              	.L10:
 116              		.align	2
 117              	.L9:
 118 0058 00000000 		.word	.LC0
 119              		.cfi_endproc
 120              	.LFE63:
 121              		.size	main, .-main
 122              		.section	.rodata.str1.4,"aMS",%progbits,1
ARM GAS  C:\Users\urdjt\AppData\Local\Temp\cc9qcU8N.s 			page 4


 123              		.align	2
 124              	.LC0:
 125 0000 48656C6C 		.ascii	"Hello World!\000"
 125      6F20576F 
 125      726C6421 
 125      00
 126              		.text
 127              	.Letext0:
 128              		.file 2 "c:\\program files (x86)\\cypress\\psoc creator\\4.2\\psoc creator\\import\\gnu\\arm\\5.4.
 129              		.file 3 "c:\\program files (x86)\\cypress\\psoc creator\\4.2\\psoc creator\\import\\gnu\\arm\\5.4.
 130              		.file 4 "Generated_Source\\PSoC5/LCD_1.h"
 131              		.file 5 "Generated_Source\\PSoC5/CyLib.h"
 132              		.file 6 "Generated_Source\\PSoC5/core_cm3.h"
 133              		.section	.debug_info,"",%progbits
 134              	.Ldebug_info0:
 135 0000 C2010000 		.4byte	0x1c2
 136 0004 0400     		.2byte	0x4
 137 0006 00000000 		.4byte	.Ldebug_abbrev0
 138 000a 04       		.byte	0x4
 139 000b 01       		.uleb128 0x1
 140 000c 46000000 		.4byte	.LASF22
 141 0010 0C       		.byte	0xc
 142 0011 2E000000 		.4byte	.LASF23
 143 0015 32010000 		.4byte	.LASF24
 144 0019 00000000 		.4byte	.Ldebug_ranges0+0
 145 001d 00000000 		.4byte	0
 146 0021 00000000 		.4byte	.Ldebug_line0
 147 0025 02       		.uleb128 0x2
 148 0026 01       		.byte	0x1
 149 0027 06       		.byte	0x6
 150 0028 3A000000 		.4byte	.LASF0
 151 002c 02       		.uleb128 0x2
 152 002d 01       		.byte	0x1
 153 002e 08       		.byte	0x8
 154 002f 10010000 		.4byte	.LASF1
 155 0033 02       		.uleb128 0x2
 156 0034 02       		.byte	0x2
 157 0035 05       		.byte	0x5
 158 0036 C4010000 		.4byte	.LASF2
 159 003a 02       		.uleb128 0x2
 160 003b 02       		.byte	0x2
 161 003c 07       		.byte	0x7
 162 003d 0E000000 		.4byte	.LASF3
 163 0041 03       		.uleb128 0x3
 164 0042 A6010000 		.4byte	.LASF9
 165 0046 02       		.byte	0x2
 166 0047 3F       		.byte	0x3f
 167 0048 4C000000 		.4byte	0x4c
 168 004c 02       		.uleb128 0x2
 169 004d 04       		.byte	0x4
 170 004e 05       		.byte	0x5
 171 004f 72010000 		.4byte	.LASF4
 172 0053 02       		.uleb128 0x2
 173 0054 04       		.byte	0x4
 174 0055 07       		.byte	0x7
 175 0056 DC000000 		.4byte	.LASF5
 176 005a 02       		.uleb128 0x2
ARM GAS  C:\Users\urdjt\AppData\Local\Temp\cc9qcU8N.s 			page 5


 177 005b 08       		.byte	0x8
 178 005c 05       		.byte	0x5
 179 005d 00000000 		.4byte	.LASF6
 180 0061 02       		.uleb128 0x2
 181 0062 08       		.byte	0x8
 182 0063 07       		.byte	0x7
 183 0064 F9000000 		.4byte	.LASF7
 184 0068 04       		.uleb128 0x4
 185 0069 04       		.byte	0x4
 186 006a 05       		.byte	0x5
 187 006b 696E7400 		.ascii	"int\000"
 188 006f 02       		.uleb128 0x2
 189 0070 04       		.byte	0x4
 190 0071 07       		.byte	0x7
 191 0072 21000000 		.4byte	.LASF8
 192 0076 03       		.uleb128 0x3
 193 0077 CE010000 		.4byte	.LASF10
 194 007b 03       		.byte	0x3
 195 007c 2C       		.byte	0x2c
 196 007d 41000000 		.4byte	0x41
 197 0081 02       		.uleb128 0x2
 198 0082 04       		.byte	0x4
 199 0083 04       		.byte	0x4
 200 0084 B0010000 		.4byte	.LASF11
 201 0088 02       		.uleb128 0x2
 202 0089 08       		.byte	0x8
 203 008a 04       		.byte	0x4
 204 008b 6B010000 		.4byte	.LASF12
 205 008f 02       		.uleb128 0x2
 206 0090 01       		.byte	0x1
 207 0091 08       		.byte	0x8
 208 0092 1E010000 		.4byte	.LASF13
 209 0096 02       		.uleb128 0x2
 210 0097 04       		.byte	0x4
 211 0098 07       		.byte	0x7
 212 0099 D6010000 		.4byte	.LASF14
 213 009d 02       		.uleb128 0x2
 214 009e 08       		.byte	0x8
 215 009f 04       		.byte	0x4
 216 00a0 9A010000 		.4byte	.LASF15
 217 00a4 05       		.uleb128 0x5
 218 00a5 35000000 		.4byte	.LASF25
 219 00a9 01       		.byte	0x1
 220 00aa 0E       		.byte	0xe
 221 00ab 68000000 		.4byte	0x68
 222 00af 00000000 		.4byte	.LFB63
 223 00b3 5C000000 		.4byte	.LFE63-.LFB63
 224 00b7 01       		.uleb128 0x1
 225 00b8 9C       		.byte	0x9c
 226 00b9 7D010000 		.4byte	0x17d
 227 00bd 06       		.uleb128 0x6
 228 00be 6900     		.ascii	"i\000"
 229 00c0 01       		.byte	0x1
 230 00c1 15       		.byte	0x15
 231 00c2 68000000 		.4byte	0x68
 232 00c6 00000000 		.4byte	.LLST0
 233 00ca 07       		.uleb128 0x7
ARM GAS  C:\Users\urdjt\AppData\Local\Temp\cc9qcU8N.s 			page 6


 234 00cb EE000000 		.4byte	.LASF16
 235 00cf 01       		.byte	0x1
 236 00d0 15       		.byte	0x15
 237 00d1 68000000 		.4byte	0x68
 238 00d5 1F000000 		.4byte	.LLST1
 239 00d9 08       		.uleb128 0x8
 240 00da 08000000 		.4byte	.LVL0
 241 00de 8E010000 		.4byte	0x18e
 242 00e2 09       		.uleb128 0x9
 243 00e3 16000000 		.4byte	.LVL2
 244 00e7 99010000 		.4byte	0x199
 245 00eb FB000000 		.4byte	0xfb
 246 00ef 0A       		.uleb128 0xa
 247 00f0 01       		.uleb128 0x1
 248 00f1 50       		.byte	0x50
 249 00f2 01       		.uleb128 0x1
 250 00f3 30       		.byte	0x30
 251 00f4 0A       		.uleb128 0xa
 252 00f5 01       		.uleb128 0x1
 253 00f6 51       		.byte	0x51
 254 00f7 02       		.uleb128 0x2
 255 00f8 74       		.byte	0x74
 256 00f9 00       		.sleb128 0
 257 00fa 00       		.byte	0
 258 00fb 09       		.uleb128 0x9
 259 00fc 1C000000 		.4byte	.LVL3
 260 0100 A4010000 		.4byte	0x1a4
 261 0104 0F010000 		.4byte	0x10f
 262 0108 0A       		.uleb128 0xa
 263 0109 01       		.uleb128 0x1
 264 010a 50       		.byte	0x50
 265 010b 02       		.uleb128 0x2
 266 010c 08       		.byte	0x8
 267 010d 20       		.byte	0x20
 268 010e 00       		.byte	0
 269 010f 09       		.uleb128 0x9
 270 0110 2A000000 		.4byte	.LVL5
 271 0114 99010000 		.4byte	0x199
 272 0118 28010000 		.4byte	0x128
 273 011c 0A       		.uleb128 0xa
 274 011d 01       		.uleb128 0x1
 275 011e 50       		.byte	0x50
 276 011f 01       		.uleb128 0x1
 277 0120 30       		.byte	0x30
 278 0121 0A       		.uleb128 0xa
 279 0122 01       		.uleb128 0x1
 280 0123 51       		.byte	0x51
 281 0124 02       		.uleb128 0x2
 282 0125 75       		.byte	0x75
 283 0126 00       		.sleb128 0
 284 0127 00       		.byte	0
 285 0128 09       		.uleb128 0x9
 286 0129 30000000 		.4byte	.LVL6
 287 012d AF010000 		.4byte	0x1af
 288 0131 3F010000 		.4byte	0x13f
 289 0135 0A       		.uleb128 0xa
 290 0136 01       		.uleb128 0x1
ARM GAS  C:\Users\urdjt\AppData\Local\Temp\cc9qcU8N.s 			page 7


 291 0137 50       		.byte	0x50
 292 0138 05       		.uleb128 0x5
 293 0139 03       		.byte	0x3
 294 013a 00000000 		.4byte	.LC0
 295 013e 00       		.byte	0
 296 013f 09       		.uleb128 0x9
 297 0140 36000000 		.4byte	.LVL7
 298 0144 BA010000 		.4byte	0x1ba
 299 0148 53010000 		.4byte	0x153
 300 014c 0A       		.uleb128 0xa
 301 014d 01       		.uleb128 0x1
 302 014e 50       		.byte	0x50
 303 014f 02       		.uleb128 0x2
 304 0150 08       		.byte	0x8
 305 0151 FA       		.byte	0xfa
 306 0152 00       		.byte	0
 307 0153 09       		.uleb128 0x9
 308 0154 46000000 		.4byte	.LVL9
 309 0158 99010000 		.4byte	0x199
 310 015c 6C010000 		.4byte	0x16c
 311 0160 0A       		.uleb128 0xa
 312 0161 01       		.uleb128 0x1
 313 0162 50       		.byte	0x50
 314 0163 01       		.uleb128 0x1
 315 0164 30       		.byte	0x30
 316 0165 0A       		.uleb128 0xa
 317 0166 01       		.uleb128 0x1
 318 0167 51       		.byte	0x51
 319 0168 02       		.uleb128 0x2
 320 0169 74       		.byte	0x74
 321 016a 00       		.sleb128 0
 322 016b 00       		.byte	0
 323 016c 0B       		.uleb128 0xb
 324 016d 4C000000 		.4byte	.LVL10
 325 0171 A4010000 		.4byte	0x1a4
 326 0175 0A       		.uleb128 0xa
 327 0176 01       		.uleb128 0x1
 328 0177 50       		.byte	0x50
 329 0178 02       		.uleb128 0x2
 330 0179 08       		.byte	0x8
 331 017a 20       		.byte	0x20
 332 017b 00       		.byte	0
 333 017c 00       		.byte	0
 334 017d 0C       		.uleb128 0xc
 335 017e 7B010000 		.4byte	.LASF26
 336 0182 06       		.byte	0x6
 337 0183 1207     		.2byte	0x712
 338 0185 89010000 		.4byte	0x189
 339 0189 0D       		.uleb128 0xd
 340 018a 76000000 		.4byte	0x76
 341 018e 0E       		.uleb128 0xe
 342 018f 5F010000 		.4byte	.LASF17
 343 0193 5F010000 		.4byte	.LASF17
 344 0197 04       		.byte	0x4
 345 0198 38       		.byte	0x38
 346 0199 0E       		.uleb128 0xe
 347 019a 23010000 		.4byte	.LASF18
ARM GAS  C:\Users\urdjt\AppData\Local\Temp\cc9qcU8N.s 			page 8


 348 019e 23010000 		.4byte	.LASF18
 349 01a2 04       		.byte	0x4
 350 01a3 3D       		.byte	0x3d
 351 01a4 0E       		.uleb128 0xe
 352 01a5 B6010000 		.4byte	.LASF19
 353 01a9 B6010000 		.4byte	.LASF19
 354 01ad 04       		.byte	0x4
 355 01ae 3E       		.byte	0x3e
 356 01af 0E       		.uleb128 0xe
 357 01b0 88010000 		.4byte	.LASF20
 358 01b4 88010000 		.4byte	.LASF20
 359 01b8 04       		.byte	0x4
 360 01b9 3C       		.byte	0x3c
 361 01ba 0E       		.uleb128 0xe
 362 01bb D4000000 		.4byte	.LASF21
 363 01bf D4000000 		.4byte	.LASF21
 364 01c3 05       		.byte	0x5
 365 01c4 76       		.byte	0x76
 366 01c5 00       		.byte	0
 367              		.section	.debug_abbrev,"",%progbits
 368              	.Ldebug_abbrev0:
 369 0000 01       		.uleb128 0x1
 370 0001 11       		.uleb128 0x11
 371 0002 01       		.byte	0x1
 372 0003 25       		.uleb128 0x25
 373 0004 0E       		.uleb128 0xe
 374 0005 13       		.uleb128 0x13
 375 0006 0B       		.uleb128 0xb
 376 0007 03       		.uleb128 0x3
 377 0008 0E       		.uleb128 0xe
 378 0009 1B       		.uleb128 0x1b
 379 000a 0E       		.uleb128 0xe
 380 000b 55       		.uleb128 0x55
 381 000c 17       		.uleb128 0x17
 382 000d 11       		.uleb128 0x11
 383 000e 01       		.uleb128 0x1
 384 000f 10       		.uleb128 0x10
 385 0010 17       		.uleb128 0x17
 386 0011 00       		.byte	0
 387 0012 00       		.byte	0
 388 0013 02       		.uleb128 0x2
 389 0014 24       		.uleb128 0x24
 390 0015 00       		.byte	0
 391 0016 0B       		.uleb128 0xb
 392 0017 0B       		.uleb128 0xb
 393 0018 3E       		.uleb128 0x3e
 394 0019 0B       		.uleb128 0xb
 395 001a 03       		.uleb128 0x3
 396 001b 0E       		.uleb128 0xe
 397 001c 00       		.byte	0
 398 001d 00       		.byte	0
 399 001e 03       		.uleb128 0x3
 400 001f 16       		.uleb128 0x16
 401 0020 00       		.byte	0
 402 0021 03       		.uleb128 0x3
 403 0022 0E       		.uleb128 0xe
 404 0023 3A       		.uleb128 0x3a
ARM GAS  C:\Users\urdjt\AppData\Local\Temp\cc9qcU8N.s 			page 9


 405 0024 0B       		.uleb128 0xb
 406 0025 3B       		.uleb128 0x3b
 407 0026 0B       		.uleb128 0xb
 408 0027 49       		.uleb128 0x49
 409 0028 13       		.uleb128 0x13
 410 0029 00       		.byte	0
 411 002a 00       		.byte	0
 412 002b 04       		.uleb128 0x4
 413 002c 24       		.uleb128 0x24
 414 002d 00       		.byte	0
 415 002e 0B       		.uleb128 0xb
 416 002f 0B       		.uleb128 0xb
 417 0030 3E       		.uleb128 0x3e
 418 0031 0B       		.uleb128 0xb
 419 0032 03       		.uleb128 0x3
 420 0033 08       		.uleb128 0x8
 421 0034 00       		.byte	0
 422 0035 00       		.byte	0
 423 0036 05       		.uleb128 0x5
 424 0037 2E       		.uleb128 0x2e
 425 0038 01       		.byte	0x1
 426 0039 3F       		.uleb128 0x3f
 427 003a 19       		.uleb128 0x19
 428 003b 03       		.uleb128 0x3
 429 003c 0E       		.uleb128 0xe
 430 003d 3A       		.uleb128 0x3a
 431 003e 0B       		.uleb128 0xb
 432 003f 3B       		.uleb128 0x3b
 433 0040 0B       		.uleb128 0xb
 434 0041 27       		.uleb128 0x27
 435 0042 19       		.uleb128 0x19
 436 0043 49       		.uleb128 0x49
 437 0044 13       		.uleb128 0x13
 438 0045 8701     		.uleb128 0x87
 439 0047 19       		.uleb128 0x19
 440 0048 11       		.uleb128 0x11
 441 0049 01       		.uleb128 0x1
 442 004a 12       		.uleb128 0x12
 443 004b 06       		.uleb128 0x6
 444 004c 40       		.uleb128 0x40
 445 004d 18       		.uleb128 0x18
 446 004e 9742     		.uleb128 0x2117
 447 0050 19       		.uleb128 0x19
 448 0051 01       		.uleb128 0x1
 449 0052 13       		.uleb128 0x13
 450 0053 00       		.byte	0
 451 0054 00       		.byte	0
 452 0055 06       		.uleb128 0x6
 453 0056 34       		.uleb128 0x34
 454 0057 00       		.byte	0
 455 0058 03       		.uleb128 0x3
 456 0059 08       		.uleb128 0x8
 457 005a 3A       		.uleb128 0x3a
 458 005b 0B       		.uleb128 0xb
 459 005c 3B       		.uleb128 0x3b
 460 005d 0B       		.uleb128 0xb
 461 005e 49       		.uleb128 0x49
ARM GAS  C:\Users\urdjt\AppData\Local\Temp\cc9qcU8N.s 			page 10


 462 005f 13       		.uleb128 0x13
 463 0060 02       		.uleb128 0x2
 464 0061 17       		.uleb128 0x17
 465 0062 00       		.byte	0
 466 0063 00       		.byte	0
 467 0064 07       		.uleb128 0x7
 468 0065 34       		.uleb128 0x34
 469 0066 00       		.byte	0
 470 0067 03       		.uleb128 0x3
 471 0068 0E       		.uleb128 0xe
 472 0069 3A       		.uleb128 0x3a
 473 006a 0B       		.uleb128 0xb
 474 006b 3B       		.uleb128 0x3b
 475 006c 0B       		.uleb128 0xb
 476 006d 49       		.uleb128 0x49
 477 006e 13       		.uleb128 0x13
 478 006f 02       		.uleb128 0x2
 479 0070 17       		.uleb128 0x17
 480 0071 00       		.byte	0
 481 0072 00       		.byte	0
 482 0073 08       		.uleb128 0x8
 483 0074 898201   		.uleb128 0x4109
 484 0077 00       		.byte	0
 485 0078 11       		.uleb128 0x11
 486 0079 01       		.uleb128 0x1
 487 007a 31       		.uleb128 0x31
 488 007b 13       		.uleb128 0x13
 489 007c 00       		.byte	0
 490 007d 00       		.byte	0
 491 007e 09       		.uleb128 0x9
 492 007f 898201   		.uleb128 0x4109
 493 0082 01       		.byte	0x1
 494 0083 11       		.uleb128 0x11
 495 0084 01       		.uleb128 0x1
 496 0085 31       		.uleb128 0x31
 497 0086 13       		.uleb128 0x13
 498 0087 01       		.uleb128 0x1
 499 0088 13       		.uleb128 0x13
 500 0089 00       		.byte	0
 501 008a 00       		.byte	0
 502 008b 0A       		.uleb128 0xa
 503 008c 8A8201   		.uleb128 0x410a
 504 008f 00       		.byte	0
 505 0090 02       		.uleb128 0x2
 506 0091 18       		.uleb128 0x18
 507 0092 9142     		.uleb128 0x2111
 508 0094 18       		.uleb128 0x18
 509 0095 00       		.byte	0
 510 0096 00       		.byte	0
 511 0097 0B       		.uleb128 0xb
 512 0098 898201   		.uleb128 0x4109
 513 009b 01       		.byte	0x1
 514 009c 11       		.uleb128 0x11
 515 009d 01       		.uleb128 0x1
 516 009e 31       		.uleb128 0x31
 517 009f 13       		.uleb128 0x13
 518 00a0 00       		.byte	0
ARM GAS  C:\Users\urdjt\AppData\Local\Temp\cc9qcU8N.s 			page 11


 519 00a1 00       		.byte	0
 520 00a2 0C       		.uleb128 0xc
 521 00a3 34       		.uleb128 0x34
 522 00a4 00       		.byte	0
 523 00a5 03       		.uleb128 0x3
 524 00a6 0E       		.uleb128 0xe
 525 00a7 3A       		.uleb128 0x3a
 526 00a8 0B       		.uleb128 0xb
 527 00a9 3B       		.uleb128 0x3b
 528 00aa 05       		.uleb128 0x5
 529 00ab 49       		.uleb128 0x49
 530 00ac 13       		.uleb128 0x13
 531 00ad 3F       		.uleb128 0x3f
 532 00ae 19       		.uleb128 0x19
 533 00af 3C       		.uleb128 0x3c
 534 00b0 19       		.uleb128 0x19
 535 00b1 00       		.byte	0
 536 00b2 00       		.byte	0
 537 00b3 0D       		.uleb128 0xd
 538 00b4 35       		.uleb128 0x35
 539 00b5 00       		.byte	0
 540 00b6 49       		.uleb128 0x49
 541 00b7 13       		.uleb128 0x13
 542 00b8 00       		.byte	0
 543 00b9 00       		.byte	0
 544 00ba 0E       		.uleb128 0xe
 545 00bb 2E       		.uleb128 0x2e
 546 00bc 00       		.byte	0
 547 00bd 3F       		.uleb128 0x3f
 548 00be 19       		.uleb128 0x19
 549 00bf 3C       		.uleb128 0x3c
 550 00c0 19       		.uleb128 0x19
 551 00c1 6E       		.uleb128 0x6e
 552 00c2 0E       		.uleb128 0xe
 553 00c3 03       		.uleb128 0x3
 554 00c4 0E       		.uleb128 0xe
 555 00c5 3A       		.uleb128 0x3a
 556 00c6 0B       		.uleb128 0xb
 557 00c7 3B       		.uleb128 0x3b
 558 00c8 0B       		.uleb128 0xb
 559 00c9 00       		.byte	0
 560 00ca 00       		.byte	0
 561 00cb 00       		.byte	0
 562              		.section	.debug_loc,"",%progbits
 563              	.Ldebug_loc0:
 564              	.LLST0:
 565 0000 08000000 		.4byte	.LVL0
 566 0004 0E000000 		.4byte	.LVL1
 567 0008 0200     		.2byte	0x2
 568 000a 30       		.byte	0x30
 569 000b 9F       		.byte	0x9f
 570 000c 0E000000 		.4byte	.LVL1
 571 0010 56000000 		.4byte	.LVL13
 572 0014 0100     		.2byte	0x1
 573 0016 55       		.byte	0x55
 574 0017 00000000 		.4byte	0
 575 001b 00000000 		.4byte	0
ARM GAS  C:\Users\urdjt\AppData\Local\Temp\cc9qcU8N.s 			page 12


 576              	.LLST1:
 577 001f 08000000 		.4byte	.LVL0
 578 0023 0E000000 		.4byte	.LVL1
 579 0027 0200     		.2byte	0x2
 580 0029 30       		.byte	0x30
 581 002a 9F       		.byte	0x9f
 582 002b 0E000000 		.4byte	.LVL1
 583 002f 54000000 		.4byte	.LVL12
 584 0033 0100     		.2byte	0x1
 585 0035 54       		.byte	0x54
 586 0036 00000000 		.4byte	0
 587 003a 00000000 		.4byte	0
 588              		.section	.debug_aranges,"",%progbits
 589 0000 1C000000 		.4byte	0x1c
 590 0004 0200     		.2byte	0x2
 591 0006 00000000 		.4byte	.Ldebug_info0
 592 000a 04       		.byte	0x4
 593 000b 00       		.byte	0
 594 000c 0000     		.2byte	0
 595 000e 0000     		.2byte	0
 596 0010 00000000 		.4byte	.LFB63
 597 0014 5C000000 		.4byte	.LFE63-.LFB63
 598 0018 00000000 		.4byte	0
 599 001c 00000000 		.4byte	0
 600              		.section	.debug_ranges,"",%progbits
 601              	.Ldebug_ranges0:
 602 0000 00000000 		.4byte	.LFB63
 603 0004 5C000000 		.4byte	.LFE63
 604 0008 00000000 		.4byte	0
 605 000c 00000000 		.4byte	0
 606              		.section	.debug_line,"",%progbits
 607              	.Ldebug_line0:
 608 0000 AA010000 		.section	.debug_str,"MS",%progbits,1
 608      02005501 
 608      00000201 
 608      FB0E0D00 
 608      01010101 
 609              	.LASF6:
 610 0000 6C6F6E67 		.ascii	"long long int\000"
 610      206C6F6E 
 610      6720696E 
 610      7400
 611              	.LASF3:
 612 000e 73686F72 		.ascii	"short unsigned int\000"
 612      7420756E 
 612      7369676E 
 612      65642069 
 612      6E7400
 613              	.LASF8:
 614 0021 756E7369 		.ascii	"unsigned int\000"
 614      676E6564 
 614      20696E74 
 614      00
 615              	.LASF23:
 616 002e 6D61696E 		.ascii	"main.c\000"
 616      2E6300
 617              	.LASF25:
ARM GAS  C:\Users\urdjt\AppData\Local\Temp\cc9qcU8N.s 			page 13


 618 0035 6D61696E 		.ascii	"main\000"
 618      00
 619              	.LASF0:
 620 003a 7369676E 		.ascii	"signed char\000"
 620      65642063 
 620      68617200 
 621              	.LASF22:
 622 0046 474E5520 		.ascii	"GNU C11 5.4.1 20160609 (release) [ARM/embedded-5-br"
 622      43313120 
 622      352E342E 
 622      31203230 
 622      31363036 
 623 0079 616E6368 		.ascii	"anch revision 237715] -mcpu=cortex-m3 -mthumb -g -O"
 623      20726576 
 623      6973696F 
 623      6E203233 
 623      37373135 
 624 00ac 67202D66 		.ascii	"g -ffunction-sections -ffat-lto-objects\000"
 624      66756E63 
 624      74696F6E 
 624      2D736563 
 624      74696F6E 
 625              	.LASF21:
 626 00d4 43794465 		.ascii	"CyDelay\000"
 626      6C617900 
 627              	.LASF5:
 628 00dc 6C6F6E67 		.ascii	"long unsigned int\000"
 628      20756E73 
 628      69676E65 
 628      6420696E 
 628      7400
 629              	.LASF16:
 630 00ee 77686974 		.ascii	"whiteSpace\000"
 630      65537061 
 630      636500
 631              	.LASF7:
 632 00f9 6C6F6E67 		.ascii	"long long unsigned int\000"
 632      206C6F6E 
 632      6720756E 
 632      7369676E 
 632      65642069 
 633              	.LASF1:
 634 0110 756E7369 		.ascii	"unsigned char\000"
 634      676E6564 
 634      20636861 
 634      7200
 635              	.LASF13:
 636 011e 63686172 		.ascii	"char\000"
 636      00
 637              	.LASF18:
 638 0123 4C43445F 		.ascii	"LCD_1_Position\000"
 638      315F506F 
 638      73697469 
 638      6F6E00
 639              	.LASF24:
 640 0132 453A5C50 		.ascii	"E:\\PSoC Creator\\Ausgabe LCD\\LCD_Laufen.cydsn\000"
 640      536F4320 
ARM GAS  C:\Users\urdjt\AppData\Local\Temp\cc9qcU8N.s 			page 14


 640      43726561 
 640      746F725C 
 640      41757367 
 641              	.LASF17:
 642 015f 4C43445F 		.ascii	"LCD_1_Start\000"
 642      315F5374 
 642      61727400 
 643              	.LASF12:
 644 016b 646F7562 		.ascii	"double\000"
 644      6C6500
 645              	.LASF4:
 646 0172 6C6F6E67 		.ascii	"long int\000"
 646      20696E74 
 646      00
 647              	.LASF26:
 648 017b 49544D5F 		.ascii	"ITM_RxBuffer\000"
 648      52784275 
 648      66666572 
 648      00
 649              	.LASF20:
 650 0188 4C43445F 		.ascii	"LCD_1_PrintString\000"
 650      315F5072 
 650      696E7453 
 650      7472696E 
 650      6700
 651              	.LASF15:
 652 019a 6C6F6E67 		.ascii	"long double\000"
 652      20646F75 
 652      626C6500 
 653              	.LASF9:
 654 01a6 5F5F696E 		.ascii	"__int32_t\000"
 654      7433325F 
 654      7400
 655              	.LASF11:
 656 01b0 666C6F61 		.ascii	"float\000"
 656      7400
 657              	.LASF19:
 658 01b6 4C43445F 		.ascii	"LCD_1_PutChar\000"
 658      315F5075 
 658      74436861 
 658      7200
 659              	.LASF2:
 660 01c4 73686F72 		.ascii	"short int\000"
 660      7420696E 
 660      7400
 661              	.LASF10:
 662 01ce 696E7433 		.ascii	"int32_t\000"
 662      325F7400 
 663              	.LASF14:
 664 01d6 73697A65 		.ascii	"sizetype\000"
 664      74797065 
 664      00
 665              		.ident	"GCC: (GNU Tools for ARM Embedded Processors) 5.4.1 20160609 (release) [ARM/embedded-5-bran
