ARM GAS  C:\Users\urdjt\AppData\Local\Temp\ccLq0QHd.s 			page 1


   1              		.syntax unified
   2              		.cpu cortex-m3
   3              		.fpu softvfp
   4              		.eabi_attribute 20, 1
   5              		.eabi_attribute 21, 1
   6              		.eabi_attribute 23, 3
   7              		.eabi_attribute 24, 1
   8              		.eabi_attribute 25, 1
   9              		.eabi_attribute 26, 1
  10              		.eabi_attribute 30, 1
  11              		.eabi_attribute 34, 1
  12              		.eabi_attribute 18, 4
  13              		.thumb
  14              		.syntax unified
  15              		.file	"cyfitter_cfg.c"
  16              		.text
  17              	.Ltext0:
  18              		.cfi_sections	.debug_frame
  19              		.section	.text.CyClockStartupError,"ax",%progbits
  20              		.align	2
  21              		.thumb
  22              		.thumb_func
  23              		.type	CyClockStartupError, %function
  24              	CyClockStartupError:
  25              	.LFB3:
  26              		.file 1 "Generated_Source\\PSoC5\\cyfitter_cfg.c"
   1:Generated_Source\PSoC5/cyfitter_cfg.c **** 
   2:Generated_Source\PSoC5/cyfitter_cfg.c **** /*******************************************************************************
   3:Generated_Source\PSoC5/cyfitter_cfg.c **** * File Name: cyfitter_cfg.c
   4:Generated_Source\PSoC5/cyfitter_cfg.c **** * 
   5:Generated_Source\PSoC5/cyfitter_cfg.c **** * PSoC Creator  4.2
   6:Generated_Source\PSoC5/cyfitter_cfg.c **** *
   7:Generated_Source\PSoC5/cyfitter_cfg.c **** * Description:
   8:Generated_Source\PSoC5/cyfitter_cfg.c **** * This file contains device initialization code.
   9:Generated_Source\PSoC5/cyfitter_cfg.c **** * Except for the user defined sections in CyClockStartupError(), this file should not be modified.
  10:Generated_Source\PSoC5/cyfitter_cfg.c **** * This file is automatically generated by PSoC Creator.
  11:Generated_Source\PSoC5/cyfitter_cfg.c **** *
  12:Generated_Source\PSoC5/cyfitter_cfg.c **** ********************************************************************************
  13:Generated_Source\PSoC5/cyfitter_cfg.c **** * Copyright (c) 2007-2018 Cypress Semiconductor.  All rights reserved.
  14:Generated_Source\PSoC5/cyfitter_cfg.c **** * You may use this file only in accordance with the license, terms, conditions, 
  15:Generated_Source\PSoC5/cyfitter_cfg.c **** * disclaimers, and limitations in the end user license agreement accompanying 
  16:Generated_Source\PSoC5/cyfitter_cfg.c **** * the software package with which this file was provided.
  17:Generated_Source\PSoC5/cyfitter_cfg.c **** ********************************************************************************/
  18:Generated_Source\PSoC5/cyfitter_cfg.c **** 
  19:Generated_Source\PSoC5/cyfitter_cfg.c **** #include <string.h>
  20:Generated_Source\PSoC5/cyfitter_cfg.c **** #include "cytypes.h"
  21:Generated_Source\PSoC5/cyfitter_cfg.c **** #include "cydevice_trm.h"
  22:Generated_Source\PSoC5/cyfitter_cfg.c **** #include "cyfitter.h"
  23:Generated_Source\PSoC5/cyfitter_cfg.c **** #include "CyLib.h"
  24:Generated_Source\PSoC5/cyfitter_cfg.c **** #include "cyfitter_cfg.h"
  25:Generated_Source\PSoC5/cyfitter_cfg.c **** #include "cyapicallbacks.h"
  26:Generated_Source\PSoC5/cyfitter_cfg.c **** 
  27:Generated_Source\PSoC5/cyfitter_cfg.c **** #define CY_NEED_CYCLOCKSTARTUPERROR 1
  28:Generated_Source\PSoC5/cyfitter_cfg.c **** 
  29:Generated_Source\PSoC5/cyfitter_cfg.c **** 
  30:Generated_Source\PSoC5/cyfitter_cfg.c **** #if defined(__GNUC__) || defined(__ARMCC_VERSION)
  31:Generated_Source\PSoC5/cyfitter_cfg.c ****     #define CYPACKED 
ARM GAS  C:\Users\urdjt\AppData\Local\Temp\ccLq0QHd.s 			page 2


  32:Generated_Source\PSoC5/cyfitter_cfg.c ****     #define CYPACKED_ATTR __attribute__ ((packed))
  33:Generated_Source\PSoC5/cyfitter_cfg.c ****     #define CYALIGNED __attribute__ ((aligned))
  34:Generated_Source\PSoC5/cyfitter_cfg.c ****     #define CY_CFG_UNUSED __attribute__ ((unused))
  35:Generated_Source\PSoC5/cyfitter_cfg.c ****     #ifndef CY_CFG_SECTION
  36:Generated_Source\PSoC5/cyfitter_cfg.c ****         #define CY_CFG_SECTION __attribute__ ((section(".psocinit")))
  37:Generated_Source\PSoC5/cyfitter_cfg.c ****     #endif
  38:Generated_Source\PSoC5/cyfitter_cfg.c ****     
  39:Generated_Source\PSoC5/cyfitter_cfg.c ****     #if defined(__ARMCC_VERSION)
  40:Generated_Source\PSoC5/cyfitter_cfg.c ****         #define CY_CFG_MEMORY_BARRIER() __memory_changed()
  41:Generated_Source\PSoC5/cyfitter_cfg.c ****     #else
  42:Generated_Source\PSoC5/cyfitter_cfg.c ****         #define CY_CFG_MEMORY_BARRIER() __sync_synchronize()
  43:Generated_Source\PSoC5/cyfitter_cfg.c ****     #endif
  44:Generated_Source\PSoC5/cyfitter_cfg.c ****     
  45:Generated_Source\PSoC5/cyfitter_cfg.c **** #elif defined(__ICCARM__)
  46:Generated_Source\PSoC5/cyfitter_cfg.c ****     #include <intrinsics.h>
  47:Generated_Source\PSoC5/cyfitter_cfg.c **** 
  48:Generated_Source\PSoC5/cyfitter_cfg.c ****     #define CYPACKED __packed
  49:Generated_Source\PSoC5/cyfitter_cfg.c ****     #define CYPACKED_ATTR 
  50:Generated_Source\PSoC5/cyfitter_cfg.c ****     #define CYALIGNED _Pragma("data_alignment=4")
  51:Generated_Source\PSoC5/cyfitter_cfg.c ****     #define CY_CFG_UNUSED _Pragma("diag_suppress=Pe177")
  52:Generated_Source\PSoC5/cyfitter_cfg.c ****     #define CY_CFG_SECTION _Pragma("location=\".psocinit\"")
  53:Generated_Source\PSoC5/cyfitter_cfg.c ****     
  54:Generated_Source\PSoC5/cyfitter_cfg.c ****     #define CY_CFG_MEMORY_BARRIER() __DMB()
  55:Generated_Source\PSoC5/cyfitter_cfg.c ****     
  56:Generated_Source\PSoC5/cyfitter_cfg.c **** #else
  57:Generated_Source\PSoC5/cyfitter_cfg.c ****     #error Unsupported toolchain
  58:Generated_Source\PSoC5/cyfitter_cfg.c **** #endif
  59:Generated_Source\PSoC5/cyfitter_cfg.c **** 
  60:Generated_Source\PSoC5/cyfitter_cfg.c **** #ifndef CYCODE
  61:Generated_Source\PSoC5/cyfitter_cfg.c ****     #define CYCODE
  62:Generated_Source\PSoC5/cyfitter_cfg.c **** #endif
  63:Generated_Source\PSoC5/cyfitter_cfg.c **** #ifndef CYDATA
  64:Generated_Source\PSoC5/cyfitter_cfg.c ****     #define CYDATA
  65:Generated_Source\PSoC5/cyfitter_cfg.c **** #endif
  66:Generated_Source\PSoC5/cyfitter_cfg.c **** #ifndef CYFAR
  67:Generated_Source\PSoC5/cyfitter_cfg.c ****     #define CYFAR
  68:Generated_Source\PSoC5/cyfitter_cfg.c **** #endif
  69:Generated_Source\PSoC5/cyfitter_cfg.c **** #ifndef CYXDATA
  70:Generated_Source\PSoC5/cyfitter_cfg.c ****     #define CYXDATA
  71:Generated_Source\PSoC5/cyfitter_cfg.c **** #endif
  72:Generated_Source\PSoC5/cyfitter_cfg.c **** 
  73:Generated_Source\PSoC5/cyfitter_cfg.c **** 
  74:Generated_Source\PSoC5/cyfitter_cfg.c **** CY_CFG_UNUSED
  75:Generated_Source\PSoC5/cyfitter_cfg.c **** static void CYMEMZERO(void *s, size_t n);
  76:Generated_Source\PSoC5/cyfitter_cfg.c **** CY_CFG_UNUSED
  77:Generated_Source\PSoC5/cyfitter_cfg.c **** static void CYMEMZERO(void *s, size_t n)
  78:Generated_Source\PSoC5/cyfitter_cfg.c **** {
  79:Generated_Source\PSoC5/cyfitter_cfg.c **** 	(void)memset(s, 0, n);
  80:Generated_Source\PSoC5/cyfitter_cfg.c **** }
  81:Generated_Source\PSoC5/cyfitter_cfg.c **** CY_CFG_UNUSED
  82:Generated_Source\PSoC5/cyfitter_cfg.c **** static void CYCONFIGCPY(void *dest, const void *src, size_t n);
  83:Generated_Source\PSoC5/cyfitter_cfg.c **** CY_CFG_UNUSED
  84:Generated_Source\PSoC5/cyfitter_cfg.c **** static void CYCONFIGCPY(void *dest, const void *src, size_t n)
  85:Generated_Source\PSoC5/cyfitter_cfg.c **** {
  86:Generated_Source\PSoC5/cyfitter_cfg.c **** 	(void)memcpy(dest, src, n);
  87:Generated_Source\PSoC5/cyfitter_cfg.c **** }
  88:Generated_Source\PSoC5/cyfitter_cfg.c **** CY_CFG_UNUSED
ARM GAS  C:\Users\urdjt\AppData\Local\Temp\ccLq0QHd.s 			page 3


  89:Generated_Source\PSoC5/cyfitter_cfg.c **** static void CYCONFIGCPYCODE(void *dest, const void *src, size_t n);
  90:Generated_Source\PSoC5/cyfitter_cfg.c **** CY_CFG_UNUSED
  91:Generated_Source\PSoC5/cyfitter_cfg.c **** static void CYCONFIGCPYCODE(void *dest, const void *src, size_t n)
  92:Generated_Source\PSoC5/cyfitter_cfg.c **** {
  93:Generated_Source\PSoC5/cyfitter_cfg.c **** 	(void)memcpy(dest, src, n);
  94:Generated_Source\PSoC5/cyfitter_cfg.c **** }
  95:Generated_Source\PSoC5/cyfitter_cfg.c **** 
  96:Generated_Source\PSoC5/cyfitter_cfg.c **** 
  97:Generated_Source\PSoC5/cyfitter_cfg.c **** 
  98:Generated_Source\PSoC5/cyfitter_cfg.c **** 
  99:Generated_Source\PSoC5/cyfitter_cfg.c **** /* Clock startup error codes                                                   */
 100:Generated_Source\PSoC5/cyfitter_cfg.c **** #define CYCLOCKSTART_NO_ERROR    0u
 101:Generated_Source\PSoC5/cyfitter_cfg.c **** #define CYCLOCKSTART_XTAL_ERROR  1u
 102:Generated_Source\PSoC5/cyfitter_cfg.c **** #define CYCLOCKSTART_32KHZ_ERROR 2u
 103:Generated_Source\PSoC5/cyfitter_cfg.c **** #define CYCLOCKSTART_PLL_ERROR   3u
 104:Generated_Source\PSoC5/cyfitter_cfg.c **** #define CYCLOCKSTART_FLL_ERROR   4u
 105:Generated_Source\PSoC5/cyfitter_cfg.c **** #define CYCLOCKSTART_WCO_ERROR   5u
 106:Generated_Source\PSoC5/cyfitter_cfg.c **** 
 107:Generated_Source\PSoC5/cyfitter_cfg.c **** 
 108:Generated_Source\PSoC5/cyfitter_cfg.c **** #ifdef CY_NEED_CYCLOCKSTARTUPERROR
 109:Generated_Source\PSoC5/cyfitter_cfg.c **** /*******************************************************************************
 110:Generated_Source\PSoC5/cyfitter_cfg.c **** * Function Name: CyClockStartupError
 111:Generated_Source\PSoC5/cyfitter_cfg.c **** ********************************************************************************
 112:Generated_Source\PSoC5/cyfitter_cfg.c **** * Summary:
 113:Generated_Source\PSoC5/cyfitter_cfg.c **** *  If an error is encountered during clock configuration (crystal startup error,
 114:Generated_Source\PSoC5/cyfitter_cfg.c **** *  PLL lock error, etc.), the system will end up here.  Unless reimplemented by
 115:Generated_Source\PSoC5/cyfitter_cfg.c **** *  the customer, this function will stop in an infinite loop.
 116:Generated_Source\PSoC5/cyfitter_cfg.c **** *
 117:Generated_Source\PSoC5/cyfitter_cfg.c **** * Parameters:
 118:Generated_Source\PSoC5/cyfitter_cfg.c **** *   void
 119:Generated_Source\PSoC5/cyfitter_cfg.c **** *
 120:Generated_Source\PSoC5/cyfitter_cfg.c **** * Return:
 121:Generated_Source\PSoC5/cyfitter_cfg.c **** *   void
 122:Generated_Source\PSoC5/cyfitter_cfg.c **** *
 123:Generated_Source\PSoC5/cyfitter_cfg.c **** *******************************************************************************/
 124:Generated_Source\PSoC5/cyfitter_cfg.c **** CY_CFG_UNUSED
 125:Generated_Source\PSoC5/cyfitter_cfg.c **** static void CyClockStartupError(uint8 errorCode);
 126:Generated_Source\PSoC5/cyfitter_cfg.c **** CY_CFG_UNUSED
 127:Generated_Source\PSoC5/cyfitter_cfg.c **** static void CyClockStartupError(uint8 errorCode)
 128:Generated_Source\PSoC5/cyfitter_cfg.c **** {
  27              		.loc 1 128 0
  28              		.cfi_startproc
  29              		@ Volatile: function does not return.
  30              		@ args = 0, pretend = 0, frame = 0
  31              		@ frame_needed = 0, uses_anonymous_args = 0
  32              		@ link register save eliminated.
  33              	.LVL0:
  34              	.L2:
  35 0000 FEE7     		b	.L2
  36              		.cfi_endproc
  37              	.LFE3:
  38              		.size	CyClockStartupError, .-CyClockStartupError
  39 0002 00BF     		.section	.text.AnalogSetDefault,"ax",%progbits
  40              		.align	2
  41              		.thumb
  42              		.thumb_func
  43              		.type	AnalogSetDefault, %function
ARM GAS  C:\Users\urdjt\AppData\Local\Temp\ccLq0QHd.s 			page 4


  44              	AnalogSetDefault:
  45              	.LFB5:
 129:Generated_Source\PSoC5/cyfitter_cfg.c ****     /* To remove the compiler warning if errorCode not used.                */
 130:Generated_Source\PSoC5/cyfitter_cfg.c ****     errorCode = errorCode;
 131:Generated_Source\PSoC5/cyfitter_cfg.c **** 
 132:Generated_Source\PSoC5/cyfitter_cfg.c ****     /* If we have a clock startup error (bad MHz crystal, PLL lock, etc.),  */
 133:Generated_Source\PSoC5/cyfitter_cfg.c ****     /* we will end up here to allow the customer to implement something to  */
 134:Generated_Source\PSoC5/cyfitter_cfg.c ****     /* deal with the clock condition.                                       */
 135:Generated_Source\PSoC5/cyfitter_cfg.c **** 
 136:Generated_Source\PSoC5/cyfitter_cfg.c **** #ifdef CY_CFG_CLOCK_STARTUP_ERROR_CALLBACK
 137:Generated_Source\PSoC5/cyfitter_cfg.c ****     CY_CFG_Clock_Startup_ErrorCallback();
 138:Generated_Source\PSoC5/cyfitter_cfg.c **** #else
 139:Generated_Source\PSoC5/cyfitter_cfg.c ****     /*  If not using CY_CFG_CLOCK_STARTUP_ERROR_CALLBACK, place your clock startup code here. */
 140:Generated_Source\PSoC5/cyfitter_cfg.c ****     /* `#START CyClockStartupError` */
 141:Generated_Source\PSoC5/cyfitter_cfg.c **** 
 142:Generated_Source\PSoC5/cyfitter_cfg.c **** 
 143:Generated_Source\PSoC5/cyfitter_cfg.c **** 
 144:Generated_Source\PSoC5/cyfitter_cfg.c ****     /* `#END` */
 145:Generated_Source\PSoC5/cyfitter_cfg.c **** 
 146:Generated_Source\PSoC5/cyfitter_cfg.c ****     while(1) {}
 147:Generated_Source\PSoC5/cyfitter_cfg.c **** #endif /* CY_CFG_CLOCK_STARTUP_ERROR_CALLBACK */
 148:Generated_Source\PSoC5/cyfitter_cfg.c **** }
 149:Generated_Source\PSoC5/cyfitter_cfg.c **** #endif
 150:Generated_Source\PSoC5/cyfitter_cfg.c **** 
 151:Generated_Source\PSoC5/cyfitter_cfg.c **** /* IOPINS0_1 Address: CYREG_PRT1_DM0 Size (bytes): 8 */
 152:Generated_Source\PSoC5/cyfitter_cfg.c **** #define BS_IOPINS0_1_VAL ((const uint8 CYFAR *)0x48000000u)
 153:Generated_Source\PSoC5/cyfitter_cfg.c **** 
 154:Generated_Source\PSoC5/cyfitter_cfg.c **** /* IOPINS0_4 Address: CYREG_PRT4_DM0 Size (bytes): 8 */
 155:Generated_Source\PSoC5/cyfitter_cfg.c **** #define BS_IOPINS0_4_VAL ((const uint8 CYFAR *)0x48000008u)
 156:Generated_Source\PSoC5/cyfitter_cfg.c **** 
 157:Generated_Source\PSoC5/cyfitter_cfg.c **** 
 158:Generated_Source\PSoC5/cyfitter_cfg.c **** /*******************************************************************************
 159:Generated_Source\PSoC5/cyfitter_cfg.c **** * Function Name: ClockSetup
 160:Generated_Source\PSoC5/cyfitter_cfg.c **** ********************************************************************************
 161:Generated_Source\PSoC5/cyfitter_cfg.c **** *
 162:Generated_Source\PSoC5/cyfitter_cfg.c **** * Summary:
 163:Generated_Source\PSoC5/cyfitter_cfg.c **** *  Performs the initialization of all of the clocks in the device based on the
 164:Generated_Source\PSoC5/cyfitter_cfg.c **** *  settings in the Clock tab of the DWR.  This includes enabling the requested
 165:Generated_Source\PSoC5/cyfitter_cfg.c **** *  clocks and setting the necessary dividers to produce the desired frequency. 
 166:Generated_Source\PSoC5/cyfitter_cfg.c **** *
 167:Generated_Source\PSoC5/cyfitter_cfg.c **** * Parameters:
 168:Generated_Source\PSoC5/cyfitter_cfg.c **** *  void
 169:Generated_Source\PSoC5/cyfitter_cfg.c **** *
 170:Generated_Source\PSoC5/cyfitter_cfg.c **** * Return:
 171:Generated_Source\PSoC5/cyfitter_cfg.c **** *  void
 172:Generated_Source\PSoC5/cyfitter_cfg.c **** *
 173:Generated_Source\PSoC5/cyfitter_cfg.c **** *******************************************************************************/
 174:Generated_Source\PSoC5/cyfitter_cfg.c **** static void ClockSetup(void);
 175:Generated_Source\PSoC5/cyfitter_cfg.c **** static void ClockSetup(void)
 176:Generated_Source\PSoC5/cyfitter_cfg.c **** {
 177:Generated_Source\PSoC5/cyfitter_cfg.c **** 	uint32 timeout;
 178:Generated_Source\PSoC5/cyfitter_cfg.c **** 	uint8 pllLock;
 179:Generated_Source\PSoC5/cyfitter_cfg.c **** 
 180:Generated_Source\PSoC5/cyfitter_cfg.c **** 
 181:Generated_Source\PSoC5/cyfitter_cfg.c **** 	/* Configure ILO based on settings from Clock DWR */
 182:Generated_Source\PSoC5/cyfitter_cfg.c **** 	CY_SET_XTND_REG8((void CYFAR *)(CYREG_SLOWCLK_ILO_CR0), 0x02u);
 183:Generated_Source\PSoC5/cyfitter_cfg.c **** 	CY_SET_XTND_REG8((void CYFAR *)(CYREG_CLKDIST_CR), 0x08u);
ARM GAS  C:\Users\urdjt\AppData\Local\Temp\ccLq0QHd.s 			page 5


 184:Generated_Source\PSoC5/cyfitter_cfg.c **** 
 185:Generated_Source\PSoC5/cyfitter_cfg.c **** 	/* Configure IMO based on settings from Clock DWR */
 186:Generated_Source\PSoC5/cyfitter_cfg.c **** 	CY_SET_XTND_REG8((void CYFAR *)(CYREG_FASTCLK_IMO_CR), 0x03u);
 187:Generated_Source\PSoC5/cyfitter_cfg.c **** 	CY_SET_XTND_REG8((void CYFAR *)(CYREG_IMO_TR1), (CY_GET_XTND_REG8((void CYFAR *)CYREG_FLSHID_CUST_
 188:Generated_Source\PSoC5/cyfitter_cfg.c **** 
 189:Generated_Source\PSoC5/cyfitter_cfg.c **** 	/* Configure PLL based on settings from Clock DWR */
 190:Generated_Source\PSoC5/cyfitter_cfg.c **** 	CY_SET_XTND_REG16((void CYFAR *)(CYREG_FASTCLK_PLL_P), 0x0008u);
 191:Generated_Source\PSoC5/cyfitter_cfg.c **** 	CY_SET_XTND_REG16((void CYFAR *)(CYREG_FASTCLK_PLL_CFG0), 0x1251u);
 192:Generated_Source\PSoC5/cyfitter_cfg.c **** 	/* Wait up to 250us for the PLL to lock */
 193:Generated_Source\PSoC5/cyfitter_cfg.c **** 	pllLock = 0u;
 194:Generated_Source\PSoC5/cyfitter_cfg.c **** 	for (timeout = 250u / 10u; (timeout > 0u) && (pllLock != 0x03u); timeout--)
 195:Generated_Source\PSoC5/cyfitter_cfg.c **** 	{ 
 196:Generated_Source\PSoC5/cyfitter_cfg.c **** 		pllLock = 0x03u & ((uint8)((uint8)pllLock << 1) | ((CY_GET_XTND_REG8((void CYFAR *)CYREG_FASTCLK_
 197:Generated_Source\PSoC5/cyfitter_cfg.c **** 		CyDelayCycles(10u * 48u); /* Delay 10us based on 48MHz clock */
 198:Generated_Source\PSoC5/cyfitter_cfg.c **** 	}
 199:Generated_Source\PSoC5/cyfitter_cfg.c **** 	/* If we ran out of time the PLL didn't lock so go to the error function */
 200:Generated_Source\PSoC5/cyfitter_cfg.c **** 	if (timeout == 0u)
 201:Generated_Source\PSoC5/cyfitter_cfg.c **** 	{
 202:Generated_Source\PSoC5/cyfitter_cfg.c **** 		CyClockStartupError(CYCLOCKSTART_PLL_ERROR);
 203:Generated_Source\PSoC5/cyfitter_cfg.c **** 	}
 204:Generated_Source\PSoC5/cyfitter_cfg.c **** 
 205:Generated_Source\PSoC5/cyfitter_cfg.c **** 	/* Configure Bus/Master Clock based on settings from Clock DWR */
 206:Generated_Source\PSoC5/cyfitter_cfg.c **** 	CY_SET_XTND_REG16((void CYFAR *)(CYREG_CLKDIST_MSTR0), 0x0100u);
 207:Generated_Source\PSoC5/cyfitter_cfg.c **** 	CY_SET_XTND_REG8((void CYFAR *)(CYREG_CLKDIST_MSTR0), 0x07u);
 208:Generated_Source\PSoC5/cyfitter_cfg.c **** 	CY_SET_XTND_REG8((void CYFAR *)(CYREG_CLKDIST_BCFG0), 0x00u);
 209:Generated_Source\PSoC5/cyfitter_cfg.c **** 	CY_SET_XTND_REG8((void CYFAR *)(CYREG_CLKDIST_BCFG2), 0x48u);
 210:Generated_Source\PSoC5/cyfitter_cfg.c **** 	CY_SET_XTND_REG8((void CYFAR *)(CYREG_CLKDIST_MSTR0), 0x00u);
 211:Generated_Source\PSoC5/cyfitter_cfg.c **** 	CY_SET_XTND_REG8((void CYFAR *)(CYREG_CLKDIST_LD), 0x02u);
 212:Generated_Source\PSoC5/cyfitter_cfg.c **** }
 213:Generated_Source\PSoC5/cyfitter_cfg.c **** 
 214:Generated_Source\PSoC5/cyfitter_cfg.c **** 
 215:Generated_Source\PSoC5/cyfitter_cfg.c **** /* Analog API Functions */
 216:Generated_Source\PSoC5/cyfitter_cfg.c **** 
 217:Generated_Source\PSoC5/cyfitter_cfg.c **** 
 218:Generated_Source\PSoC5/cyfitter_cfg.c **** /*******************************************************************************
 219:Generated_Source\PSoC5/cyfitter_cfg.c **** * Function Name: AnalogSetDefault
 220:Generated_Source\PSoC5/cyfitter_cfg.c **** ********************************************************************************
 221:Generated_Source\PSoC5/cyfitter_cfg.c **** *
 222:Generated_Source\PSoC5/cyfitter_cfg.c **** * Summary:
 223:Generated_Source\PSoC5/cyfitter_cfg.c **** *  Sets up the analog portions of the chip to default values based on chip
 224:Generated_Source\PSoC5/cyfitter_cfg.c **** *  configuration options from the project.
 225:Generated_Source\PSoC5/cyfitter_cfg.c **** *
 226:Generated_Source\PSoC5/cyfitter_cfg.c **** * Parameters:
 227:Generated_Source\PSoC5/cyfitter_cfg.c **** *  void
 228:Generated_Source\PSoC5/cyfitter_cfg.c **** *
 229:Generated_Source\PSoC5/cyfitter_cfg.c **** * Return:
 230:Generated_Source\PSoC5/cyfitter_cfg.c **** *  void
 231:Generated_Source\PSoC5/cyfitter_cfg.c **** *
 232:Generated_Source\PSoC5/cyfitter_cfg.c **** *******************************************************************************/
 233:Generated_Source\PSoC5/cyfitter_cfg.c **** static void AnalogSetDefault(void);
 234:Generated_Source\PSoC5/cyfitter_cfg.c **** static void AnalogSetDefault(void)
 235:Generated_Source\PSoC5/cyfitter_cfg.c **** {
  46              		.loc 1 235 0
  47              		.cfi_startproc
  48              		@ args = 0, pretend = 0, frame = 0
  49              		@ frame_needed = 0, uses_anonymous_args = 0
  50              		@ link register save eliminated.
ARM GAS  C:\Users\urdjt\AppData\Local\Temp\ccLq0QHd.s 			page 6


 236:Generated_Source\PSoC5/cyfitter_cfg.c **** 	uint8 bg_xover_inl_trim = CY_GET_XTND_REG8((void CYFAR *)(CYREG_FLSHID_MFG_CFG_BG_XOVER_INL_TRIM +
  51              		.loc 1 236 0
  52 0000 064B     		ldr	r3, .L4
  53 0002 1B78     		ldrb	r3, [r3]	@ zero_extendqisi2
  54 0004 DBB2     		uxtb	r3, r3
  55              	.LVL1:
 237:Generated_Source\PSoC5/cyfitter_cfg.c **** 	CY_SET_XTND_REG8((void CYFAR *)(CYREG_BG_DFT0), (bg_xover_inl_trim & 0x07u));
  56              		.loc 1 237 0
  57 0006 03F00701 		and	r1, r3, #7
  58 000a 054A     		ldr	r2, .L4+4
  59 000c 1170     		strb	r1, [r2]
 238:Generated_Source\PSoC5/cyfitter_cfg.c **** 	CY_SET_XTND_REG8((void CYFAR *)(CYREG_BG_DFT1), ((bg_xover_inl_trim >> 4) & 0x0Fu));
  60              		.loc 1 238 0
  61 000e 1B09     		lsrs	r3, r3, #4
  62              	.LVL2:
  63 0010 0132     		adds	r2, r2, #1
  64 0012 1370     		strb	r3, [r2]
 239:Generated_Source\PSoC5/cyfitter_cfg.c **** 	CY_SET_XTND_REG8((void CYFAR *)CYREG_PUMP_CR0, 0x44u);
  65              		.loc 1 239 0
  66 0014 4422     		movs	r2, #68
  67 0016 034B     		ldr	r3, .L4+8
  68 0018 1A70     		strb	r2, [r3]
  69 001a 7047     		bx	lr
  70              	.L5:
  71              		.align	2
  72              	.L4:
  73 001c CF010049 		.word	1224737231
  74 0020 6E580040 		.word	1073764462
  75 0024 76580040 		.word	1073764470
  76              		.cfi_endproc
  77              	.LFE5:
  78              		.size	AnalogSetDefault, .-AnalogSetDefault
  79              		.section	.text.CYMEMZERO,"ax",%progbits
  80              		.align	2
  81              		.thumb
  82              		.thumb_func
  83              		.type	CYMEMZERO, %function
  84              	CYMEMZERO:
  85              	.LFB0:
  78:Generated_Source\PSoC5/cyfitter_cfg.c **** 	(void)memset(s, 0, n);
  86              		.loc 1 78 0
  87              		.cfi_startproc
  88              		@ args = 0, pretend = 0, frame = 0
  89              		@ frame_needed = 0, uses_anonymous_args = 0
  90              	.LVL3:
  91 0000 08B5     		push	{r3, lr}
  92              		.cfi_def_cfa_offset 8
  93              		.cfi_offset 3, -8
  94              		.cfi_offset 14, -4
  79:Generated_Source\PSoC5/cyfitter_cfg.c **** }
  95              		.loc 1 79 0
  96 0002 0A46     		mov	r2, r1
  97 0004 0021     		movs	r1, #0
  98              	.LVL4:
  99 0006 FFF7FEFF 		bl	memset
 100              	.LVL5:
 101 000a 08BD     		pop	{r3, pc}
ARM GAS  C:\Users\urdjt\AppData\Local\Temp\ccLq0QHd.s 			page 7


 102              		.cfi_endproc
 103              	.LFE0:
 104              		.size	CYMEMZERO, .-CYMEMZERO
 105              		.section	.text.ClockSetup,"ax",%progbits
 106              		.align	2
 107              		.thumb
 108              		.thumb_func
 109              		.type	ClockSetup, %function
 110              	ClockSetup:
 111              	.LFB4:
 176:Generated_Source\PSoC5/cyfitter_cfg.c **** 	uint32 timeout;
 112              		.loc 1 176 0
 113              		.cfi_startproc
 114              		@ args = 0, pretend = 0, frame = 0
 115              		@ frame_needed = 0, uses_anonymous_args = 0
 116 0000 38B5     		push	{r3, r4, r5, lr}
 117              		.cfi_def_cfa_offset 16
 118              		.cfi_offset 3, -16
 119              		.cfi_offset 4, -12
 120              		.cfi_offset 5, -8
 121              		.cfi_offset 14, -4
 182:Generated_Source\PSoC5/cyfitter_cfg.c **** 	CY_SET_XTND_REG8((void CYFAR *)(CYREG_CLKDIST_CR), 0x08u);
 122              		.loc 1 182 0
 123 0002 0222     		movs	r2, #2
 124 0004 1E4B     		ldr	r3, .L14
 125 0006 1A70     		strb	r2, [r3]
 183:Generated_Source\PSoC5/cyfitter_cfg.c **** 
 126              		.loc 1 183 0
 127 0008 0822     		movs	r2, #8
 128 000a 4FF04023 		mov	r3, #1073758208
 129 000e 1A70     		strb	r2, [r3]
 186:Generated_Source\PSoC5/cyfitter_cfg.c **** 	CY_SET_XTND_REG8((void CYFAR *)(CYREG_IMO_TR1), (CY_GET_XTND_REG8((void CYFAR *)CYREG_FLSHID_CUST_
 130              		.loc 1 186 0
 131 0010 0321     		movs	r1, #3
 132 0012 03F50073 		add	r3, r3, #512
 133 0016 1970     		strb	r1, [r3]
 187:Generated_Source\PSoC5/cyfitter_cfg.c **** 
 134              		.loc 1 187 0
 135 0018 1A4B     		ldr	r3, .L14+4
 136 001a 1B78     		ldrb	r3, [r3]	@ zero_extendqisi2
 137 001c DBB2     		uxtb	r3, r3
 138 001e 1A49     		ldr	r1, .L14+8
 139 0020 0B70     		strb	r3, [r1]
 190:Generated_Source\PSoC5/cyfitter_cfg.c **** 	CY_SET_XTND_REG16((void CYFAR *)(CYREG_FASTCLK_PLL_CFG0), 0x1251u);
 140              		.loc 1 190 0
 141 0022 1A4B     		ldr	r3, .L14+12
 142 0024 1A80     		strh	r2, [r3]	@ movhi
 191:Generated_Source\PSoC5/cyfitter_cfg.c **** 	/* Wait up to 250us for the PLL to lock */
 143              		.loc 1 191 0
 144 0026 41F25122 		movw	r2, #4689
 145 002a 023B     		subs	r3, r3, #2
 146 002c 1A80     		strh	r2, [r3]	@ movhi
 147              	.LVL6:
 193:Generated_Source\PSoC5/cyfitter_cfg.c **** 	for (timeout = 250u / 10u; (timeout > 0u) && (pllLock != 0x03u); timeout--)
 148              		.loc 1 193 0
 149 002e 0024     		movs	r4, #0
 194:Generated_Source\PSoC5/cyfitter_cfg.c **** 	{ 
ARM GAS  C:\Users\urdjt\AppData\Local\Temp\ccLq0QHd.s 			page 8


 150              		.loc 1 194 0
 151 0030 1925     		movs	r5, #25
 152 0032 0CE0     		b	.L9
 153              	.LVL7:
 154              	.L11:
 196:Generated_Source\PSoC5/cyfitter_cfg.c **** 		CyDelayCycles(10u * 48u); /* Delay 10us based on 48MHz clock */
 155              		.loc 1 196 0 discriminator 4
 156 0034 164B     		ldr	r3, .L14+16
 157 0036 1B78     		ldrb	r3, [r3]	@ zero_extendqisi2
 158 0038 03F00103 		and	r3, r3, #1
 159 003c 43EA4404 		orr	r4, r3, r4, lsl #1
 160              	.LVL8:
 161 0040 04F00304 		and	r4, r4, #3
 162              	.LVL9:
 197:Generated_Source\PSoC5/cyfitter_cfg.c **** 	}
 163              		.loc 1 197 0 discriminator 4
 164 0044 4FF4F070 		mov	r0, #480
 165 0048 FFF7FEFF 		bl	CyDelayCycles
 166              	.LVL10:
 194:Generated_Source\PSoC5/cyfitter_cfg.c **** 	{ 
 167              		.loc 1 194 0 discriminator 4
 168 004c 013D     		subs	r5, r5, #1
 169              	.LVL11:
 170              	.L9:
 194:Generated_Source\PSoC5/cyfitter_cfg.c **** 	{ 
 171              		.loc 1 194 0 is_stmt 0 discriminator 1
 172 004e 0DB1     		cbz	r5, .L10
 194:Generated_Source\PSoC5/cyfitter_cfg.c **** 	{ 
 173              		.loc 1 194 0 discriminator 3
 174 0050 032C     		cmp	r4, #3
 175 0052 EFD1     		bne	.L11
 176              	.L10:
 200:Generated_Source\PSoC5/cyfitter_cfg.c **** 	{
 177              		.loc 1 200 0 is_stmt 1
 178 0054 15B9     		cbnz	r5, .L12
 202:Generated_Source\PSoC5/cyfitter_cfg.c **** 	}
 179              		.loc 1 202 0
 180 0056 0320     		movs	r0, #3
 181 0058 FFF7FEFF 		bl	CyClockStartupError
 182              	.LVL12:
 183              	.L12:
 206:Generated_Source\PSoC5/cyfitter_cfg.c **** 	CY_SET_XTND_REG8((void CYFAR *)(CYREG_CLKDIST_MSTR0), 0x07u);
 184              		.loc 1 206 0
 185 005c 0D4B     		ldr	r3, .L14+20
 186 005e 4FF48072 		mov	r2, #256
 187 0062 1A80     		strh	r2, [r3]	@ movhi
 207:Generated_Source\PSoC5/cyfitter_cfg.c **** 	CY_SET_XTND_REG8((void CYFAR *)(CYREG_CLKDIST_BCFG0), 0x00u);
 188              		.loc 1 207 0
 189 0064 0722     		movs	r2, #7
 190 0066 1A70     		strb	r2, [r3]
 208:Generated_Source\PSoC5/cyfitter_cfg.c **** 	CY_SET_XTND_REG8((void CYFAR *)(CYREG_CLKDIST_BCFG2), 0x48u);
 191              		.loc 1 208 0
 192 0068 0022     		movs	r2, #0
 193 006a 0B49     		ldr	r1, .L14+24
 194 006c 0A70     		strb	r2, [r1]
 209:Generated_Source\PSoC5/cyfitter_cfg.c **** 	CY_SET_XTND_REG8((void CYFAR *)(CYREG_CLKDIST_MSTR0), 0x00u);
 195              		.loc 1 209 0
ARM GAS  C:\Users\urdjt\AppData\Local\Temp\ccLq0QHd.s 			page 9


 196 006e 4820     		movs	r0, #72
 197 0070 0231     		adds	r1, r1, #2
 198 0072 0870     		strb	r0, [r1]
 210:Generated_Source\PSoC5/cyfitter_cfg.c **** 	CY_SET_XTND_REG8((void CYFAR *)(CYREG_CLKDIST_LD), 0x02u);
 199              		.loc 1 210 0
 200 0074 1A70     		strb	r2, [r3]
 211:Generated_Source\PSoC5/cyfitter_cfg.c **** }
 201              		.loc 1 211 0
 202 0076 0222     		movs	r2, #2
 203 0078 033B     		subs	r3, r3, #3
 204 007a 1A70     		strb	r2, [r3]
 205 007c 38BD     		pop	{r3, r4, r5, pc}
 206              	.LVL13:
 207              	.L15:
 208 007e 00BF     		.align	2
 209              	.L14:
 210 0080 00430040 		.word	1073758976
 211 0084 08010049 		.word	1224737032
 212 0088 A1460040 		.word	1073759905
 213 008c 22420040 		.word	1073758754
 214 0090 25420040 		.word	1073758757
 215 0094 04400040 		.word	1073758212
 216 0098 06400040 		.word	1073758214
 217              		.cfi_endproc
 218              	.LFE4:
 219              		.size	ClockSetup, .-ClockSetup
 220              		.section	.text.CYCONFIGCPY,"ax",%progbits
 221              		.align	2
 222              		.thumb
 223              		.thumb_func
 224              		.type	CYCONFIGCPY, %function
 225              	CYCONFIGCPY:
 226              	.LFB1:
  85:Generated_Source\PSoC5/cyfitter_cfg.c **** 	(void)memcpy(dest, src, n);
 227              		.loc 1 85 0
 228              		.cfi_startproc
 229              		@ args = 0, pretend = 0, frame = 0
 230              		@ frame_needed = 0, uses_anonymous_args = 0
 231              	.LVL14:
 232 0000 08B5     		push	{r3, lr}
 233              		.cfi_def_cfa_offset 8
 234              		.cfi_offset 3, -8
 235              		.cfi_offset 14, -4
  86:Generated_Source\PSoC5/cyfitter_cfg.c **** }
 236              		.loc 1 86 0
 237 0002 FFF7FEFF 		bl	memcpy
 238              	.LVL15:
 239 0006 08BD     		pop	{r3, pc}
 240              		.cfi_endproc
 241              	.LFE1:
 242              		.size	CYCONFIGCPY, .-CYCONFIGCPY
 243              		.section	.text.SetAnalogRoutingPumps,"ax",%progbits
 244              		.align	2
 245              		.global	SetAnalogRoutingPumps
 246              		.thumb
 247              		.thumb_func
 248              		.type	SetAnalogRoutingPumps, %function
ARM GAS  C:\Users\urdjt\AppData\Local\Temp\ccLq0QHd.s 			page 10


 249              	SetAnalogRoutingPumps:
 250              	.LFB6:
 240:Generated_Source\PSoC5/cyfitter_cfg.c **** }
 241:Generated_Source\PSoC5/cyfitter_cfg.c **** 
 242:Generated_Source\PSoC5/cyfitter_cfg.c **** 
 243:Generated_Source\PSoC5/cyfitter_cfg.c **** /*******************************************************************************
 244:Generated_Source\PSoC5/cyfitter_cfg.c **** * Function Name: SetAnalogRoutingPumps
 245:Generated_Source\PSoC5/cyfitter_cfg.c **** ********************************************************************************
 246:Generated_Source\PSoC5/cyfitter_cfg.c **** *
 247:Generated_Source\PSoC5/cyfitter_cfg.c **** * Summary:
 248:Generated_Source\PSoC5/cyfitter_cfg.c **** * Enables or disables the analog pumps feeding analog routing switches.
 249:Generated_Source\PSoC5/cyfitter_cfg.c **** * Intended to be called at startup, based on the Vdda system configuration;
 250:Generated_Source\PSoC5/cyfitter_cfg.c **** * may be called during operation when the user informs us that the Vdda voltage
 251:Generated_Source\PSoC5/cyfitter_cfg.c **** * crossed the pump threshold.
 252:Generated_Source\PSoC5/cyfitter_cfg.c **** *
 253:Generated_Source\PSoC5/cyfitter_cfg.c **** * Parameters:
 254:Generated_Source\PSoC5/cyfitter_cfg.c **** *  enabled - 1 to enable the pumps, 0 to disable the pumps
 255:Generated_Source\PSoC5/cyfitter_cfg.c **** *
 256:Generated_Source\PSoC5/cyfitter_cfg.c **** * Return:
 257:Generated_Source\PSoC5/cyfitter_cfg.c **** *  void
 258:Generated_Source\PSoC5/cyfitter_cfg.c **** *
 259:Generated_Source\PSoC5/cyfitter_cfg.c **** *******************************************************************************/
 260:Generated_Source\PSoC5/cyfitter_cfg.c **** void SetAnalogRoutingPumps(uint8 enabled)
 261:Generated_Source\PSoC5/cyfitter_cfg.c **** {
 251              		.loc 1 261 0
 252              		.cfi_startproc
 253              		@ args = 0, pretend = 0, frame = 0
 254              		@ frame_needed = 0, uses_anonymous_args = 0
 255              		@ link register save eliminated.
 256              	.LVL16:
 262:Generated_Source\PSoC5/cyfitter_cfg.c **** 	uint8 regValue = CY_GET_XTND_REG8((void CYFAR *)CYREG_PUMP_CR0);
 257              		.loc 1 262 0
 258 0000 024A     		ldr	r2, .L19
 259 0002 1378     		ldrb	r3, [r2]	@ zero_extendqisi2
 260 0004 DBB2     		uxtb	r3, r3
 261              	.LVL17:
 263:Generated_Source\PSoC5/cyfitter_cfg.c **** 	if (enabled != 0u)
 264:Generated_Source\PSoC5/cyfitter_cfg.c **** 	{
 265:Generated_Source\PSoC5/cyfitter_cfg.c **** 		regValue |= 0x00u;
 266:Generated_Source\PSoC5/cyfitter_cfg.c **** 	}
 267:Generated_Source\PSoC5/cyfitter_cfg.c **** 	else
 268:Generated_Source\PSoC5/cyfitter_cfg.c **** 	{
 269:Generated_Source\PSoC5/cyfitter_cfg.c **** 		regValue &= (uint8)~0x00u;
 270:Generated_Source\PSoC5/cyfitter_cfg.c **** 	}
 271:Generated_Source\PSoC5/cyfitter_cfg.c **** 	CY_SET_XTND_REG8((void CYFAR *)CYREG_PUMP_CR0, regValue);
 262              		.loc 1 271 0
 263 0006 1370     		strb	r3, [r2]
 264 0008 7047     		bx	lr
 265              	.L20:
 266 000a 00BF     		.align	2
 267              	.L19:
 268 000c 76580040 		.word	1073764470
 269              		.cfi_endproc
 270              	.LFE6:
 271              		.size	SetAnalogRoutingPumps, .-SetAnalogRoutingPumps
 272              		.section	.text.cyfitter_cfg,"ax",%progbits
 273              		.align	2
ARM GAS  C:\Users\urdjt\AppData\Local\Temp\ccLq0QHd.s 			page 11


 274              		.global	cyfitter_cfg
 275              		.thumb
 276              		.thumb_func
 277              		.type	cyfitter_cfg, %function
 278              	cyfitter_cfg:
 279              	.LFB7:
 272:Generated_Source\PSoC5/cyfitter_cfg.c **** }
 273:Generated_Source\PSoC5/cyfitter_cfg.c **** 
 274:Generated_Source\PSoC5/cyfitter_cfg.c **** 
 275:Generated_Source\PSoC5/cyfitter_cfg.c **** 
 276:Generated_Source\PSoC5/cyfitter_cfg.c **** 
 277:Generated_Source\PSoC5/cyfitter_cfg.c **** /*******************************************************************************
 278:Generated_Source\PSoC5/cyfitter_cfg.c **** * Function Name: cyfitter_cfg
 279:Generated_Source\PSoC5/cyfitter_cfg.c **** ********************************************************************************
 280:Generated_Source\PSoC5/cyfitter_cfg.c **** * Summary:
 281:Generated_Source\PSoC5/cyfitter_cfg.c **** *  This function is called by the start-up code for the selected device. It
 282:Generated_Source\PSoC5/cyfitter_cfg.c **** *  performs all of the necessary device configuration based on the design
 283:Generated_Source\PSoC5/cyfitter_cfg.c **** *  settings.  This includes settings from the Design Wide Resources (DWR) such
 284:Generated_Source\PSoC5/cyfitter_cfg.c **** *  as Clocks and Pins as well as any component configuration that is necessary.
 285:Generated_Source\PSoC5/cyfitter_cfg.c **** *
 286:Generated_Source\PSoC5/cyfitter_cfg.c **** * Parameters:
 287:Generated_Source\PSoC5/cyfitter_cfg.c **** *   void
 288:Generated_Source\PSoC5/cyfitter_cfg.c **** *
 289:Generated_Source\PSoC5/cyfitter_cfg.c **** * Return:
 290:Generated_Source\PSoC5/cyfitter_cfg.c **** *   void
 291:Generated_Source\PSoC5/cyfitter_cfg.c **** *
 292:Generated_Source\PSoC5/cyfitter_cfg.c **** *******************************************************************************/
 293:Generated_Source\PSoC5/cyfitter_cfg.c **** 
 294:Generated_Source\PSoC5/cyfitter_cfg.c **** void cyfitter_cfg(void)
 295:Generated_Source\PSoC5/cyfitter_cfg.c **** {
 280              		.loc 1 295 0
 281              		.cfi_startproc
 282              		@ args = 0, pretend = 0, frame = 0
 283              		@ frame_needed = 0, uses_anonymous_args = 0
 284 0000 38B5     		push	{r3, r4, r5, lr}
 285              		.cfi_def_cfa_offset 16
 286              		.cfi_offset 3, -16
 287              		.cfi_offset 4, -12
 288              		.cfi_offset 5, -8
 289              		.cfi_offset 14, -4
 296:Generated_Source\PSoC5/cyfitter_cfg.c **** #ifdef CYGlobalIntDisable
 297:Generated_Source\PSoC5/cyfitter_cfg.c **** 	/* Disable interrupts by default. Let user enable if/when they want. */
 298:Generated_Source\PSoC5/cyfitter_cfg.c **** 	CYGlobalIntDisable
 290              		.loc 1 298 0
 291              		.syntax unified
 292              	@ 298 "Generated_Source\PSoC5\cyfitter_cfg.c" 1
 293 0002 72B6     		CPSID   i
 294              	@ 0 "" 2
 299:Generated_Source\PSoC5/cyfitter_cfg.c **** #endif
 300:Generated_Source\PSoC5/cyfitter_cfg.c **** 
 301:Generated_Source\PSoC5/cyfitter_cfg.c **** 	/* Enable/Disable Debug functionality based on settings from System DWR */
 302:Generated_Source\PSoC5/cyfitter_cfg.c **** 	CY_SET_XTND_REG8((void CYFAR *)CYREG_MLOGIC_DEBUG, (CY_GET_XTND_REG8((void CYFAR *)CYREG_MLOGIC_DE
 295              		.loc 1 302 0
 296              		.thumb
 297              		.syntax unified
 298 0004 204A     		ldr	r2, .L25
 299 0006 1378     		ldrb	r3, [r2]	@ zero_extendqisi2
ARM GAS  C:\Users\urdjt\AppData\Local\Temp\ccLq0QHd.s 			page 12


 300 0008 43F00403 		orr	r3, r3, #4
 301 000c 1370     		strb	r3, [r2]
 302              	.LVL18:
 303              	.LBB2:
 303:Generated_Source\PSoC5/cyfitter_cfg.c **** 
 304:Generated_Source\PSoC5/cyfitter_cfg.c **** 	{
 305:Generated_Source\PSoC5/cyfitter_cfg.c **** 
 306:Generated_Source\PSoC5/cyfitter_cfg.c **** 		CYPACKED typedef struct {
 307:Generated_Source\PSoC5/cyfitter_cfg.c **** 			void CYFAR *address;
 308:Generated_Source\PSoC5/cyfitter_cfg.c **** 			uint16 size;
 309:Generated_Source\PSoC5/cyfitter_cfg.c **** 		} CYPACKED_ATTR cfg_memset_t;
 310:Generated_Source\PSoC5/cyfitter_cfg.c **** 
 311:Generated_Source\PSoC5/cyfitter_cfg.c **** 		static const cfg_memset_t CYCODE cfg_memset_list[] = {
 312:Generated_Source\PSoC5/cyfitter_cfg.c **** 			/* address, size */
 313:Generated_Source\PSoC5/cyfitter_cfg.c **** 			{(void CYFAR *)(CYREG_PRT0_DR), 16u},
 314:Generated_Source\PSoC5/cyfitter_cfg.c **** 			{(void CYFAR *)(CYREG_PRT2_DR), 32u},
 315:Generated_Source\PSoC5/cyfitter_cfg.c **** 			{(void CYFAR *)(CYREG_PRT5_DR), 32u},
 316:Generated_Source\PSoC5/cyfitter_cfg.c **** 			{(void CYFAR *)(CYREG_PRT12_DR), 16u},
 317:Generated_Source\PSoC5/cyfitter_cfg.c **** 			{(void CYFAR *)(CYREG_PRT15_DR), 16u},
 318:Generated_Source\PSoC5/cyfitter_cfg.c **** 			{(void CYFAR *)(CYDEV_UCFG_B0_P0_U0_BASE), 4096u},
 319:Generated_Source\PSoC5/cyfitter_cfg.c **** 			{(void CYFAR *)(CYDEV_UCFG_B1_P2_U0_BASE), 2048u},
 320:Generated_Source\PSoC5/cyfitter_cfg.c **** 			{(void CYFAR *)(CYDEV_UCFG_DSI0_BASE), 2560u},
 321:Generated_Source\PSoC5/cyfitter_cfg.c **** 			{(void CYFAR *)(CYDEV_UCFG_DSI12_BASE), 512u},
 322:Generated_Source\PSoC5/cyfitter_cfg.c **** 			{(void CYFAR *)(CYREG_BCTL0_MDCLK_EN), 32u},
 323:Generated_Source\PSoC5/cyfitter_cfg.c **** 		};
 324:Generated_Source\PSoC5/cyfitter_cfg.c **** 
 325:Generated_Source\PSoC5/cyfitter_cfg.c **** 		uint8 CYDATA i;
 326:Generated_Source\PSoC5/cyfitter_cfg.c **** 
 327:Generated_Source\PSoC5/cyfitter_cfg.c **** 		/* Zero out critical memory blocks before beginning configuration */
 328:Generated_Source\PSoC5/cyfitter_cfg.c **** 		for (i = 0u; i < (sizeof(cfg_memset_list)/sizeof(cfg_memset_list[0])); i++)
 304              		.loc 1 328 0
 305 000e 0024     		movs	r4, #0
 306 0010 0CE0     		b	.L22
 307              	.LVL19:
 308              	.L23:
 309              	.LBB3:
 329:Generated_Source\PSoC5/cyfitter_cfg.c **** 		{
 330:Generated_Source\PSoC5/cyfitter_cfg.c **** 			const cfg_memset_t CYCODE * CYDATA ms = &cfg_memset_list[i];
 331:Generated_Source\PSoC5/cyfitter_cfg.c **** 			CYMEMZERO(ms->address, (size_t)(uint32)(ms->size));
 310              		.loc 1 331 0 discriminator 3
 311 0012 1E4D     		ldr	r5, .L25+4
 312 0014 6300     		lsls	r3, r4, #1
 313 0016 1919     		adds	r1, r3, r4
 314 0018 4A00     		lsls	r2, r1, #1
 315 001a 1146     		mov	r1, r2
 316 001c 2A44     		add	r2, r2, r5
 317 001e 0846     		mov	r0, r1
 318 0020 9188     		ldrh	r1, [r2, #4]
 319 0022 2858     		ldr	r0, [r5, r0]	@ unaligned
 320 0024 FFF7FEFF 		bl	CYMEMZERO
 321              	.LVL20:
 322              	.LBE3:
 328:Generated_Source\PSoC5/cyfitter_cfg.c **** 		{
 323              		.loc 1 328 0 discriminator 3
 324 0028 0134     		adds	r4, r4, #1
 325              	.LVL21:
 326 002a E4B2     		uxtb	r4, r4
ARM GAS  C:\Users\urdjt\AppData\Local\Temp\ccLq0QHd.s 			page 13


 327              	.LVL22:
 328              	.L22:
 328:Generated_Source\PSoC5/cyfitter_cfg.c **** 		{
 329              		.loc 1 328 0 is_stmt 0 discriminator 1
 330 002c 092C     		cmp	r4, #9
 331 002e F0D9     		bls	.L23
 332:Generated_Source\PSoC5/cyfitter_cfg.c **** 		}
 333:Generated_Source\PSoC5/cyfitter_cfg.c **** 
 334:Generated_Source\PSoC5/cyfitter_cfg.c **** 		/* Enable digital routing */
 335:Generated_Source\PSoC5/cyfitter_cfg.c **** 		CY_SET_XTND_REG8((void CYFAR *)CYREG_BCTL0_BANK_CTL, CY_GET_XTND_REG8((void CYFAR *)CYREG_BCTL0_B
 332              		.loc 1 335 0 is_stmt 1
 333 0030 174A     		ldr	r2, .L25+8
 334 0032 1378     		ldrb	r3, [r2]	@ zero_extendqisi2
 335 0034 43F00203 		orr	r3, r3, #2
 336 0038 1370     		strb	r3, [r2]
 336:Generated_Source\PSoC5/cyfitter_cfg.c **** 		CY_SET_XTND_REG8((void CYFAR *)CYREG_BCTL1_BANK_CTL, CY_GET_XTND_REG8((void CYFAR *)CYREG_BCTL1_B
 337              		.loc 1 336 0
 338 003a 1032     		adds	r2, r2, #16
 339 003c 1378     		ldrb	r3, [r2]	@ zero_extendqisi2
 340 003e 43F00203 		orr	r3, r3, #2
 341 0042 1370     		strb	r3, [r2]
 342              	.LBE2:
 337:Generated_Source\PSoC5/cyfitter_cfg.c **** 	}
 338:Generated_Source\PSoC5/cyfitter_cfg.c **** 
 339:Generated_Source\PSoC5/cyfitter_cfg.c **** 
 340:Generated_Source\PSoC5/cyfitter_cfg.c **** 	/* Perform second pass device configuration. These items must be configured in specific order afte
 341:Generated_Source\PSoC5/cyfitter_cfg.c **** 	CYCONFIGCPY((void CYFAR *)(CYREG_PRT1_DM0), (const void CYFAR *)(BS_IOPINS0_1_VAL), 8u);
 343              		.loc 1 341 0
 344 0044 0822     		movs	r2, #8
 345 0046 4FF09041 		mov	r1, #1207959552
 346 004a 1248     		ldr	r0, .L25+12
 347 004c FFF7FEFF 		bl	CYCONFIGCPY
 348              	.LVL23:
 342:Generated_Source\PSoC5/cyfitter_cfg.c **** 	CYCONFIGCPY((void CYFAR *)(CYREG_PRT4_DM0), (const void CYFAR *)(BS_IOPINS0_4_VAL), 8u);
 349              		.loc 1 342 0
 350 0050 0822     		movs	r2, #8
 351 0052 1149     		ldr	r1, .L25+16
 352 0054 1148     		ldr	r0, .L25+20
 353 0056 FFF7FEFF 		bl	CYCONFIGCPY
 354              	.LVL24:
 343:Generated_Source\PSoC5/cyfitter_cfg.c **** 	/* Switch Boost to the precision bandgap reference from its internal reference */
 344:Generated_Source\PSoC5/cyfitter_cfg.c **** 	CY_SET_REG8((void CYXDATA *)CYREG_BOOST_CR2, (CY_GET_REG8((void CYXDATA *)CYREG_BOOST_CR2) | 0x08u
 355              		.loc 1 344 0
 356 005a 114A     		ldr	r2, .L25+24
 357 005c 1378     		ldrb	r3, [r2]	@ zero_extendqisi2
 358 005e 43F00803 		orr	r3, r3, #8
 359 0062 1370     		strb	r3, [r2]
 345:Generated_Source\PSoC5/cyfitter_cfg.c **** 
 346:Generated_Source\PSoC5/cyfitter_cfg.c **** 	/* Set Flash Cycles based on max possible frequency in case a glitch occurs during ClockSetup(). *
 347:Generated_Source\PSoC5/cyfitter_cfg.c **** 	CY_SET_XTND_REG8((void CYFAR *)(CYREG_CACHE_CC_CTL), (((CYDEV_INSTRUCT_CACHE_ENABLED) != 0) ? 0x61
 360              		.loc 1 347 0
 361 0064 0F4C     		ldr	r4, .L25+28
 362              	.LVL25:
 363 0066 6123     		movs	r3, #97
 364 0068 2370     		strb	r3, [r4]
 348:Generated_Source\PSoC5/cyfitter_cfg.c **** 	/* Setup clocks based on selections from Clock DWR */
 349:Generated_Source\PSoC5/cyfitter_cfg.c **** 	ClockSetup();
ARM GAS  C:\Users\urdjt\AppData\Local\Temp\ccLq0QHd.s 			page 14


 365              		.loc 1 349 0
 366 006a FFF7FEFF 		bl	ClockSetup
 367              	.LVL26:
 350:Generated_Source\PSoC5/cyfitter_cfg.c **** 	/* Set Flash Cycles based on newly configured 24.00MHz Bus Clock. */
 351:Generated_Source\PSoC5/cyfitter_cfg.c **** 	CY_SET_XTND_REG8((void CYFAR *)(CYREG_CACHE_CC_CTL), (((CYDEV_INSTRUCT_CACHE_ENABLED) != 0) ? 0x81
 368              		.loc 1 351 0
 369 006e 8123     		movs	r3, #129
 370 0070 2370     		strb	r3, [r4]
 352:Generated_Source\PSoC5/cyfitter_cfg.c **** 	CY_SET_XTND_REG8((void CYFAR *)(CYREG_PANTHER_WAITPIPE), 0x01u);
 371              		.loc 1 352 0
 372 0072 0122     		movs	r2, #1
 373 0074 0C4B     		ldr	r3, .L25+32
 374 0076 1A70     		strb	r2, [r3]
 353:Generated_Source\PSoC5/cyfitter_cfg.c **** 
 354:Generated_Source\PSoC5/cyfitter_cfg.c **** 	/* Perform basic analog initialization to defaults */
 355:Generated_Source\PSoC5/cyfitter_cfg.c **** 	AnalogSetDefault();
 375              		.loc 1 355 0
 376 0078 FFF7FEFF 		bl	AnalogSetDefault
 377              	.LVL27:
 356:Generated_Source\PSoC5/cyfitter_cfg.c **** 
 357:Generated_Source\PSoC5/cyfitter_cfg.c **** 	/* Configure alternate active mode */
 358:Generated_Source\PSoC5/cyfitter_cfg.c **** 	CYCONFIGCPY((void CYFAR *)CYDEV_PM_STBY_BASE, (const void CYFAR *)CYDEV_PM_ACT_BASE, 14u);
 378              		.loc 1 358 0
 379 007c 0E22     		movs	r2, #14
 380 007e 0B49     		ldr	r1, .L25+36
 381 0080 0B48     		ldr	r0, .L25+40
 382 0082 FFF7FEFF 		bl	CYCONFIGCPY
 383              	.LVL28:
 384 0086 38BD     		pop	{r3, r4, r5, pc}
 385              	.L26:
 386              		.align	2
 387              	.L25:
 388 0088 E8460040 		.word	1073759976
 389 008c 00000000 		.word	.LANCHOR0
 390 0090 03500140 		.word	1073827843
 391 0094 12510040 		.word	1073762578
 392 0098 08000048 		.word	1207959560
 393 009c 42510040 		.word	1073762626
 394 00a0 22430040 		.word	1073759010
 395 00a4 00480040 		.word	1073760256
 396 00a8 04000840 		.word	1074266116
 397 00ac A0430040 		.word	1073759136
 398 00b0 B0430040 		.word	1073759152
 399              		.cfi_endproc
 400              	.LFE7:
 401              		.size	cyfitter_cfg, .-cyfitter_cfg
 402              		.section	.rodata
 403              		.align	2
 404              		.set	.LANCHOR0,. + 0
 405              		.type	cfg_memset_list.4992, %object
 406              		.size	cfg_memset_list.4992, 60
 407              	cfg_memset_list.4992:
 408 0000 00510040 		.word	1073762560
 409 0004 1000     		.short	16
 410 0006 20510040 		.4byte	1073762592
 411 000a 2000     		.short	32
 412 000c 50510040 		.word	1073762640
ARM GAS  C:\Users\urdjt\AppData\Local\Temp\ccLq0QHd.s 			page 15


 413 0010 2000     		.short	32
 414 0012 C0510040 		.4byte	1073762752
 415 0016 1000     		.short	16
 416 0018 F0510040 		.word	1073762800
 417 001c 1000     		.short	16
 418 001e 00000140 		.4byte	1073807360
 419 0022 0010     		.short	4096
 420 0024 00140140 		.word	1073812480
 421 0028 0008     		.short	2048
 422 002a 00400140 		.4byte	1073823744
 423 002e 000A     		.short	2560
 424 0030 004C0140 		.word	1073826816
 425 0034 0002     		.short	512
 426 0036 00500140 		.4byte	1073827840
 427 003a 2000     		.short	32
 428              		.text
 429              	.Letext0:
 430              		.file 2 "c:\\program files (x86)\\cypress\\psoc creator\\4.2\\psoc creator\\import\\gnu\\arm\\5.4.
 431              		.file 3 "Generated_Source\\PSoC5\\cytypes.h"
 432              		.file 4 "Generated_Source\\PSoC5\\CyLib.h"
 433              		.section	.debug_info,"",%progbits
 434              	.Ldebug_info0:
 435 0000 CD030000 		.4byte	0x3cd
 436 0004 0400     		.2byte	0x4
 437 0006 00000000 		.4byte	.Ldebug_abbrev0
 438 000a 04       		.byte	0x4
 439 000b 01       		.uleb128 0x1
 440 000c 8E000000 		.4byte	.LASF39
 441 0010 0C       		.byte	0xc
 442 0011 1E020000 		.4byte	.LASF40
 443 0015 6E010000 		.4byte	.LASF41
 444 0019 00000000 		.4byte	.Ldebug_ranges0+0
 445 001d 00000000 		.4byte	0
 446 0021 00000000 		.4byte	.Ldebug_line0
 447 0025 02       		.uleb128 0x2
 448 0026 04       		.byte	0x4
 449 0027 05       		.byte	0x5
 450 0028 696E7400 		.ascii	"int\000"
 451 002c 03       		.uleb128 0x3
 452 002d 14000000 		.4byte	.LASF12
 453 0031 02       		.byte	0x2
 454 0032 D8       		.byte	0xd8
 455 0033 37000000 		.4byte	0x37
 456 0037 04       		.uleb128 0x4
 457 0038 04       		.byte	0x4
 458 0039 07       		.byte	0x7
 459 003a CE010000 		.4byte	.LASF0
 460 003e 04       		.uleb128 0x4
 461 003f 08       		.byte	0x8
 462 0040 05       		.byte	0x5
 463 0041 10020000 		.4byte	.LASF1
 464 0045 04       		.uleb128 0x4
 465 0046 08       		.byte	0x8
 466 0047 04       		.byte	0x4
 467 0048 6B020000 		.4byte	.LASF2
 468 004c 04       		.uleb128 0x4
 469 004d 01       		.byte	0x1
ARM GAS  C:\Users\urdjt\AppData\Local\Temp\ccLq0QHd.s 			page 16


 470 004e 06       		.byte	0x6
 471 004f 89020000 		.4byte	.LASF3
 472 0053 04       		.uleb128 0x4
 473 0054 01       		.byte	0x1
 474 0055 08       		.byte	0x8
 475 0056 59010000 		.4byte	.LASF4
 476 005a 04       		.uleb128 0x4
 477 005b 02       		.byte	0x2
 478 005c 05       		.byte	0x5
 479 005d 4B020000 		.4byte	.LASF5
 480 0061 04       		.uleb128 0x4
 481 0062 02       		.byte	0x2
 482 0063 07       		.byte	0x7
 483 0064 4F000000 		.4byte	.LASF6
 484 0068 04       		.uleb128 0x4
 485 0069 04       		.byte	0x4
 486 006a 05       		.byte	0x5
 487 006b 5D020000 		.4byte	.LASF7
 488 006f 04       		.uleb128 0x4
 489 0070 04       		.byte	0x4
 490 0071 07       		.byte	0x7
 491 0072 21010000 		.4byte	.LASF8
 492 0076 04       		.uleb128 0x4
 493 0077 08       		.byte	0x8
 494 0078 07       		.byte	0x7
 495 0079 E3010000 		.4byte	.LASF9
 496 007d 04       		.uleb128 0x4
 497 007e 04       		.byte	0x4
 498 007f 07       		.byte	0x7
 499 0080 07020000 		.4byte	.LASF10
 500 0084 05       		.uleb128 0x5
 501 0085 04       		.byte	0x4
 502 0086 04       		.uleb128 0x4
 503 0087 01       		.byte	0x1
 504 0088 08       		.byte	0x8
 505 0089 66020000 		.4byte	.LASF11
 506 008d 06       		.uleb128 0x6
 507 008e 33010000 		.4byte	.LASF13
 508 0092 03       		.byte	0x3
 509 0093 E401     		.2byte	0x1e4
 510 0095 53000000 		.4byte	0x53
 511 0099 06       		.uleb128 0x6
 512 009a B6010000 		.4byte	.LASF14
 513 009e 03       		.byte	0x3
 514 009f E501     		.2byte	0x1e5
 515 00a1 61000000 		.4byte	0x61
 516 00a5 06       		.uleb128 0x6
 517 00a6 C7010000 		.4byte	.LASF15
 518 00aa 03       		.byte	0x3
 519 00ab E601     		.2byte	0x1e6
 520 00ad 6F000000 		.4byte	0x6f
 521 00b1 04       		.uleb128 0x4
 522 00b2 04       		.byte	0x4
 523 00b3 04       		.byte	0x4
 524 00b4 6A000000 		.4byte	.LASF16
 525 00b8 04       		.uleb128 0x4
 526 00b9 08       		.byte	0x8
ARM GAS  C:\Users\urdjt\AppData\Local\Temp\ccLq0QHd.s 			page 17


 527 00ba 04       		.byte	0x4
 528 00bb A2010000 		.4byte	.LASF17
 529 00bf 06       		.uleb128 0x6
 530 00c0 1C010000 		.4byte	.LASF18
 531 00c4 03       		.byte	0x3
 532 00c5 8E02     		.2byte	0x28e
 533 00c7 CB000000 		.4byte	0xcb
 534 00cb 07       		.uleb128 0x7
 535 00cc 8D000000 		.4byte	0x8d
 536 00d0 06       		.uleb128 0x6
 537 00d1 00000000 		.4byte	.LASF19
 538 00d5 03       		.byte	0x3
 539 00d6 8F02     		.2byte	0x28f
 540 00d8 DC000000 		.4byte	0xdc
 541 00dc 07       		.uleb128 0x7
 542 00dd 99000000 		.4byte	0x99
 543 00e1 08       		.uleb128 0x8
 544 00e2 70000000 		.4byte	.LASF42
 545 00e6 01       		.byte	0x1
 546 00e7 7F       		.byte	0x7f
 547 00e8 00000000 		.4byte	.LFB3
 548 00ec 02000000 		.4byte	.LFE3-.LFB3
 549 00f0 01       		.uleb128 0x1
 550 00f1 9C       		.byte	0x9c
 551 00f2 04010000 		.4byte	0x104
 552 00f6 09       		.uleb128 0x9
 553 00f7 BD010000 		.4byte	.LASF22
 554 00fb 01       		.byte	0x1
 555 00fc 7F       		.byte	0x7f
 556 00fd 8D000000 		.4byte	0x8d
 557 0101 01       		.uleb128 0x1
 558 0102 50       		.byte	0x50
 559 0103 00       		.byte	0
 560 0104 0A       		.uleb128 0xa
 561 0105 1B000000 		.4byte	.LASF20
 562 0109 01       		.byte	0x1
 563 010a EA       		.byte	0xea
 564 010b 00000000 		.4byte	.LFB5
 565 010f 28000000 		.4byte	.LFE5-.LFB5
 566 0113 01       		.uleb128 0x1
 567 0114 9C       		.byte	0x9c
 568 0115 29010000 		.4byte	0x129
 569 0119 0B       		.uleb128 0xb
 570 011a 77020000 		.4byte	.LASF24
 571 011e 01       		.byte	0x1
 572 011f EC       		.byte	0xec
 573 0120 8D000000 		.4byte	0x8d
 574 0124 00000000 		.4byte	.LLST0
 575 0128 00       		.byte	0
 576 0129 0A       		.uleb128 0xa
 577 012a 39010000 		.4byte	.LASF21
 578 012e 01       		.byte	0x1
 579 012f 4D       		.byte	0x4d
 580 0130 00000000 		.4byte	.LFB0
 581 0134 0C000000 		.4byte	.LFE0-.LFB0
 582 0138 01       		.uleb128 0x1
 583 0139 9C       		.byte	0x9c
ARM GAS  C:\Users\urdjt\AppData\Local\Temp\ccLq0QHd.s 			page 18


 584 013a 76010000 		.4byte	0x176
 585 013e 0C       		.uleb128 0xc
 586 013f 7300     		.ascii	"s\000"
 587 0141 01       		.byte	0x1
 588 0142 4D       		.byte	0x4d
 589 0143 84000000 		.4byte	0x84
 590 0147 13000000 		.4byte	.LLST1
 591 014b 0C       		.uleb128 0xc
 592 014c 6E00     		.ascii	"n\000"
 593 014e 01       		.byte	0x1
 594 014f 4D       		.byte	0x4d
 595 0150 2C000000 		.4byte	0x2c
 596 0154 34000000 		.4byte	.LLST2
 597 0158 0D       		.uleb128 0xd
 598 0159 0A000000 		.4byte	.LVL5
 599 015d B3030000 		.4byte	0x3b3
 600 0161 0E       		.uleb128 0xe
 601 0162 01       		.uleb128 0x1
 602 0163 50       		.byte	0x50
 603 0164 03       		.uleb128 0x3
 604 0165 F3       		.byte	0xf3
 605 0166 01       		.uleb128 0x1
 606 0167 50       		.byte	0x50
 607 0168 0E       		.uleb128 0xe
 608 0169 01       		.uleb128 0x1
 609 016a 51       		.byte	0x51
 610 016b 01       		.uleb128 0x1
 611 016c 30       		.byte	0x30
 612 016d 0E       		.uleb128 0xe
 613 016e 01       		.uleb128 0x1
 614 016f 52       		.byte	0x52
 615 0170 03       		.uleb128 0x3
 616 0171 F3       		.byte	0xf3
 617 0172 01       		.uleb128 0x1
 618 0173 51       		.byte	0x51
 619 0174 00       		.byte	0
 620 0175 00       		.byte	0
 621 0176 0A       		.uleb128 0xa
 622 0177 44000000 		.4byte	.LASF23
 623 017b 01       		.byte	0x1
 624 017c AF       		.byte	0xaf
 625 017d 00000000 		.4byte	.LFB4
 626 0181 9C000000 		.4byte	.LFE4-.LFB4
 627 0185 01       		.uleb128 0x1
 628 0186 9C       		.byte	0x9c
 629 0187 CE010000 		.4byte	0x1ce
 630 018b 0B       		.uleb128 0xb
 631 018c 2C000000 		.4byte	.LASF25
 632 0190 01       		.byte	0x1
 633 0191 B1       		.byte	0xb1
 634 0192 A5000000 		.4byte	0xa5
 635 0196 60000000 		.4byte	.LLST3
 636 019a 0B       		.uleb128 0xb
 637 019b 62000000 		.4byte	.LASF26
 638 019f 01       		.byte	0x1
 639 01a0 B2       		.byte	0xb2
 640 01a1 8D000000 		.4byte	0x8d
ARM GAS  C:\Users\urdjt\AppData\Local\Temp\ccLq0QHd.s 			page 19


 641 01a5 7F000000 		.4byte	.LLST4
 642 01a9 0F       		.uleb128 0xf
 643 01aa 4C000000 		.4byte	.LVL10
 644 01ae BC030000 		.4byte	0x3bc
 645 01b2 BE010000 		.4byte	0x1be
 646 01b6 0E       		.uleb128 0xe
 647 01b7 01       		.uleb128 0x1
 648 01b8 50       		.byte	0x50
 649 01b9 03       		.uleb128 0x3
 650 01ba 0A       		.byte	0xa
 651 01bb E001     		.2byte	0x1e0
 652 01bd 00       		.byte	0
 653 01be 0D       		.uleb128 0xd
 654 01bf 5C000000 		.4byte	.LVL12
 655 01c3 E1000000 		.4byte	0xe1
 656 01c7 0E       		.uleb128 0xe
 657 01c8 01       		.uleb128 0x1
 658 01c9 50       		.byte	0x50
 659 01ca 01       		.uleb128 0x1
 660 01cb 33       		.byte	0x33
 661 01cc 00       		.byte	0
 662 01cd 00       		.byte	0
 663 01ce 0A       		.uleb128 0xa
 664 01cf 9E020000 		.4byte	.LASF27
 665 01d3 01       		.byte	0x1
 666 01d4 54       		.byte	0x54
 667 01d5 00000000 		.4byte	.LFB1
 668 01d9 08000000 		.4byte	.LFE1-.LFB1
 669 01dd 01       		.uleb128 0x1
 670 01de 9C       		.byte	0x9c
 671 01df 2E020000 		.4byte	0x22e
 672 01e3 10       		.uleb128 0x10
 673 01e4 84000000 		.4byte	.LASF28
 674 01e8 01       		.byte	0x1
 675 01e9 54       		.byte	0x54
 676 01ea 84000000 		.4byte	0x84
 677 01ee A9000000 		.4byte	.LLST5
 678 01f2 0C       		.uleb128 0xc
 679 01f3 73726300 		.ascii	"src\000"
 680 01f7 01       		.byte	0x1
 681 01f8 54       		.byte	0x54
 682 01f9 2E020000 		.4byte	0x22e
 683 01fd CA000000 		.4byte	.LLST6
 684 0201 0C       		.uleb128 0xc
 685 0202 6E00     		.ascii	"n\000"
 686 0204 01       		.byte	0x1
 687 0205 54       		.byte	0x54
 688 0206 2C000000 		.4byte	0x2c
 689 020a EB000000 		.4byte	.LLST7
 690 020e 0D       		.uleb128 0xd
 691 020f 06000000 		.4byte	.LVL15
 692 0213 C7030000 		.4byte	0x3c7
 693 0217 0E       		.uleb128 0xe
 694 0218 01       		.uleb128 0x1
 695 0219 50       		.byte	0x50
 696 021a 03       		.uleb128 0x3
 697 021b F3       		.byte	0xf3
ARM GAS  C:\Users\urdjt\AppData\Local\Temp\ccLq0QHd.s 			page 20


 698 021c 01       		.uleb128 0x1
 699 021d 50       		.byte	0x50
 700 021e 0E       		.uleb128 0xe
 701 021f 01       		.uleb128 0x1
 702 0220 51       		.byte	0x51
 703 0221 03       		.uleb128 0x3
 704 0222 F3       		.byte	0xf3
 705 0223 01       		.uleb128 0x1
 706 0224 51       		.byte	0x51
 707 0225 0E       		.uleb128 0xe
 708 0226 01       		.uleb128 0x1
 709 0227 52       		.byte	0x52
 710 0228 03       		.uleb128 0x3
 711 0229 F3       		.byte	0xf3
 712 022a 01       		.uleb128 0x1
 713 022b 52       		.byte	0x52
 714 022c 00       		.byte	0
 715 022d 00       		.byte	0
 716 022e 11       		.uleb128 0x11
 717 022f 04       		.byte	0x4
 718 0230 34020000 		.4byte	0x234
 719 0234 12       		.uleb128 0x12
 720 0235 13       		.uleb128 0x13
 721 0236 43010000 		.4byte	.LASF31
 722 023a 01       		.byte	0x1
 723 023b 0401     		.2byte	0x104
 724 023d 00000000 		.4byte	.LFB6
 725 0241 10000000 		.4byte	.LFE6-.LFB6
 726 0245 01       		.uleb128 0x1
 727 0246 9C       		.byte	0x9c
 728 0247 68020000 		.4byte	0x268
 729 024b 14       		.uleb128 0x14
 730 024c 55020000 		.4byte	.LASF29
 731 0250 01       		.byte	0x1
 732 0251 0401     		.2byte	0x104
 733 0253 8D000000 		.4byte	0x8d
 734 0257 01       		.uleb128 0x1
 735 0258 50       		.byte	0x50
 736 0259 15       		.uleb128 0x15
 737 025a 95020000 		.4byte	.LASF30
 738 025e 01       		.byte	0x1
 739 025f 0601     		.2byte	0x106
 740 0261 8D000000 		.4byte	0x8d
 741 0265 01       		.uleb128 0x1
 742 0266 53       		.byte	0x53
 743 0267 00       		.byte	0
 744 0268 13       		.uleb128 0x13
 745 0269 A9010000 		.4byte	.LASF32
 746 026d 01       		.byte	0x1
 747 026e 2601     		.2byte	0x126
 748 0270 00000000 		.4byte	.LFB7
 749 0274 B4000000 		.4byte	.LFE7-.LFB7
 750 0278 01       		.uleb128 0x1
 751 0279 9C       		.byte	0x9c
 752 027a B3030000 		.4byte	0x3b3
 753 027e 16       		.uleb128 0x16
 754 027f 0E000000 		.4byte	.LBB2
ARM GAS  C:\Users\urdjt\AppData\Local\Temp\ccLq0QHd.s 			page 21


 755 0283 36000000 		.4byte	.LBE2-.LBB2
 756 0287 37030000 		.4byte	0x337
 757 028b 17       		.uleb128 0x17
 758 028c 06       		.byte	0x6
 759 028d 01       		.byte	0x1
 760 028e 3201     		.2byte	0x132
 761 0290 AF020000 		.4byte	0x2af
 762 0294 18       		.uleb128 0x18
 763 0295 DB010000 		.4byte	.LASF33
 764 0299 01       		.byte	0x1
 765 029a 3301     		.2byte	0x133
 766 029c 84000000 		.4byte	0x84
 767 02a0 00       		.byte	0
 768 02a1 18       		.uleb128 0x18
 769 02a2 89000000 		.4byte	.LASF34
 770 02a6 01       		.byte	0x1
 771 02a7 3401     		.2byte	0x134
 772 02a9 99000000 		.4byte	0x99
 773 02ad 04       		.byte	0x4
 774 02ae 00       		.byte	0
 775 02af 06       		.uleb128 0x6
 776 02b0 FA010000 		.4byte	.LASF35
 777 02b4 01       		.byte	0x1
 778 02b5 3501     		.2byte	0x135
 779 02b7 8B020000 		.4byte	0x28b
 780 02bb 19       		.uleb128 0x19
 781 02bc CB020000 		.4byte	0x2cb
 782 02c0 CB020000 		.4byte	0x2cb
 783 02c4 1A       		.uleb128 0x1a
 784 02c5 7D000000 		.4byte	0x7d
 785 02c9 09       		.byte	0x9
 786 02ca 00       		.byte	0
 787 02cb 1B       		.uleb128 0x1b
 788 02cc AF020000 		.4byte	0x2af
 789 02d0 15       		.uleb128 0x15
 790 02d1 34000000 		.4byte	.LASF36
 791 02d5 01       		.byte	0x1
 792 02d6 3701     		.2byte	0x137
 793 02d8 E2020000 		.4byte	0x2e2
 794 02dc 05       		.uleb128 0x5
 795 02dd 03       		.byte	0x3
 796 02de 00000000 		.4byte	cfg_memset_list.4992
 797 02e2 1B       		.uleb128 0x1b
 798 02e3 BB020000 		.4byte	0x2bb
 799 02e7 1C       		.uleb128 0x1c
 800 02e8 6900     		.ascii	"i\000"
 801 02ea 01       		.byte	0x1
 802 02eb 4501     		.2byte	0x145
 803 02ed 8D000000 		.4byte	0x8d
 804 02f1 0C010000 		.4byte	.LLST8
 805 02f5 1D       		.uleb128 0x1d
 806 02f6 12000000 		.4byte	.LBB3
 807 02fa 16000000 		.4byte	.LBE3-.LBB3
 808 02fe 1C       		.uleb128 0x1c
 809 02ff 6D7300   		.ascii	"ms\000"
 810 0302 01       		.byte	0x1
 811 0303 4A01     		.2byte	0x14a
ARM GAS  C:\Users\urdjt\AppData\Local\Temp\ccLq0QHd.s 			page 22


 812 0305 0D030000 		.4byte	0x30d
 813 0309 36010000 		.4byte	.LLST9
 814 030d 11       		.uleb128 0x11
 815 030e 04       		.byte	0x4
 816 030f CB020000 		.4byte	0x2cb
 817 0313 0D       		.uleb128 0xd
 818 0314 28000000 		.4byte	.LVL20
 819 0318 29010000 		.4byte	0x129
 820 031c 0E       		.uleb128 0xe
 821 031d 01       		.uleb128 0x1
 822 031e 51       		.byte	0x51
 823 031f 14       		.uleb128 0x14
 824 0320 74       		.byte	0x74
 825 0321 00       		.sleb128 0
 826 0322 31       		.byte	0x31
 827 0323 24       		.byte	0x24
 828 0324 74       		.byte	0x74
 829 0325 00       		.sleb128 0
 830 0326 22       		.byte	0x22
 831 0327 31       		.byte	0x31
 832 0328 24       		.byte	0x24
 833 0329 75       		.byte	0x75
 834 032a 00       		.sleb128 0
 835 032b 22       		.byte	0x22
 836 032c 23       		.byte	0x23
 837 032d 04       		.uleb128 0x4
 838 032e 94       		.byte	0x94
 839 032f 02       		.byte	0x2
 840 0330 0A       		.byte	0xa
 841 0331 FFFF     		.2byte	0xffff
 842 0333 1A       		.byte	0x1a
 843 0334 00       		.byte	0
 844 0335 00       		.byte	0
 845 0336 00       		.byte	0
 846 0337 0F       		.uleb128 0xf
 847 0338 50000000 		.4byte	.LVL23
 848 033c CE010000 		.4byte	0x1ce
 849 0340 5A030000 		.4byte	0x35a
 850 0344 0E       		.uleb128 0xe
 851 0345 01       		.uleb128 0x1
 852 0346 50       		.byte	0x50
 853 0347 05       		.uleb128 0x5
 854 0348 0C       		.byte	0xc
 855 0349 12510040 		.4byte	0x40005112
 856 034d 0E       		.uleb128 0xe
 857 034e 01       		.uleb128 0x1
 858 034f 51       		.byte	0x51
 859 0350 03       		.uleb128 0x3
 860 0351 42       		.byte	0x42
 861 0352 4A       		.byte	0x4a
 862 0353 24       		.byte	0x24
 863 0354 0E       		.uleb128 0xe
 864 0355 01       		.uleb128 0x1
 865 0356 52       		.byte	0x52
 866 0357 01       		.uleb128 0x1
 867 0358 38       		.byte	0x38
 868 0359 00       		.byte	0
ARM GAS  C:\Users\urdjt\AppData\Local\Temp\ccLq0QHd.s 			page 23


 869 035a 0F       		.uleb128 0xf
 870 035b 5A000000 		.4byte	.LVL24
 871 035f CE010000 		.4byte	0x1ce
 872 0363 7F030000 		.4byte	0x37f
 873 0367 0E       		.uleb128 0xe
 874 0368 01       		.uleb128 0x1
 875 0369 50       		.byte	0x50
 876 036a 05       		.uleb128 0x5
 877 036b 0C       		.byte	0xc
 878 036c 42510040 		.4byte	0x40005142
 879 0370 0E       		.uleb128 0xe
 880 0371 01       		.uleb128 0x1
 881 0372 51       		.byte	0x51
 882 0373 05       		.uleb128 0x5
 883 0374 0C       		.byte	0xc
 884 0375 08000048 		.4byte	0x48000008
 885 0379 0E       		.uleb128 0xe
 886 037a 01       		.uleb128 0x1
 887 037b 52       		.byte	0x52
 888 037c 01       		.uleb128 0x1
 889 037d 38       		.byte	0x38
 890 037e 00       		.byte	0
 891 037f 1E       		.uleb128 0x1e
 892 0380 6E000000 		.4byte	.LVL26
 893 0384 76010000 		.4byte	0x176
 894 0388 1E       		.uleb128 0x1e
 895 0389 7C000000 		.4byte	.LVL27
 896 038d 04010000 		.4byte	0x104
 897 0391 0D       		.uleb128 0xd
 898 0392 86000000 		.4byte	.LVL28
 899 0396 CE010000 		.4byte	0x1ce
 900 039a 0E       		.uleb128 0xe
 901 039b 01       		.uleb128 0x1
 902 039c 50       		.byte	0x50
 903 039d 05       		.uleb128 0x5
 904 039e 0C       		.byte	0xc
 905 039f B0430040 		.4byte	0x400043b0
 906 03a3 0E       		.uleb128 0xe
 907 03a4 01       		.uleb128 0x1
 908 03a5 51       		.byte	0x51
 909 03a6 05       		.uleb128 0x5
 910 03a7 0C       		.byte	0xc
 911 03a8 A0430040 		.4byte	0x400043a0
 912 03ac 0E       		.uleb128 0xe
 913 03ad 01       		.uleb128 0x1
 914 03ae 52       		.byte	0x52
 915 03af 01       		.uleb128 0x1
 916 03b0 3E       		.byte	0x3e
 917 03b1 00       		.byte	0
 918 03b2 00       		.byte	0
 919 03b3 1F       		.uleb128 0x1f
 920 03b4 67010000 		.4byte	.LASF37
 921 03b8 67010000 		.4byte	.LASF37
 922 03bc 20       		.uleb128 0x20
 923 03bd 06000000 		.4byte	.LASF43
 924 03c1 06000000 		.4byte	.LASF43
 925 03c5 04       		.byte	0x4
ARM GAS  C:\Users\urdjt\AppData\Local\Temp\ccLq0QHd.s 			page 24


 926 03c6 79       		.byte	0x79
 927 03c7 1F       		.uleb128 0x1f
 928 03c8 44020000 		.4byte	.LASF38
 929 03cc 44020000 		.4byte	.LASF38
 930 03d0 00       		.byte	0
 931              		.section	.debug_abbrev,"",%progbits
 932              	.Ldebug_abbrev0:
 933 0000 01       		.uleb128 0x1
 934 0001 11       		.uleb128 0x11
 935 0002 01       		.byte	0x1
 936 0003 25       		.uleb128 0x25
 937 0004 0E       		.uleb128 0xe
 938 0005 13       		.uleb128 0x13
 939 0006 0B       		.uleb128 0xb
 940 0007 03       		.uleb128 0x3
 941 0008 0E       		.uleb128 0xe
 942 0009 1B       		.uleb128 0x1b
 943 000a 0E       		.uleb128 0xe
 944 000b 55       		.uleb128 0x55
 945 000c 17       		.uleb128 0x17
 946 000d 11       		.uleb128 0x11
 947 000e 01       		.uleb128 0x1
 948 000f 10       		.uleb128 0x10
 949 0010 17       		.uleb128 0x17
 950 0011 00       		.byte	0
 951 0012 00       		.byte	0
 952 0013 02       		.uleb128 0x2
 953 0014 24       		.uleb128 0x24
 954 0015 00       		.byte	0
 955 0016 0B       		.uleb128 0xb
 956 0017 0B       		.uleb128 0xb
 957 0018 3E       		.uleb128 0x3e
 958 0019 0B       		.uleb128 0xb
 959 001a 03       		.uleb128 0x3
 960 001b 08       		.uleb128 0x8
 961 001c 00       		.byte	0
 962 001d 00       		.byte	0
 963 001e 03       		.uleb128 0x3
 964 001f 16       		.uleb128 0x16
 965 0020 00       		.byte	0
 966 0021 03       		.uleb128 0x3
 967 0022 0E       		.uleb128 0xe
 968 0023 3A       		.uleb128 0x3a
 969 0024 0B       		.uleb128 0xb
 970 0025 3B       		.uleb128 0x3b
 971 0026 0B       		.uleb128 0xb
 972 0027 49       		.uleb128 0x49
 973 0028 13       		.uleb128 0x13
 974 0029 00       		.byte	0
 975 002a 00       		.byte	0
 976 002b 04       		.uleb128 0x4
 977 002c 24       		.uleb128 0x24
 978 002d 00       		.byte	0
 979 002e 0B       		.uleb128 0xb
 980 002f 0B       		.uleb128 0xb
 981 0030 3E       		.uleb128 0x3e
 982 0031 0B       		.uleb128 0xb
ARM GAS  C:\Users\urdjt\AppData\Local\Temp\ccLq0QHd.s 			page 25


 983 0032 03       		.uleb128 0x3
 984 0033 0E       		.uleb128 0xe
 985 0034 00       		.byte	0
 986 0035 00       		.byte	0
 987 0036 05       		.uleb128 0x5
 988 0037 0F       		.uleb128 0xf
 989 0038 00       		.byte	0
 990 0039 0B       		.uleb128 0xb
 991 003a 0B       		.uleb128 0xb
 992 003b 00       		.byte	0
 993 003c 00       		.byte	0
 994 003d 06       		.uleb128 0x6
 995 003e 16       		.uleb128 0x16
 996 003f 00       		.byte	0
 997 0040 03       		.uleb128 0x3
 998 0041 0E       		.uleb128 0xe
 999 0042 3A       		.uleb128 0x3a
 1000 0043 0B       		.uleb128 0xb
 1001 0044 3B       		.uleb128 0x3b
 1002 0045 05       		.uleb128 0x5
 1003 0046 49       		.uleb128 0x49
 1004 0047 13       		.uleb128 0x13
 1005 0048 00       		.byte	0
 1006 0049 00       		.byte	0
 1007 004a 07       		.uleb128 0x7
 1008 004b 35       		.uleb128 0x35
 1009 004c 00       		.byte	0
 1010 004d 49       		.uleb128 0x49
 1011 004e 13       		.uleb128 0x13
 1012 004f 00       		.byte	0
 1013 0050 00       		.byte	0
 1014 0051 08       		.uleb128 0x8
 1015 0052 2E       		.uleb128 0x2e
 1016 0053 01       		.byte	0x1
 1017 0054 03       		.uleb128 0x3
 1018 0055 0E       		.uleb128 0xe
 1019 0056 3A       		.uleb128 0x3a
 1020 0057 0B       		.uleb128 0xb
 1021 0058 3B       		.uleb128 0x3b
 1022 0059 0B       		.uleb128 0xb
 1023 005a 27       		.uleb128 0x27
 1024 005b 19       		.uleb128 0x19
 1025 005c 8701     		.uleb128 0x87
 1026 005e 19       		.uleb128 0x19
 1027 005f 11       		.uleb128 0x11
 1028 0060 01       		.uleb128 0x1
 1029 0061 12       		.uleb128 0x12
 1030 0062 06       		.uleb128 0x6
 1031 0063 40       		.uleb128 0x40
 1032 0064 18       		.uleb128 0x18
 1033 0065 9742     		.uleb128 0x2117
 1034 0067 19       		.uleb128 0x19
 1035 0068 01       		.uleb128 0x1
 1036 0069 13       		.uleb128 0x13
 1037 006a 00       		.byte	0
 1038 006b 00       		.byte	0
 1039 006c 09       		.uleb128 0x9
ARM GAS  C:\Users\urdjt\AppData\Local\Temp\ccLq0QHd.s 			page 26


 1040 006d 05       		.uleb128 0x5
 1041 006e 00       		.byte	0
 1042 006f 03       		.uleb128 0x3
 1043 0070 0E       		.uleb128 0xe
 1044 0071 3A       		.uleb128 0x3a
 1045 0072 0B       		.uleb128 0xb
 1046 0073 3B       		.uleb128 0x3b
 1047 0074 0B       		.uleb128 0xb
 1048 0075 49       		.uleb128 0x49
 1049 0076 13       		.uleb128 0x13
 1050 0077 02       		.uleb128 0x2
 1051 0078 18       		.uleb128 0x18
 1052 0079 00       		.byte	0
 1053 007a 00       		.byte	0
 1054 007b 0A       		.uleb128 0xa
 1055 007c 2E       		.uleb128 0x2e
 1056 007d 01       		.byte	0x1
 1057 007e 03       		.uleb128 0x3
 1058 007f 0E       		.uleb128 0xe
 1059 0080 3A       		.uleb128 0x3a
 1060 0081 0B       		.uleb128 0xb
 1061 0082 3B       		.uleb128 0x3b
 1062 0083 0B       		.uleb128 0xb
 1063 0084 27       		.uleb128 0x27
 1064 0085 19       		.uleb128 0x19
 1065 0086 11       		.uleb128 0x11
 1066 0087 01       		.uleb128 0x1
 1067 0088 12       		.uleb128 0x12
 1068 0089 06       		.uleb128 0x6
 1069 008a 40       		.uleb128 0x40
 1070 008b 18       		.uleb128 0x18
 1071 008c 9742     		.uleb128 0x2117
 1072 008e 19       		.uleb128 0x19
 1073 008f 01       		.uleb128 0x1
 1074 0090 13       		.uleb128 0x13
 1075 0091 00       		.byte	0
 1076 0092 00       		.byte	0
 1077 0093 0B       		.uleb128 0xb
 1078 0094 34       		.uleb128 0x34
 1079 0095 00       		.byte	0
 1080 0096 03       		.uleb128 0x3
 1081 0097 0E       		.uleb128 0xe
 1082 0098 3A       		.uleb128 0x3a
 1083 0099 0B       		.uleb128 0xb
 1084 009a 3B       		.uleb128 0x3b
 1085 009b 0B       		.uleb128 0xb
 1086 009c 49       		.uleb128 0x49
 1087 009d 13       		.uleb128 0x13
 1088 009e 02       		.uleb128 0x2
 1089 009f 17       		.uleb128 0x17
 1090 00a0 00       		.byte	0
 1091 00a1 00       		.byte	0
 1092 00a2 0C       		.uleb128 0xc
 1093 00a3 05       		.uleb128 0x5
 1094 00a4 00       		.byte	0
 1095 00a5 03       		.uleb128 0x3
 1096 00a6 08       		.uleb128 0x8
ARM GAS  C:\Users\urdjt\AppData\Local\Temp\ccLq0QHd.s 			page 27


 1097 00a7 3A       		.uleb128 0x3a
 1098 00a8 0B       		.uleb128 0xb
 1099 00a9 3B       		.uleb128 0x3b
 1100 00aa 0B       		.uleb128 0xb
 1101 00ab 49       		.uleb128 0x49
 1102 00ac 13       		.uleb128 0x13
 1103 00ad 02       		.uleb128 0x2
 1104 00ae 17       		.uleb128 0x17
 1105 00af 00       		.byte	0
 1106 00b0 00       		.byte	0
 1107 00b1 0D       		.uleb128 0xd
 1108 00b2 898201   		.uleb128 0x4109
 1109 00b5 01       		.byte	0x1
 1110 00b6 11       		.uleb128 0x11
 1111 00b7 01       		.uleb128 0x1
 1112 00b8 31       		.uleb128 0x31
 1113 00b9 13       		.uleb128 0x13
 1114 00ba 00       		.byte	0
 1115 00bb 00       		.byte	0
 1116 00bc 0E       		.uleb128 0xe
 1117 00bd 8A8201   		.uleb128 0x410a
 1118 00c0 00       		.byte	0
 1119 00c1 02       		.uleb128 0x2
 1120 00c2 18       		.uleb128 0x18
 1121 00c3 9142     		.uleb128 0x2111
 1122 00c5 18       		.uleb128 0x18
 1123 00c6 00       		.byte	0
 1124 00c7 00       		.byte	0
 1125 00c8 0F       		.uleb128 0xf
 1126 00c9 898201   		.uleb128 0x4109
 1127 00cc 01       		.byte	0x1
 1128 00cd 11       		.uleb128 0x11
 1129 00ce 01       		.uleb128 0x1
 1130 00cf 31       		.uleb128 0x31
 1131 00d0 13       		.uleb128 0x13
 1132 00d1 01       		.uleb128 0x1
 1133 00d2 13       		.uleb128 0x13
 1134 00d3 00       		.byte	0
 1135 00d4 00       		.byte	0
 1136 00d5 10       		.uleb128 0x10
 1137 00d6 05       		.uleb128 0x5
 1138 00d7 00       		.byte	0
 1139 00d8 03       		.uleb128 0x3
 1140 00d9 0E       		.uleb128 0xe
 1141 00da 3A       		.uleb128 0x3a
 1142 00db 0B       		.uleb128 0xb
 1143 00dc 3B       		.uleb128 0x3b
 1144 00dd 0B       		.uleb128 0xb
 1145 00de 49       		.uleb128 0x49
 1146 00df 13       		.uleb128 0x13
 1147 00e0 02       		.uleb128 0x2
 1148 00e1 17       		.uleb128 0x17
 1149 00e2 00       		.byte	0
 1150 00e3 00       		.byte	0
 1151 00e4 11       		.uleb128 0x11
 1152 00e5 0F       		.uleb128 0xf
 1153 00e6 00       		.byte	0
ARM GAS  C:\Users\urdjt\AppData\Local\Temp\ccLq0QHd.s 			page 28


 1154 00e7 0B       		.uleb128 0xb
 1155 00e8 0B       		.uleb128 0xb
 1156 00e9 49       		.uleb128 0x49
 1157 00ea 13       		.uleb128 0x13
 1158 00eb 00       		.byte	0
 1159 00ec 00       		.byte	0
 1160 00ed 12       		.uleb128 0x12
 1161 00ee 26       		.uleb128 0x26
 1162 00ef 00       		.byte	0
 1163 00f0 00       		.byte	0
 1164 00f1 00       		.byte	0
 1165 00f2 13       		.uleb128 0x13
 1166 00f3 2E       		.uleb128 0x2e
 1167 00f4 01       		.byte	0x1
 1168 00f5 3F       		.uleb128 0x3f
 1169 00f6 19       		.uleb128 0x19
 1170 00f7 03       		.uleb128 0x3
 1171 00f8 0E       		.uleb128 0xe
 1172 00f9 3A       		.uleb128 0x3a
 1173 00fa 0B       		.uleb128 0xb
 1174 00fb 3B       		.uleb128 0x3b
 1175 00fc 05       		.uleb128 0x5
 1176 00fd 27       		.uleb128 0x27
 1177 00fe 19       		.uleb128 0x19
 1178 00ff 11       		.uleb128 0x11
 1179 0100 01       		.uleb128 0x1
 1180 0101 12       		.uleb128 0x12
 1181 0102 06       		.uleb128 0x6
 1182 0103 40       		.uleb128 0x40
 1183 0104 18       		.uleb128 0x18
 1184 0105 9742     		.uleb128 0x2117
 1185 0107 19       		.uleb128 0x19
 1186 0108 01       		.uleb128 0x1
 1187 0109 13       		.uleb128 0x13
 1188 010a 00       		.byte	0
 1189 010b 00       		.byte	0
 1190 010c 14       		.uleb128 0x14
 1191 010d 05       		.uleb128 0x5
 1192 010e 00       		.byte	0
 1193 010f 03       		.uleb128 0x3
 1194 0110 0E       		.uleb128 0xe
 1195 0111 3A       		.uleb128 0x3a
 1196 0112 0B       		.uleb128 0xb
 1197 0113 3B       		.uleb128 0x3b
 1198 0114 05       		.uleb128 0x5
 1199 0115 49       		.uleb128 0x49
 1200 0116 13       		.uleb128 0x13
 1201 0117 02       		.uleb128 0x2
 1202 0118 18       		.uleb128 0x18
 1203 0119 00       		.byte	0
 1204 011a 00       		.byte	0
 1205 011b 15       		.uleb128 0x15
 1206 011c 34       		.uleb128 0x34
 1207 011d 00       		.byte	0
 1208 011e 03       		.uleb128 0x3
 1209 011f 0E       		.uleb128 0xe
 1210 0120 3A       		.uleb128 0x3a
ARM GAS  C:\Users\urdjt\AppData\Local\Temp\ccLq0QHd.s 			page 29


 1211 0121 0B       		.uleb128 0xb
 1212 0122 3B       		.uleb128 0x3b
 1213 0123 05       		.uleb128 0x5
 1214 0124 49       		.uleb128 0x49
 1215 0125 13       		.uleb128 0x13
 1216 0126 02       		.uleb128 0x2
 1217 0127 18       		.uleb128 0x18
 1218 0128 00       		.byte	0
 1219 0129 00       		.byte	0
 1220 012a 16       		.uleb128 0x16
 1221 012b 0B       		.uleb128 0xb
 1222 012c 01       		.byte	0x1
 1223 012d 11       		.uleb128 0x11
 1224 012e 01       		.uleb128 0x1
 1225 012f 12       		.uleb128 0x12
 1226 0130 06       		.uleb128 0x6
 1227 0131 01       		.uleb128 0x1
 1228 0132 13       		.uleb128 0x13
 1229 0133 00       		.byte	0
 1230 0134 00       		.byte	0
 1231 0135 17       		.uleb128 0x17
 1232 0136 13       		.uleb128 0x13
 1233 0137 01       		.byte	0x1
 1234 0138 0B       		.uleb128 0xb
 1235 0139 0B       		.uleb128 0xb
 1236 013a 3A       		.uleb128 0x3a
 1237 013b 0B       		.uleb128 0xb
 1238 013c 3B       		.uleb128 0x3b
 1239 013d 05       		.uleb128 0x5
 1240 013e 01       		.uleb128 0x1
 1241 013f 13       		.uleb128 0x13
 1242 0140 00       		.byte	0
 1243 0141 00       		.byte	0
 1244 0142 18       		.uleb128 0x18
 1245 0143 0D       		.uleb128 0xd
 1246 0144 00       		.byte	0
 1247 0145 03       		.uleb128 0x3
 1248 0146 0E       		.uleb128 0xe
 1249 0147 3A       		.uleb128 0x3a
 1250 0148 0B       		.uleb128 0xb
 1251 0149 3B       		.uleb128 0x3b
 1252 014a 05       		.uleb128 0x5
 1253 014b 49       		.uleb128 0x49
 1254 014c 13       		.uleb128 0x13
 1255 014d 38       		.uleb128 0x38
 1256 014e 0B       		.uleb128 0xb
 1257 014f 00       		.byte	0
 1258 0150 00       		.byte	0
 1259 0151 19       		.uleb128 0x19
 1260 0152 01       		.uleb128 0x1
 1261 0153 01       		.byte	0x1
 1262 0154 49       		.uleb128 0x49
 1263 0155 13       		.uleb128 0x13
 1264 0156 01       		.uleb128 0x1
 1265 0157 13       		.uleb128 0x13
 1266 0158 00       		.byte	0
 1267 0159 00       		.byte	0
ARM GAS  C:\Users\urdjt\AppData\Local\Temp\ccLq0QHd.s 			page 30


 1268 015a 1A       		.uleb128 0x1a
 1269 015b 21       		.uleb128 0x21
 1270 015c 00       		.byte	0
 1271 015d 49       		.uleb128 0x49
 1272 015e 13       		.uleb128 0x13
 1273 015f 2F       		.uleb128 0x2f
 1274 0160 0B       		.uleb128 0xb
 1275 0161 00       		.byte	0
 1276 0162 00       		.byte	0
 1277 0163 1B       		.uleb128 0x1b
 1278 0164 26       		.uleb128 0x26
 1279 0165 00       		.byte	0
 1280 0166 49       		.uleb128 0x49
 1281 0167 13       		.uleb128 0x13
 1282 0168 00       		.byte	0
 1283 0169 00       		.byte	0
 1284 016a 1C       		.uleb128 0x1c
 1285 016b 34       		.uleb128 0x34
 1286 016c 00       		.byte	0
 1287 016d 03       		.uleb128 0x3
 1288 016e 08       		.uleb128 0x8
 1289 016f 3A       		.uleb128 0x3a
 1290 0170 0B       		.uleb128 0xb
 1291 0171 3B       		.uleb128 0x3b
 1292 0172 05       		.uleb128 0x5
 1293 0173 49       		.uleb128 0x49
 1294 0174 13       		.uleb128 0x13
 1295 0175 02       		.uleb128 0x2
 1296 0176 17       		.uleb128 0x17
 1297 0177 00       		.byte	0
 1298 0178 00       		.byte	0
 1299 0179 1D       		.uleb128 0x1d
 1300 017a 0B       		.uleb128 0xb
 1301 017b 01       		.byte	0x1
 1302 017c 11       		.uleb128 0x11
 1303 017d 01       		.uleb128 0x1
 1304 017e 12       		.uleb128 0x12
 1305 017f 06       		.uleb128 0x6
 1306 0180 00       		.byte	0
 1307 0181 00       		.byte	0
 1308 0182 1E       		.uleb128 0x1e
 1309 0183 898201   		.uleb128 0x4109
 1310 0186 00       		.byte	0
 1311 0187 11       		.uleb128 0x11
 1312 0188 01       		.uleb128 0x1
 1313 0189 31       		.uleb128 0x31
 1314 018a 13       		.uleb128 0x13
 1315 018b 00       		.byte	0
 1316 018c 00       		.byte	0
 1317 018d 1F       		.uleb128 0x1f
 1318 018e 2E       		.uleb128 0x2e
 1319 018f 00       		.byte	0
 1320 0190 3F       		.uleb128 0x3f
 1321 0191 19       		.uleb128 0x19
 1322 0192 3C       		.uleb128 0x3c
 1323 0193 19       		.uleb128 0x19
 1324 0194 6E       		.uleb128 0x6e
ARM GAS  C:\Users\urdjt\AppData\Local\Temp\ccLq0QHd.s 			page 31


 1325 0195 0E       		.uleb128 0xe
 1326 0196 03       		.uleb128 0x3
 1327 0197 0E       		.uleb128 0xe
 1328 0198 00       		.byte	0
 1329 0199 00       		.byte	0
 1330 019a 20       		.uleb128 0x20
 1331 019b 2E       		.uleb128 0x2e
 1332 019c 00       		.byte	0
 1333 019d 3F       		.uleb128 0x3f
 1334 019e 19       		.uleb128 0x19
 1335 019f 3C       		.uleb128 0x3c
 1336 01a0 19       		.uleb128 0x19
 1337 01a1 6E       		.uleb128 0x6e
 1338 01a2 0E       		.uleb128 0xe
 1339 01a3 03       		.uleb128 0x3
 1340 01a4 0E       		.uleb128 0xe
 1341 01a5 3A       		.uleb128 0x3a
 1342 01a6 0B       		.uleb128 0xb
 1343 01a7 3B       		.uleb128 0x3b
 1344 01a8 0B       		.uleb128 0xb
 1345 01a9 00       		.byte	0
 1346 01aa 00       		.byte	0
 1347 01ab 00       		.byte	0
 1348              		.section	.debug_loc,"",%progbits
 1349              	.Ldebug_loc0:
 1350              	.LLST0:
 1351 0000 06000000 		.4byte	.LVL1
 1352 0004 10000000 		.4byte	.LVL2
 1353 0008 0100     		.2byte	0x1
 1354 000a 53       		.byte	0x53
 1355 000b 00000000 		.4byte	0
 1356 000f 00000000 		.4byte	0
 1357              	.LLST1:
 1358 0013 00000000 		.4byte	.LVL3
 1359 0017 09000000 		.4byte	.LVL5-1
 1360 001b 0100     		.2byte	0x1
 1361 001d 50       		.byte	0x50
 1362 001e 09000000 		.4byte	.LVL5-1
 1363 0022 0C000000 		.4byte	.LFE0
 1364 0026 0400     		.2byte	0x4
 1365 0028 F3       		.byte	0xf3
 1366 0029 01       		.uleb128 0x1
 1367 002a 50       		.byte	0x50
 1368 002b 9F       		.byte	0x9f
 1369 002c 00000000 		.4byte	0
 1370 0030 00000000 		.4byte	0
 1371              	.LLST2:
 1372 0034 00000000 		.4byte	.LVL3
 1373 0038 06000000 		.4byte	.LVL4
 1374 003c 0100     		.2byte	0x1
 1375 003e 51       		.byte	0x51
 1376 003f 06000000 		.4byte	.LVL4
 1377 0043 09000000 		.4byte	.LVL5-1
 1378 0047 0100     		.2byte	0x1
 1379 0049 52       		.byte	0x52
 1380 004a 09000000 		.4byte	.LVL5-1
 1381 004e 0C000000 		.4byte	.LFE0
ARM GAS  C:\Users\urdjt\AppData\Local\Temp\ccLq0QHd.s 			page 32


 1382 0052 0400     		.2byte	0x4
 1383 0054 F3       		.byte	0xf3
 1384 0055 01       		.uleb128 0x1
 1385 0056 51       		.byte	0x51
 1386 0057 9F       		.byte	0x9f
 1387 0058 00000000 		.4byte	0
 1388 005c 00000000 		.4byte	0
 1389              	.LLST3:
 1390 0060 2E000000 		.4byte	.LVL6
 1391 0064 34000000 		.4byte	.LVL7
 1392 0068 0200     		.2byte	0x2
 1393 006a 49       		.byte	0x49
 1394 006b 9F       		.byte	0x9f
 1395 006c 34000000 		.4byte	.LVL7
 1396 0070 7E000000 		.4byte	.LVL13
 1397 0074 0100     		.2byte	0x1
 1398 0076 55       		.byte	0x55
 1399 0077 00000000 		.4byte	0
 1400 007b 00000000 		.4byte	0
 1401              	.LLST4:
 1402 007f 2E000000 		.4byte	.LVL6
 1403 0083 34000000 		.4byte	.LVL7
 1404 0087 0200     		.2byte	0x2
 1405 0089 30       		.byte	0x30
 1406 008a 9F       		.byte	0x9f
 1407 008b 34000000 		.4byte	.LVL7
 1408 008f 40000000 		.4byte	.LVL8
 1409 0093 0100     		.2byte	0x1
 1410 0095 54       		.byte	0x54
 1411 0096 44000000 		.4byte	.LVL9
 1412 009a 7E000000 		.4byte	.LVL13
 1413 009e 0100     		.2byte	0x1
 1414 00a0 54       		.byte	0x54
 1415 00a1 00000000 		.4byte	0
 1416 00a5 00000000 		.4byte	0
 1417              	.LLST5:
 1418 00a9 00000000 		.4byte	.LVL14
 1419 00ad 05000000 		.4byte	.LVL15-1
 1420 00b1 0100     		.2byte	0x1
 1421 00b3 50       		.byte	0x50
 1422 00b4 05000000 		.4byte	.LVL15-1
 1423 00b8 08000000 		.4byte	.LFE1
 1424 00bc 0400     		.2byte	0x4
 1425 00be F3       		.byte	0xf3
 1426 00bf 01       		.uleb128 0x1
 1427 00c0 50       		.byte	0x50
 1428 00c1 9F       		.byte	0x9f
 1429 00c2 00000000 		.4byte	0
 1430 00c6 00000000 		.4byte	0
 1431              	.LLST6:
 1432 00ca 00000000 		.4byte	.LVL14
 1433 00ce 05000000 		.4byte	.LVL15-1
 1434 00d2 0100     		.2byte	0x1
 1435 00d4 51       		.byte	0x51
 1436 00d5 05000000 		.4byte	.LVL15-1
 1437 00d9 08000000 		.4byte	.LFE1
 1438 00dd 0400     		.2byte	0x4
ARM GAS  C:\Users\urdjt\AppData\Local\Temp\ccLq0QHd.s 			page 33


 1439 00df F3       		.byte	0xf3
 1440 00e0 01       		.uleb128 0x1
 1441 00e1 51       		.byte	0x51
 1442 00e2 9F       		.byte	0x9f
 1443 00e3 00000000 		.4byte	0
 1444 00e7 00000000 		.4byte	0
 1445              	.LLST7:
 1446 00eb 00000000 		.4byte	.LVL14
 1447 00ef 05000000 		.4byte	.LVL15-1
 1448 00f3 0100     		.2byte	0x1
 1449 00f5 52       		.byte	0x52
 1450 00f6 05000000 		.4byte	.LVL15-1
 1451 00fa 08000000 		.4byte	.LFE1
 1452 00fe 0400     		.2byte	0x4
 1453 0100 F3       		.byte	0xf3
 1454 0101 01       		.uleb128 0x1
 1455 0102 52       		.byte	0x52
 1456 0103 9F       		.byte	0x9f
 1457 0104 00000000 		.4byte	0
 1458 0108 00000000 		.4byte	0
 1459              	.LLST8:
 1460 010c 0E000000 		.4byte	.LVL18
 1461 0110 12000000 		.4byte	.LVL19
 1462 0114 0200     		.2byte	0x2
 1463 0116 30       		.byte	0x30
 1464 0117 9F       		.byte	0x9f
 1465 0118 12000000 		.4byte	.LVL19
 1466 011c 2A000000 		.4byte	.LVL21
 1467 0120 0100     		.2byte	0x1
 1468 0122 54       		.byte	0x54
 1469 0123 2C000000 		.4byte	.LVL22
 1470 0127 66000000 		.4byte	.LVL25
 1471 012b 0100     		.2byte	0x1
 1472 012d 54       		.byte	0x54
 1473 012e 00000000 		.4byte	0
 1474 0132 00000000 		.4byte	0
 1475              	.LLST9:
 1476 0136 12000000 		.4byte	.LVL19
 1477 013a 2A000000 		.4byte	.LVL21
 1478 013e 0B00     		.2byte	0xb
 1479 0140 74       		.byte	0x74
 1480 0141 00       		.sleb128 0
 1481 0142 36       		.byte	0x36
 1482 0143 1E       		.byte	0x1e
 1483 0144 03       		.byte	0x3
 1484 0145 00000000 		.4byte	cfg_memset_list.4992
 1485 0149 22       		.byte	0x22
 1486 014a 9F       		.byte	0x9f
 1487 014b 2A000000 		.4byte	.LVL21
 1488 014f 2C000000 		.4byte	.LVL22
 1489 0153 0B00     		.2byte	0xb
 1490 0155 74       		.byte	0x74
 1491 0156 7F       		.sleb128 -1
 1492 0157 36       		.byte	0x36
 1493 0158 1E       		.byte	0x1e
 1494 0159 03       		.byte	0x3
 1495 015a 00000000 		.4byte	cfg_memset_list.4992
ARM GAS  C:\Users\urdjt\AppData\Local\Temp\ccLq0QHd.s 			page 34


 1496 015e 22       		.byte	0x22
 1497 015f 9F       		.byte	0x9f
 1498 0160 00000000 		.4byte	0
 1499 0164 00000000 		.4byte	0
 1500              		.section	.debug_aranges,"",%progbits
 1501 0000 4C000000 		.4byte	0x4c
 1502 0004 0200     		.2byte	0x2
 1503 0006 00000000 		.4byte	.Ldebug_info0
 1504 000a 04       		.byte	0x4
 1505 000b 00       		.byte	0
 1506 000c 0000     		.2byte	0
 1507 000e 0000     		.2byte	0
 1508 0010 00000000 		.4byte	.LFB3
 1509 0014 02000000 		.4byte	.LFE3-.LFB3
 1510 0018 00000000 		.4byte	.LFB5
 1511 001c 28000000 		.4byte	.LFE5-.LFB5
 1512 0020 00000000 		.4byte	.LFB0
 1513 0024 0C000000 		.4byte	.LFE0-.LFB0
 1514 0028 00000000 		.4byte	.LFB4
 1515 002c 9C000000 		.4byte	.LFE4-.LFB4
 1516 0030 00000000 		.4byte	.LFB1
 1517 0034 08000000 		.4byte	.LFE1-.LFB1
 1518 0038 00000000 		.4byte	.LFB6
 1519 003c 10000000 		.4byte	.LFE6-.LFB6
 1520 0040 00000000 		.4byte	.LFB7
 1521 0044 B4000000 		.4byte	.LFE7-.LFB7
 1522 0048 00000000 		.4byte	0
 1523 004c 00000000 		.4byte	0
 1524              		.section	.debug_ranges,"",%progbits
 1525              	.Ldebug_ranges0:
 1526 0000 00000000 		.4byte	.LFB3
 1527 0004 02000000 		.4byte	.LFE3
 1528 0008 00000000 		.4byte	.LFB5
 1529 000c 28000000 		.4byte	.LFE5
 1530 0010 00000000 		.4byte	.LFB0
 1531 0014 0C000000 		.4byte	.LFE0
 1532 0018 00000000 		.4byte	.LFB4
 1533 001c 9C000000 		.4byte	.LFE4
 1534 0020 00000000 		.4byte	.LFB1
 1535 0024 08000000 		.4byte	.LFE1
 1536 0028 00000000 		.4byte	.LFB6
 1537 002c 10000000 		.4byte	.LFE6
 1538 0030 00000000 		.4byte	.LFB7
 1539 0034 B4000000 		.4byte	.LFE7
 1540 0038 00000000 		.4byte	0
 1541 003c 00000000 		.4byte	0
 1542              		.section	.debug_line,"",%progbits
 1543              	.Ldebug_line0:
 1544 0000 A2010000 		.section	.debug_str,"MS",%progbits,1
 1544      0200D600 
 1544      00000201 
 1544      FB0E0D00 
 1544      01010101 
 1545              	.LASF19:
 1546 0000 72656731 		.ascii	"reg16\000"
 1546      3600
 1547              	.LASF43:
ARM GAS  C:\Users\urdjt\AppData\Local\Temp\ccLq0QHd.s 			page 35


 1548 0006 43794465 		.ascii	"CyDelayCycles\000"
 1548      6C617943 
 1548      79636C65 
 1548      7300
 1549              	.LASF12:
 1550 0014 73697A65 		.ascii	"size_t\000"
 1550      5F7400
 1551              	.LASF20:
 1552 001b 416E616C 		.ascii	"AnalogSetDefault\000"
 1552      6F675365 
 1552      74446566 
 1552      61756C74 
 1552      00
 1553              	.LASF25:
 1554 002c 74696D65 		.ascii	"timeout\000"
 1554      6F757400 
 1555              	.LASF36:
 1556 0034 6366675F 		.ascii	"cfg_memset_list\000"
 1556      6D656D73 
 1556      65745F6C 
 1556      69737400 
 1557              	.LASF23:
 1558 0044 436C6F63 		.ascii	"ClockSetup\000"
 1558      6B536574 
 1558      757000
 1559              	.LASF6:
 1560 004f 73686F72 		.ascii	"short unsigned int\000"
 1560      7420756E 
 1560      7369676E 
 1560      65642069 
 1560      6E7400
 1561              	.LASF26:
 1562 0062 706C6C4C 		.ascii	"pllLock\000"
 1562      6F636B00 
 1563              	.LASF16:
 1564 006a 666C6F61 		.ascii	"float\000"
 1564      7400
 1565              	.LASF42:
 1566 0070 4379436C 		.ascii	"CyClockStartupError\000"
 1566      6F636B53 
 1566      74617274 
 1566      75704572 
 1566      726F7200 
 1567              	.LASF28:
 1568 0084 64657374 		.ascii	"dest\000"
 1568      00
 1569              	.LASF34:
 1570 0089 73697A65 		.ascii	"size\000"
 1570      00
 1571              	.LASF39:
 1572 008e 474E5520 		.ascii	"GNU C11 5.4.1 20160609 (release) [ARM/embedded-5-br"
 1572      43313120 
 1572      352E342E 
 1572      31203230 
 1572      31363036 
 1573 00c1 616E6368 		.ascii	"anch revision 237715] -mcpu=cortex-m3 -mthumb -g -O"
 1573      20726576 
ARM GAS  C:\Users\urdjt\AppData\Local\Temp\ccLq0QHd.s 			page 36


 1573      6973696F 
 1573      6E203233 
 1573      37373135 
 1574 00f4 67202D66 		.ascii	"g -ffunction-sections -ffat-lto-objects\000"
 1574      66756E63 
 1574      74696F6E 
 1574      2D736563 
 1574      74696F6E 
 1575              	.LASF18:
 1576 011c 72656738 		.ascii	"reg8\000"
 1576      00
 1577              	.LASF8:
 1578 0121 6C6F6E67 		.ascii	"long unsigned int\000"
 1578      20756E73 
 1578      69676E65 
 1578      6420696E 
 1578      7400
 1579              	.LASF13:
 1580 0133 75696E74 		.ascii	"uint8\000"
 1580      3800
 1581              	.LASF21:
 1582 0139 43594D45 		.ascii	"CYMEMZERO\000"
 1582      4D5A4552 
 1582      4F00
 1583              	.LASF31:
 1584 0143 53657441 		.ascii	"SetAnalogRoutingPumps\000"
 1584      6E616C6F 
 1584      67526F75 
 1584      74696E67 
 1584      50756D70 
 1585              	.LASF4:
 1586 0159 756E7369 		.ascii	"unsigned char\000"
 1586      676E6564 
 1586      20636861 
 1586      7200
 1587              	.LASF37:
 1588 0167 6D656D73 		.ascii	"memset\000"
 1588      657400
 1589              	.LASF41:
 1590 016e 453A5C50 		.ascii	"E:\\PSoC Creator\\Ausgabe LCD\\Blink_LED_Abw_10x.cy"
 1590      536F4320 
 1590      43726561 
 1590      746F725C 
 1590      41757367 
 1591 019e 64736E00 		.ascii	"dsn\000"
 1592              	.LASF17:
 1593 01a2 646F7562 		.ascii	"double\000"
 1593      6C6500
 1594              	.LASF32:
 1595 01a9 63796669 		.ascii	"cyfitter_cfg\000"
 1595      74746572 
 1595      5F636667 
 1595      00
 1596              	.LASF14:
 1597 01b6 75696E74 		.ascii	"uint16\000"
 1597      313600
 1598              	.LASF22:
ARM GAS  C:\Users\urdjt\AppData\Local\Temp\ccLq0QHd.s 			page 37


 1599 01bd 6572726F 		.ascii	"errorCode\000"
 1599      72436F64 
 1599      6500
 1600              	.LASF15:
 1601 01c7 75696E74 		.ascii	"uint32\000"
 1601      333200
 1602              	.LASF0:
 1603 01ce 756E7369 		.ascii	"unsigned int\000"
 1603      676E6564 
 1603      20696E74 
 1603      00
 1604              	.LASF33:
 1605 01db 61646472 		.ascii	"address\000"
 1605      65737300 
 1606              	.LASF9:
 1607 01e3 6C6F6E67 		.ascii	"long long unsigned int\000"
 1607      206C6F6E 
 1607      6720756E 
 1607      7369676E 
 1607      65642069 
 1608              	.LASF35:
 1609 01fa 6366675F 		.ascii	"cfg_memset_t\000"
 1609      6D656D73 
 1609      65745F74 
 1609      00
 1610              	.LASF10:
 1611 0207 73697A65 		.ascii	"sizetype\000"
 1611      74797065 
 1611      00
 1612              	.LASF1:
 1613 0210 6C6F6E67 		.ascii	"long long int\000"
 1613      206C6F6E 
 1613      6720696E 
 1613      7400
 1614              	.LASF40:
 1615 021e 47656E65 		.ascii	"Generated_Source\\PSoC5\\cyfitter_cfg.c\000"
 1615      72617465 
 1615      645F536F 
 1615      75726365 
 1615      5C50536F 
 1616              	.LASF38:
 1617 0244 6D656D63 		.ascii	"memcpy\000"
 1617      707900
 1618              	.LASF5:
 1619 024b 73686F72 		.ascii	"short int\000"
 1619      7420696E 
 1619      7400
 1620              	.LASF29:
 1621 0255 656E6162 		.ascii	"enabled\000"
 1621      6C656400 
 1622              	.LASF7:
 1623 025d 6C6F6E67 		.ascii	"long int\000"
 1623      20696E74 
 1623      00
 1624              	.LASF11:
 1625 0266 63686172 		.ascii	"char\000"
 1625      00
ARM GAS  C:\Users\urdjt\AppData\Local\Temp\ccLq0QHd.s 			page 38


 1626              	.LASF2:
 1627 026b 6C6F6E67 		.ascii	"long double\000"
 1627      20646F75 
 1627      626C6500 
 1628              	.LASF24:
 1629 0277 62675F78 		.ascii	"bg_xover_inl_trim\000"
 1629      6F766572 
 1629      5F696E6C 
 1629      5F747269 
 1629      6D00
 1630              	.LASF3:
 1631 0289 7369676E 		.ascii	"signed char\000"
 1631      65642063 
 1631      68617200 
 1632              	.LASF30:
 1633 0295 72656756 		.ascii	"regValue\000"
 1633      616C7565 
 1633      00
 1634              	.LASF27:
 1635 029e 4359434F 		.ascii	"CYCONFIGCPY\000"
 1635      4E464947 
 1635      43505900 
 1636              		.ident	"GCC: (GNU Tools for ARM Embedded Processors) 5.4.1 20160609 (release) [ARM/embedded-5-bran
