ARM GAS  C:\Users\urdjt\AppData\Local\Temp\ccDiN1Gd.s 			page 1


   1              		.syntax unified
   2              		.cpu cortex-m3
   3              		.fpu softvfp
   4              		.eabi_attribute 20, 1
   5              		.eabi_attribute 21, 1
   6              		.eabi_attribute 23, 3
   7              		.eabi_attribute 24, 1
   8              		.eabi_attribute 25, 1
   9              		.eabi_attribute 26, 1
  10              		.eabi_attribute 30, 1
  11              		.eabi_attribute 34, 1
  12              		.eabi_attribute 18, 4
  13              		.thumb
  14              		.syntax unified
  15              		.file	"cymetadata.c"
  16              		.text
  17              	.Ltext0:
  18              		.cfi_sections	.debug_frame
  19              		.global	cy_metadata
  20              		.global	cy_meta_flashprotect
  21              		.global	cy_meta_wonvl
  22              		.global	cy_meta_custnvl
  23              		.global	cy_meta_configecc
  24              		.section	.cyconfigecc,"a",%progbits
  25              		.align	2
  26              		.type	cy_meta_configecc, %object
  27              		.size	cy_meta_configecc, 1084
  28              	cy_meta_configecc:
  29 0000 02       		.byte	2
  30 0001 52       		.byte	82
  31 0002 00       		.byte	0
  32 0003 40       		.byte	64
  33 0004 01       		.byte	1
  34 0005 5B       		.byte	91
  35 0006 00       		.byte	0
  36 0007 40       		.byte	64
  37 0008 01       		.byte	1
  38 0009 64       		.byte	100
  39 000a 00       		.byte	0
  40 000b 40       		.byte	64
  41 000c 02       		.byte	2
  42 000d 65       		.byte	101
  43 000e 00       		.byte	0
  44 000f 40       		.byte	64
  45 0010 48       		.byte	72
  46 0011 06       		.byte	6
  47 0012 01       		.byte	1
  48 0013 40       		.byte	64
  49 0014 28       		.byte	40
  50 0015 07       		.byte	7
  51 0016 01       		.byte	1
  52 0017 40       		.byte	64
  53 0018 02       		.byte	2
  54 0019 09       		.byte	9
  55 001a 01       		.byte	1
  56 001b 40       		.byte	64
  57 001c 04       		.byte	4
ARM GAS  C:\Users\urdjt\AppData\Local\Temp\ccDiN1Gd.s 			page 2


  58 001d 0A       		.byte	10
  59 001e 01       		.byte	1
  60 001f 40       		.byte	64
  61 0020 01       		.byte	1
  62 0021 0B       		.byte	11
  63 0022 01       		.byte	1
  64 0023 40       		.byte	64
  65 0024 04       		.byte	4
  66 0025 15       		.byte	21
  67 0026 01       		.byte	1
  68 0027 40       		.byte	64
  69 0028 4B       		.byte	75
  70 0029 16       		.byte	22
  71 002a 01       		.byte	1
  72 002b 40       		.byte	64
  73 002c 2C       		.byte	44
  74 002d 17       		.byte	23
  75 002e 01       		.byte	1
  76 002f 40       		.byte	64
  77 0030 61       		.byte	97
  78 0031 18       		.byte	24
  79 0032 01       		.byte	1
  80 0033 40       		.byte	64
  81 0034 3B       		.byte	59
  82 0035 19       		.byte	25
  83 0036 01       		.byte	1
  84 0037 40       		.byte	64
  85 0038 04       		.byte	4
  86 0039 1B       		.byte	27
  87 003a 01       		.byte	1
  88 003b 40       		.byte	64
  89 003c 05       		.byte	5
  90 003d 40       		.byte	64
  91 003e 01       		.byte	1
  92 003f 40       		.byte	64
  93 0040 03       		.byte	3
  94 0041 41       		.byte	65
  95 0042 01       		.byte	1
  96 0043 40       		.byte	64
  97 0044 03       		.byte	3
  98 0045 42       		.byte	66
  99 0046 01       		.byte	1
 100 0047 40       		.byte	64
 101 0048 08       		.byte	8
 102 0049 43       		.byte	67
 103 004a 01       		.byte	1
 104 004b 40       		.byte	64
 105 004c 02       		.byte	2
 106 004d 44       		.byte	68
 107 004e 01       		.byte	1
 108 004f 40       		.byte	64
 109 0050 01       		.byte	1
 110 0051 45       		.byte	69
 111 0052 01       		.byte	1
 112 0053 40       		.byte	64
 113 0054 05       		.byte	5
 114 0055 46       		.byte	70
ARM GAS  C:\Users\urdjt\AppData\Local\Temp\ccDiN1Gd.s 			page 3


 115 0056 01       		.byte	1
 116 0057 40       		.byte	64
 117 0058 02       		.byte	2
 118 0059 47       		.byte	71
 119 005a 01       		.byte	1
 120 005b 40       		.byte	64
 121 005c 01       		.byte	1
 122 005d 48       		.byte	72
 123 005e 01       		.byte	1
 124 005f 40       		.byte	64
 125 0060 06       		.byte	6
 126 0061 49       		.byte	73
 127 0062 01       		.byte	1
 128 0063 40       		.byte	64
 129 0064 08       		.byte	8
 130 0065 4C       		.byte	76
 131 0066 01       		.byte	1
 132 0067 40       		.byte	64
 133 0068 03       		.byte	3
 134 0069 4D       		.byte	77
 135 006a 01       		.byte	1
 136 006b 40       		.byte	64
 137 006c 05       		.byte	5
 138 006d 50       		.byte	80
 139 006e 01       		.byte	1
 140 006f 40       		.byte	64
 141 0070 01       		.byte	1
 142 0071 51       		.byte	81
 143 0072 01       		.byte	1
 144 0073 40       		.byte	64
 145 0074 09       		.byte	9
 146 0075 04       		.byte	4
 147 0076 21       		.byte	33
 148 0077 04       		.byte	4
 149 0078 27       		.byte	39
 150 0079 21       		.byte	33
 151 007a 87       		.byte	-121
 152 007b 0D       		.byte	13
 153 007c 87       		.byte	-121
 154 007d 67       		.byte	103
 155 007e 88       		.byte	-120
 156 007f 0F       		.byte	15
 157 0080 02       		.byte	2
 158 0081 04       		.byte	4
 159 0082 0A       		.byte	10
 160 0083 01       		.byte	1
 161 0084 1A       		.byte	26
 162 0085 02       		.byte	2
 163 0086 1E       		.byte	30
 164 0087 03       		.byte	3
 165 0088 30       		.byte	48
 166 0089 03       		.byte	3
 167 008a 36       		.byte	54
 168 008b 04       		.byte	4
 169 008c 40       		.byte	64
 170 008d 10       		.byte	16
 171 008e 41       		.byte	65
ARM GAS  C:\Users\urdjt\AppData\Local\Temp\ccDiN1Gd.s 			page 4


 172 008f 06       		.byte	6
 173 0090 49       		.byte	73
 174 0091 FF       		.byte	-1
 175 0092 4A       		.byte	74
 176 0093 FF       		.byte	-1
 177 0094 4B       		.byte	75
 178 0095 FF       		.byte	-1
 179 0096 4D       		.byte	77
 180 0097 A0       		.byte	-96
 181 0098 4F       		.byte	79
 182 0099 04       		.byte	4
 183 009a 50       		.byte	80
 184 009b 18       		.byte	24
 185 009c 52       		.byte	82
 186 009d 80       		.byte	-128
 187 009e 58       		.byte	88
 188 009f 04       		.byte	4
 189 00a0 5A       		.byte	90
 190 00a1 04       		.byte	4
 191 00a2 5B       		.byte	91
 192 00a3 04       		.byte	4
 193 00a4 5C       		.byte	92
 194 00a5 01       		.byte	1
 195 00a6 5D       		.byte	93
 196 00a7 11       		.byte	17
 197 00a8 5F       		.byte	95
 198 00a9 01       		.byte	1
 199 00aa 60       		.byte	96
 200 00ab 40       		.byte	64
 201 00ac 62       		.byte	98
 202 00ad C0       		.byte	-64
 203 00ae 64       		.byte	100
 204 00af 40       		.byte	64
 205 00b0 65       		.byte	101
 206 00b1 40       		.byte	64
 207 00b2 66       		.byte	102
 208 00b3 C0       		.byte	-64
 209 00b4 68       		.byte	104
 210 00b5 C0       		.byte	-64
 211 00b6 6A       		.byte	106
 212 00b7 C0       		.byte	-64
 213 00b8 6C       		.byte	108
 214 00b9 C0       		.byte	-64
 215 00ba 6E       		.byte	110
 216 00bb C0       		.byte	-64
 217 00bc 86       		.byte	-122
 218 00bd 01       		.byte	1
 219 00be 89       		.byte	-119
 220 00bf 01       		.byte	1
 221 00c0 97       		.byte	-105
 222 00c1 02       		.byte	2
 223 00c2 98       		.byte	-104
 224 00c3 03       		.byte	3
 225 00c4 99       		.byte	-103
 226 00c5 01       		.byte	1
 227 00c6 9F       		.byte	-97
 228 00c7 02       		.byte	2
ARM GAS  C:\Users\urdjt\AppData\Local\Temp\ccDiN1Gd.s 			page 5


 229 00c8 A6       		.byte	-90
 230 00c9 02       		.byte	2
 231 00ca B3       		.byte	-77
 232 00cb 02       		.byte	2
 233 00cc B5       		.byte	-75
 234 00cd 01       		.byte	1
 235 00ce B6       		.byte	-74
 236 00cf 03       		.byte	3
 237 00d0 B9       		.byte	-71
 238 00d1 20       		.byte	32
 239 00d2 BF       		.byte	-65
 240 00d3 04       		.byte	4
 241 00d4 C0       		.byte	-64
 242 00d5 10       		.byte	16
 243 00d6 C1       		.byte	-63
 244 00d7 06       		.byte	6
 245 00d8 C5       		.byte	-59
 246 00d9 D1       		.byte	-47
 247 00da C7       		.byte	-57
 248 00db 02       		.byte	2
 249 00dc C8       		.byte	-56
 250 00dd 1B       		.byte	27
 251 00de C9       		.byte	-55
 252 00df FF       		.byte	-1
 253 00e0 CA       		.byte	-54
 254 00e1 FF       		.byte	-1
 255 00e2 CB       		.byte	-53
 256 00e3 FF       		.byte	-1
 257 00e4 CD       		.byte	-51
 258 00e5 AF       		.byte	-81
 259 00e6 CE       		.byte	-50
 260 00e7 0F       		.byte	15
 261 00e8 CF       		.byte	-49
 262 00e9 04       		.byte	4
 263 00ea D0       		.byte	-48
 264 00eb 18       		.byte	24
 265 00ec D4       		.byte	-44
 266 00ed 05       		.byte	5
 267 00ee D6       		.byte	-42
 268 00ef 04       		.byte	4
 269 00f0 D8       		.byte	-40
 270 00f1 04       		.byte	4
 271 00f2 D9       		.byte	-39
 272 00f3 04       		.byte	4
 273 00f4 DA       		.byte	-38
 274 00f5 04       		.byte	4
 275 00f6 DB       		.byte	-37
 276 00f7 04       		.byte	4
 277 00f8 DC       		.byte	-36
 278 00f9 11       		.byte	17
 279 00fa DD       		.byte	-35
 280 00fb 11       		.byte	17
 281 00fc DF       		.byte	-33
 282 00fd 01       		.byte	1
 283 00fe E0       		.byte	-32
 284 00ff 40       		.byte	64
 285 0100 E2       		.byte	-30
ARM GAS  C:\Users\urdjt\AppData\Local\Temp\ccDiN1Gd.s 			page 6


 286 0101 C0       		.byte	-64
 287 0102 E4       		.byte	-28
 288 0103 40       		.byte	64
 289 0104 E5       		.byte	-27
 290 0105 40       		.byte	64
 291 0106 E6       		.byte	-26
 292 0107 C0       		.byte	-64
 293 0108 E8       		.byte	-24
 294 0109 C0       		.byte	-64
 295 010a EA       		.byte	-22
 296 010b C0       		.byte	-64
 297 010c EC       		.byte	-20
 298 010d C0       		.byte	-64
 299 010e EE       		.byte	-18
 300 010f C0       		.byte	-64
 301 0110 02       		.byte	2
 302 0111 20       		.byte	32
 303 0112 04       		.byte	4
 304 0113 20       		.byte	32
 305 0114 06       		.byte	6
 306 0115 80       		.byte	-128
 307 0116 09       		.byte	9
 308 0117 20       		.byte	32
 309 0118 0C       		.byte	12
 310 0119 20       		.byte	32
 311 011a 0D       		.byte	13
 312 011b 80       		.byte	-128
 313 011c 10       		.byte	16
 314 011d 20       		.byte	32
 315 011e 19       		.byte	25
 316 011f 80       		.byte	-128
 317 0120 1D       		.byte	29
 318 0121 80       		.byte	-128
 319 0122 1E       		.byte	30
 320 0123 80       		.byte	-128
 321 0124 21       		.byte	33
 322 0125 20       		.byte	32
 323 0126 22       		.byte	34
 324 0127 04       		.byte	4
 325 0128 30       		.byte	48
 326 0129 20       		.byte	32
 327 012a 31       		.byte	49
 328 012b 80       		.byte	-128
 329 012c 32       		.byte	50
 330 012d 08       		.byte	8
 331 012e 38       		.byte	56
 332 012f 20       		.byte	32
 333 0130 41       		.byte	65
 334 0131 80       		.byte	-128
 335 0132 45       		.byte	69
 336 0133 80       		.byte	-128
 337 0134 48       		.byte	72
 338 0135 20       		.byte	32
 339 0136 49       		.byte	73
 340 0137 01       		.byte	1
 341 0138 4A       		.byte	74
 342 0139 08       		.byte	8
ARM GAS  C:\Users\urdjt\AppData\Local\Temp\ccDiN1Gd.s 			page 7


 343 013a 4E       		.byte	78
 344 013b 08       		.byte	8
 345 013c 50       		.byte	80
 346 013d 10       		.byte	16
 347 013e 52       		.byte	82
 348 013f 28       		.byte	40
 349 0140 59       		.byte	89
 350 0141 81       		.byte	-127
 351 0142 5A       		.byte	90
 352 0143 08       		.byte	8
 353 0144 63       		.byte	99
 354 0145 80       		.byte	-128
 355 0146 76       		.byte	118
 356 0147 80       		.byte	-128
 357 0148 83       		.byte	-125
 358 0149 40       		.byte	64
 359 014a 86       		.byte	-122
 360 014b 40       		.byte	64
 361 014c C0       		.byte	-64
 362 014d 54       		.byte	84
 363 014e C2       		.byte	-62
 364 014f C2       		.byte	-62
 365 0150 C4       		.byte	-60
 366 0151 04       		.byte	4
 367 0152 CC       		.byte	-52
 368 0153 0E       		.byte	14
 369 0154 CE       		.byte	-50
 370 0155 04       		.byte	4
 371 0156 D0       		.byte	-48
 372 0157 18       		.byte	24
 373 0158 D2       		.byte	-46
 374 0159 24       		.byte	36
 375 015a D6       		.byte	-42
 376 015b 0B       		.byte	11
 377 015c D8       		.byte	-40
 378 015d 01       		.byte	1
 379 015e EE       		.byte	-18
 380 015f 01       		.byte	1
 381 0160 90       		.byte	-112
 382 0161 40       		.byte	64
 383 0162 EE       		.byte	-18
 384 0163 01       		.byte	1
 385 0164 39       		.byte	57
 386 0165 02       		.byte	2
 387 0166 3F       		.byte	63
 388 0167 01       		.byte	1
 389 0168 59       		.byte	89
 390 0169 04       		.byte	4
 391 016a 5F       		.byte	95
 392 016b 01       		.byte	1
 393 016c 20       		.byte	32
 394 016d 40       		.byte	64
 395 016e 86       		.byte	-122
 396 016f 10       		.byte	16
 397 0170 A2       		.byte	-94
 398 0171 10       		.byte	16
 399 0172 A8       		.byte	-88
ARM GAS  C:\Users\urdjt\AppData\Local\Temp\ccDiN1Gd.s 			page 8


 400 0173 21       		.byte	33
 401 0174 EE       		.byte	-18
 402 0175 0C       		.byte	12
 403 0176 10       		.byte	16
 404 0177 01       		.byte	1
 405 0178 16       		.byte	22
 406 0179 05       		.byte	5
 407 017a 18       		.byte	24
 408 017b 06       		.byte	6
 409 017c 1B       		.byte	27
 410 017d 01       		.byte	1
 411 017e 2A       		.byte	42
 412 017f 02       		.byte	2
 413 0180 2C       		.byte	44
 414 0181 01       		.byte	1
 415 0182 31       		.byte	49
 416 0183 01       		.byte	1
 417 0184 32       		.byte	50
 418 0185 06       		.byte	6
 419 0186 36       		.byte	54
 420 0187 01       		.byte	1
 421 0188 3E       		.byte	62
 422 0189 40       		.byte	64
 423 018a 40       		.byte	64
 424 018b 14       		.byte	20
 425 018c 41       		.byte	65
 426 018d 05       		.byte	5
 427 018e 49       		.byte	73
 428 018f FF       		.byte	-1
 429 0190 4A       		.byte	74
 430 0191 FF       		.byte	-1
 431 0192 4B       		.byte	75
 432 0193 FF       		.byte	-1
 433 0194 4D       		.byte	77
 434 0195 A0       		.byte	-96
 435 0196 4F       		.byte	79
 436 0197 01       		.byte	1
 437 0198 50       		.byte	80
 438 0199 18       		.byte	24
 439 019a 58       		.byte	88
 440 019b 04       		.byte	4
 441 019c 59       		.byte	89
 442 019d 04       		.byte	4
 443 019e 5A       		.byte	90
 444 019f 04       		.byte	4
 445 01a0 5F       		.byte	95
 446 01a1 01       		.byte	1
 447 01a2 60       		.byte	96
 448 01a3 40       		.byte	64
 449 01a4 62       		.byte	98
 450 01a5 80       		.byte	-128
 451 01a6 64       		.byte	100
 452 01a7 40       		.byte	64
 453 01a8 65       		.byte	101
 454 01a9 40       		.byte	64
 455 01aa 66       		.byte	102
 456 01ab 80       		.byte	-128
ARM GAS  C:\Users\urdjt\AppData\Local\Temp\ccDiN1Gd.s 			page 9


 457 01ac 68       		.byte	104
 458 01ad 40       		.byte	64
 459 01ae 6A       		.byte	106
 460 01af 50       		.byte	80
 461 01b0 6B       		.byte	107
 462 01b1 A8       		.byte	-88
 463 01b2 6C       		.byte	108
 464 01b3 40       		.byte	64
 465 01b4 6D       		.byte	109
 466 01b5 20       		.byte	32
 467 01b6 6E       		.byte	110
 468 01b7 50       		.byte	80
 469 01b8 6F       		.byte	111
 470 01b9 A8       		.byte	-88
 471 01ba 82       		.byte	-126
 472 01bb 02       		.byte	2
 473 01bc 84       		.byte	-124
 474 01bd 02       		.byte	2
 475 01be 8C       		.byte	-116
 476 01bf 01       		.byte	1
 477 01c0 A6       		.byte	-90
 478 01c1 05       		.byte	5
 479 01c2 AF       		.byte	-81
 480 01c3 01       		.byte	1
 481 01c4 B0       		.byte	-80
 482 01c5 04       		.byte	4
 483 01c6 B4       		.byte	-76
 484 01c7 02       		.byte	2
 485 01c8 B5       		.byte	-75
 486 01c9 01       		.byte	1
 487 01ca B6       		.byte	-74
 488 01cb 01       		.byte	1
 489 01cc BE       		.byte	-66
 490 01cd 50       		.byte	80
 491 01ce C0       		.byte	-64
 492 01cf 14       		.byte	20
 493 01d0 C1       		.byte	-63
 494 01d1 03       		.byte	3
 495 01d2 C5       		.byte	-59
 496 01d3 25       		.byte	37
 497 01d4 C6       		.byte	-58
 498 01d5 C0       		.byte	-64
 499 01d6 C7       		.byte	-57
 500 01d7 0E       		.byte	14
 501 01d8 C8       		.byte	-56
 502 01d9 1F       		.byte	31
 503 01da C9       		.byte	-55
 504 01db FF       		.byte	-1
 505 01dc CA       		.byte	-54
 506 01dd FF       		.byte	-1
 507 01de CB       		.byte	-53
 508 01df FF       		.byte	-1
 509 01e0 CD       		.byte	-51
 510 01e1 AF       		.byte	-81
 511 01e2 CE       		.byte	-50
 512 01e3 07       		.byte	7
 513 01e4 CF       		.byte	-49
ARM GAS  C:\Users\urdjt\AppData\Local\Temp\ccDiN1Gd.s 			page 10


 514 01e5 01       		.byte	1
 515 01e6 D0       		.byte	-48
 516 01e7 18       		.byte	24
 517 01e8 D4       		.byte	-44
 518 01e9 07       		.byte	7
 519 01ea D8       		.byte	-40
 520 01eb 04       		.byte	4
 521 01ec D9       		.byte	-39
 522 01ed 04       		.byte	4
 523 01ee DA       		.byte	-38
 524 01ef 04       		.byte	4
 525 01f0 DB       		.byte	-37
 526 01f1 04       		.byte	4
 527 01f2 DF       		.byte	-33
 528 01f3 01       		.byte	1
 529 01f4 E0       		.byte	-32
 530 01f5 40       		.byte	64
 531 01f6 E2       		.byte	-30
 532 01f7 80       		.byte	-128
 533 01f8 E4       		.byte	-28
 534 01f9 40       		.byte	64
 535 01fa E5       		.byte	-27
 536 01fb 40       		.byte	64
 537 01fc E6       		.byte	-26
 538 01fd 80       		.byte	-128
 539 01fe E8       		.byte	-24
 540 01ff 40       		.byte	64
 541 0200 EA       		.byte	-22
 542 0201 50       		.byte	80
 543 0202 EB       		.byte	-21
 544 0203 A8       		.byte	-88
 545 0204 EC       		.byte	-20
 546 0205 40       		.byte	64
 547 0206 ED       		.byte	-19
 548 0207 20       		.byte	32
 549 0208 EE       		.byte	-18
 550 0209 50       		.byte	80
 551 020a EF       		.byte	-17
 552 020b A8       		.byte	-88
 553 020c 00       		.byte	0
 554 020d 44       		.byte	68
 555 020e 02       		.byte	2
 556 020f 40       		.byte	64
 557 0210 0E       		.byte	14
 558 0211 A0       		.byte	-96
 559 0212 0F       		.byte	15
 560 0213 08       		.byte	8
 561 0214 10       		.byte	16
 562 0215 20       		.byte	32
 563 0216 14       		.byte	20
 564 0217 04       		.byte	4
 565 0218 17       		.byte	23
 566 0219 80       		.byte	-128
 567 021a 18       		.byte	24
 568 021b 40       		.byte	64
 569 021c 19       		.byte	25
 570 021d 40       		.byte	64
ARM GAS  C:\Users\urdjt\AppData\Local\Temp\ccDiN1Gd.s 			page 11


 571 021e 1A       		.byte	26
 572 021f 04       		.byte	4
 573 0220 1D       		.byte	29
 574 0221 80       		.byte	-128
 575 0222 1E       		.byte	30
 576 0223 20       		.byte	32
 577 0224 20       		.byte	32
 578 0225 04       		.byte	4
 579 0226 27       		.byte	39
 580 0227 80       		.byte	-128
 581 0228 2A       		.byte	42
 582 0229 40       		.byte	64
 583 022a 36       		.byte	54
 584 022b 10       		.byte	16
 585 022c 40       		.byte	64
 586 022d A0       		.byte	-96
 587 022e 41       		.byte	65
 588 022f 80       		.byte	-128
 589 0230 44       		.byte	68
 590 0231 80       		.byte	-128
 591 0232 45       		.byte	69
 592 0233 80       		.byte	-128
 593 0234 46       		.byte	70
 594 0235 40       		.byte	64
 595 0236 48       		.byte	72
 596 0237 20       		.byte	32
 597 0238 49       		.byte	73
 598 0239 02       		.byte	2
 599 023a 4C       		.byte	76
 600 023b 01       		.byte	1
 601 023c 51       		.byte	81
 602 023d 08       		.byte	8
 603 023e 52       		.byte	82
 604 023f 50       		.byte	80
 605 0240 59       		.byte	89
 606 0241 50       		.byte	80
 607 0242 5A       		.byte	90
 608 0243 04       		.byte	4
 609 0244 61       		.byte	97
 610 0245 08       		.byte	8
 611 0246 62       		.byte	98
 612 0247 10       		.byte	16
 613 0248 81       		.byte	-127
 614 0249 12       		.byte	18
 615 024a 84       		.byte	-124
 616 024b 04       		.byte	4
 617 024c 8F       		.byte	-113
 618 024d 04       		.byte	4
 619 024e A2       		.byte	-94
 620 024f 40       		.byte	64
 621 0250 C0       		.byte	-64
 622 0251 0D       		.byte	13
 623 0252 C2       		.byte	-62
 624 0253 70       		.byte	112
 625 0254 C4       		.byte	-60
 626 0255 C4       		.byte	-60
 627 0256 CA       		.byte	-54
ARM GAS  C:\Users\urdjt\AppData\Local\Temp\ccDiN1Gd.s 			page 12


 628 0257 08       		.byte	8
 629 0258 CC       		.byte	-52
 630 0259 20       		.byte	32
 631 025a D0       		.byte	-48
 632 025b 9B       		.byte	-101
 633 025c D2       		.byte	-46
 634 025d 10       		.byte	16
 635 025e D6       		.byte	-42
 636 025f 0E       		.byte	14
 637 0260 D8       		.byte	-40
 638 0261 06       		.byte	6
 639 0262 E2       		.byte	-30
 640 0263 08       		.byte	8
 641 0264 04       		.byte	4
 642 0265 05       		.byte	5
 643 0266 05       		.byte	5
 644 0267 0C       		.byte	12
 645 0268 07       		.byte	7
 646 0269 11       		.byte	17
 647 026a 08       		.byte	8
 648 026b 10       		.byte	16
 649 026c 0C       		.byte	12
 650 026d 08       		.byte	8
 651 026e 0D       		.byte	13
 652 026f 14       		.byte	20
 653 0270 13       		.byte	19
 654 0271 03       		.byte	3
 655 0272 14       		.byte	20
 656 0273 05       		.byte	5
 657 0274 15       		.byte	21
 658 0275 10       		.byte	16
 659 0276 17       		.byte	23
 660 0277 0C       		.byte	12
 661 0278 1E       		.byte	30
 662 0279 05       		.byte	5
 663 027a 21       		.byte	33
 664 027b 10       		.byte	16
 665 027c 26       		.byte	38
 666 027d 04       		.byte	4
 667 027e 28       		.byte	40
 668 027f 02       		.byte	2
 669 0280 29       		.byte	41
 670 0281 09       		.byte	9
 671 0282 2A       		.byte	42
 672 0283 04       		.byte	4
 673 0284 2B       		.byte	43
 674 0285 10       		.byte	16
 675 0286 2D       		.byte	45
 676 0287 1C       		.byte	28
 677 0288 2F       		.byte	47
 678 0289 02       		.byte	2
 679 028a 30       		.byte	48
 680 028b 04       		.byte	4
 681 028c 32       		.byte	50
 682 028d 03       		.byte	3
 683 028e 34       		.byte	52
 684 028f 10       		.byte	16
ARM GAS  C:\Users\urdjt\AppData\Local\Temp\ccDiN1Gd.s 			page 13


 685 0290 36       		.byte	54
 686 0291 08       		.byte	8
 687 0292 37       		.byte	55
 688 0293 1F       		.byte	31
 689 0294 38       		.byte	56
 690 0295 08       		.byte	8
 691 0296 3E       		.byte	62
 692 0297 51       		.byte	81
 693 0298 40       		.byte	64
 694 0299 35       		.byte	53
 695 029a 41       		.byte	65
 696 029b 02       		.byte	2
 697 029c 46       		.byte	70
 698 029d CB       		.byte	-53
 699 029e 47       		.byte	71
 700 029f 0E       		.byte	14
 701 02a0 48       		.byte	72
 702 02a1 1C       		.byte	28
 703 02a2 49       		.byte	73
 704 02a3 FF       		.byte	-1
 705 02a4 4A       		.byte	74
 706 02a5 FF       		.byte	-1
 707 02a6 4B       		.byte	75
 708 02a7 FF       		.byte	-1
 709 02a8 4E       		.byte	78
 710 02a9 F0       		.byte	-16
 711 02aa 4F       		.byte	79
 712 02ab 44       		.byte	68
 713 02ac 50       		.byte	80
 714 02ad 0C       		.byte	12
 715 02ae 54       		.byte	84
 716 02af 01       		.byte	1
 717 02b0 58       		.byte	88
 718 02b1 04       		.byte	4
 719 02b2 59       		.byte	89
 720 02b3 04       		.byte	4
 721 02b4 5A       		.byte	90
 722 02b5 04       		.byte	4
 723 02b6 5B       		.byte	91
 724 02b7 04       		.byte	4
 725 02b8 5C       		.byte	92
 726 02b9 22       		.byte	34
 727 02ba 5D       		.byte	93
 728 02bb 22       		.byte	34
 729 02bc 5F       		.byte	95
 730 02bd 01       		.byte	1
 731 02be 66       		.byte	102
 732 02bf C0       		.byte	-64
 733 02c0 6A       		.byte	106
 734 02c1 40       		.byte	64
 735 02c2 6B       		.byte	107
 736 02c3 02       		.byte	2
 737 02c4 84       		.byte	-124
 738 02c5 01       		.byte	1
 739 02c6 85       		.byte	-123
 740 02c7 33       		.byte	51
 741 02c8 86       		.byte	-122
ARM GAS  C:\Users\urdjt\AppData\Local\Temp\ccDiN1Gd.s 			page 14


 742 02c9 0E       		.byte	14
 743 02ca 87       		.byte	-121
 744 02cb C4       		.byte	-60
 745 02cc 88       		.byte	-120
 746 02cd 0C       		.byte	12
 747 02ce 89       		.byte	-119
 748 02cf 03       		.byte	3
 749 02d0 8A       		.byte	-118
 750 02d1 03       		.byte	3
 751 02d2 8B       		.byte	-117
 752 02d3 04       		.byte	4
 753 02d4 95       		.byte	-107
 754 02d5 33       		.byte	51
 755 02d6 96       		.byte	-106
 756 02d7 0C       		.byte	12
 757 02d8 97       		.byte	-105
 758 02d9 4C       		.byte	76
 759 02da 9B       		.byte	-101
 760 02db 55       		.byte	85
 761 02dc 9F       		.byte	-97
 762 02dd 80       		.byte	-128
 763 02de A2       		.byte	-94
 764 02df 08       		.byte	8
 765 02e0 A5       		.byte	-91
 766 02e1 AA       		.byte	-86
 767 02e2 A6       		.byte	-90
 768 02e3 03       		.byte	3
 769 02e4 A7       		.byte	-89
 770 02e5 44       		.byte	68
 771 02e6 A8       		.byte	-88
 772 02e7 01       		.byte	1
 773 02e8 AA       		.byte	-86
 774 02e9 06       		.byte	6
 775 02ea AB       		.byte	-85
 776 02eb 88       		.byte	-120
 777 02ec B1       		.byte	-79
 778 02ed 30       		.byte	48
 779 02ee B2       		.byte	-78
 780 02ef 0F       		.byte	15
 781 02f0 B3       		.byte	-77
 782 02f1 0F       		.byte	15
 783 02f2 B5       		.byte	-75
 784 02f3 C8       		.byte	-56
 785 02f4 B6       		.byte	-74
 786 02f5 0F       		.byte	15
 787 02f6 B9       		.byte	-71
 788 02f7 02       		.byte	2
 789 02f8 BA       		.byte	-70
 790 02f9 88       		.byte	-120
 791 02fa BB       		.byte	-69
 792 02fb 28       		.byte	40
 793 02fc BF       		.byte	-65
 794 02fd 01       		.byte	1
 795 02fe C0       		.byte	-64
 796 02ff 04       		.byte	4
 797 0300 C6       		.byte	-58
 798 0301 04       		.byte	4
ARM GAS  C:\Users\urdjt\AppData\Local\Temp\ccDiN1Gd.s 			page 15


 799 0302 C9       		.byte	-55
 800 0303 FF       		.byte	-1
 801 0304 CA       		.byte	-54
 802 0305 07       		.byte	7
 803 0306 CB       		.byte	-53
 804 0307 FF       		.byte	-1
 805 0308 CC       		.byte	-52
 806 0309 40       		.byte	64
 807 030a CD       		.byte	-51
 808 030b 20       		.byte	32
 809 030c CE       		.byte	-50
 810 030d F0       		.byte	-16
 811 030e CF       		.byte	-49
 812 030f 05       		.byte	5
 813 0310 D0       		.byte	-48
 814 0311 08       		.byte	8
 815 0312 D8       		.byte	-40
 816 0313 04       		.byte	4
 817 0314 D9       		.byte	-39
 818 0315 04       		.byte	4
 819 0316 DA       		.byte	-38
 820 0317 04       		.byte	4
 821 0318 DC       		.byte	-36
 822 0319 22       		.byte	34
 823 031a DD       		.byte	-35
 824 031b 02       		.byte	2
 825 031c DF       		.byte	-33
 826 031d 01       		.byte	1
 827 031e E0       		.byte	-32
 828 031f 40       		.byte	64
 829 0320 E1       		.byte	-31
 830 0321 A8       		.byte	-88
 831 0322 E2       		.byte	-30
 832 0323 40       		.byte	64
 833 0324 E3       		.byte	-29
 834 0325 20       		.byte	32
 835 0326 00       		.byte	0
 836 0327 14       		.byte	20
 837 0328 04       		.byte	4
 838 0329 04       		.byte	4
 839 032a 06       		.byte	6
 840 032b 04       		.byte	4
 841 032c 07       		.byte	7
 842 032d 01       		.byte	1
 843 032e 0A       		.byte	10
 844 032f 10       		.byte	16
 845 0330 0D       		.byte	13
 846 0331 08       		.byte	8
 847 0332 0E       		.byte	14
 848 0333 01       		.byte	1
 849 0334 10       		.byte	16
 850 0335 A0       		.byte	-96
 851 0336 12       		.byte	18
 852 0337 08       		.byte	8
 853 0338 16       		.byte	22
 854 0339 20       		.byte	32
 855 033a 17       		.byte	23
ARM GAS  C:\Users\urdjt\AppData\Local\Temp\ccDiN1Gd.s 			page 16


 856 033b 10       		.byte	16
 857 033c 18       		.byte	24
 858 033d 10       		.byte	16
 859 033e 19       		.byte	25
 860 033f 88       		.byte	-120
 861 0340 1A       		.byte	26
 862 0341 01       		.byte	1
 863 0342 1E       		.byte	30
 864 0343 94       		.byte	-108
 865 0344 1F       		.byte	31
 866 0345 88       		.byte	-120
 867 0346 20       		.byte	32
 868 0347 04       		.byte	4
 869 0348 21       		.byte	33
 870 0349 09       		.byte	9
 871 034a 22       		.byte	34
 872 034b 08       		.byte	8
 873 034c 27       		.byte	39
 874 034d 01       		.byte	1
 875 034e 29       		.byte	41
 876 034f 08       		.byte	8
 877 0350 2B       		.byte	43
 878 0351 08       		.byte	8
 879 0352 2C       		.byte	44
 880 0353 80       		.byte	-128
 881 0354 2D       		.byte	45
 882 0355 80       		.byte	-128
 883 0356 2F       		.byte	47
 884 0357 08       		.byte	8
 885 0358 30       		.byte	48
 886 0359 A0       		.byte	-96
 887 035a 31       		.byte	49
 888 035b 08       		.byte	8
 889 035c 33       		.byte	51
 890 035d 10       		.byte	16
 891 035e 36       		.byte	54
 892 035f 08       		.byte	8
 893 0360 37       		.byte	55
 894 0361 01       		.byte	1
 895 0362 38       		.byte	56
 896 0363 04       		.byte	4
 897 0364 39       		.byte	57
 898 0365 10       		.byte	16
 899 0366 3A       		.byte	58
 900 0367 28       		.byte	40
 901 0368 3C       		.byte	60
 902 0369 04       		.byte	4
 903 036a 3F       		.byte	63
 904 036b 80       		.byte	-128
 905 036c 41       		.byte	65
 906 036d 01       		.byte	1
 907 036e 45       		.byte	69
 908 036f 08       		.byte	8
 909 0370 46       		.byte	70
 910 0371 08       		.byte	8
 911 0372 48       		.byte	72
 912 0373 20       		.byte	32
ARM GAS  C:\Users\urdjt\AppData\Local\Temp\ccDiN1Gd.s 			page 17


 913 0374 4E       		.byte	78
 914 0375 02       		.byte	2
 915 0376 50       		.byte	80
 916 0377 80       		.byte	-128
 917 0378 56       		.byte	86
 918 0379 24       		.byte	36
 919 037a 57       		.byte	87
 920 037b 40       		.byte	64
 921 037c 5D       		.byte	93
 922 037d 10       		.byte	16
 923 037e 5E       		.byte	94
 924 037f 84       		.byte	-124
 925 0380 5F       		.byte	95
 926 0381 01       		.byte	1
 927 0382 88       		.byte	-120
 928 0383 20       		.byte	32
 929 0384 8A       		.byte	-118
 930 0385 02       		.byte	2
 931 0386 90       		.byte	-112
 932 0387 40       		.byte	64
 933 0388 C0       		.byte	-64
 934 0389 E6       		.byte	-26
 935 038a C2       		.byte	-62
 936 038b A4       		.byte	-92
 937 038c C4       		.byte	-60
 938 038d 6E       		.byte	110
 939 038e CA       		.byte	-54
 940 038f B6       		.byte	-74
 941 0390 CC       		.byte	-52
 942 0391 CE       		.byte	-50
 943 0392 CE       		.byte	-50
 944 0393 56       		.byte	86
 945 0394 D0       		.byte	-48
 946 0395 61       		.byte	97
 947 0396 D2       		.byte	-46
 948 0397 10       		.byte	16
 949 0398 D6       		.byte	-42
 950 0399 F0       		.byte	-16
 951 039a E2       		.byte	-30
 952 039b 48       		.byte	72
 953 039c A8       		.byte	-88
 954 039d 40       		.byte	64
 955 039e B6       		.byte	-74
 956 039f 04       		.byte	4
 957 03a0 B7       		.byte	-73
 958 03a1 81       		.byte	-127
 959 03a2 EE       		.byte	-18
 960 03a3 08       		.byte	8
 961 03a4 33       		.byte	51
 962 03a5 22       		.byte	34
 963 03a6 37       		.byte	55
 964 03a7 40       		.byte	64
 965 03a8 58       		.byte	88
 966 03a9 10       		.byte	16
 967 03aa CC       		.byte	-52
 968 03ab 70       		.byte	112
 969 03ac D4       		.byte	-44
ARM GAS  C:\Users\urdjt\AppData\Local\Temp\ccDiN1Gd.s 			page 18


 970 03ad 80       		.byte	-128
 971 03ae 9C       		.byte	-100
 972 03af 10       		.byte	16
 973 03b0 9F       		.byte	-97
 974 03b1 40       		.byte	64
 975 03b2 A7       		.byte	-89
 976 03b3 22       		.byte	34
 977 03b4 9C       		.byte	-100
 978 03b5 10       		.byte	16
 979 03b6 9F       		.byte	-97
 980 03b7 40       		.byte	64
 981 03b8 A7       		.byte	-89
 982 03b9 22       		.byte	34
 983 03ba 83       		.byte	-125
 984 03bb 02       		.byte	2
 985 03bc 84       		.byte	-124
 986 03bd 10       		.byte	16
 987 03be 9C       		.byte	-100
 988 03bf 10       		.byte	16
 989 03c0 A7       		.byte	-89
 990 03c1 22       		.byte	34
 991 03c2 AB       		.byte	-85
 992 03c3 40       		.byte	64
 993 03c4 E2       		.byte	-30
 994 03c5 20       		.byte	32
 995 03c6 E6       		.byte	-26
 996 03c7 40       		.byte	64
 997 03c8 EE       		.byte	-18
 998 03c9 80       		.byte	-128
 999 03ca 2B       		.byte	43
 1000 03cb 04       		.byte	4
 1001 03cc CA       		.byte	-54
 1002 03cd 08       		.byte	8
 1003 03ce A3       		.byte	-93
 1004 03cf 04       		.byte	4
 1005 03d0 03       		.byte	3
 1006 03d1 02       		.byte	2
 1007 03d2 1A       		.byte	26
 1008 03d3 80       		.byte	-128
 1009 03d4 A3       		.byte	-93
 1010 03d5 04       		.byte	4
 1011 03d6 C0       		.byte	-64
 1012 03d7 02       		.byte	2
 1013 03d8 C6       		.byte	-58
 1014 03d9 08       		.byte	8
 1015 03da A3       		.byte	-93
 1016 03db 06       		.byte	6
 1017 03dc AA       		.byte	-86
 1018 03dd 40       		.byte	64
 1019 03de A7       		.byte	-89
 1020 03df 20       		.byte	32
 1021 03e0 63       		.byte	99
 1022 03e1 02       		.byte	2
 1023 03e2 87       		.byte	-121
 1024 03e3 01       		.byte	1
 1025 03e4 AF       		.byte	-81
 1026 03e5 20       		.byte	32
ARM GAS  C:\Users\urdjt\AppData\Local\Temp\ccDiN1Gd.s 			page 19


 1027 03e6 D6       		.byte	-42
 1028 03e7 40       		.byte	64
 1029 03e8 E6       		.byte	-26
 1030 03e9 10       		.byte	16
 1031 03ea EE       		.byte	-18
 1032 03eb 10       		.byte	16
 1033 03ec 1F       		.byte	31
 1034 03ed 80       		.byte	-128
 1035 03ee 53       		.byte	83
 1036 03ef 01       		.byte	1
 1037 03f0 87       		.byte	-121
 1038 03f1 02       		.byte	2
 1039 03f2 8F       		.byte	-113
 1040 03f3 04       		.byte	4
 1041 03f4 A3       		.byte	-93
 1042 03f5 06       		.byte	6
 1043 03f6 C6       		.byte	-58
 1044 03f7 01       		.byte	1
 1045 03f8 D4       		.byte	-44
 1046 03f9 01       		.byte	1
 1047 03fa E2       		.byte	-30
 1048 03fb 02       		.byte	2
 1049 03fc AF       		.byte	-81
 1050 03fd 80       		.byte	-128
 1051 03fe B7       		.byte	-73
 1052 03ff 01       		.byte	1
 1053 0400 E8       		.byte	-24
 1054 0401 02       		.byte	2
 1055 0402 00       		.byte	0
 1056 0403 02       		.byte	2
 1057 0404 0A       		.byte	10
 1058 0405 02       		.byte	2
 1059 0406 10       		.byte	16
 1060 0407 05       		.byte	5
 1061 0408 1A       		.byte	26
 1062 0409 01       		.byte	1
 1063 040a 1C       		.byte	28
 1064 040b 04       		.byte	4
 1065 040c 00       		.byte	0
 1066 040d 3F       		.byte	63
 1067 040e 00       		.byte	0
 1068 040f 00       		.byte	0
 1069 0410 04       		.byte	4
 1070 0411 00       		.byte	0
 1071 0412 00       		.byte	0
 1072 0413 0F       		.byte	15
 1073 0414 0F       		.byte	15
 1074 0415 00       		.byte	0
 1075 0416 04       		.byte	4
 1076 0417 00       		.byte	0
 1077 0418 00       		.byte	0
 1078 0419 00       		.byte	0
 1079 041a 00       		.byte	0
 1080 041b 00       		.byte	0
 1081 041c 00       		.byte	0
 1082 041d 7F       		.byte	127
 1083 041e 7F       		.byte	127
ARM GAS  C:\Users\urdjt\AppData\Local\Temp\ccDiN1Gd.s 			page 20


 1084 041f 00       		.byte	0
 1085 0420 00       		.byte	0
 1086 0421 00       		.byte	0
 1087 0422 00       		.byte	0
 1088 0423 00       		.byte	0
 1089 0424 00       		.byte	0
 1090 0425 00       		.byte	0
 1091 0426 10       		.byte	16
 1092 0427 00       		.byte	0
 1093 0428 10       		.byte	16
 1094 0429 00       		.byte	0
 1095 042a 21       		.byte	33
 1096 042b 00       		.byte	0
 1097 042c 00       		.byte	0
 1098 042d 04       		.byte	4
 1099 042e 04       		.byte	4
 1100 042f 00       		.byte	0
 1101 0430 04       		.byte	4
 1102 0431 00       		.byte	0
 1103 0432 02       		.byte	2
 1104 0433 00       		.byte	0
 1105 0434 0E       		.byte	14
 1106 0435 00       		.byte	0
 1107 0436 18       		.byte	24
 1108 0437 01       		.byte	1
 1109 0438 16       		.byte	22
 1110 0439 00       		.byte	0
 1111 043a 18       		.byte	24
 1112 043b 01       		.byte	1
 1113              		.section	.cywolatch,"a",%progbits
 1114              		.align	2
 1115              		.type	cy_meta_wonvl, %object
 1116              		.size	cy_meta_wonvl, 4
 1117              	cy_meta_wonvl:
 1118 0000 BC       		.byte	-68
 1119 0001 90       		.byte	-112
 1120 0002 AC       		.byte	-84
 1121 0003 AF       		.byte	-81
 1122              		.section	.cycustnvl,"a",%progbits
 1123              		.align	2
 1124              		.type	cy_meta_custnvl, %object
 1125              		.size	cy_meta_custnvl, 4
 1126              	cy_meta_custnvl:
 1127 0000 00       		.byte	0
 1128 0001 00       		.byte	0
 1129 0002 40       		.byte	64
 1130 0003 05       		.byte	5
 1131              		.section	.cymeta,"a",%progbits
 1132              		.align	2
 1133              		.type	cy_metadata, %object
 1134              		.size	cy_metadata, 12
 1135              	cy_metadata:
 1136 0000 00       		.byte	0
 1137 0001 01       		.byte	1
 1138 0002 2E       		.byte	46
 1139 0003 12       		.byte	18
 1140 0004 30       		.byte	48
ARM GAS  C:\Users\urdjt\AppData\Local\Temp\ccDiN1Gd.s 			page 21


 1141 0005 69       		.byte	105
 1142 0006 00       		.byte	0
 1143 0007 01       		.byte	1
 1144 0008 00       		.byte	0
 1145 0009 00       		.byte	0
 1146 000a 00       		.byte	0
 1147 000b 00       		.byte	0
 1148              		.section	.cyflashprotect,"a",%progbits
 1149              		.align	2
 1150              		.type	cy_meta_flashprotect, %object
 1151              		.size	cy_meta_flashprotect, 256
 1152              	cy_meta_flashprotect:
 1153 0000 00000000 		.space	256
 1153      00000000 
 1153      00000000 
 1153      00000000 
 1153      00000000 
 1154              		.text
 1155              	.Letext0:
 1156              		.file 1 "c:\\program files (x86)\\cypress\\psoc creator\\4.2\\psoc creator\\import\\gnu\\arm\\5.4.
 1157              		.file 2 "c:\\program files (x86)\\cypress\\psoc creator\\4.2\\psoc creator\\import\\gnu\\arm\\5.4.
 1158              		.file 3 "Generated_Source\\PSoC5\\cymetadata.c"
 1159              		.section	.debug_info,"",%progbits
 1160              	.Ldebug_info0:
 1161 0000 31010000 		.4byte	0x131
 1162 0004 0400     		.2byte	0x4
 1163 0006 00000000 		.4byte	.Ldebug_abbrev0
 1164 000a 04       		.byte	0x4
 1165 000b 01       		.uleb128 0x1
 1166 000c 72000000 		.4byte	.LASF17
 1167 0010 0C       		.byte	0xc
 1168 0011 CC010000 		.4byte	.LASF18
 1169 0015 0A000000 		.4byte	.LASF19
 1170 0019 00000000 		.4byte	.Ldebug_line0
 1171 001d 02       		.uleb128 0x2
 1172 001e 01       		.byte	0x1
 1173 001f 06       		.byte	0x6
 1174 0020 C0010000 		.4byte	.LASF0
 1175 0024 03       		.uleb128 0x3
 1176 0025 00000000 		.4byte	.LASF9
 1177 0029 01       		.byte	0x1
 1178 002a 1D       		.byte	0x1d
 1179 002b 2F000000 		.4byte	0x2f
 1180 002f 02       		.uleb128 0x2
 1181 0030 01       		.byte	0x1
 1182 0031 08       		.byte	0x8
 1183 0032 64000000 		.4byte	.LASF1
 1184 0036 02       		.uleb128 0x2
 1185 0037 02       		.byte	0x2
 1186 0038 05       		.byte	0x5
 1187 0039 AD010000 		.4byte	.LASF2
 1188 003d 02       		.uleb128 0x2
 1189 003e 02       		.byte	0x2
 1190 003f 07       		.byte	0x7
 1191 0040 12010000 		.4byte	.LASF3
 1192 0044 02       		.uleb128 0x2
 1193 0045 04       		.byte	0x4
ARM GAS  C:\Users\urdjt\AppData\Local\Temp\ccDiN1Gd.s 			page 22


 1194 0046 05       		.byte	0x5
 1195 0047 B7010000 		.4byte	.LASF4
 1196 004b 02       		.uleb128 0x2
 1197 004c 04       		.byte	0x4
 1198 004d 07       		.byte	0x7
 1199 004e 00010000 		.4byte	.LASF5
 1200 0052 02       		.uleb128 0x2
 1201 0053 08       		.byte	0x8
 1202 0054 05       		.byte	0x5
 1203 0055 9F010000 		.4byte	.LASF6
 1204 0059 02       		.uleb128 0x2
 1205 005a 08       		.byte	0x8
 1206 005b 07       		.byte	0x7
 1207 005c 54010000 		.4byte	.LASF7
 1208 0060 04       		.uleb128 0x4
 1209 0061 04       		.byte	0x4
 1210 0062 05       		.byte	0x5
 1211 0063 696E7400 		.ascii	"int\000"
 1212 0067 02       		.uleb128 0x2
 1213 0068 04       		.byte	0x4
 1214 0069 07       		.byte	0x7
 1215 006a 47010000 		.4byte	.LASF8
 1216 006e 03       		.uleb128 0x3
 1217 006f 6B010000 		.4byte	.LASF10
 1218 0073 02       		.byte	0x2
 1219 0074 18       		.byte	0x18
 1220 0075 24000000 		.4byte	0x24
 1221 0079 05       		.uleb128 0x5
 1222 007a 91000000 		.4byte	0x91
 1223 007e 8A000000 		.4byte	0x8a
 1224 0082 06       		.uleb128 0x6
 1225 0083 8A000000 		.4byte	0x8a
 1226 0087 3B04     		.2byte	0x43b
 1227 0089 00       		.byte	0
 1228 008a 02       		.uleb128 0x2
 1229 008b 04       		.byte	0x4
 1230 008c 07       		.byte	0x7
 1231 008d 96010000 		.4byte	.LASF11
 1232 0091 07       		.uleb128 0x7
 1233 0092 6E000000 		.4byte	0x6e
 1234 0096 08       		.uleb128 0x8
 1235 0097 35010000 		.4byte	.LASF12
 1236 009b 03       		.byte	0x3
 1237 009c 1F       		.byte	0x1f
 1238 009d A7000000 		.4byte	0xa7
 1239 00a1 05       		.uleb128 0x5
 1240 00a2 03       		.byte	0x3
 1241 00a3 00000000 		.4byte	cy_meta_configecc
 1242 00a7 07       		.uleb128 0x7
 1243 00a8 79000000 		.4byte	0x79
 1244 00ac 05       		.uleb128 0x5
 1245 00ad 91000000 		.4byte	0x91
 1246 00b1 BC000000 		.4byte	0xbc
 1247 00b5 09       		.uleb128 0x9
 1248 00b6 8A000000 		.4byte	0x8a
 1249 00ba 03       		.byte	0x3
 1250 00bb 00       		.byte	0
ARM GAS  C:\Users\urdjt\AppData\Local\Temp\ccDiN1Gd.s 			page 23


 1251 00bc 08       		.uleb128 0x8
 1252 00bd 25010000 		.4byte	.LASF13
 1253 00c1 03       		.byte	0x3
 1254 00c2 B4       		.byte	0xb4
 1255 00c3 CD000000 		.4byte	0xcd
 1256 00c7 05       		.uleb128 0x5
 1257 00c8 03       		.byte	0x3
 1258 00c9 00000000 		.4byte	cy_meta_custnvl
 1259 00cd 07       		.uleb128 0x7
 1260 00ce AC000000 		.4byte	0xac
 1261 00d2 08       		.uleb128 0x8
 1262 00d3 88010000 		.4byte	.LASF14
 1263 00d7 03       		.byte	0x3
 1264 00d8 C2       		.byte	0xc2
 1265 00d9 E3000000 		.4byte	0xe3
 1266 00dd 05       		.uleb128 0x5
 1267 00de 03       		.byte	0x3
 1268 00df 00000000 		.4byte	cy_meta_wonvl
 1269 00e3 07       		.uleb128 0x7
 1270 00e4 AC000000 		.4byte	0xac
 1271 00e8 05       		.uleb128 0x5
 1272 00e9 91000000 		.4byte	0x91
 1273 00ed F8000000 		.4byte	0xf8
 1274 00f1 09       		.uleb128 0x9
 1275 00f2 8A000000 		.4byte	0x8a
 1276 00f6 FF       		.byte	0xff
 1277 00f7 00       		.byte	0
 1278 00f8 08       		.uleb128 0x8
 1279 00f9 73010000 		.4byte	.LASF15
 1280 00fd 03       		.byte	0x3
 1281 00fe D0       		.byte	0xd0
 1282 00ff 09010000 		.4byte	0x109
 1283 0103 05       		.uleb128 0x5
 1284 0104 03       		.byte	0x3
 1285 0105 00000000 		.4byte	cy_meta_flashprotect
 1286 0109 07       		.uleb128 0x7
 1287 010a E8000000 		.4byte	0xe8
 1288 010e 05       		.uleb128 0x5
 1289 010f 91000000 		.4byte	0x91
 1290 0113 1E010000 		.4byte	0x11e
 1291 0117 09       		.uleb128 0x9
 1292 0118 8A000000 		.4byte	0x8a
 1293 011c 0B       		.byte	0xb
 1294 011d 00       		.byte	0
 1295 011e 08       		.uleb128 0x8
 1296 011f 58000000 		.4byte	.LASF16
 1297 0123 03       		.byte	0x3
 1298 0124 FD       		.byte	0xfd
 1299 0125 2F010000 		.4byte	0x12f
 1300 0129 05       		.uleb128 0x5
 1301 012a 03       		.byte	0x3
 1302 012b 00000000 		.4byte	cy_metadata
 1303 012f 07       		.uleb128 0x7
 1304 0130 0E010000 		.4byte	0x10e
 1305 0134 00       		.byte	0
 1306              		.section	.debug_abbrev,"",%progbits
 1307              	.Ldebug_abbrev0:
ARM GAS  C:\Users\urdjt\AppData\Local\Temp\ccDiN1Gd.s 			page 24


 1308 0000 01       		.uleb128 0x1
 1309 0001 11       		.uleb128 0x11
 1310 0002 01       		.byte	0x1
 1311 0003 25       		.uleb128 0x25
 1312 0004 0E       		.uleb128 0xe
 1313 0005 13       		.uleb128 0x13
 1314 0006 0B       		.uleb128 0xb
 1315 0007 03       		.uleb128 0x3
 1316 0008 0E       		.uleb128 0xe
 1317 0009 1B       		.uleb128 0x1b
 1318 000a 0E       		.uleb128 0xe
 1319 000b 10       		.uleb128 0x10
 1320 000c 17       		.uleb128 0x17
 1321 000d 00       		.byte	0
 1322 000e 00       		.byte	0
 1323 000f 02       		.uleb128 0x2
 1324 0010 24       		.uleb128 0x24
 1325 0011 00       		.byte	0
 1326 0012 0B       		.uleb128 0xb
 1327 0013 0B       		.uleb128 0xb
 1328 0014 3E       		.uleb128 0x3e
 1329 0015 0B       		.uleb128 0xb
 1330 0016 03       		.uleb128 0x3
 1331 0017 0E       		.uleb128 0xe
 1332 0018 00       		.byte	0
 1333 0019 00       		.byte	0
 1334 001a 03       		.uleb128 0x3
 1335 001b 16       		.uleb128 0x16
 1336 001c 00       		.byte	0
 1337 001d 03       		.uleb128 0x3
 1338 001e 0E       		.uleb128 0xe
 1339 001f 3A       		.uleb128 0x3a
 1340 0020 0B       		.uleb128 0xb
 1341 0021 3B       		.uleb128 0x3b
 1342 0022 0B       		.uleb128 0xb
 1343 0023 49       		.uleb128 0x49
 1344 0024 13       		.uleb128 0x13
 1345 0025 00       		.byte	0
 1346 0026 00       		.byte	0
 1347 0027 04       		.uleb128 0x4
 1348 0028 24       		.uleb128 0x24
 1349 0029 00       		.byte	0
 1350 002a 0B       		.uleb128 0xb
 1351 002b 0B       		.uleb128 0xb
 1352 002c 3E       		.uleb128 0x3e
 1353 002d 0B       		.uleb128 0xb
 1354 002e 03       		.uleb128 0x3
 1355 002f 08       		.uleb128 0x8
 1356 0030 00       		.byte	0
 1357 0031 00       		.byte	0
 1358 0032 05       		.uleb128 0x5
 1359 0033 01       		.uleb128 0x1
 1360 0034 01       		.byte	0x1
 1361 0035 49       		.uleb128 0x49
 1362 0036 13       		.uleb128 0x13
 1363 0037 01       		.uleb128 0x1
 1364 0038 13       		.uleb128 0x13
ARM GAS  C:\Users\urdjt\AppData\Local\Temp\ccDiN1Gd.s 			page 25


 1365 0039 00       		.byte	0
 1366 003a 00       		.byte	0
 1367 003b 06       		.uleb128 0x6
 1368 003c 21       		.uleb128 0x21
 1369 003d 00       		.byte	0
 1370 003e 49       		.uleb128 0x49
 1371 003f 13       		.uleb128 0x13
 1372 0040 2F       		.uleb128 0x2f
 1373 0041 05       		.uleb128 0x5
 1374 0042 00       		.byte	0
 1375 0043 00       		.byte	0
 1376 0044 07       		.uleb128 0x7
 1377 0045 26       		.uleb128 0x26
 1378 0046 00       		.byte	0
 1379 0047 49       		.uleb128 0x49
 1380 0048 13       		.uleb128 0x13
 1381 0049 00       		.byte	0
 1382 004a 00       		.byte	0
 1383 004b 08       		.uleb128 0x8
 1384 004c 34       		.uleb128 0x34
 1385 004d 00       		.byte	0
 1386 004e 03       		.uleb128 0x3
 1387 004f 0E       		.uleb128 0xe
 1388 0050 3A       		.uleb128 0x3a
 1389 0051 0B       		.uleb128 0xb
 1390 0052 3B       		.uleb128 0x3b
 1391 0053 0B       		.uleb128 0xb
 1392 0054 49       		.uleb128 0x49
 1393 0055 13       		.uleb128 0x13
 1394 0056 3F       		.uleb128 0x3f
 1395 0057 19       		.uleb128 0x19
 1396 0058 02       		.uleb128 0x2
 1397 0059 18       		.uleb128 0x18
 1398 005a 00       		.byte	0
 1399 005b 00       		.byte	0
 1400 005c 09       		.uleb128 0x9
 1401 005d 21       		.uleb128 0x21
 1402 005e 00       		.byte	0
 1403 005f 49       		.uleb128 0x49
 1404 0060 13       		.uleb128 0x13
 1405 0061 2F       		.uleb128 0x2f
 1406 0062 0B       		.uleb128 0xb
 1407 0063 00       		.byte	0
 1408 0064 00       		.byte	0
 1409 0065 00       		.byte	0
 1410              		.section	.debug_aranges,"",%progbits
 1411 0000 14000000 		.4byte	0x14
 1412 0004 0200     		.2byte	0x2
 1413 0006 00000000 		.4byte	.Ldebug_info0
 1414 000a 04       		.byte	0x4
 1415 000b 00       		.byte	0
 1416 000c 0000     		.2byte	0
 1417 000e 0000     		.2byte	0
 1418 0010 00000000 		.4byte	0
 1419 0014 00000000 		.4byte	0
 1420              		.section	.debug_line,"",%progbits
 1421              	.Ldebug_line0:
ARM GAS  C:\Users\urdjt\AppData\Local\Temp\ccDiN1Gd.s 			page 26


 1422 0000 3D010000 		.section	.debug_str,"MS",%progbits,1
 1422      02003701 
 1422      00000201 
 1422      FB0E0D00 
 1422      01010101 
 1423              	.LASF9:
 1424 0000 5F5F7569 		.ascii	"__uint8_t\000"
 1424      6E74385F 
 1424      7400
 1425              	.LASF19:
 1426 000a 453A5C50 		.ascii	"E:\\Praktikum adaptive Sensorelektronik\\PSoC Creat"
 1426      72616B74 
 1426      696B756D 
 1426      20616461 
 1426      70746976 
 1427 003b 6F725C36 		.ascii	"or\\6\\Workspace01\\Teil3.cydsn\000"
 1427      5C576F72 
 1427      6B737061 
 1427      63653031 
 1427      5C546569 
 1428              	.LASF16:
 1429 0058 63795F6D 		.ascii	"cy_metadata\000"
 1429      65746164 
 1429      61746100 
 1430              	.LASF1:
 1431 0064 756E7369 		.ascii	"unsigned char\000"
 1431      676E6564 
 1431      20636861 
 1431      7200
 1432              	.LASF17:
 1433 0072 474E5520 		.ascii	"GNU C11 5.4.1 20160609 (release) [ARM/embedded-5-br"
 1433      43313120 
 1433      352E342E 
 1433      31203230 
 1433      31363036 
 1434 00a5 616E6368 		.ascii	"anch revision 237715] -mcpu=cortex-m3 -mthumb -g -O"
 1434      20726576 
 1434      6973696F 
 1434      6E203233 
 1434      37373135 
 1435 00d8 67202D66 		.ascii	"g -ffunction-sections -ffat-lto-objects\000"
 1435      66756E63 
 1435      74696F6E 
 1435      2D736563 
 1435      74696F6E 
 1436              	.LASF5:
 1437 0100 6C6F6E67 		.ascii	"long unsigned int\000"
 1437      20756E73 
 1437      69676E65 
 1437      6420696E 
 1437      7400
 1438              	.LASF3:
 1439 0112 73686F72 		.ascii	"short unsigned int\000"
 1439      7420756E 
 1439      7369676E 
 1439      65642069 
 1439      6E7400
ARM GAS  C:\Users\urdjt\AppData\Local\Temp\ccDiN1Gd.s 			page 27


 1440              	.LASF13:
 1441 0125 63795F6D 		.ascii	"cy_meta_custnvl\000"
 1441      6574615F 
 1441      63757374 
 1441      6E766C00 
 1442              	.LASF12:
 1443 0135 63795F6D 		.ascii	"cy_meta_configecc\000"
 1443      6574615F 
 1443      636F6E66 
 1443      69676563 
 1443      6300
 1444              	.LASF8:
 1445 0147 756E7369 		.ascii	"unsigned int\000"
 1445      676E6564 
 1445      20696E74 
 1445      00
 1446              	.LASF7:
 1447 0154 6C6F6E67 		.ascii	"long long unsigned int\000"
 1447      206C6F6E 
 1447      6720756E 
 1447      7369676E 
 1447      65642069 
 1448              	.LASF10:
 1449 016b 75696E74 		.ascii	"uint8_t\000"
 1449      385F7400 
 1450              	.LASF15:
 1451 0173 63795F6D 		.ascii	"cy_meta_flashprotect\000"
 1451      6574615F 
 1451      666C6173 
 1451      6870726F 
 1451      74656374 
 1452              	.LASF14:
 1453 0188 63795F6D 		.ascii	"cy_meta_wonvl\000"
 1453      6574615F 
 1453      776F6E76 
 1453      6C00
 1454              	.LASF11:
 1455 0196 73697A65 		.ascii	"sizetype\000"
 1455      74797065 
 1455      00
 1456              	.LASF6:
 1457 019f 6C6F6E67 		.ascii	"long long int\000"
 1457      206C6F6E 
 1457      6720696E 
 1457      7400
 1458              	.LASF2:
 1459 01ad 73686F72 		.ascii	"short int\000"
 1459      7420696E 
 1459      7400
 1460              	.LASF4:
 1461 01b7 6C6F6E67 		.ascii	"long int\000"
 1461      20696E74 
 1461      00
 1462              	.LASF0:
 1463 01c0 7369676E 		.ascii	"signed char\000"
 1463      65642063 
 1463      68617200 
ARM GAS  C:\Users\urdjt\AppData\Local\Temp\ccDiN1Gd.s 			page 28


 1464              	.LASF18:
 1465 01cc 47656E65 		.ascii	"Generated_Source\\PSoC5\\cymetadata.c\000"
 1465      72617465 
 1465      645F536F 
 1465      75726365 
 1465      5C50536F 
 1466              		.ident	"GCC: (GNU Tools for ARM Embedded Processors) 5.4.1 20160609 (release) [ARM/embedded-5-bran
