ARM GAS  C:\Users\urdjt\AppData\Local\Temp\ccuAZRzg.s 			page 1


   1              		.syntax unified
   2              		.cpu cortex-m3
   3              		.fpu softvfp
   4              		.eabi_attribute 20, 1
   5              		.eabi_attribute 21, 1
   6              		.eabi_attribute 23, 3
   7              		.eabi_attribute 24, 1
   8              		.eabi_attribute 25, 1
   9              		.eabi_attribute 26, 1
  10              		.eabi_attribute 30, 1
  11              		.eabi_attribute 34, 1
  12              		.eabi_attribute 18, 4
  13              		.thumb
  14              		.syntax unified
  15              		.file	"main.c"
  16              		.text
  17              	.Ltext0:
  18              		.cfi_sections	.debug_frame
  19              		.section	.text.main,"ax",%progbits
  20              		.align	2
  21              		.global	main
  22              		.thumb
  23              		.thumb_func
  24              		.type	main, %function
  25              	main:
  26              	.LFB64:
  27              		.file 1 "main.c"
   1:main.c        **** /* ========================================
   2:main.c        ****  *
   3:main.c        ****  * Copyright YOUR COMPANY, THE YEAR
   4:main.c        ****  * All Rights Reserved
   5:main.c        ****  * UNPUBLISHED, LICENSED SOFTWARE.
   6:main.c        ****  *
   7:main.c        ****  * CONFIDENTIAL AND PROPRIETARY INFORMATION
   8:main.c        ****  * WHICH IS THE PROPERTY OF your company.
   9:main.c        ****  *
  10:main.c        ****  * ========================================
  11:main.c        **** */
  12:main.c        **** #include "project.h"
  13:main.c        **** #include "stdio.h"
  14:main.c        **** 
  15:main.c        **** //Druck
  16:main.c        **** int16 adcResultDruck = 0;
  17:main.c        **** char toSendDruck[16];
  18:main.c        **** //Feuchte
  19:main.c        **** int global = 0;
  20:main.c        **** int16 freqCounter = 0; //Zaehlt steigenden Flanken aus dem 555-Timer
  21:main.c        **** int16 prevFreqCount = 0;
  22:main.c        **** char toTransmit[16];
  23:main.c        **** int16 temp;
  24:main.c        **** int wait = 1;
  25:main.c        **** //Temperatur
  26:main.c        **** char buffer[16];
  27:main.c        **** int16 result;
  28:main.c        **** 
  29:main.c        **** 
  30:main.c        **** int main(void)
ARM GAS  C:\Users\urdjt\AppData\Local\Temp\ccuAZRzg.s 			page 2


  31:main.c        **** {
  28              		.loc 1 31 0
  29              		.cfi_startproc
  30              		@ args = 0, pretend = 0, frame = 0
  31              		@ frame_needed = 0, uses_anonymous_args = 0
  32 0000 38B5     		push	{r3, r4, r5, lr}
  33              		.cfi_def_cfa_offset 16
  34              		.cfi_offset 3, -16
  35              		.cfi_offset 4, -12
  36              		.cfi_offset 5, -8
  37              		.cfi_offset 14, -4
  32:main.c        ****     CyGlobalIntEnable; /* Enable global interrupts. */
  38              		.loc 1 32 0
  39              		.syntax unified
  40              	@ 32 "main.c" 1
  41 0002 62B6     		CPSIE   i
  42              	@ 0 "" 2
  33:main.c        **** 
  34:main.c        ****     /* Place your initialization/startup code here (e.g. MyInst_Start()) */
  35:main.c        ****     //Druck
  36:main.c        ****     VDAC8_Druck_Start();
  43              		.loc 1 36 0
  44              		.thumb
  45              		.syntax unified
  46 0004 FFF7FEFF 		bl	VDAC8_Druck_Start
  47              	.LVL0:
  37:main.c        ****     PGA_Druck_Start();
  48              		.loc 1 37 0
  49 0008 FFF7FEFF 		bl	PGA_Druck_Start
  50              	.LVL1:
  38:main.c        ****     ADC_Druck_Start();
  51              		.loc 1 38 0
  52 000c FFF7FEFF 		bl	ADC_Druck_Start
  53              	.LVL2:
  39:main.c        ****     ADC_Druck_StartConvert();
  54              		.loc 1 39 0
  55 0010 FFF7FEFF 		bl	ADC_Druck_StartConvert
  56              	.LVL3:
  40:main.c        ****     //Feuchte
  41:main.c        ****     Clock_1_Start();//Clocks Starten
  57              		.loc 1 41 0
  58 0014 FFF7FEFF 		bl	Clock_1_Start
  59              	.LVL4:
  42:main.c        ****     Clock_2_Start();
  60              		.loc 1 42 0
  61 0018 FFF7FEFF 		bl	Clock_2_Start
  62              	.LVL5:
  43:main.c        ****     VDAC8_1_Start();//ADCs fuer die Trigger und threshold spannungen
  63              		.loc 1 43 0
  64 001c FFF7FEFF 		bl	VDAC8_1_Start
  65              	.LVL6:
  44:main.c        ****     VDAC8_2_Start();
  66              		.loc 1 44 0
  67 0020 FFF7FEFF 		bl	VDAC8_2_Start
  68              	.LVL7:
  45:main.c        ****     Comp_1_Start(); //Komparatoren Starten
  69              		.loc 1 45 0
ARM GAS  C:\Users\urdjt\AppData\Local\Temp\ccuAZRzg.s 			page 3


  70 0024 FFF7FEFF 		bl	Comp_1_Start
  71              	.LVL8:
  46:main.c        ****     Comp_2_Start();
  72              		.loc 1 46 0
  73 0028 FFF7FEFF 		bl	Comp_2_Start
  74              	.LVL9:
  47:main.c        ****     //Temperatur
  48:main.c        ****     PGA_1_Start();
  75              		.loc 1 48 0
  76 002c FFF7FEFF 		bl	PGA_1_Start
  77              	.LVL10:
  49:main.c        ****     ADC_SAR_1_Start();
  78              		.loc 1 49 0
  79 0030 FFF7FEFF 		bl	ADC_SAR_1_Start
  80              	.LVL11:
  50:main.c        ****     ADC_SAR_1_StartConvert();
  81              		.loc 1 50 0
  82 0034 FFF7FEFF 		bl	ADC_SAR_1_StartConvert
  83              	.LVL12:
  51:main.c        ****     
  52:main.c        ****     UART_1_Start();
  84              		.loc 1 52 0
  85 0038 FFF7FEFF 		bl	UART_1_Start
  86              	.LVL13:
  53:main.c        ****     LCD_1_Start();
  87              		.loc 1 53 0
  88 003c FFF7FEFF 		bl	LCD_1_Start
  89              	.LVL14:
  54:main.c        ****     LCD_1_ClearDisplay();
  90              		.loc 1 54 0
  91 0040 0120     		movs	r0, #1
  92 0042 FFF7FEFF 		bl	LCD_1_WriteControl
  93              	.LVL15:
  94              	.L16:
  95              	.LBB2:
  55:main.c        ****     
  56:main.c        ****     
  57:main.c        ****     
  58:main.c        ****     while(1)
  59:main.c        ****     {
  60:main.c        ****         for(int i = 1; i<4; i++)
  96              		.loc 1 60 0
  97 0046 0124     		movs	r4, #1
  98 0048 88E0     		b	.L2
  99              	.LVL16:
 100              	.L15:
  61:main.c        ****         {
  62:main.c        ****             if(i == 1)
 101              		.loc 1 62 0
 102 004a 012C     		cmp	r4, #1
 103 004c 18D1     		bne	.L3
  63:main.c        ****             {
  64:main.c        ****                 /*
  65:main.c        ****                   ADW Wert wird nach einer Umwandlung gespeichert
  66:main.c        ****                   und den Steuercode wird hinzugefügt.
  67:main.c        ****                   Danach werden die Daten in einem String umgewandelt
  68:main.c        ****                   und gesendet.
ARM GAS  C:\Users\urdjt\AppData\Local\Temp\ccuAZRzg.s 			page 4


  69:main.c        ****                 */
  70:main.c        ****                 if (ADC_Druck_IsEndConversion(ADC_Druck_WAIT_FOR_RESULT))
 104              		.loc 1 70 0
 105 004e 0020     		movs	r0, #0
 106 0050 FFF7FEFF 		bl	ADC_Druck_IsEndConversion
 107              	.LVL17:
 108 0054 78B1     		cbz	r0, .L4
  71:main.c        ****                 {
  72:main.c        ****                     adcResultDruck = ADC_Druck_GetResult16();
 109              		.loc 1 72 0
 110 0056 FFF7FEFF 		bl	ADC_Druck_GetResult16
 111              	.LVL18:
  73:main.c        ****                     adcResultDruck &= ~(0xF000);
 112              		.loc 1 73 0
 113 005a C0F30B00 		ubfx	r0, r0, #0, #12
  74:main.c        ****                     adcResultDruck |= 0x3000;
 114              		.loc 1 74 0
 115 005e 40F44052 		orr	r2, r0, #12288
 116 0062 404B     		ldr	r3, .L18
 117 0064 1A80     		strh	r2, [r3]	@ movhi
  75:main.c        ****                     
  76:main.c        ****                     sprintf(toSendDruck, "%x", adcResultDruck);
 118              		.loc 1 76 0
 119 0066 404D     		ldr	r5, .L18+4
 120 0068 4049     		ldr	r1, .L18+8
 121 006a 2846     		mov	r0, r5
 122 006c FFF7FEFF 		bl	sprintf
 123              	.LVL19:
  77:main.c        ****                     UART_1_PutString(toSendDruck);
 124              		.loc 1 77 0
 125 0070 2846     		mov	r0, r5
 126 0072 FFF7FEFF 		bl	UART_1_PutString
 127              	.LVL20:
 128              	.L4:
  78:main.c        ****                     
  79:main.c        ****                 }
  80:main.c        ****                 CyDelay(500);
 129              		.loc 1 80 0
 130 0076 4FF4FA70 		mov	r0, #500
 131 007a FFF7FEFF 		bl	CyDelay
 132              	.LVL21:
 133 007e 6CE0     		b	.L5
 134              	.L3:
  81:main.c        ****             }
  82:main.c        ****             else if (i == 2)
 135              		.loc 1 82 0
 136 0080 022C     		cmp	r4, #2
 137 0082 4DD1     		bne	.L6
  83:main.c        ****             {
  84:main.c        ****                 
  85:main.c        ****                 PWM_1_Start(); //PWM und interrupt 
 138              		.loc 1 85 0
 139 0084 FFF7FEFF 		bl	PWM_1_Start
 140              	.LVL22:
  86:main.c        ****                 isr_1_Start();    
 141              		.loc 1 86 0
 142 0088 FFF7FEFF 		bl	isr_1_Start
ARM GAS  C:\Users\urdjt\AppData\Local\Temp\ccuAZRzg.s 			page 5


 143              	.LVL23:
  87:main.c        ****                 Counter_1_Start();// Counter
 144              		.loc 1 87 0
 145 008c FFF7FEFF 		bl	Counter_1_Start
 146              	.LVL24:
  88:main.c        ****                 
  89:main.c        ****                 while (wait == 1)
 147              		.loc 1 89 0
 148 0090 0DE0     		b	.L8
 149              	.L9:
  90:main.c        ****                 {
  91:main.c        ****                     if (global == 1)
 150              		.loc 1 91 0
 151 0092 344B     		ldr	r3, .L18
 152 0094 5B68     		ldr	r3, [r3, #4]
 153 0096 012B     		cmp	r3, #1
 154 0098 09D1     		bne	.L8
  92:main.c        ****                     {
  93:main.c        ****                         global = 0;
 155              		.loc 1 93 0
 156 009a 0025     		movs	r5, #0
 157 009c 314B     		ldr	r3, .L18
 158 009e 5D60     		str	r5, [r3, #4]
  94:main.c        ****                         PWM_1_ReadStatusRegister();
 159              		.loc 1 94 0
 160 00a0 FFF7FEFF 		bl	PWM_1_ReadStatusRegister
 161              	.LVL25:
  95:main.c        ****                         wait = 0;
 162              		.loc 1 95 0
 163 00a4 324B     		ldr	r3, .L18+12
 164 00a6 1D60     		str	r5, [r3]
  96:main.c        ****                         Counter_1_WriteCounter(0);
 165              		.loc 1 96 0
 166 00a8 2846     		mov	r0, r5
 167 00aa FFF7FEFF 		bl	Counter_1_WriteCounter
 168              	.LVL26:
 169              	.L8:
  89:main.c        ****                 {
 170              		.loc 1 89 0
 171 00ae 304B     		ldr	r3, .L18+12
 172 00b0 1B68     		ldr	r3, [r3]
 173 00b2 012B     		cmp	r3, #1
 174 00b4 EDD0     		beq	.L9
 175 00b6 2AE0     		b	.L11
 176              	.L13:
  97:main.c        ****                     }
  98:main.c        ****                 }
  99:main.c        ****                 while(wait == 0)
 100:main.c        ****                 {
 101:main.c        ****                     if (global == 1)    // wird ein Interrupt aufgeloest, dann wird der Flag resete
 177              		.loc 1 101 0
 178 00b8 2A4B     		ldr	r3, .L18
 179 00ba 5B68     		ldr	r3, [r3, #4]
 180 00bc 012B     		cmp	r3, #1
 181 00be 26D1     		bne	.L11
 102:main.c        ****                                            //und den Status Register gelesen, um den Interrupt Ausg
 103:main.c        ****                     {
ARM GAS  C:\Users\urdjt\AppData\Local\Temp\ccuAZRzg.s 			page 6


 104:main.c        ****                         global = 0;
 182              		.loc 1 104 0
 183 00c0 284D     		ldr	r5, .L18
 184 00c2 0023     		movs	r3, #0
 185 00c4 6B60     		str	r3, [r5, #4]
 105:main.c        ****                         PWM_1_ReadStatusRegister();
 186              		.loc 1 105 0
 187 00c6 FFF7FEFF 		bl	PWM_1_ReadStatusRegister
 188              	.LVL27:
 106:main.c        ****                         prevFreqCount = freqCounter; //Vorherigen Wert wird gespeichert
 189              		.loc 1 106 0
 190 00ca 6B89     		ldrh	r3, [r5, #10]
 191 00cc 2B81     		strh	r3, [r5, #8]	@ movhi
 107:main.c        ****                         freqCounter = Counter_1_ReadCounter(); //Den Wert wird ausgelesen (Capture 
 192              		.loc 1 107 0
 193 00ce FFF7FEFF 		bl	Counter_1_ReadCounter
 194              	.LVL28:
 195 00d2 00B2     		sxth	r0, r0
 196 00d4 6881     		strh	r0, [r5, #10]	@ movhi
 108:main.c        ****                         //Falsche Werte nicht benutzen
 109:main.c        ****                         if(freqCounter > 4095)
 197              		.loc 1 109 0
 198 00d6 B0F5805F 		cmp	r0, #4096
 199 00da 01DB     		blt	.L12
 110:main.c        ****                         {
 111:main.c        ****                             freqCounter = prevFreqCount;
 200              		.loc 1 111 0
 201 00dc 2A89     		ldrh	r2, [r5, #8]
 202 00de 6A81     		strh	r2, [r5, #10]	@ movhi
 203              	.L12:
 112:main.c        ****                         }
 113:main.c        ****                         Counter_1_WriteCounter(0);
 204              		.loc 1 113 0
 205 00e0 0020     		movs	r0, #0
 206 00e2 FFF7FEFF 		bl	Counter_1_WriteCounter
 207              	.LVL29:
 114:main.c        ****                         //Steuercode einfuegen und Daten senden
 115:main.c        ****                         temp = freqCounter;   
 208              		.loc 1 115 0
 209 00e6 1F4B     		ldr	r3, .L18
 210 00e8 B3F90A20 		ldrsh	r2, [r3, #10]
 116:main.c        ****                         temp &= ~0xF000;
 211              		.loc 1 116 0
 212 00ec C2F30B02 		ubfx	r2, r2, #0, #12
 117:main.c        ****                         temp |= 0x2000;
 213              		.loc 1 117 0
 214 00f0 42F40052 		orr	r2, r2, #8192
 215 00f4 1F4B     		ldr	r3, .L18+16
 216 00f6 1A80     		strh	r2, [r3]	@ movhi
 118:main.c        ****                         sprintf(toTransmit, "%x" ,temp);
 217              		.loc 1 118 0
 218 00f8 1F4D     		ldr	r5, .L18+20
 219 00fa 1C49     		ldr	r1, .L18+8
 220 00fc 2846     		mov	r0, r5
 221 00fe FFF7FEFF 		bl	sprintf
 222              	.LVL30:
 119:main.c        ****                         UART_1_PutString(toTransmit);
ARM GAS  C:\Users\urdjt\AppData\Local\Temp\ccuAZRzg.s 			page 7


 223              		.loc 1 119 0
 224 0102 2846     		mov	r0, r5
 225 0104 FFF7FEFF 		bl	UART_1_PutString
 226              	.LVL31:
 120:main.c        ****                         wait = 1;
 227              		.loc 1 120 0
 228 0108 0122     		movs	r2, #1
 229 010a 194B     		ldr	r3, .L18+12
 230 010c 1A60     		str	r2, [r3]
 231              	.L11:
  99:main.c        ****                 {
 232              		.loc 1 99 0
 233 010e 184B     		ldr	r3, .L18+12
 234 0110 1B68     		ldr	r3, [r3]
 235 0112 002B     		cmp	r3, #0
 236 0114 D0D0     		beq	.L13
 121:main.c        ****                     } 
 122:main.c        ****                 }
 123:main.c        ****                 CyDelay(500);
 237              		.loc 1 123 0
 238 0116 4FF4FA70 		mov	r0, #500
 239 011a FFF7FEFF 		bl	CyDelay
 240              	.LVL32:
 241 011e 1CE0     		b	.L5
 242              	.L6:
 124:main.c        ****             }
 125:main.c        ****             else if (i == 3)
 243              		.loc 1 125 0
 244 0120 032C     		cmp	r4, #3
 245 0122 1AD1     		bne	.L5
 126:main.c        ****             {
 127:main.c        ****                 if (ADC_SAR_1_IsEndConversion(ADC_SAR_1_WAIT_FOR_RESULT))
 246              		.loc 1 127 0
 247 0124 0020     		movs	r0, #0
 248 0126 FFF7FEFF 		bl	ADC_SAR_1_IsEndConversion
 249              	.LVL33:
 250 012a 18B1     		cbz	r0, .L14
 128:main.c        ****                 {
 129:main.c        ****                     result = ADC_SAR_1_GetResult16();
 251              		.loc 1 129 0
 252 012c FFF7FEFF 		bl	ADC_SAR_1_GetResult16
 253              	.LVL34:
 254 0130 124B     		ldr	r3, .L18+24
 255 0132 1880     		strh	r0, [r3]	@ movhi
 256              	.L14:
 130:main.c        ****                 }
 131:main.c        ****                 
 132:main.c        ****                 
 133:main.c        ****                 result &= ~0xF000; // clears the top 4 bits
 257              		.loc 1 133 0
 258 0134 114B     		ldr	r3, .L18+24
 259 0136 1A88     		ldrh	r2, [r3]
 260 0138 C2F30B02 		ubfx	r2, r2, #0, #12
 134:main.c        ****                 result |= 0x1000;
 261              		.loc 1 134 0
 262 013c 42F48052 		orr	r2, r2, #4096
 263 0140 1A80     		strh	r2, [r3]	@ movhi
ARM GAS  C:\Users\urdjt\AppData\Local\Temp\ccuAZRzg.s 			page 8


 135:main.c        ****                 sprintf(buffer, "%x", result);
 264              		.loc 1 135 0
 265 0142 0F4D     		ldr	r5, .L18+28
 266 0144 0949     		ldr	r1, .L18+8
 267 0146 2846     		mov	r0, r5
 268 0148 FFF7FEFF 		bl	sprintf
 269              	.LVL35:
 136:main.c        ****                 UART_1_PutString(buffer);
 270              		.loc 1 136 0
 271 014c 2846     		mov	r0, r5
 272 014e FFF7FEFF 		bl	UART_1_PutString
 273              	.LVL36:
 137:main.c        ****                 CyDelay(500);
 274              		.loc 1 137 0
 275 0152 4FF4FA70 		mov	r0, #500
 276 0156 FFF7FEFF 		bl	CyDelay
 277              	.LVL37:
 278              	.L5:
  60:main.c        ****         {
 279              		.loc 1 60 0 discriminator 2
 280 015a 0134     		adds	r4, r4, #1
 281              	.LVL38:
 282              	.L2:
  60:main.c        ****         {
 283              		.loc 1 60 0 is_stmt 0 discriminator 1
 284 015c 032C     		cmp	r4, #3
 285 015e 7FF774AF 		ble	.L15
 286 0162 70E7     		b	.L16
 287              	.L19:
 288              		.align	2
 289              	.L18:
 290 0164 00000000 		.word	.LANCHOR0
 291 0168 00000000 		.word	toSendDruck
 292 016c 00000000 		.word	.LC0
 293 0170 00000000 		.word	.LANCHOR1
 294 0174 00000000 		.word	temp
 295 0178 00000000 		.word	toTransmit
 296 017c 00000000 		.word	result
 297 0180 00000000 		.word	buffer
 298              	.LBE2:
 299              		.cfi_endproc
 300              	.LFE64:
 301              		.size	main, .-main
 302              		.comm	result,2,2
 303              		.comm	buffer,16,4
 304              		.global	wait
 305              		.comm	temp,2,2
 306              		.comm	toTransmit,16,4
 307              		.global	prevFreqCount
 308              		.global	freqCounter
 309              		.global	global
 310              		.comm	toSendDruck,16,4
 311              		.global	adcResultDruck
 312              		.data
 313              		.align	2
 314              		.set	.LANCHOR1,. + 0
 315              		.type	wait, %object
ARM GAS  C:\Users\urdjt\AppData\Local\Temp\ccuAZRzg.s 			page 9


 316              		.size	wait, 4
 317              	wait:
 318 0000 01000000 		.word	1
 319              		.section	.rodata.str1.4,"aMS",%progbits,1
 320              		.align	2
 321              	.LC0:
 322 0000 257800   		.ascii	"%x\000"
 323              		.bss
 324              		.align	2
 325              		.set	.LANCHOR0,. + 0
 326              		.type	adcResultDruck, %object
 327              		.size	adcResultDruck, 2
 328              	adcResultDruck:
 329 0000 0000     		.space	2
 330 0002 0000     		.space	2
 331              		.type	global, %object
 332              		.size	global, 4
 333              	global:
 334 0004 00000000 		.space	4
 335              		.type	prevFreqCount, %object
 336              		.size	prevFreqCount, 2
 337              	prevFreqCount:
 338 0008 0000     		.space	2
 339              		.type	freqCounter, %object
 340              		.size	freqCounter, 2
 341              	freqCounter:
 342 000a 0000     		.space	2
 343              		.text
 344              	.Letext0:
 345              		.file 2 "c:\\program files (x86)\\cypress\\psoc creator\\4.2\\psoc creator\\import\\gnu\\arm\\5.4.
 346              		.file 3 "c:\\program files (x86)\\cypress\\psoc creator\\4.2\\psoc creator\\import\\gnu\\arm\\5.4.
 347              		.file 4 "Generated_Source\\PSoC5/cytypes.h"
 348              		.file 5 "Generated_Source\\PSoC5/core_cm3.h"
 349              		.file 6 "Generated_Source\\PSoC5/ADC_Druck.h"
 350              		.file 7 "c:\\program files (x86)\\cypress\\psoc creator\\4.2\\psoc creator\\import\\gnu\\arm\\5.4.
 351              		.file 8 "Generated_Source\\PSoC5/UART_1.h"
 352              		.file 9 "Generated_Source\\PSoC5/CyLib.h"
 353              		.file 10 "Generated_Source\\PSoC5/PWM_1.h"
 354              		.file 11 "Generated_Source\\PSoC5/isr_1.h"
 355              		.file 12 "Generated_Source\\PSoC5/Counter_1.h"
 356              		.file 13 "Generated_Source\\PSoC5/ADC_SAR_1.h"
 357              		.file 14 "Generated_Source\\PSoC5/VDAC8_Druck.h"
 358              		.file 15 "Generated_Source\\PSoC5/PGA_Druck.h"
 359              		.file 16 "Generated_Source\\PSoC5/Clock_1.h"
 360              		.file 17 "Generated_Source\\PSoC5/Clock_2.h"
 361              		.file 18 "Generated_Source\\PSoC5/VDAC8_1.h"
 362              		.file 19 "Generated_Source\\PSoC5/VDAC8_2.h"
 363              		.file 20 "Generated_Source\\PSoC5/Comp_1.h"
 364              		.file 21 "Generated_Source\\PSoC5/Comp_2.h"
 365              		.file 22 "Generated_Source\\PSoC5/PGA_1.h"
 366              		.file 23 "Generated_Source\\PSoC5/LCD_1.h"
 367              		.section	.debug_info,"",%progbits
 368              	.Ldebug_info0:
 369 0000 E5040000 		.4byte	0x4e5
 370 0004 0400     		.2byte	0x4
 371 0006 00000000 		.4byte	.Ldebug_abbrev0
 372 000a 04       		.byte	0x4
ARM GAS  C:\Users\urdjt\AppData\Local\Temp\ccuAZRzg.s 			page 10


 373 000b 01       		.uleb128 0x1
 374 000c E3000000 		.4byte	.LASF57
 375 0010 0C       		.byte	0xc
 376 0011 24030000 		.4byte	.LASF58
 377 0015 27020000 		.4byte	.LASF59
 378 0019 00000000 		.4byte	.Ldebug_ranges0+0
 379 001d 00000000 		.4byte	0
 380 0021 00000000 		.4byte	.Ldebug_line0
 381 0025 02       		.uleb128 0x2
 382 0026 01       		.byte	0x1
 383 0027 06       		.byte	0x6
 384 0028 90030000 		.4byte	.LASF0
 385 002c 02       		.uleb128 0x2
 386 002d 01       		.byte	0x1
 387 002e 08       		.byte	0x8
 388 002f E6010000 		.4byte	.LASF1
 389 0033 02       		.uleb128 0x2
 390 0034 02       		.byte	0x2
 391 0035 05       		.byte	0x5
 392 0036 4A030000 		.4byte	.LASF2
 393 003a 02       		.uleb128 0x2
 394 003b 02       		.byte	0x2
 395 003c 07       		.byte	0x7
 396 003d 74000000 		.4byte	.LASF3
 397 0041 03       		.uleb128 0x3
 398 0042 4C000000 		.4byte	.LASF9
 399 0046 02       		.byte	0x2
 400 0047 3F       		.byte	0x3f
 401 0048 4C000000 		.4byte	0x4c
 402 004c 02       		.uleb128 0x2
 403 004d 04       		.byte	0x4
 404 004e 05       		.byte	0x5
 405 004f 6B030000 		.4byte	.LASF4
 406 0053 02       		.uleb128 0x2
 407 0054 04       		.byte	0x4
 408 0055 07       		.byte	0x7
 409 0056 8E010000 		.4byte	.LASF5
 410 005a 02       		.uleb128 0x2
 411 005b 08       		.byte	0x8
 412 005c 05       		.byte	0x5
 413 005d 00000000 		.4byte	.LASF6
 414 0061 02       		.uleb128 0x2
 415 0062 08       		.byte	0x8
 416 0063 07       		.byte	0x7
 417 0064 A0020000 		.4byte	.LASF7
 418 0068 04       		.uleb128 0x4
 419 0069 04       		.byte	0x4
 420 006a 05       		.byte	0x5
 421 006b 696E7400 		.ascii	"int\000"
 422 006f 02       		.uleb128 0x2
 423 0070 04       		.byte	0x4
 424 0071 07       		.byte	0x7
 425 0072 93020000 		.4byte	.LASF8
 426 0076 03       		.uleb128 0x3
 427 0077 CD020000 		.4byte	.LASF10
 428 007b 03       		.byte	0x3
 429 007c 2C       		.byte	0x2c
ARM GAS  C:\Users\urdjt\AppData\Local\Temp\ccuAZRzg.s 			page 11


 430 007d 41000000 		.4byte	0x41
 431 0081 05       		.uleb128 0x5
 432 0082 88010000 		.4byte	.LASF11
 433 0086 04       		.byte	0x4
 434 0087 E801     		.2byte	0x1e8
 435 0089 33000000 		.4byte	0x33
 436 008d 02       		.uleb128 0x2
 437 008e 04       		.byte	0x4
 438 008f 04       		.byte	0x4
 439 0090 AB000000 		.4byte	.LASF12
 440 0094 02       		.uleb128 0x2
 441 0095 08       		.byte	0x8
 442 0096 04       		.byte	0x4
 443 0097 02020000 		.4byte	.LASF13
 444 009b 02       		.uleb128 0x2
 445 009c 01       		.byte	0x1
 446 009d 08       		.byte	0x8
 447 009e 2B030000 		.4byte	.LASF14
 448 00a2 02       		.uleb128 0x2
 449 00a3 08       		.byte	0x8
 450 00a4 04       		.byte	0x4
 451 00a5 84030000 		.4byte	.LASF15
 452 00a9 02       		.uleb128 0x2
 453 00aa 04       		.byte	0x4
 454 00ab 07       		.byte	0x7
 455 00ac D5020000 		.4byte	.LASF16
 456 00b0 06       		.uleb128 0x6
 457 00b1 14020000 		.4byte	.LASF60
 458 00b5 01       		.byte	0x1
 459 00b6 1E       		.byte	0x1e
 460 00b7 68000000 		.4byte	0x68
 461 00bb 00000000 		.4byte	.LFB64
 462 00bf 84010000 		.4byte	.LFE64-.LFB64
 463 00c3 01       		.uleb128 0x1
 464 00c4 9C       		.byte	0x9c
 465 00c5 DE020000 		.4byte	0x2de
 466 00c9 07       		.uleb128 0x7
 467 00ca 46000000 		.4byte	.LBB2
 468 00ce 3E010000 		.4byte	.LBE2-.LBB2
 469 00d2 47020000 		.4byte	0x247
 470 00d6 08       		.uleb128 0x8
 471 00d7 6900     		.ascii	"i\000"
 472 00d9 01       		.byte	0x1
 473 00da 3C       		.byte	0x3c
 474 00db 68000000 		.4byte	0x68
 475 00df 00000000 		.4byte	.LLST0
 476 00e3 09       		.uleb128 0x9
 477 00e4 54000000 		.4byte	.LVL17
 478 00e8 A9030000 		.4byte	0x3a9
 479 00ec F6000000 		.4byte	0xf6
 480 00f0 0A       		.uleb128 0xa
 481 00f1 01       		.uleb128 0x1
 482 00f2 50       		.byte	0x50
 483 00f3 01       		.uleb128 0x1
 484 00f4 30       		.byte	0x30
 485 00f5 00       		.byte	0
 486 00f6 0B       		.uleb128 0xb
ARM GAS  C:\Users\urdjt\AppData\Local\Temp\ccuAZRzg.s 			page 12


 487 00f7 5A000000 		.4byte	.LVL18
 488 00fb B4030000 		.4byte	0x3b4
 489 00ff 09       		.uleb128 0x9
 490 0100 70000000 		.4byte	.LVL19
 491 0104 BF030000 		.4byte	0x3bf
 492 0108 1C010000 		.4byte	0x11c
 493 010c 0A       		.uleb128 0xa
 494 010d 01       		.uleb128 0x1
 495 010e 50       		.byte	0x50
 496 010f 02       		.uleb128 0x2
 497 0110 75       		.byte	0x75
 498 0111 00       		.sleb128 0
 499 0112 0A       		.uleb128 0xa
 500 0113 01       		.uleb128 0x1
 501 0114 51       		.byte	0x51
 502 0115 05       		.uleb128 0x5
 503 0116 03       		.byte	0x3
 504 0117 00000000 		.4byte	.LC0
 505 011b 00       		.byte	0
 506 011c 09       		.uleb128 0x9
 507 011d 76000000 		.4byte	.LVL20
 508 0121 CA030000 		.4byte	0x3ca
 509 0125 30010000 		.4byte	0x130
 510 0129 0A       		.uleb128 0xa
 511 012a 01       		.uleb128 0x1
 512 012b 50       		.byte	0x50
 513 012c 02       		.uleb128 0x2
 514 012d 75       		.byte	0x75
 515 012e 00       		.sleb128 0
 516 012f 00       		.byte	0
 517 0130 09       		.uleb128 0x9
 518 0131 7E000000 		.4byte	.LVL21
 519 0135 D5030000 		.4byte	0x3d5
 520 0139 45010000 		.4byte	0x145
 521 013d 0A       		.uleb128 0xa
 522 013e 01       		.uleb128 0x1
 523 013f 50       		.byte	0x50
 524 0140 03       		.uleb128 0x3
 525 0141 0A       		.byte	0xa
 526 0142 F401     		.2byte	0x1f4
 527 0144 00       		.byte	0
 528 0145 0B       		.uleb128 0xb
 529 0146 88000000 		.4byte	.LVL22
 530 014a E0030000 		.4byte	0x3e0
 531 014e 0B       		.uleb128 0xb
 532 014f 8C000000 		.4byte	.LVL23
 533 0153 EB030000 		.4byte	0x3eb
 534 0157 0B       		.uleb128 0xb
 535 0158 90000000 		.4byte	.LVL24
 536 015c F6030000 		.4byte	0x3f6
 537 0160 0B       		.uleb128 0xb
 538 0161 A4000000 		.4byte	.LVL25
 539 0165 01040000 		.4byte	0x401
 540 0169 09       		.uleb128 0x9
 541 016a AE000000 		.4byte	.LVL26
 542 016e 0C040000 		.4byte	0x40c
 543 0172 7D010000 		.4byte	0x17d
ARM GAS  C:\Users\urdjt\AppData\Local\Temp\ccuAZRzg.s 			page 13


 544 0176 0A       		.uleb128 0xa
 545 0177 01       		.uleb128 0x1
 546 0178 50       		.byte	0x50
 547 0179 02       		.uleb128 0x2
 548 017a 75       		.byte	0x75
 549 017b 00       		.sleb128 0
 550 017c 00       		.byte	0
 551 017d 0B       		.uleb128 0xb
 552 017e CA000000 		.4byte	.LVL27
 553 0182 01040000 		.4byte	0x401
 554 0186 0B       		.uleb128 0xb
 555 0187 D2000000 		.4byte	.LVL28
 556 018b 17040000 		.4byte	0x417
 557 018f 09       		.uleb128 0x9
 558 0190 E6000000 		.4byte	.LVL29
 559 0194 0C040000 		.4byte	0x40c
 560 0198 A2010000 		.4byte	0x1a2
 561 019c 0A       		.uleb128 0xa
 562 019d 01       		.uleb128 0x1
 563 019e 50       		.byte	0x50
 564 019f 01       		.uleb128 0x1
 565 01a0 30       		.byte	0x30
 566 01a1 00       		.byte	0
 567 01a2 09       		.uleb128 0x9
 568 01a3 02010000 		.4byte	.LVL30
 569 01a7 BF030000 		.4byte	0x3bf
 570 01ab BF010000 		.4byte	0x1bf
 571 01af 0A       		.uleb128 0xa
 572 01b0 01       		.uleb128 0x1
 573 01b1 50       		.byte	0x50
 574 01b2 02       		.uleb128 0x2
 575 01b3 75       		.byte	0x75
 576 01b4 00       		.sleb128 0
 577 01b5 0A       		.uleb128 0xa
 578 01b6 01       		.uleb128 0x1
 579 01b7 51       		.byte	0x51
 580 01b8 05       		.uleb128 0x5
 581 01b9 03       		.byte	0x3
 582 01ba 00000000 		.4byte	.LC0
 583 01be 00       		.byte	0
 584 01bf 09       		.uleb128 0x9
 585 01c0 08010000 		.4byte	.LVL31
 586 01c4 CA030000 		.4byte	0x3ca
 587 01c8 D3010000 		.4byte	0x1d3
 588 01cc 0A       		.uleb128 0xa
 589 01cd 01       		.uleb128 0x1
 590 01ce 50       		.byte	0x50
 591 01cf 02       		.uleb128 0x2
 592 01d0 75       		.byte	0x75
 593 01d1 00       		.sleb128 0
 594 01d2 00       		.byte	0
 595 01d3 09       		.uleb128 0x9
 596 01d4 1E010000 		.4byte	.LVL32
 597 01d8 D5030000 		.4byte	0x3d5
 598 01dc E8010000 		.4byte	0x1e8
 599 01e0 0A       		.uleb128 0xa
 600 01e1 01       		.uleb128 0x1
ARM GAS  C:\Users\urdjt\AppData\Local\Temp\ccuAZRzg.s 			page 14


 601 01e2 50       		.byte	0x50
 602 01e3 03       		.uleb128 0x3
 603 01e4 0A       		.byte	0xa
 604 01e5 F401     		.2byte	0x1f4
 605 01e7 00       		.byte	0
 606 01e8 09       		.uleb128 0x9
 607 01e9 2A010000 		.4byte	.LVL33
 608 01ed 22040000 		.4byte	0x422
 609 01f1 FB010000 		.4byte	0x1fb
 610 01f5 0A       		.uleb128 0xa
 611 01f6 01       		.uleb128 0x1
 612 01f7 50       		.byte	0x50
 613 01f8 01       		.uleb128 0x1
 614 01f9 30       		.byte	0x30
 615 01fa 00       		.byte	0
 616 01fb 0B       		.uleb128 0xb
 617 01fc 30010000 		.4byte	.LVL34
 618 0200 2D040000 		.4byte	0x42d
 619 0204 09       		.uleb128 0x9
 620 0205 4C010000 		.4byte	.LVL35
 621 0209 BF030000 		.4byte	0x3bf
 622 020d 21020000 		.4byte	0x221
 623 0211 0A       		.uleb128 0xa
 624 0212 01       		.uleb128 0x1
 625 0213 50       		.byte	0x50
 626 0214 02       		.uleb128 0x2
 627 0215 75       		.byte	0x75
 628 0216 00       		.sleb128 0
 629 0217 0A       		.uleb128 0xa
 630 0218 01       		.uleb128 0x1
 631 0219 51       		.byte	0x51
 632 021a 05       		.uleb128 0x5
 633 021b 03       		.byte	0x3
 634 021c 00000000 		.4byte	.LC0
 635 0220 00       		.byte	0
 636 0221 09       		.uleb128 0x9
 637 0222 52010000 		.4byte	.LVL36
 638 0226 CA030000 		.4byte	0x3ca
 639 022a 35020000 		.4byte	0x235
 640 022e 0A       		.uleb128 0xa
 641 022f 01       		.uleb128 0x1
 642 0230 50       		.byte	0x50
 643 0231 02       		.uleb128 0x2
 644 0232 75       		.byte	0x75
 645 0233 00       		.sleb128 0
 646 0234 00       		.byte	0
 647 0235 0C       		.uleb128 0xc
 648 0236 5A010000 		.4byte	.LVL37
 649 023a D5030000 		.4byte	0x3d5
 650 023e 0A       		.uleb128 0xa
 651 023f 01       		.uleb128 0x1
 652 0240 50       		.byte	0x50
 653 0241 03       		.uleb128 0x3
 654 0242 0A       		.byte	0xa
 655 0243 F401     		.2byte	0x1f4
 656 0245 00       		.byte	0
 657 0246 00       		.byte	0
ARM GAS  C:\Users\urdjt\AppData\Local\Temp\ccuAZRzg.s 			page 15


 658 0247 0B       		.uleb128 0xb
 659 0248 08000000 		.4byte	.LVL0
 660 024c 38040000 		.4byte	0x438
 661 0250 0B       		.uleb128 0xb
 662 0251 0C000000 		.4byte	.LVL1
 663 0255 43040000 		.4byte	0x443
 664 0259 0B       		.uleb128 0xb
 665 025a 10000000 		.4byte	.LVL2
 666 025e 4E040000 		.4byte	0x44e
 667 0262 0B       		.uleb128 0xb
 668 0263 14000000 		.4byte	.LVL3
 669 0267 59040000 		.4byte	0x459
 670 026b 0B       		.uleb128 0xb
 671 026c 18000000 		.4byte	.LVL4
 672 0270 64040000 		.4byte	0x464
 673 0274 0B       		.uleb128 0xb
 674 0275 1C000000 		.4byte	.LVL5
 675 0279 6F040000 		.4byte	0x46f
 676 027d 0B       		.uleb128 0xb
 677 027e 20000000 		.4byte	.LVL6
 678 0282 7A040000 		.4byte	0x47a
 679 0286 0B       		.uleb128 0xb
 680 0287 24000000 		.4byte	.LVL7
 681 028b 85040000 		.4byte	0x485
 682 028f 0B       		.uleb128 0xb
 683 0290 28000000 		.4byte	.LVL8
 684 0294 90040000 		.4byte	0x490
 685 0298 0B       		.uleb128 0xb
 686 0299 2C000000 		.4byte	.LVL9
 687 029d 9B040000 		.4byte	0x49b
 688 02a1 0B       		.uleb128 0xb
 689 02a2 30000000 		.4byte	.LVL10
 690 02a6 A6040000 		.4byte	0x4a6
 691 02aa 0B       		.uleb128 0xb
 692 02ab 34000000 		.4byte	.LVL11
 693 02af B1040000 		.4byte	0x4b1
 694 02b3 0B       		.uleb128 0xb
 695 02b4 38000000 		.4byte	.LVL12
 696 02b8 BC040000 		.4byte	0x4bc
 697 02bc 0B       		.uleb128 0xb
 698 02bd 3C000000 		.4byte	.LVL13
 699 02c1 C7040000 		.4byte	0x4c7
 700 02c5 0B       		.uleb128 0xb
 701 02c6 40000000 		.4byte	.LVL14
 702 02ca D2040000 		.4byte	0x4d2
 703 02ce 0C       		.uleb128 0xc
 704 02cf 46000000 		.4byte	.LVL15
 705 02d3 DD040000 		.4byte	0x4dd
 706 02d7 0A       		.uleb128 0xa
 707 02d8 01       		.uleb128 0x1
 708 02d9 50       		.byte	0x50
 709 02da 01       		.uleb128 0x1
 710 02db 31       		.byte	0x31
 711 02dc 00       		.byte	0
 712 02dd 00       		.byte	0
 713 02de 0D       		.uleb128 0xd
 714 02df CB010000 		.4byte	.LASF17
ARM GAS  C:\Users\urdjt\AppData\Local\Temp\ccuAZRzg.s 			page 16


 715 02e3 05       		.byte	0x5
 716 02e4 1207     		.2byte	0x712
 717 02e6 EA020000 		.4byte	0x2ea
 718 02ea 0E       		.uleb128 0xe
 719 02eb 76000000 		.4byte	0x76
 720 02ef 0F       		.uleb128 0xf
 721 02f0 BC010000 		.4byte	.LASF18
 722 02f4 01       		.byte	0x1
 723 02f5 10       		.byte	0x10
 724 02f6 81000000 		.4byte	0x81
 725 02fa 05       		.uleb128 0x5
 726 02fb 03       		.byte	0x3
 727 02fc 00000000 		.4byte	adcResultDruck
 728 0300 10       		.uleb128 0x10
 729 0301 9B000000 		.4byte	0x9b
 730 0305 10030000 		.4byte	0x310
 731 0309 11       		.uleb128 0x11
 732 030a A9000000 		.4byte	0xa9
 733 030e 0F       		.byte	0xf
 734 030f 00       		.byte	0
 735 0310 0F       		.uleb128 0xf
 736 0311 40000000 		.4byte	.LASF19
 737 0315 01       		.byte	0x1
 738 0316 11       		.byte	0x11
 739 0317 00030000 		.4byte	0x300
 740 031b 05       		.uleb128 0x5
 741 031c 03       		.byte	0x3
 742 031d 00000000 		.4byte	toSendDruck
 743 0321 0F       		.uleb128 0xf
 744 0322 BE020000 		.4byte	.LASF20
 745 0326 01       		.byte	0x1
 746 0327 13       		.byte	0x13
 747 0328 68000000 		.4byte	0x68
 748 032c 05       		.uleb128 0x5
 749 032d 03       		.byte	0x3
 750 032e 00000000 		.4byte	global
 751 0332 0F       		.uleb128 0xf
 752 0333 34000000 		.4byte	.LASF21
 753 0337 01       		.byte	0x1
 754 0338 14       		.byte	0x14
 755 0339 81000000 		.4byte	0x81
 756 033d 05       		.uleb128 0x5
 757 033e 03       		.byte	0x3
 758 033f 00000000 		.4byte	freqCounter
 759 0343 0F       		.uleb128 0xf
 760 0344 87000000 		.4byte	.LASF22
 761 0348 01       		.byte	0x1
 762 0349 15       		.byte	0x15
 763 034a 81000000 		.4byte	0x81
 764 034e 05       		.uleb128 0x5
 765 034f 03       		.byte	0x3
 766 0350 00000000 		.4byte	prevFreqCount
 767 0354 0F       		.uleb128 0xf
 768 0355 09020000 		.4byte	.LASF23
 769 0359 01       		.byte	0x1
 770 035a 16       		.byte	0x16
 771 035b 00030000 		.4byte	0x300
ARM GAS  C:\Users\urdjt\AppData\Local\Temp\ccuAZRzg.s 			page 17


 772 035f 05       		.uleb128 0x5
 773 0360 03       		.byte	0x3
 774 0361 00000000 		.4byte	toTransmit
 775 0365 0F       		.uleb128 0xf
 776 0366 A0010000 		.4byte	.LASF24
 777 036a 01       		.byte	0x1
 778 036b 17       		.byte	0x17
 779 036c 81000000 		.4byte	0x81
 780 0370 05       		.uleb128 0x5
 781 0371 03       		.byte	0x3
 782 0372 00000000 		.4byte	temp
 783 0376 0F       		.uleb128 0xf
 784 0377 CB000000 		.4byte	.LASF25
 785 037b 01       		.byte	0x1
 786 037c 18       		.byte	0x18
 787 037d 68000000 		.4byte	0x68
 788 0381 05       		.uleb128 0x5
 789 0382 03       		.byte	0x3
 790 0383 00000000 		.4byte	wait
 791 0387 0F       		.uleb128 0xf
 792 0388 64030000 		.4byte	.LASF26
 793 038c 01       		.byte	0x1
 794 038d 1A       		.byte	0x1a
 795 038e 00030000 		.4byte	0x300
 796 0392 05       		.uleb128 0x5
 797 0393 03       		.byte	0x3
 798 0394 00000000 		.4byte	buffer
 799 0398 0F       		.uleb128 0xf
 800 0399 B7020000 		.4byte	.LASF27
 801 039d 01       		.byte	0x1
 802 039e 1B       		.byte	0x1b
 803 039f 81000000 		.4byte	0x81
 804 03a3 05       		.uleb128 0x5
 805 03a4 03       		.byte	0x3
 806 03a5 00000000 		.4byte	result
 807 03a9 12       		.uleb128 0x12
 808 03aa 30030000 		.4byte	.LASF28
 809 03ae 30030000 		.4byte	.LASF28
 810 03b2 06       		.byte	0x6
 811 03b3 39       		.byte	0x39
 812 03b4 12       		.uleb128 0x12
 813 03b5 CA030000 		.4byte	.LASF29
 814 03b9 CA030000 		.4byte	.LASF29
 815 03bd 06       		.byte	0x6
 816 03be 3B       		.byte	0x3b
 817 03bf 12       		.uleb128 0x12
 818 03c0 C5020000 		.4byte	.LASF30
 819 03c4 C5020000 		.4byte	.LASF30
 820 03c8 07       		.byte	0x7
 821 03c9 E7       		.byte	0xe7
 822 03ca 12       		.uleb128 0x12
 823 03cb AC030000 		.4byte	.LASF31
 824 03cf AC030000 		.4byte	.LASF31
 825 03d3 08       		.byte	0x8
 826 03d4 8B       		.byte	0x8b
 827 03d5 12       		.uleb128 0x12
 828 03d6 EC030000 		.4byte	.LASF32
ARM GAS  C:\Users\urdjt\AppData\Local\Temp\ccuAZRzg.s 			page 18


 829 03da EC030000 		.4byte	.LASF32
 830 03de 09       		.byte	0x9
 831 03df 76       		.byte	0x76
 832 03e0 12       		.uleb128 0x12
 833 03e1 F4030000 		.4byte	.LASF33
 834 03e5 F4030000 		.4byte	.LASF33
 835 03e9 0A       		.byte	0xa
 836 03ea 92       		.byte	0x92
 837 03eb 12       		.uleb128 0x12
 838 03ec 68000000 		.4byte	.LASF34
 839 03f0 68000000 		.4byte	.LASF34
 840 03f4 0B       		.byte	0xb
 841 03f5 17       		.byte	0x17
 842 03f6 12       		.uleb128 0x12
 843 03f7 74030000 		.4byte	.LASF35
 844 03fb 74030000 		.4byte	.LASF35
 845 03ff 0C       		.byte	0xc
 846 0400 4F       		.byte	0x4f
 847 0401 12       		.uleb128 0x12
 848 0402 0B030000 		.4byte	.LASF36
 849 0406 0B030000 		.4byte	.LASF36
 850 040a 0A       		.byte	0xa
 851 040b 97       		.byte	0x97
 852 040c 12       		.uleb128 0x12
 853 040d DE020000 		.4byte	.LASF37
 854 0411 DE020000 		.4byte	.LASF37
 855 0415 0C       		.byte	0xc
 856 0416 5A       		.byte	0x5a
 857 0417 12       		.uleb128 0x12
 858 0418 95000000 		.4byte	.LASF38
 859 041c 95000000 		.4byte	.LASF38
 860 0420 0C       		.byte	0xc
 861 0421 5D       		.byte	0x5d
 862 0422 12       		.uleb128 0x12
 863 0423 B1000000 		.4byte	.LASF39
 864 0427 B1000000 		.4byte	.LASF39
 865 042b 0D       		.byte	0xd
 866 042c 39       		.byte	0x39
 867 042d 12       		.uleb128 0x12
 868 042e F5020000 		.4byte	.LASF40
 869 0432 F5020000 		.4byte	.LASF40
 870 0436 0D       		.byte	0xd
 871 0437 3B       		.byte	0x3b
 872 0438 12       		.uleb128 0x12
 873 0439 56000000 		.4byte	.LASF41
 874 043d 56000000 		.4byte	.LASF41
 875 0441 0E       		.byte	0xe
 876 0442 33       		.byte	0x33
 877 0443 12       		.uleb128 0x12
 878 0444 54030000 		.4byte	.LASF42
 879 0448 54030000 		.4byte	.LASF42
 880 044c 0F       		.byte	0xf
 881 044d 3E       		.byte	0x3e
 882 044e 12       		.uleb128 0x12
 883 044f 75020000 		.4byte	.LASF43
 884 0453 75020000 		.4byte	.LASF43
 885 0457 06       		.byte	0x6
ARM GAS  C:\Users\urdjt\AppData\Local\Temp\ccuAZRzg.s 			page 19


 886 0458 34       		.byte	0x34
 887 0459 12       		.uleb128 0x12
 888 045a 71010000 		.4byte	.LASF44
 889 045e 71010000 		.4byte	.LASF44
 890 0462 06       		.byte	0x6
 891 0463 D1       		.byte	0xd1
 892 0464 12       		.uleb128 0x12
 893 0465 19020000 		.4byte	.LASF45
 894 0469 19020000 		.4byte	.LASF45
 895 046d 10       		.byte	0x10
 896 046e 27       		.byte	0x27
 897 046f 12       		.uleb128 0x12
 898 0470 D8010000 		.4byte	.LASF46
 899 0474 D8010000 		.4byte	.LASF46
 900 0478 11       		.byte	0x11
 901 0479 27       		.byte	0x27
 902 047a 12       		.uleb128 0x12
 903 047b F4010000 		.4byte	.LASF47
 904 047f F4010000 		.4byte	.LASF47
 905 0483 12       		.byte	0x12
 906 0484 33       		.byte	0x33
 907 0485 12       		.uleb128 0x12
 908 0486 85020000 		.4byte	.LASF48
 909 048a 85020000 		.4byte	.LASF48
 910 048e 13       		.byte	0x13
 911 048f 33       		.byte	0x33
 912 0490 12       		.uleb128 0x12
 913 0491 BD030000 		.4byte	.LASF49
 914 0495 BD030000 		.4byte	.LASF49
 915 0499 14       		.byte	0x14
 916 049a 3F       		.byte	0x3f
 917 049b 12       		.uleb128 0x12
 918 049c 27000000 		.4byte	.LASF50
 919 04a0 27000000 		.4byte	.LASF50
 920 04a4 15       		.byte	0x15
 921 04a5 3F       		.byte	0x3f
 922 04a6 12       		.uleb128 0x12
 923 04a7 0E000000 		.4byte	.LASF51
 924 04ab 0E000000 		.4byte	.LASF51
 925 04af 16       		.byte	0x16
 926 04b0 3E       		.byte	0x3e
 927 04b1 12       		.uleb128 0x12
 928 04b2 9C030000 		.4byte	.LASF52
 929 04b6 9C030000 		.4byte	.LASF52
 930 04ba 0D       		.byte	0xd
 931 04bb 34       		.byte	0x34
 932 04bc 12       		.uleb128 0x12
 933 04bd A5010000 		.4byte	.LASF53
 934 04c1 A5010000 		.4byte	.LASF53
 935 04c5 0D       		.byte	0xd
 936 04c6 D1       		.byte	0xd1
 937 04c7 12       		.uleb128 0x12
 938 04c8 1A000000 		.4byte	.LASF54
 939 04cc 1A000000 		.4byte	.LASF54
 940 04d0 08       		.byte	0x8
 941 04d1 54       		.byte	0x54
 942 04d2 12       		.uleb128 0x12
ARM GAS  C:\Users\urdjt\AppData\Local\Temp\ccuAZRzg.s 			page 20


 943 04d3 E0030000 		.4byte	.LASF55
 944 04d7 E0030000 		.4byte	.LASF55
 945 04db 17       		.byte	0x17
 946 04dc 38       		.byte	0x38
 947 04dd 12       		.uleb128 0x12
 948 04de D0000000 		.4byte	.LASF56
 949 04e2 D0000000 		.4byte	.LASF56
 950 04e6 17       		.byte	0x17
 951 04e7 3A       		.byte	0x3a
 952 04e8 00       		.byte	0
 953              		.section	.debug_abbrev,"",%progbits
 954              	.Ldebug_abbrev0:
 955 0000 01       		.uleb128 0x1
 956 0001 11       		.uleb128 0x11
 957 0002 01       		.byte	0x1
 958 0003 25       		.uleb128 0x25
 959 0004 0E       		.uleb128 0xe
 960 0005 13       		.uleb128 0x13
 961 0006 0B       		.uleb128 0xb
 962 0007 03       		.uleb128 0x3
 963 0008 0E       		.uleb128 0xe
 964 0009 1B       		.uleb128 0x1b
 965 000a 0E       		.uleb128 0xe
 966 000b 55       		.uleb128 0x55
 967 000c 17       		.uleb128 0x17
 968 000d 11       		.uleb128 0x11
 969 000e 01       		.uleb128 0x1
 970 000f 10       		.uleb128 0x10
 971 0010 17       		.uleb128 0x17
 972 0011 00       		.byte	0
 973 0012 00       		.byte	0
 974 0013 02       		.uleb128 0x2
 975 0014 24       		.uleb128 0x24
 976 0015 00       		.byte	0
 977 0016 0B       		.uleb128 0xb
 978 0017 0B       		.uleb128 0xb
 979 0018 3E       		.uleb128 0x3e
 980 0019 0B       		.uleb128 0xb
 981 001a 03       		.uleb128 0x3
 982 001b 0E       		.uleb128 0xe
 983 001c 00       		.byte	0
 984 001d 00       		.byte	0
 985 001e 03       		.uleb128 0x3
 986 001f 16       		.uleb128 0x16
 987 0020 00       		.byte	0
 988 0021 03       		.uleb128 0x3
 989 0022 0E       		.uleb128 0xe
 990 0023 3A       		.uleb128 0x3a
 991 0024 0B       		.uleb128 0xb
 992 0025 3B       		.uleb128 0x3b
 993 0026 0B       		.uleb128 0xb
 994 0027 49       		.uleb128 0x49
 995 0028 13       		.uleb128 0x13
 996 0029 00       		.byte	0
 997 002a 00       		.byte	0
 998 002b 04       		.uleb128 0x4
 999 002c 24       		.uleb128 0x24
ARM GAS  C:\Users\urdjt\AppData\Local\Temp\ccuAZRzg.s 			page 21


 1000 002d 00       		.byte	0
 1001 002e 0B       		.uleb128 0xb
 1002 002f 0B       		.uleb128 0xb
 1003 0030 3E       		.uleb128 0x3e
 1004 0031 0B       		.uleb128 0xb
 1005 0032 03       		.uleb128 0x3
 1006 0033 08       		.uleb128 0x8
 1007 0034 00       		.byte	0
 1008 0035 00       		.byte	0
 1009 0036 05       		.uleb128 0x5
 1010 0037 16       		.uleb128 0x16
 1011 0038 00       		.byte	0
 1012 0039 03       		.uleb128 0x3
 1013 003a 0E       		.uleb128 0xe
 1014 003b 3A       		.uleb128 0x3a
 1015 003c 0B       		.uleb128 0xb
 1016 003d 3B       		.uleb128 0x3b
 1017 003e 05       		.uleb128 0x5
 1018 003f 49       		.uleb128 0x49
 1019 0040 13       		.uleb128 0x13
 1020 0041 00       		.byte	0
 1021 0042 00       		.byte	0
 1022 0043 06       		.uleb128 0x6
 1023 0044 2E       		.uleb128 0x2e
 1024 0045 01       		.byte	0x1
 1025 0046 3F       		.uleb128 0x3f
 1026 0047 19       		.uleb128 0x19
 1027 0048 03       		.uleb128 0x3
 1028 0049 0E       		.uleb128 0xe
 1029 004a 3A       		.uleb128 0x3a
 1030 004b 0B       		.uleb128 0xb
 1031 004c 3B       		.uleb128 0x3b
 1032 004d 0B       		.uleb128 0xb
 1033 004e 27       		.uleb128 0x27
 1034 004f 19       		.uleb128 0x19
 1035 0050 49       		.uleb128 0x49
 1036 0051 13       		.uleb128 0x13
 1037 0052 8701     		.uleb128 0x87
 1038 0054 19       		.uleb128 0x19
 1039 0055 11       		.uleb128 0x11
 1040 0056 01       		.uleb128 0x1
 1041 0057 12       		.uleb128 0x12
 1042 0058 06       		.uleb128 0x6
 1043 0059 40       		.uleb128 0x40
 1044 005a 18       		.uleb128 0x18
 1045 005b 9742     		.uleb128 0x2117
 1046 005d 19       		.uleb128 0x19
 1047 005e 01       		.uleb128 0x1
 1048 005f 13       		.uleb128 0x13
 1049 0060 00       		.byte	0
 1050 0061 00       		.byte	0
 1051 0062 07       		.uleb128 0x7
 1052 0063 0B       		.uleb128 0xb
 1053 0064 01       		.byte	0x1
 1054 0065 11       		.uleb128 0x11
 1055 0066 01       		.uleb128 0x1
 1056 0067 12       		.uleb128 0x12
ARM GAS  C:\Users\urdjt\AppData\Local\Temp\ccuAZRzg.s 			page 22


 1057 0068 06       		.uleb128 0x6
 1058 0069 01       		.uleb128 0x1
 1059 006a 13       		.uleb128 0x13
 1060 006b 00       		.byte	0
 1061 006c 00       		.byte	0
 1062 006d 08       		.uleb128 0x8
 1063 006e 34       		.uleb128 0x34
 1064 006f 00       		.byte	0
 1065 0070 03       		.uleb128 0x3
 1066 0071 08       		.uleb128 0x8
 1067 0072 3A       		.uleb128 0x3a
 1068 0073 0B       		.uleb128 0xb
 1069 0074 3B       		.uleb128 0x3b
 1070 0075 0B       		.uleb128 0xb
 1071 0076 49       		.uleb128 0x49
 1072 0077 13       		.uleb128 0x13
 1073 0078 02       		.uleb128 0x2
 1074 0079 17       		.uleb128 0x17
 1075 007a 00       		.byte	0
 1076 007b 00       		.byte	0
 1077 007c 09       		.uleb128 0x9
 1078 007d 898201   		.uleb128 0x4109
 1079 0080 01       		.byte	0x1
 1080 0081 11       		.uleb128 0x11
 1081 0082 01       		.uleb128 0x1
 1082 0083 31       		.uleb128 0x31
 1083 0084 13       		.uleb128 0x13
 1084 0085 01       		.uleb128 0x1
 1085 0086 13       		.uleb128 0x13
 1086 0087 00       		.byte	0
 1087 0088 00       		.byte	0
 1088 0089 0A       		.uleb128 0xa
 1089 008a 8A8201   		.uleb128 0x410a
 1090 008d 00       		.byte	0
 1091 008e 02       		.uleb128 0x2
 1092 008f 18       		.uleb128 0x18
 1093 0090 9142     		.uleb128 0x2111
 1094 0092 18       		.uleb128 0x18
 1095 0093 00       		.byte	0
 1096 0094 00       		.byte	0
 1097 0095 0B       		.uleb128 0xb
 1098 0096 898201   		.uleb128 0x4109
 1099 0099 00       		.byte	0
 1100 009a 11       		.uleb128 0x11
 1101 009b 01       		.uleb128 0x1
 1102 009c 31       		.uleb128 0x31
 1103 009d 13       		.uleb128 0x13
 1104 009e 00       		.byte	0
 1105 009f 00       		.byte	0
 1106 00a0 0C       		.uleb128 0xc
 1107 00a1 898201   		.uleb128 0x4109
 1108 00a4 01       		.byte	0x1
 1109 00a5 11       		.uleb128 0x11
 1110 00a6 01       		.uleb128 0x1
 1111 00a7 31       		.uleb128 0x31
 1112 00a8 13       		.uleb128 0x13
 1113 00a9 00       		.byte	0
ARM GAS  C:\Users\urdjt\AppData\Local\Temp\ccuAZRzg.s 			page 23


 1114 00aa 00       		.byte	0
 1115 00ab 0D       		.uleb128 0xd
 1116 00ac 34       		.uleb128 0x34
 1117 00ad 00       		.byte	0
 1118 00ae 03       		.uleb128 0x3
 1119 00af 0E       		.uleb128 0xe
 1120 00b0 3A       		.uleb128 0x3a
 1121 00b1 0B       		.uleb128 0xb
 1122 00b2 3B       		.uleb128 0x3b
 1123 00b3 05       		.uleb128 0x5
 1124 00b4 49       		.uleb128 0x49
 1125 00b5 13       		.uleb128 0x13
 1126 00b6 3F       		.uleb128 0x3f
 1127 00b7 19       		.uleb128 0x19
 1128 00b8 3C       		.uleb128 0x3c
 1129 00b9 19       		.uleb128 0x19
 1130 00ba 00       		.byte	0
 1131 00bb 00       		.byte	0
 1132 00bc 0E       		.uleb128 0xe
 1133 00bd 35       		.uleb128 0x35
 1134 00be 00       		.byte	0
 1135 00bf 49       		.uleb128 0x49
 1136 00c0 13       		.uleb128 0x13
 1137 00c1 00       		.byte	0
 1138 00c2 00       		.byte	0
 1139 00c3 0F       		.uleb128 0xf
 1140 00c4 34       		.uleb128 0x34
 1141 00c5 00       		.byte	0
 1142 00c6 03       		.uleb128 0x3
 1143 00c7 0E       		.uleb128 0xe
 1144 00c8 3A       		.uleb128 0x3a
 1145 00c9 0B       		.uleb128 0xb
 1146 00ca 3B       		.uleb128 0x3b
 1147 00cb 0B       		.uleb128 0xb
 1148 00cc 49       		.uleb128 0x49
 1149 00cd 13       		.uleb128 0x13
 1150 00ce 3F       		.uleb128 0x3f
 1151 00cf 19       		.uleb128 0x19
 1152 00d0 02       		.uleb128 0x2
 1153 00d1 18       		.uleb128 0x18
 1154 00d2 00       		.byte	0
 1155 00d3 00       		.byte	0
 1156 00d4 10       		.uleb128 0x10
 1157 00d5 01       		.uleb128 0x1
 1158 00d6 01       		.byte	0x1
 1159 00d7 49       		.uleb128 0x49
 1160 00d8 13       		.uleb128 0x13
 1161 00d9 01       		.uleb128 0x1
 1162 00da 13       		.uleb128 0x13
 1163 00db 00       		.byte	0
 1164 00dc 00       		.byte	0
 1165 00dd 11       		.uleb128 0x11
 1166 00de 21       		.uleb128 0x21
 1167 00df 00       		.byte	0
 1168 00e0 49       		.uleb128 0x49
 1169 00e1 13       		.uleb128 0x13
 1170 00e2 2F       		.uleb128 0x2f
ARM GAS  C:\Users\urdjt\AppData\Local\Temp\ccuAZRzg.s 			page 24


 1171 00e3 0B       		.uleb128 0xb
 1172 00e4 00       		.byte	0
 1173 00e5 00       		.byte	0
 1174 00e6 12       		.uleb128 0x12
 1175 00e7 2E       		.uleb128 0x2e
 1176 00e8 00       		.byte	0
 1177 00e9 3F       		.uleb128 0x3f
 1178 00ea 19       		.uleb128 0x19
 1179 00eb 3C       		.uleb128 0x3c
 1180 00ec 19       		.uleb128 0x19
 1181 00ed 6E       		.uleb128 0x6e
 1182 00ee 0E       		.uleb128 0xe
 1183 00ef 03       		.uleb128 0x3
 1184 00f0 0E       		.uleb128 0xe
 1185 00f1 3A       		.uleb128 0x3a
 1186 00f2 0B       		.uleb128 0xb
 1187 00f3 3B       		.uleb128 0x3b
 1188 00f4 0B       		.uleb128 0xb
 1189 00f5 00       		.byte	0
 1190 00f6 00       		.byte	0
 1191 00f7 00       		.byte	0
 1192              		.section	.debug_loc,"",%progbits
 1193              	.Ldebug_loc0:
 1194              	.LLST0:
 1195 0000 46000000 		.4byte	.LVL15
 1196 0004 4A000000 		.4byte	.LVL16
 1197 0008 0200     		.2byte	0x2
 1198 000a 31       		.byte	0x31
 1199 000b 9F       		.byte	0x9f
 1200 000c 4A000000 		.4byte	.LVL16
 1201 0010 84010000 		.4byte	.LFE64
 1202 0014 0100     		.2byte	0x1
 1203 0016 54       		.byte	0x54
 1204 0017 00000000 		.4byte	0
 1205 001b 00000000 		.4byte	0
 1206              		.section	.debug_aranges,"",%progbits
 1207 0000 1C000000 		.4byte	0x1c
 1208 0004 0200     		.2byte	0x2
 1209 0006 00000000 		.4byte	.Ldebug_info0
 1210 000a 04       		.byte	0x4
 1211 000b 00       		.byte	0
 1212 000c 0000     		.2byte	0
 1213 000e 0000     		.2byte	0
 1214 0010 00000000 		.4byte	.LFB64
 1215 0014 84010000 		.4byte	.LFE64-.LFB64
 1216 0018 00000000 		.4byte	0
 1217 001c 00000000 		.4byte	0
 1218              		.section	.debug_ranges,"",%progbits
 1219              	.Ldebug_ranges0:
 1220 0000 00000000 		.4byte	.LFB64
 1221 0004 84010000 		.4byte	.LFE64
 1222 0008 00000000 		.4byte	0
 1223 000c 00000000 		.4byte	0
 1224              		.section	.debug_line,"",%progbits
 1225              	.Ldebug_line0:
 1226 0000 03030000 		.section	.debug_str,"MS",%progbits,1
 1226      02009B02 
ARM GAS  C:\Users\urdjt\AppData\Local\Temp\ccuAZRzg.s 			page 25


 1226      00000201 
 1226      FB0E0D00 
 1226      01010101 
 1227              	.LASF6:
 1228 0000 6C6F6E67 		.ascii	"long long int\000"
 1228      206C6F6E 
 1228      6720696E 
 1228      7400
 1229              	.LASF51:
 1230 000e 5047415F 		.ascii	"PGA_1_Start\000"
 1230      315F5374 
 1230      61727400 
 1231              	.LASF54:
 1232 001a 55415254 		.ascii	"UART_1_Start\000"
 1232      5F315F53 
 1232      74617274 
 1232      00
 1233              	.LASF50:
 1234 0027 436F6D70 		.ascii	"Comp_2_Start\000"
 1234      5F325F53 
 1234      74617274 
 1234      00
 1235              	.LASF21:
 1236 0034 66726571 		.ascii	"freqCounter\000"
 1236      436F756E 
 1236      74657200 
 1237              	.LASF19:
 1238 0040 746F5365 		.ascii	"toSendDruck\000"
 1238      6E644472 
 1238      75636B00 
 1239              	.LASF9:
 1240 004c 5F5F696E 		.ascii	"__int32_t\000"
 1240      7433325F 
 1240      7400
 1241              	.LASF41:
 1242 0056 56444143 		.ascii	"VDAC8_Druck_Start\000"
 1242      385F4472 
 1242      75636B5F 
 1242      53746172 
 1242      7400
 1243              	.LASF34:
 1244 0068 6973725F 		.ascii	"isr_1_Start\000"
 1244      315F5374 
 1244      61727400 
 1245              	.LASF3:
 1246 0074 73686F72 		.ascii	"short unsigned int\000"
 1246      7420756E 
 1246      7369676E 
 1246      65642069 
 1246      6E7400
 1247              	.LASF22:
 1248 0087 70726576 		.ascii	"prevFreqCount\000"
 1248      46726571 
 1248      436F756E 
 1248      7400
 1249              	.LASF38:
 1250 0095 436F756E 		.ascii	"Counter_1_ReadCounter\000"
ARM GAS  C:\Users\urdjt\AppData\Local\Temp\ccuAZRzg.s 			page 26


 1250      7465725F 
 1250      315F5265 
 1250      6164436F 
 1250      756E7465 
 1251              	.LASF12:
 1252 00ab 666C6F61 		.ascii	"float\000"
 1252      7400
 1253              	.LASF39:
 1254 00b1 4144435F 		.ascii	"ADC_SAR_1_IsEndConversion\000"
 1254      5341525F 
 1254      315F4973 
 1254      456E6443 
 1254      6F6E7665 
 1255              	.LASF25:
 1256 00cb 77616974 		.ascii	"wait\000"
 1256      00
 1257              	.LASF56:
 1258 00d0 4C43445F 		.ascii	"LCD_1_WriteControl\000"
 1258      315F5772 
 1258      69746543 
 1258      6F6E7472 
 1258      6F6C00
 1259              	.LASF57:
 1260 00e3 474E5520 		.ascii	"GNU C11 5.4.1 20160609 (release) [ARM/embedded-5-br"
 1260      43313120 
 1260      352E342E 
 1260      31203230 
 1260      31363036 
 1261 0116 616E6368 		.ascii	"anch revision 237715] -mcpu=cortex-m3 -mthumb -g -O"
 1261      20726576 
 1261      6973696F 
 1261      6E203233 
 1261      37373135 
 1262 0149 67202D66 		.ascii	"g -ffunction-sections -ffat-lto-objects\000"
 1262      66756E63 
 1262      74696F6E 
 1262      2D736563 
 1262      74696F6E 
 1263              	.LASF44:
 1264 0171 4144435F 		.ascii	"ADC_Druck_StartConvert\000"
 1264      44727563 
 1264      6B5F5374 
 1264      61727443 
 1264      6F6E7665 
 1265              	.LASF11:
 1266 0188 696E7431 		.ascii	"int16\000"
 1266      3600
 1267              	.LASF5:
 1268 018e 6C6F6E67 		.ascii	"long unsigned int\000"
 1268      20756E73 
 1268      69676E65 
 1268      6420696E 
 1268      7400
 1269              	.LASF24:
 1270 01a0 74656D70 		.ascii	"temp\000"
 1270      00
 1271              	.LASF53:
ARM GAS  C:\Users\urdjt\AppData\Local\Temp\ccuAZRzg.s 			page 27


 1272 01a5 4144435F 		.ascii	"ADC_SAR_1_StartConvert\000"
 1272      5341525F 
 1272      315F5374 
 1272      61727443 
 1272      6F6E7665 
 1273              	.LASF18:
 1274 01bc 61646352 		.ascii	"adcResultDruck\000"
 1274      6573756C 
 1274      74447275 
 1274      636B00
 1275              	.LASF17:
 1276 01cb 49544D5F 		.ascii	"ITM_RxBuffer\000"
 1276      52784275 
 1276      66666572 
 1276      00
 1277              	.LASF46:
 1278 01d8 436C6F63 		.ascii	"Clock_2_Start\000"
 1278      6B5F325F 
 1278      53746172 
 1278      7400
 1279              	.LASF1:
 1280 01e6 756E7369 		.ascii	"unsigned char\000"
 1280      676E6564 
 1280      20636861 
 1280      7200
 1281              	.LASF47:
 1282 01f4 56444143 		.ascii	"VDAC8_1_Start\000"
 1282      385F315F 
 1282      53746172 
 1282      7400
 1283              	.LASF13:
 1284 0202 646F7562 		.ascii	"double\000"
 1284      6C6500
 1285              	.LASF23:
 1286 0209 746F5472 		.ascii	"toTransmit\000"
 1286      616E736D 
 1286      697400
 1287              	.LASF60:
 1288 0214 6D61696E 		.ascii	"main\000"
 1288      00
 1289              	.LASF45:
 1290 0219 436C6F63 		.ascii	"Clock_1_Start\000"
 1290      6B5F315F 
 1290      53746172 
 1290      7400
 1291              	.LASF59:
 1292 0227 453A5C50 		.ascii	"E:\\Praktikum adaptive Sensorelektronik\\PSoC Creat"
 1292      72616B74 
 1292      696B756D 
 1292      20616461 
 1292      70746976 
 1293 0258 6F725C36 		.ascii	"or\\6\\Workspace01\\Teil3.cydsn\000"
 1293      5C576F72 
 1293      6B737061 
 1293      63653031 
 1293      5C546569 
 1294              	.LASF43:
ARM GAS  C:\Users\urdjt\AppData\Local\Temp\ccuAZRzg.s 			page 28


 1295 0275 4144435F 		.ascii	"ADC_Druck_Start\000"
 1295      44727563 
 1295      6B5F5374 
 1295      61727400 
 1296              	.LASF48:
 1297 0285 56444143 		.ascii	"VDAC8_2_Start\000"
 1297      385F325F 
 1297      53746172 
 1297      7400
 1298              	.LASF8:
 1299 0293 756E7369 		.ascii	"unsigned int\000"
 1299      676E6564 
 1299      20696E74 
 1299      00
 1300              	.LASF7:
 1301 02a0 6C6F6E67 		.ascii	"long long unsigned int\000"
 1301      206C6F6E 
 1301      6720756E 
 1301      7369676E 
 1301      65642069 
 1302              	.LASF27:
 1303 02b7 72657375 		.ascii	"result\000"
 1303      6C7400
 1304              	.LASF20:
 1305 02be 676C6F62 		.ascii	"global\000"
 1305      616C00
 1306              	.LASF30:
 1307 02c5 73707269 		.ascii	"sprintf\000"
 1307      6E746600 
 1308              	.LASF10:
 1309 02cd 696E7433 		.ascii	"int32_t\000"
 1309      325F7400 
 1310              	.LASF16:
 1311 02d5 73697A65 		.ascii	"sizetype\000"
 1311      74797065 
 1311      00
 1312              	.LASF37:
 1313 02de 436F756E 		.ascii	"Counter_1_WriteCounter\000"
 1313      7465725F 
 1313      315F5772 
 1313      69746543 
 1313      6F756E74 
 1314              	.LASF40:
 1315 02f5 4144435F 		.ascii	"ADC_SAR_1_GetResult16\000"
 1315      5341525F 
 1315      315F4765 
 1315      74526573 
 1315      756C7431 
 1316              	.LASF36:
 1317 030b 50574D5F 		.ascii	"PWM_1_ReadStatusRegister\000"
 1317      315F5265 
 1317      61645374 
 1317      61747573 
 1317      52656769 
 1318              	.LASF58:
 1319 0324 6D61696E 		.ascii	"main.c\000"
 1319      2E6300
ARM GAS  C:\Users\urdjt\AppData\Local\Temp\ccuAZRzg.s 			page 29


 1320              	.LASF14:
 1321 032b 63686172 		.ascii	"char\000"
 1321      00
 1322              	.LASF28:
 1323 0330 4144435F 		.ascii	"ADC_Druck_IsEndConversion\000"
 1323      44727563 
 1323      6B5F4973 
 1323      456E6443 
 1323      6F6E7665 
 1324              	.LASF2:
 1325 034a 73686F72 		.ascii	"short int\000"
 1325      7420696E 
 1325      7400
 1326              	.LASF42:
 1327 0354 5047415F 		.ascii	"PGA_Druck_Start\000"
 1327      44727563 
 1327      6B5F5374 
 1327      61727400 
 1328              	.LASF26:
 1329 0364 62756666 		.ascii	"buffer\000"
 1329      657200
 1330              	.LASF4:
 1331 036b 6C6F6E67 		.ascii	"long int\000"
 1331      20696E74 
 1331      00
 1332              	.LASF35:
 1333 0374 436F756E 		.ascii	"Counter_1_Start\000"
 1333      7465725F 
 1333      315F5374 
 1333      61727400 
 1334              	.LASF15:
 1335 0384 6C6F6E67 		.ascii	"long double\000"
 1335      20646F75 
 1335      626C6500 
 1336              	.LASF0:
 1337 0390 7369676E 		.ascii	"signed char\000"
 1337      65642063 
 1337      68617200 
 1338              	.LASF52:
 1339 039c 4144435F 		.ascii	"ADC_SAR_1_Start\000"
 1339      5341525F 
 1339      315F5374 
 1339      61727400 
 1340              	.LASF31:
 1341 03ac 55415254 		.ascii	"UART_1_PutString\000"
 1341      5F315F50 
 1341      75745374 
 1341      72696E67 
 1341      00
 1342              	.LASF49:
 1343 03bd 436F6D70 		.ascii	"Comp_1_Start\000"
 1343      5F315F53 
 1343      74617274 
 1343      00
 1344              	.LASF29:
 1345 03ca 4144435F 		.ascii	"ADC_Druck_GetResult16\000"
 1345      44727563 
ARM GAS  C:\Users\urdjt\AppData\Local\Temp\ccuAZRzg.s 			page 30


 1345      6B5F4765 
 1345      74526573 
 1345      756C7431 
 1346              	.LASF55:
 1347 03e0 4C43445F 		.ascii	"LCD_1_Start\000"
 1347      315F5374 
 1347      61727400 
 1348              	.LASF32:
 1349 03ec 43794465 		.ascii	"CyDelay\000"
 1349      6C617900 
 1350              	.LASF33:
 1351 03f4 50574D5F 		.ascii	"PWM_1_Start\000"
 1351      315F5374 
 1351      61727400 
 1352              		.ident	"GCC: (GNU Tools for ARM Embedded Processors) 5.4.1 20160609 (release) [ARM/embedded-5-bran
