--------------- Build Started: 06/24/2018 16:38:54 Project: Teil2, Configuration: ARM GCC 5.4-2016-q2-update Debug ---------------
cydsfit.exe -.appdatapath "C:\Users\LDAS\AppData\Local\Cypress Semiconductor\PSoC Creator\4.2" -.fdsnotice -.fdswarpdepfile=warp_dependencies.txt -.fdselabdepfile=elab_dependencies.txt -.fdsbldfile=generated_files.txt -.fdsreffile=referenced_files.txt -p "E:\Documents\PSoC Creator\Workspace01\Teil2.cydsn\Teil2.cyprj" -d CY8C5868AXI-LP035 -s "E:\Documents\PSoC Creator\Workspace01\Teil2.cydsn\Generated_Source\PSoC5" -- -yv2 -q10 -ygs -o2 -v3 -.fftcfgtype=LE
Elaborating Design...
HDL Generation...
Synthesis...
Tech Mapping...
Analog Placement...
Log: apr.M0058: The analog placement iterative improvement is 38% done. (App=cydsfit)
Log: apr.M0058: The analog placement iterative improvement is 89% done. (App=cydsfit)
Analog Routing...
Analog Code Generation...
Digital Placement...
Digital Routing...
Bitstream Generation...
Bitstream Verification...
Static timing analysis...
Warning: sta.M0021: Teil2_timing.html: Warning-1350: Asynchronous path(s) exist from "Clock_1(routed)" to "Clock_2". See the timing report for details. (File=E:\Documents\PSoC Creator\Workspace01\Teil2.cydsn\Teil2_timing.html)
API Generation...
Dependency Generation...
Cleanup...
--------------- Build Succeeded: 06/24/2018 16:39:03 ---------------
