--------------- Build Started: 06/24/2018 15:00:29 Project: Design01, Configuration: ARM GCC 5.4-2016-q2-update Debug ---------------
cydsfit.exe -.appdatapath "C:\Users\LDAS\AppData\Local\Cypress Semiconductor\PSoC Creator\4.2" -.fdsnotice -.fdswarpdepfile=warp_dependencies.txt -.fdselabdepfile=elab_dependencies.txt -.fdsbldfile=generated_files.txt -.fdsreffile=referenced_files.txt -p "E:\Documents\PSoC Creator\Workspace01\Design01.cydsn\Design01.cyprj" -d CY8C5868AXI-LP035 -s "E:\Documents\PSoC Creator\Workspace01\Design01.cydsn\Generated_Source\PSoC5" -- -yv2 -q10 -ygs -o2 -v3 -.fftcfgtype=LE
Elaborating Design...
HDL Generation...
Synthesis...
Tech Mapping...
ADD: pft.M0040: information: The following 3 pin(s) will be assigned a location by the fitter: \ADC_SAR_1:Bypass(0)\, SensorPin(0), Tx_1(0)
Analog Placement...
Log: apr.M0058: The analog placement iterative improvement is 43% done. (App=cydsfit)
Log: apr.M0058: The analog placement iterative improvement is 75% done. (App=cydsfit)
Analog Routing...
Analog Code Generation...
Digital Placement...
Digital Routing...
Bitstream Generation...
Bitstream Verification...
Static timing analysis...
API Generation...
Dependency Generation...
Cleanup...
--------------- Build Succeeded: 06/24/2018 15:00:38 ---------------
